<?xml version="1.0" encoding="UTF-8"?>
<!DOCTYPE html PUBLIC "-//W3C//DTD XHTML 1.0 Strict//EN" "http://www.w3.org/TR/xhtml1/DTD/xhtml1-strict.dtd">
<html xmlns="http://www.w3.org/1999/xhtml">
<head>
    <title>智慧供应链自动化测试</title>
    <meta name="generator" content="HTMLTestRunner 0.9.1"/>
    <meta http-equiv="Content-Type" content="text/html; charset=UTF-8"/>
    
<style type="text/css" media="screen">
    body        { font-family: verdana, arial, helvetica, sans-serif; font-size: 80%; }
    table       { font-size: 100%; }
    pre         { white-space: pre-wrap;word-wrap: break-word; }

    /* -- heading ---------------------------------------------------------------------- */
    h1 {
        font-size: 16pt;
        color: gray;
    }
    .heading {
        margin-top: 0ex;
        margin-bottom: 1ex;
    }

    .heading .attribute {
        margin-top: 1ex;
        margin-bottom: 0;
    }

    .heading .description {
        margin-top: 2ex;
        margin-bottom: 3ex;
    }

    /* -- css div popup ------------------------------------------------------------------------ */
    a.popup_link {
    }

    a.popup_link:hover {
        color: red;
    }

    .popup_window {
        display: none;
        position: relative;
        left: 0px;
        top: 0px;
        /*border: solid #627173 1px; */
        padding: 10px;
        /*background-color: #E6E6D6; */
        font-family: "Lucida Console", "Courier New", Courier, monospace;
        text-align: left;
        font-size: 8pt;
        /* width: 500px;*/
    }

    }
    /* -- report ------------------------------------------------------------------------ */
    #show_detail_line {
        margin-top: 3ex;
        margin-bottom: 1ex;
    }
    #result_table {
        width: 99%;
    }
    #header_row {
        font-weight: bold;
        color: #303641;
        background-color: #ebebeb;
    }
    #total_row  { font-weight: bold; }
    .passClass  { background-color: #bdedbc; }
    .failClass  { background-color: #ffefa4; }
    .errorClass { background-color: #ffc9c9; }
    .passCase   { color: #6c6; }
    .failCase   { color: #FF6600; font-weight: bold; }
    .errorCase  { color: #c00; font-weight: bold; }
    .hiddenRow  { display: none; }
    .testcase   { margin-left: 2em; }


    /* -- ending ---------------------------------------------------------------------- */
    #ending {
    }

    #div_base {
                position:absolute;
                top:0%;
                left:5%;
                right:5%;
                width: auto;
                height: auto;
                margin: -15px 0 0 0;
    }
</style>

    <link href="http://cdn.bootcss.com/bootstrap/3.3.0/css/bootstrap.min.css" rel="stylesheet">
    <script type="text/javascript" src="js/echarts.common.min.js"></script>
</head>
<body>
    <script language="javascript" type="text/javascript"><!--
    output_list = Array();

    /* level - 0:Summary; 1:Failed; 2:All */
    function showCase(level) {
        trs = document.getElementsByTagName("tr");
        for (var i = 0; i < trs.length; i++) {
            tr = trs[i];
            id = tr.id;
            if (id.substr(0,2) == 'ft') {
                if (level < 1) {
                    tr.className = 'hiddenRow';
                }
                else {
                    tr.className = '';
                }
            }
            if (id.substr(0,2) == 'pt') {
                if (level > 1) {
                    tr.className = '';
                }
                else {
                    tr.className = 'hiddenRow';
                }
            }
        }
    }


    function showClassDetail(cid, count) {
        var id_list = Array(count);
        var toHide = 1;
        for (var i = 0; i < count; i++) {
            tid0 = 't' + cid.substr(1) + '.' + (i+1);
            tid = 'f' + tid0;
            tr = document.getElementById(tid);
            if (!tr) {
                tid = 'p' + tid0;
                tr = document.getElementById(tid);
            }
            id_list[i] = tid;
            if (tr.className) {
                toHide = 0;
            }
        }
        for (var i = 0; i < count; i++) {
            tid = id_list[i];
            if (toHide) {
                document.getElementById('div_'+tid).style.display = 'none'
                document.getElementById(tid).className = 'hiddenRow';
            }
            else {
                document.getElementById(tid).className = '';
            }
        }
    }


    function showTestDetail(div_id){
        var details_div = document.getElementById(div_id)
        var displayState = details_div.style.display
        // alert(displayState)
        if (displayState != 'block' ) {
            displayState = 'block'
            details_div.style.display = 'block'
        }
        else {
            details_div.style.display = 'none'
        }
    }


    function html_escape(s) {
        s = s.replace(/&/g,'&amp;');
        s = s.replace(/</g,'&lt;');
        s = s.replace(/>/g,'&gt;');
        return s;
    }

    /* obsoleted by detail in <div>
    function showOutput(id, name) {
        var w = window.open("", //url
                        name,
                        "resizable,scrollbars,status,width=800,height=450");
        d = w.document;
        d.write("<pre>");
        d.write(html_escape(output_list[id]));
        d.write("\n");
        d.write("<a href='javascript:window.close()'>close</a>\n");
        d.write("</pre>\n");
        d.close();
    }
    */
    --></script>

    <div id="div_base">
        
    <div class='page-header'>
        <h1>智慧供应链自动化测试</h1>
    <p class='attribute'><strong>开始时间:</strong> 2017-11-24 08:00:02</p>
<p class='attribute'><strong>运行时长:</strong> 1:21:44.309930</p>
<p class='attribute'><strong>状态:</strong> 通过 131 失败 17 错误 58</p>

    </div>
    <div style="float: left;width:50%;"><p class='description'>环境：win10 浏览器：chrome</p></div>
    <div id="chart" style="width:50%;height:400px;float:left;"></div>

        
    <div class="btn-group btn-group-sm">
        <button class="btn btn-default" onclick='javascript:showCase(0)'>总结</button>
        <button class="btn btn-default" onclick='javascript:showCase(1)'>失败</button>
        <button class="btn btn-default" onclick='javascript:showCase(2)'>全部</button>
    </div>
    <p></p>
    <table id='result_table' class="table table-bordered">
        <colgroup>
            <col align='left' />
            <col align='right' />
            <col align='right' />
            <col align='right' />
            <col align='right' />
            <col align='right' />
        </colgroup>
        <tr id='header_row'>
            <td>测试套件/测试用例</td>
            <td>总数</td>
            <td>通过</td>
            <td>失败</td>
            <td>错误</td>
            <td>查看</td>
        </tr>
        
    <tr class='passClass'>
        <td>a_000_zongxuqiujihua_jiagong_sta.delet_xuqiujihua: 删除甲供总需求计划</td>
        <td>1</td>
        <td>1</td>
        <td>0</td>
        <td>0</td>
        <td><a href="javascript:showClassDetail('c1',1)">详情</a></td>
    </tr>

<tr id='pt1.1' class='hiddenRow'>
    <td class='none'><div class='testcase'>test_a_shanchuxuqiujihua</div></td>
    <td colspan='5' align='center'>

    <!--css div popup start-->
    <a class="popup_link" onfocus='this.blur();' href="javascript:showTestDetail('div_pt1.1')" >
        通过</a>

    <div id='div_pt1.1' class="popup_window">
        <pre>
        pt1.1: 91396477548001

        </pre>
    </div>
    <!--css div popup end-->

    </td>
</tr>

    <tr class='passClass'>
        <td>a_001_zongxuqiujihua_jiagong_sta.gongquYewuTest: 工区业务人员-我的办公室-甲供-创建总/年度需求计划</td>
        <td>1</td>
        <td>1</td>
        <td>0</td>
        <td>0</td>
        <td><a href="javascript:showClassDetail('c2',1)">详情</a></td>
    </tr>

<tr id='pt2.1' class='hiddenRow'>
    <td class='none'><div class='testcase'>test_chuangjianxuqiujihua: 点击创建新计划</div></td>
    <td colspan='5' align='center'>通过</td>
</tr>

    <tr class='passClass'>
        <td>a_002_zongxuqiujihua_jiagong_sta.gongquYewuTest: 工区业务人员-我的办公室-甲供-创建需求计划</td>
        <td>1</td>
        <td>1</td>
        <td>0</td>
        <td>0</td>
        <td><a href="javascript:showClassDetail('c3',1)">详情</a></td>
    </tr>

<tr id='pt3.1' class='hiddenRow'>
    <td class='none'><div class='testcase'>test_chuangjianxuqiujihua: 创建需求计划2-进入计划页面</div></td>
    <td colspan='5' align='center'>通过</td>
</tr>

    <tr class='passClass'>
        <td>a_003_zongxuqiujihua_jiagong_sta.gongquYewuTest: 工区业务人员-我的办公室-甲供-创建总需求计划-填写计划页面资料</td>
        <td>1</td>
        <td>1</td>
        <td>0</td>
        <td>0</td>
        <td><a href="javascript:showClassDetail('c4',1)">详情</a></td>
    </tr>

<tr id='pt4.1' class='hiddenRow'>
    <td class='none'><div class='testcase'>test_chuangjianxuqiujihua: 测试添加物资-添加到备选单</div></td>
    <td colspan='5' align='center'>通过</td>
</tr>

    <tr class='passClass'>
        <td>a_004_zongxuqiujihua_jiagong_sta.gongquYewuTest: 工区业务人员-我的办公室-甲供-创建总需求计划-搜索添加物资</td>
        <td>1</td>
        <td>1</td>
        <td>0</td>
        <td>0</td>
        <td><a href="javascript:showClassDetail('c5',1)">详情</a></td>
    </tr>

<tr id='pt5.1' class='hiddenRow'>
    <td class='none'><div class='testcase'>test_chuangjianxuqiu: 测试搜索条件添加物资</div></td>
    <td colspan='5' align='center'>通过</td>
</tr>

    <tr class='passClass'>
        <td>a_005_zongxuqiujihua_jiagong_sta.gongquYewu_test: 工区业务人员-我的办公室-甲供-创建需求计划-计划详情页</td>
        <td>1</td>
        <td>1</td>
        <td>0</td>
        <td>0</td>
        <td><a href="javascript:showClassDetail('c6',1)">详情</a></td>
    </tr>

<tr id='pt6.1' class='hiddenRow'>
    <td class='none'><div class='testcase'>test_chuangjianxuqiujihua: 计划详情页的备选单搜索功能和下载导入功能</div></td>
    <td colspan='5' align='center'>通过</td>
</tr>

    <tr class='passClass'>
        <td>a_006_zongxuqiujihua_jiagong_sta.gongquYewuTest: 工区业务人员-我的办公室-甲供-创建总/年度需求计划-选择物资-删除备选单物资</td>
        <td>1</td>
        <td>1</td>
        <td>0</td>
        <td>0</td>
        <td><a href="javascript:showClassDetail('c7',1)">详情</a></td>
    </tr>

<tr id='pt7.1' class='hiddenRow'>
    <td class='none'><div class='testcase'>test_chuangjianxuqiu: 测试选择物资页面删除物资</div></td>
    <td colspan='5' align='center'>通过</td>
</tr>

    <tr class='passClass'>
        <td>a_007_zongxuqiujihua_jiagong_sta.gongquYewuTest: 工区业务人员-我的办公室-甲供-创建总需求计划-修改物资参数</td>
        <td>1</td>
        <td>1</td>
        <td>0</td>
        <td>0</td>
        <td><a href="javascript:showClassDetail('c8',1)">详情</a></td>
    </tr>

<tr id='pt8.1' class='hiddenRow'>
    <td class='none'><div class='testcase'>test_gongquYewu</div></td>
    <td colspan='5' align='center'>通过</td>
</tr>

    <tr class='passClass'>
        <td>a_008_zongxuqiujihua_jiagong_sta.gongquShiyanTest: 测试总需求计划-甲供-工区实验人员审批</td>
        <td>1</td>
        <td>1</td>
        <td>0</td>
        <td>0</td>
        <td><a href="javascript:showClassDetail('c9',1)">详情</a></td>
    </tr>

<tr id='pt9.1' class='hiddenRow'>
    <td class='none'><div class='testcase'>test_gongquShiyan: 测总需求计划-甲供-工区实验人员-指派</div></td>
    <td colspan='5' align='center'>通过</td>
</tr>

    <tr class='passClass'>
        <td>a_009_zongxuqiujihua_jiagong_sta.fuwuJigouTest: 测试总需求计划-甲供-服务机构-审批</td>
        <td>1</td>
        <td>1</td>
        <td>0</td>
        <td>0</td>
        <td><a href="javascript:showClassDetail('c10',1)">详情</a></td>
    </tr>

<tr id='pt10.1' class='hiddenRow'>
    <td class='none'><div class='testcase'>test_fuwuJigou: 测试被指派-审批驳回</div></td>
    <td colspan='5' align='center'>通过</td>
</tr>

    <tr class='passClass'>
        <td>a_010_zongxuqiujihua_jiagong_010_sta.gongquYewuTest: 工区业务人员-我的办公室-甲供-创建总需求计划-修改物资参数</td>
        <td>1</td>
        <td>1</td>
        <td>0</td>
        <td>0</td>
        <td><a href="javascript:showClassDetail('c11',1)">详情</a></td>
    </tr>

<tr id='pt11.1' class='hiddenRow'>
    <td class='none'><div class='testcase'>test_gongquYewu</div></td>
    <td colspan='5' align='center'>通过</td>
</tr>

    <tr class='errorClass'>
        <td>a_011_zongxuqiujihua_jiagong_011_gongquBuzhang_sta.gongquBuzhangTest: 工区物资部长-我的办公室-审批甲供总需求计划</td>
        <td>7</td>
        <td>5</td>
        <td>1</td>
        <td>1</td>
        <td><a href="javascript:showClassDetail('c12',7)">详情</a></td>
    </tr>

<tr id='pt12.1' class='hiddenRow'>
    <td class='none'><div class='testcase'>test_gongquBuzhang_01: 物资部长我的办公室-测试进入总需求详情页</div></td>
    <td colspan='5' align='center'>通过</td>
</tr>

<tr id='ft12.2' class='none'>
    <td class='failCase'><div class='testcase'>test_gongquBuzhang_02: 测试总需求详情页搜索选项-名称搜索</div></td>
    <td colspan='5' align='center'>

    <!--css div popup start-->
    <a class="popup_link" onfocus='this.blur();' href="javascript:showTestDetail('div_ft12.2')" >
        失败</a>

    <div id='div_ft12.2' class="popup_window">
        <pre>
        ft12.2: Traceback (most recent call last):
  File "E:\TWOSC_autotest\TWOSC_autotest_web\testCase\a_011_zongxuqiujihua_jiagong_011_gongquBuzhang_sta.py", line 44, in test_gongquBuzhang_02
    self.assertEqual(text, '异形钢轨')
AssertionError: '60kg' != '异形钢轨'
- 60kg
+ 异形钢轨


        </pre>
    </div>
    <!--css div popup end-->

    </td>
</tr>

<tr id='ft12.3' class='none'>
    <td class='errorCase'><div class='testcase'>test_gongquBuzhang_03: 测试总需求详情页搜索选项-规格搜索</div></td>
    <td colspan='5' align='center'>

    <!--css div popup start-->
    <a class="popup_link" onfocus='this.blur();' href="javascript:showTestDetail('div_ft12.3')" >
        错误</a>

    <div id='div_ft12.3' class="popup_window">
        <pre>
        ft12.3: Traceback (most recent call last):
  File "E:\TWOSC_autotest\TWOSC_autotest_web\testCase\a_011_zongxuqiujihua_jiagong_011_gongquBuzhang_sta.py", line 61, in test_gongquBuzhang_03
    text = self.driver.find_element(By.CSS_SELECTOR, '#planningDetailsTable &gt; tbody &gt; tr:nth-child(1) &gt; td:nth-child(3)').text
  File "D:\python\lib\site-packages\selenium\webdriver\remote\webelement.py", line 76, in text
    return self._execute(Command.GET_ELEMENT_TEXT)['value']
  File "D:\python\lib\site-packages\selenium\webdriver\remote\webelement.py", line 501, in _execute
    return self._parent.execute(command, params)
  File "D:\python\lib\site-packages\selenium\webdriver\remote\webdriver.py", line 308, in execute
    self.error_handler.check_response(response)
  File "D:\python\lib\site-packages\selenium\webdriver\remote\errorhandler.py", line 194, in check_response
    raise exception_class(message, screen, stacktrace)
selenium.common.exceptions.StaleElementReferenceException: Message: stale element reference: element is not attached to the page document
  (Session info: chrome=58.0.3029.96)
  (Driver info: chromedriver=2.31.488763 (092de99f48a300323ecf8c2a4e2e7cab51de5ba8),platform=Windows NT 10.0.15063 x86_64)


        </pre>
    </div>
    <!--css div popup end-->

    </td>
</tr>

<tr id='pt12.4' class='hiddenRow'>
    <td class='none'><div class='testcase'>test_gongquBuzhang_04: 测试总需求详情页-添加审批人员</div></td>
    <td colspan='5' align='center'>通过</td>
</tr>

<tr id='pt12.5' class='hiddenRow'>
    <td class='none'><div class='testcase'>test_gongquBuzhang_05: 测试需求计划详情页-导出</div></td>
    <td colspan='5' align='center'>通过</td>
</tr>

<tr id='pt12.6' class='hiddenRow'>
    <td class='none'><div class='testcase'>test_gongquBuzhang_06: 测试需求计划详情页-选择页数</div></td>
    <td colspan='5' align='center'>通过</td>
</tr>

<tr id='pt12.7' class='hiddenRow'>
    <td class='none'><div class='testcase'>test_gongquBuzhang_07: 测试需求详情页-填写备注，通过审批</div></td>
    <td colspan='5' align='center'>通过</td>
</tr>

    <tr class='passClass'>
        <td>a_012_zongxuqiujihua_jiagong_012_biaoduanBuzhang_sta.biaoduanBuzhangTest: 测试标段物资部长-审批甲供总需求计划</td>
        <td>1</td>
        <td>1</td>
        <td>0</td>
        <td>0</td>
        <td><a href="javascript:showClassDetail('c13',1)">详情</a></td>
    </tr>

<tr id='pt13.1' class='hiddenRow'>
    <td class='none'><div class='testcase'>test_biaoduanBuzhang: 测试批准总需求计划</div></td>
    <td colspan='5' align='center'>通过</td>
</tr>

    <tr class='passClass'>
        <td>a_013_zongxuqiujihua_jiagong_013_gongquyanshou_sta.gongquShiyanTest: 测试总需求计划-甲供-工区验收人员-审批</td>
        <td>1</td>
        <td>1</td>
        <td>0</td>
        <td>0</td>
        <td><a href="javascript:showClassDetail('c14',1)">详情</a></td>
    </tr>

<tr id='pt14.1' class='hiddenRow'>
    <td class='none'><div class='testcase'>test_gongquShiyan: 审批通过</div></td>
    <td colspan='5' align='center'>通过</td>
</tr>

    <tr class='passClass'>
        <td>a_014_zongxuqiujihua_jiagong_014_delet_sta.delet_xuqiujihua: 删除标段业务人员甲供总需求计划</td>
        <td>1</td>
        <td>1</td>
        <td>0</td>
        <td>0</td>
        <td><a href="javascript:showClassDetail('c15',1)">详情</a></td>
    </tr>

<tr id='pt15.1' class='hiddenRow'>
    <td class='none'><div class='testcase'>test_biaoduanYewu</div></td>
    <td colspan='5' align='center'>

    <!--css div popup start-->
    <a class="popup_link" onfocus='this.blur();' href="javascript:showTestDetail('div_pt15.1')" >
        通过</a>

    <div id='div_pt15.1' class="popup_window">
        <pre>
        pt15.1: 91397058614000

        </pre>
    </div>
    <!--css div popup end-->

    </td>
</tr>

    <tr class='errorClass'>
        <td>a_015_zongxuqiujihua_jiagong_015_sta.ergongquYewuTest: 测试23标二工区业务人员-甲供-创建总需求计划-审批-供汇总计划使用</td>
        <td>2</td>
        <td>0</td>
        <td>0</td>
        <td>2</td>
        <td><a href="javascript:showClassDetail('c16',2)">详情</a></td>
    </tr>

<tr id='ft16.1' class='none'>
    <td class='errorCase'><div class='testcase'>test_01_ergongquYewu: 23标二工区-甲供-创建总需求计划</div></td>
    <td colspan='5' align='center'>

    <!--css div popup start-->
    <a class="popup_link" onfocus='this.blur();' href="javascript:showTestDetail('div_ft16.1')" >
        错误</a>

    <div id='div_ft16.1' class="popup_window">
        <pre>
        ft16.1: Traceback (most recent call last):
  File "E:\TWOSC_autotest\TWOSC_autotest_web\testCase\a_015_zongxuqiujihua_jiagong_015_sta.py", line 29, in test_01_ergongquYewu
    Select(select).select_by_index(0)
  File "D:\python\lib\site-packages\selenium\webdriver\support\select.py", line 103, in select_by_index
    raise NoSuchElementException("Could not locate element with index %d" % index)
selenium.common.exceptions.NoSuchElementException: Message: Could not locate element with index 0


        </pre>
    </div>
    <!--css div popup end-->

    </td>
</tr>

<tr id='ft16.2' class='none'>
    <td class='errorCase'><div class='testcase'>test_02_biaoduanBuzhang: 测试标段物资部长审批</div></td>
    <td colspan='5' align='center'>

    <!--css div popup start-->
    <a class="popup_link" onfocus='this.blur();' href="javascript:showTestDetail('div_ft16.2')" >
        错误</a>

    <div id='div_ft16.2' class="popup_window">
        <pre>
        ft16.2: Traceback (most recent call last):
  File "E:\TWOSC_autotest\TWOSC_autotest_web\testCase\a_015_zongxuqiujihua_jiagong_015_sta.py", line 81, in test_02_biaoduanBuzhang
    self.driver.find_element(By.LINK_TEXT, 'MHTJ-23标二工区 总需求计划').click()  # 点击总需求计划
  File "D:\python\lib\site-packages\selenium\webdriver\remote\webdriver.py", line 843, in find_element
    'value': value})['value']
  File "D:\python\lib\site-packages\selenium\webdriver\remote\webdriver.py", line 308, in execute
    self.error_handler.check_response(response)
  File "D:\python\lib\site-packages\selenium\webdriver\remote\errorhandler.py", line 194, in check_response
    raise exception_class(message, screen, stacktrace)
selenium.common.exceptions.NoSuchElementException: Message: no such element: Unable to locate element: {"method":"link text","selector":"MHTJ-23标二工区 总需求计划"}
  (Session info: chrome=58.0.3029.96)
  (Driver info: chromedriver=2.31.488763 (092de99f48a300323ecf8c2a4e2e7cab51de5ba8),platform=Windows NT 10.0.15063 x86_64)


        </pre>
    </div>
    <!--css div popup end-->

    </td>
</tr>

    <tr class='errorClass'>
        <td>a_016_zongxuqiujihua_jiagong_016_delet_sta.delet_xuqiujihua: 删除标段业务人员甲供总需求计划</td>
        <td>1</td>
        <td>0</td>
        <td>0</td>
        <td>1</td>
        <td><a href="javascript:showClassDetail('c17',1)">详情</a></td>
    </tr>

<tr id='ft17.1' class='none'>
    <td class='errorCase'><div class='testcase'>test_biaoduanYewu</div></td>
    <td colspan='5' align='center'>

    <!--css div popup start-->
    <a class="popup_link" onfocus='this.blur();' href="javascript:showTestDetail('div_ft17.1')" >
        错误</a>

    <div id='div_ft17.1' class="popup_window">
        <pre>
        ft17.1: Traceback (most recent call last):
  File "E:\TWOSC_autotest\TWOSC_autotest_web\testCase\a_016_zongxuqiujihua_jiagong_016_delet_sta.py", line 17, in test_biaoduanYewu
    self.driver.find_element(By.LINK_TEXT, '总需求计划').click()
  File "D:\python\lib\site-packages\selenium\webdriver\remote\webdriver.py", line 843, in find_element
    'value': value})['value']
  File "D:\python\lib\site-packages\selenium\webdriver\remote\webdriver.py", line 308, in execute
    self.error_handler.check_response(response)
  File "D:\python\lib\site-packages\selenium\webdriver\remote\errorhandler.py", line 194, in check_response
    raise exception_class(message, screen, stacktrace)
selenium.common.exceptions.NoSuchElementException: Message: no such element: Unable to locate element: {"method":"link text","selector":"总需求计划"}
  (Session info: chrome=58.0.3029.96)
  (Driver info: chromedriver=2.31.488763 (092de99f48a300323ecf8c2a4e2e7cab51de5ba8),platform=Windows NT 10.0.15063 x86_64)


        </pre>
    </div>
    <!--css div popup end-->

    </td>
</tr>

    <tr class='errorClass'>
        <td>a_017_zongxuqiujihua_jiagong_017_biaoduanYewu_sta.biaoduanYewuTest: 测试标段业务人员-甲供-汇总计划-总需求计划</td>
        <td>7</td>
        <td>4</td>
        <td>1</td>
        <td>2</td>
        <td><a href="javascript:showClassDetail('c18',7)">详情</a></td>
    </tr>

<tr id='pt18.1' class='hiddenRow'>
    <td class='none'><div class='testcase'>test_biaoduanYewu_01: 测试标段业务人员创建总需求计划</div></td>
    <td colspan='5' align='center'>通过</td>
</tr>

<tr id='pt18.2' class='hiddenRow'>
    <td class='none'><div class='testcase'>test_biaoduanYewu_02: 测试搜索-名称搜索</div></td>
    <td colspan='5' align='center'>通过</td>
</tr>

<tr id='pt18.3' class='hiddenRow'>
    <td class='none'><div class='testcase'>test_biaoduanYewu_03: 测试搜素-规格搜素</div></td>
    <td colspan='5' align='center'>通过</td>
</tr>

<tr id='ft18.4' class='none'>
    <td class='failCase'><div class='testcase'>test_biaoduanYewu_04: 测试选择页数</div></td>
    <td colspan='5' align='center'>

    <!--css div popup start-->
    <a class="popup_link" onfocus='this.blur();' href="javascript:showTestDetail('div_ft18.4')" >
        失败</a>

    <div id='div_ft18.4' class="popup_window">
        <pre>
        ft18.4: Traceback (most recent call last):
  File "E:\TWOSC_autotest\TWOSC_autotest_web\testCase\a_017_zongxuqiujihua_jiagong_017_biaoduanYewu_sta.py", line 92, in test_biaoduanYewu_04
    self.assertEqual(text, '显示第 1 到第 12 条记录，总共 12 条记录')
AssertionError: '显示第 1 到第 11 条记录，总共 11 条记录' != '显示第 1 到第 12 条记录，总共 12 条记录'
- 显示第 1 到第 11 条记录，总共 11 条记录
?           ^         ^
+ 显示第 1 到第 12 条记录，总共 12 条记录
?           ^         ^


        </pre>
    </div>
    <!--css div popup end-->

    </td>
</tr>

<tr id='ft18.5' class='none'>
    <td class='errorCase'><div class='testcase'>test_biaoduanYewu_05: 测试移除</div></td>
    <td colspan='5' align='center'>

    <!--css div popup start-->
    <a class="popup_link" onfocus='this.blur();' href="javascript:showTestDetail('div_ft18.5')" >
        错误</a>

    <div id='div_ft18.5' class="popup_window">
        <pre>
        ft18.5: Traceback (most recent call last):
  File "E:\TWOSC_autotest\TWOSC_autotest_web\testCase\a_017_zongxuqiujihua_jiagong_017_biaoduanYewu_sta.py", line 109, in test_biaoduanYewu_05
    self.driver.find_element(By.CSS_SELECTOR, '#childContainerPlanTable &gt; tbody &gt; tr &gt; td:nth-child(7) &gt; a:nth-child(1)').click()
  File "D:\python\lib\site-packages\selenium\webdriver\remote\webdriver.py", line 843, in find_element
    'value': value})['value']
  File "D:\python\lib\site-packages\selenium\webdriver\remote\webdriver.py", line 308, in execute
    self.error_handler.check_response(response)
  File "D:\python\lib\site-packages\selenium\webdriver\remote\errorhandler.py", line 194, in check_response
    raise exception_class(message, screen, stacktrace)
selenium.common.exceptions.NoSuchElementException: Message: no such element: Unable to locate element: {"method":"css selector","selector":"#childContainerPlanTable &gt; tbody &gt; tr &gt; td:nth-child(7) &gt; a:nth-child(1)"}
  (Session info: chrome=58.0.3029.96)
  (Driver info: chromedriver=2.31.488763 (092de99f48a300323ecf8c2a4e2e7cab51de5ba8),platform=Windows NT 10.0.15063 x86_64)


        </pre>
    </div>
    <!--css div popup end-->

    </td>
</tr>

<tr id='pt18.6' class='hiddenRow'>
    <td class='none'><div class='testcase'>test_biaoduanYewu_06: 测试分工区汇总</div></td>
    <td colspan='5' align='center'>通过</td>
</tr>

<tr id='ft18.7' class='none'>
    <td class='errorCase'><div class='testcase'>test_biaoduanYewu_07: 测试删除添加审批人员</div></td>
    <td colspan='5' align='center'>

    <!--css div popup start-->
    <a class="popup_link" onfocus='this.blur();' href="javascript:showTestDetail('div_ft18.7')" >
        错误</a>

    <div id='div_ft18.7' class="popup_window">
        <pre>
        ft18.7: Traceback (most recent call last):
  File "E:\TWOSC_autotest\TWOSC_autotest_web\testCase\a_017_zongxuqiujihua_jiagong_017_biaoduanYewu_sta.py", line 150, in test_biaoduanYewu_07
    self.driver.find_element(By.LINK_TEXT, '总需求计划').click()  # 点击总需求计划
  File "D:\python\lib\site-packages\selenium\webdriver\remote\webdriver.py", line 843, in find_element
    'value': value})['value']
  File "D:\python\lib\site-packages\selenium\webdriver\remote\webdriver.py", line 308, in execute
    self.error_handler.check_response(response)
  File "D:\python\lib\site-packages\selenium\webdriver\remote\errorhandler.py", line 194, in check_response
    raise exception_class(message, screen, stacktrace)
selenium.common.exceptions.NoSuchElementException: Message: no such element: Unable to locate element: {"method":"link text","selector":"总需求计划"}
  (Session info: chrome=58.0.3029.96)
  (Driver info: chromedriver=2.31.488763 (092de99f48a300323ecf8c2a4e2e7cab51de5ba8),platform=Windows NT 10.0.15063 x86_64)


        </pre>
    </div>
    <!--css div popup end-->

    </td>
</tr>

    <tr class='errorClass'>
        <td>a_018_zongxuqiujihua_jiagong_018_shenpi_sta.biaoduanBuzhangTest: 测试汇总总需求计划-各层级审批</td>
        <td>4</td>
        <td>0</td>
        <td>0</td>
        <td>4</td>
        <td><a href="javascript:showClassDetail('c19',4)">详情</a></td>
    </tr>

<tr id='ft19.1' class='none'>
    <td class='errorCase'><div class='testcase'>test_01_biaoduanBuzhang: 标段物资部长审批</div></td>
    <td colspan='5' align='center'>

    <!--css div popup start-->
    <a class="popup_link" onfocus='this.blur();' href="javascript:showTestDetail('div_ft19.1')" >
        错误</a>

    <div id='div_ft19.1' class="popup_window">
        <pre>
        ft19.1: Traceback (most recent call last):
  File "E:\TWOSC_autotest\TWOSC_autotest_web\testCase\a_018_zongxuqiujihua_jiagong_018_shenpi_sta.py", line 25, in test_01_biaoduanBuzhang
    self.driver.find_element(By.LINK_TEXT, 'MHTJ-23 总需求计划').click()  # 点击总需求计划
  File "D:\python\lib\site-packages\selenium\webdriver\remote\webdriver.py", line 843, in find_element
    'value': value})['value']
  File "D:\python\lib\site-packages\selenium\webdriver\remote\webdriver.py", line 308, in execute
    self.error_handler.check_response(response)
  File "D:\python\lib\site-packages\selenium\webdriver\remote\errorhandler.py", line 194, in check_response
    raise exception_class(message, screen, stacktrace)
selenium.common.exceptions.NoSuchElementException: Message: no such element: Unable to locate element: {"method":"link text","selector":"MHTJ-23 总需求计划"}
  (Session info: chrome=58.0.3029.96)
  (Driver info: chromedriver=2.31.488763 (092de99f48a300323ecf8c2a4e2e7cab51de5ba8),platform=Windows NT 10.0.15063 x86_64)


        </pre>
    </div>
    <!--css div popup end-->

    </td>
</tr>

<tr id='ft19.2' class='none'>
    <td class='errorCase'><div class='testcase'>test_02_fuwuJigou: 测试汇总总需求计划-服务机构审批</div></td>
    <td colspan='5' align='center'>

    <!--css div popup start-->
    <a class="popup_link" onfocus='this.blur();' href="javascript:showTestDetail('div_ft19.2')" >
        错误</a>

    <div id='div_ft19.2' class="popup_window">
        <pre>
        ft19.2: Traceback (most recent call last):
  File "E:\TWOSC_autotest\TWOSC_autotest_web\testCase\a_018_zongxuqiujihua_jiagong_018_shenpi_sta.py", line 46, in test_02_fuwuJigou
    self.driver.find_element(By.LINK_TEXT, 'MHTJ-23 总需求计划').click()  # 点击总需求计划
  File "D:\python\lib\site-packages\selenium\webdriver\remote\webdriver.py", line 843, in find_element
    'value': value})['value']
  File "D:\python\lib\site-packages\selenium\webdriver\remote\webdriver.py", line 308, in execute
    self.error_handler.check_response(response)
  File "D:\python\lib\site-packages\selenium\webdriver\remote\errorhandler.py", line 194, in check_response
    raise exception_class(message, screen, stacktrace)
selenium.common.exceptions.NoSuchElementException: Message: no such element: Unable to locate element: {"method":"link text","selector":"MHTJ-23 总需求计划"}
  (Session info: chrome=58.0.3029.96)
  (Driver info: chromedriver=2.31.488763 (092de99f48a300323ecf8c2a4e2e7cab51de5ba8),platform=Windows NT 10.0.15063 x86_64)


        </pre>
    </div>
    <!--css div popup end-->

    </td>
</tr>

<tr id='ft19.3' class='none'>
    <td class='errorCase'><div class='testcase'>test_03_zhihuibuYewu: 测试汇总总需求计划-指挥部业务人员-审批</div></td>
    <td colspan='5' align='center'>

    <!--css div popup start-->
    <a class="popup_link" onfocus='this.blur();' href="javascript:showTestDetail('div_ft19.3')" >
        错误</a>

    <div id='div_ft19.3' class="popup_window">
        <pre>
        ft19.3: Traceback (most recent call last):
  File "E:\TWOSC_autotest\TWOSC_autotest_web\testCase\a_018_zongxuqiujihua_jiagong_018_shenpi_sta.py", line 67, in test_03_zhihuibuYewu
    self.driver.find_element(By.LINK_TEXT, 'MHTJ-23 总需求计划').click()  # 点击总需求计划
  File "D:\python\lib\site-packages\selenium\webdriver\remote\webdriver.py", line 843, in find_element
    'value': value})['value']
  File "D:\python\lib\site-packages\selenium\webdriver\remote\webdriver.py", line 308, in execute
    self.error_handler.check_response(response)
  File "D:\python\lib\site-packages\selenium\webdriver\remote\errorhandler.py", line 194, in check_response
    raise exception_class(message, screen, stacktrace)
selenium.common.exceptions.NoSuchElementException: Message: no such element: Unable to locate element: {"method":"link text","selector":"MHTJ-23 总需求计划"}
  (Session info: chrome=58.0.3029.96)
  (Driver info: chromedriver=2.31.488763 (092de99f48a300323ecf8c2a4e2e7cab51de5ba8),platform=Windows NT 10.0.15063 x86_64)


        </pre>
    </div>
    <!--css div popup end-->

    </td>
</tr>

<tr id='ft19.4' class='none'>
    <td class='errorCase'><div class='testcase'>test_04_wuzishebeiBu: 测试汇总总需求计划-审批-物资设备部</div></td>
    <td colspan='5' align='center'>

    <!--css div popup start-->
    <a class="popup_link" onfocus='this.blur();' href="javascript:showTestDetail('div_ft19.4')" >
        错误</a>

    <div id='div_ft19.4' class="popup_window">
        <pre>
        ft19.4: Traceback (most recent call last):
  File "E:\TWOSC_autotest\TWOSC_autotest_web\testCase\a_018_zongxuqiujihua_jiagong_018_shenpi_sta.py", line 88, in test_04_wuzishebeiBu
    self.driver.find_element(By.LINK_TEXT, 'MHTJ-23 总需求计划').click()  # 点击总需求计划
  File "D:\python\lib\site-packages\selenium\webdriver\remote\webdriver.py", line 843, in find_element
    'value': value})['value']
  File "D:\python\lib\site-packages\selenium\webdriver\remote\webdriver.py", line 308, in execute
    self.error_handler.check_response(response)
  File "D:\python\lib\site-packages\selenium\webdriver\remote\errorhandler.py", line 194, in check_response
    raise exception_class(message, screen, stacktrace)
selenium.common.exceptions.NoSuchElementException: Message: no such element: Unable to locate element: {"method":"link text","selector":"MHTJ-23 总需求计划"}
  (Session info: chrome=58.0.3029.96)
  (Driver info: chromedriver=2.31.488763 (092de99f48a300323ecf8c2a4e2e7cab51de5ba8),platform=Windows NT 10.0.15063 x86_64)


        </pre>
    </div>
    <!--css div popup end-->

    </td>
</tr>

    <tr class='passClass'>
        <td>a_019_zongxuqiujihua_liancai_000_delet_sta.delet_xuqiujihua: 删除联采总需求计划</td>
        <td>1</td>
        <td>1</td>
        <td>0</td>
        <td>0</td>
        <td><a href="javascript:showClassDetail('c20',1)">详情</a></td>
    </tr>

<tr id='pt20.1' class='hiddenRow'>
    <td class='none'><div class='testcase'>test_a_shanchuxuqiujihua</div></td>
    <td colspan='5' align='center'>

    <!--css div popup start-->
    <a class="popup_link" onfocus='this.blur();' href="javascript:showTestDetail('div_pt20.1')" >
        通过</a>

    <div id='div_pt20.1' class="popup_window">
        <pre>
        pt20.1: 91397349282000

        </pre>
    </div>
    <!--css div popup end-->

    </td>
</tr>

    <tr class='passClass'>
        <td>a_020_zongxuqiujihua_liancai_001_gongquYewu_sta.gongquYewuTest: 工区业务人员-我的办公室-联采-创建总需求计划</td>
        <td>1</td>
        <td>1</td>
        <td>0</td>
        <td>0</td>
        <td><a href="javascript:showClassDetail('c21',1)">详情</a></td>
    </tr>

<tr id='pt21.1' class='hiddenRow'>
    <td class='none'><div class='testcase'>test_chuangjianxuqiujihua: 创建需求计划2-点击创建计划页面</div></td>
    <td colspan='5' align='center'>通过</td>
</tr>

    <tr class='passClass'>
        <td>a_021_zongxuqiujihua_liancai_002_gongquYewu_sta.gongquYewuTest: 工区业务人员-我的办公室-联采-创建总年度需求计划-填写计划页面资料</td>
        <td>1</td>
        <td>1</td>
        <td>0</td>
        <td>0</td>
        <td><a href="javascript:showClassDetail('c22',1)">详情</a></td>
    </tr>

<tr id='pt22.1' class='hiddenRow'>
    <td class='none'><div class='testcase'>test_chuangjianxuqiujihua</div></td>
    <td colspan='5' align='center'>通过</td>
</tr>

    <tr class='passClass'>
        <td>a_022_zongxuqiujihua_liancai_003_gongquYewu_sta.gongquYewuTest: 工区业务人员-我的办公室-联采-创建总需求计划-搜索添加物资</td>
        <td>1</td>
        <td>1</td>
        <td>0</td>
        <td>0</td>
        <td><a href="javascript:showClassDetail('c23',1)">详情</a></td>
    </tr>

<tr id='pt23.1' class='hiddenRow'>
    <td class='none'><div class='testcase'>test_chuangjianxuqiu: 测试搜索条件添加物资</div></td>
    <td colspan='5' align='center'>通过</td>
</tr>

    <tr class='passClass'>
        <td>a_023_zongxuqiujihua_liancai_004_gongquYewu_sta.gongquYewu_test: 工区业务人员-我的办公室-联采-创建总需求计划-计划详情页</td>
        <td>1</td>
        <td>1</td>
        <td>0</td>
        <td>0</td>
        <td><a href="javascript:showClassDetail('c24',1)">详情</a></td>
    </tr>

<tr id='pt24.1' class='hiddenRow'>
    <td class='none'><div class='testcase'>test_chuangjianxuqiujihua: 计划详情页的备选单搜索功能和下载导入功能</div></td>
    <td colspan='5' align='center'>通过</td>
</tr>

    <tr class='passClass'>
        <td>a_024_zongxuqiujihua_liancai_005_gongquYewu_sta.gongquYewuTest: 工区业务人员-我的办公室-总需求计划-联采-选择物资-删除备选单物资</td>
        <td>1</td>
        <td>1</td>
        <td>0</td>
        <td>0</td>
        <td><a href="javascript:showClassDetail('c25',1)">详情</a></td>
    </tr>

<tr id='pt25.1' class='hiddenRow'>
    <td class='none'><div class='testcase'>test_chuangjianxuqiu: 测试选择物资页面删除物资</div></td>
    <td colspan='5' align='center'>通过</td>
</tr>

    <tr class='errorClass'>
        <td>a_025_zongxuqiujihua_liancai_006_gongquYewu_sta.gongquYewuTest: 工区业务人员-我的办公室-联采-创建总需求计划-修改物资参数-提交审核</td>
        <td>1</td>
        <td>0</td>
        <td>0</td>
        <td>1</td>
        <td><a href="javascript:showClassDetail('c26',1)">详情</a></td>
    </tr>

<tr id='ft26.1' class='none'>
    <td class='errorCase'><div class='testcase'>test_gongquYewu</div></td>
    <td colspan='5' align='center'>

    <!--css div popup start-->
    <a class="popup_link" onfocus='this.blur();' href="javascript:showTestDetail('div_ft26.1')" >
        错误</a>

    <div id='div_ft26.1' class="popup_window">
        <pre>
        ft26.1: Traceback (most recent call last):
  File "E:\TWOSC_autotest\TWOSC_autotest_web\testCase\a_025_zongxuqiujihua_liancai_006_gongquYewu_sta.py", line 78, in test_gongquYewu
    self.driver.find_element(By.LINK_TEXT, '提交').click()  # 点击提交
  File "D:\python\lib\site-packages\selenium\webdriver\remote\webelement.py", line 80, in click
    self._execute(Command.CLICK_ELEMENT)
  File "D:\python\lib\site-packages\selenium\webdriver\remote\webelement.py", line 501, in _execute
    return self._parent.execute(command, params)
  File "D:\python\lib\site-packages\selenium\webdriver\remote\webdriver.py", line 308, in execute
    self.error_handler.check_response(response)
  File "D:\python\lib\site-packages\selenium\webdriver\remote\errorhandler.py", line 194, in check_response
    raise exception_class(message, screen, stacktrace)
selenium.common.exceptions.WebDriverException: Message: unknown error: Element &lt;a class="btn btn-primary btn-short margin submitForm"&gt;...&lt;/a&gt; is not clickable at point (612, 493). Other element would receive the click: &lt;div class="modal fade in" id="GT_CommonModal" style="display: block;"&gt;...&lt;/div&gt;
  (Session info: chrome=58.0.3029.96)
  (Driver info: chromedriver=2.31.488763 (092de99f48a300323ecf8c2a4e2e7cab51de5ba8),platform=Windows NT 10.0.15063 x86_64)


        </pre>
    </div>
    <!--css div popup end-->

    </td>
</tr>

    <tr class='errorClass'>
        <td>a_026_zongxuqiujihua_liancai_007_gongquShiyan_sta.gongquShiyanTest: 测试总需求计划-联采-工区实验人员审批</td>
        <td>1</td>
        <td>0</td>
        <td>0</td>
        <td>1</td>
        <td><a href="javascript:showClassDetail('c27',1)">详情</a></td>
    </tr>

<tr id='ft27.1' class='none'>
    <td class='errorCase'><div class='testcase'>test_gongquShiyan: 测总需求计划-联采-工区实验人员-指派</div></td>
    <td colspan='5' align='center'>

    <!--css div popup start-->
    <a class="popup_link" onfocus='this.blur();' href="javascript:showTestDetail('div_ft27.1')" >
        错误</a>

    <div id='div_ft27.1' class="popup_window">
        <pre>
        ft27.1: Traceback (most recent call last):
  File "E:\TWOSC_autotest\TWOSC_autotest_web\testCase\a_026_zongxuqiujihua_liancai_007_gongquShiyan_sta.py", line 20, in test_gongquShiyan
    self.driver.find_element(By.CSS_SELECTOR, '#workItemList &gt; li &gt; div:nth-child(2) &gt; a').click()  # 点击需要审批的计划
  File "D:\python\lib\site-packages\selenium\webdriver\remote\webdriver.py", line 843, in find_element
    'value': value})['value']
  File "D:\python\lib\site-packages\selenium\webdriver\remote\webdriver.py", line 308, in execute
    self.error_handler.check_response(response)
  File "D:\python\lib\site-packages\selenium\webdriver\remote\errorhandler.py", line 194, in check_response
    raise exception_class(message, screen, stacktrace)
selenium.common.exceptions.NoSuchElementException: Message: no such element: Unable to locate element: {"method":"css selector","selector":"#workItemList &gt; li &gt; div:nth-child(2) &gt; a"}
  (Session info: chrome=58.0.3029.96)
  (Driver info: chromedriver=2.31.488763 (092de99f48a300323ecf8c2a4e2e7cab51de5ba8),platform=Windows NT 10.0.15063 x86_64)


        </pre>
    </div>
    <!--css div popup end-->

    </td>
</tr>

    <tr class='errorClass'>
        <td>a_027_zongxuqiujihua_liancai_008_fuwuJigou_sta.fuwuJigouTest: 测试总需求计划-联采-服务机构-审批</td>
        <td>1</td>
        <td>0</td>
        <td>0</td>
        <td>1</td>
        <td><a href="javascript:showClassDetail('c28',1)">详情</a></td>
    </tr>

<tr id='ft28.1' class='none'>
    <td class='errorCase'><div class='testcase'>test_fuwuJigou: 测试被指派-审批驳回</div></td>
    <td colspan='5' align='center'>

    <!--css div popup start-->
    <a class="popup_link" onfocus='this.blur();' href="javascript:showTestDetail('div_ft28.1')" >
        错误</a>

    <div id='div_ft28.1' class="popup_window">
        <pre>
        ft28.1: Traceback (most recent call last):
  File "E:\TWOSC_autotest\TWOSC_autotest_web\testCase\a_027_zongxuqiujihua_liancai_008_fuwuJigou_sta.py", line 22, in test_fuwuJigou
    self.driver.find_element(By.CSS_SELECTOR, 'input[value="驳回"]').click()  # 勾选驳回
  File "D:\python\lib\site-packages\selenium\webdriver\remote\webdriver.py", line 843, in find_element
    'value': value})['value']
  File "D:\python\lib\site-packages\selenium\webdriver\remote\webdriver.py", line 308, in execute
    self.error_handler.check_response(response)
  File "D:\python\lib\site-packages\selenium\webdriver\remote\errorhandler.py", line 194, in check_response
    raise exception_class(message, screen, stacktrace)
selenium.common.exceptions.NoSuchElementException: Message: no such element: Unable to locate element: {"method":"css selector","selector":"input[value="驳回"]"}
  (Session info: chrome=58.0.3029.96)
  (Driver info: chromedriver=2.31.488763 (092de99f48a300323ecf8c2a4e2e7cab51de5ba8),platform=Windows NT 10.0.15063 x86_64)


        </pre>
    </div>
    <!--css div popup end-->

    </td>
</tr>

    <tr class='errorClass'>
        <td>a_028_zongxuqiujihua_liancai_009_gongquYewu_sta.gongquYewuTest: 工区业务人员-我的办公室-联采-创建总需求计划-修改物资参数</td>
        <td>1</td>
        <td>0</td>
        <td>0</td>
        <td>1</td>
        <td><a href="javascript:showClassDetail('c29',1)">详情</a></td>
    </tr>

<tr id='ft29.1' class='none'>
    <td class='errorCase'><div class='testcase'>test_gongquYewu</div></td>
    <td colspan='5' align='center'>

    <!--css div popup start-->
    <a class="popup_link" onfocus='this.blur();' href="javascript:showTestDetail('div_ft29.1')" >
        错误</a>

    <div id='div_ft29.1' class="popup_window">
        <pre>
        ft29.1: Traceback (most recent call last):
  File "E:\TWOSC_autotest\TWOSC_autotest_web\testCase\a_028_zongxuqiujihua_liancai_009_gongquYewu_sta.py", line 70, in test_gongquYewu
    self.driver.find_element(By.CSS_SELECTOR, '#popup_ok').click()
  File "D:\python\lib\site-packages\selenium\webdriver\remote\webdriver.py", line 843, in find_element
    'value': value})['value']
  File "D:\python\lib\site-packages\selenium\webdriver\remote\webdriver.py", line 308, in execute
    self.error_handler.check_response(response)
  File "D:\python\lib\site-packages\selenium\webdriver\remote\errorhandler.py", line 194, in check_response
    raise exception_class(message, screen, stacktrace)
selenium.common.exceptions.NoSuchElementException: Message: no such element: Unable to locate element: {"method":"css selector","selector":"#popup_ok"}
  (Session info: chrome=58.0.3029.96)
  (Driver info: chromedriver=2.31.488763 (092de99f48a300323ecf8c2a4e2e7cab51de5ba8),platform=Windows NT 10.0.15063 x86_64)


        </pre>
    </div>
    <!--css div popup end-->

    </td>
</tr>

    <tr class='errorClass'>
        <td>a_029_zongxuqiujihua_liancai_010_gongquBuzhang_sta.gongquBuzhangTest: 工区物资部长-我的办公室-审批联采总需求计划</td>
        <td>7</td>
        <td>3</td>
        <td>0</td>
        <td>4</td>
        <td><a href="javascript:showClassDetail('c30',7)">详情</a></td>
    </tr>

<tr id='ft30.1' class='none'>
    <td class='errorCase'><div class='testcase'>test_gongquBuzhang_01: 物资部长我的办公室-测试进入总需求详情页</div></td>
    <td colspan='5' align='center'>

    <!--css div popup start-->
    <a class="popup_link" onfocus='this.blur();' href="javascript:showTestDetail('div_ft30.1')" >
        错误</a>

    <div id='div_ft30.1' class="popup_window">
        <pre>
        ft30.1: Traceback (most recent call last):
  File "E:\TWOSC_autotest\TWOSC_autotest_web\testCase\a_029_zongxuqiujihua_liancai_010_gongquBuzhang_sta.py", line 25, in test_gongquBuzhang_01
    text = self.driver.find_element(By.CSS_SELECTOR, 'body &gt; div.wrapper &gt; div:nth-child(5) &gt; div &gt; div &gt; div.box-body &gt; div.text-center &gt; h4').text
  File "D:\python\lib\site-packages\selenium\webdriver\remote\webdriver.py", line 843, in find_element
    'value': value})['value']
  File "D:\python\lib\site-packages\selenium\webdriver\remote\webdriver.py", line 308, in execute
    self.error_handler.check_response(response)
  File "D:\python\lib\site-packages\selenium\webdriver\remote\errorhandler.py", line 194, in check_response
    raise exception_class(message, screen, stacktrace)
selenium.common.exceptions.NoSuchElementException: Message: no such element: Unable to locate element: {"method":"css selector","selector":"body &gt; div.wrapper &gt; div:nth-child(5) &gt; div &gt; div &gt; div.box-body &gt; div.text-center &gt; h4"}
  (Session info: chrome=58.0.3029.96)
  (Driver info: chromedriver=2.31.488763 (092de99f48a300323ecf8c2a4e2e7cab51de5ba8),platform=Windows NT 10.0.15063 x86_64)


        </pre>
    </div>
    <!--css div popup end-->

    </td>
</tr>

<tr id='ft30.2' class='none'>
    <td class='errorCase'><div class='testcase'>test_gongquBuzhang_02: 测试总需求详情页搜索选项-名称搜索</div></td>
    <td colspan='5' align='center'>

    <!--css div popup start-->
    <a class="popup_link" onfocus='this.blur();' href="javascript:showTestDetail('div_ft30.2')" >
        错误</a>

    <div id='div_ft30.2' class="popup_window">
        <pre>
        ft30.2: Traceback (most recent call last):
  File "E:\TWOSC_autotest\TWOSC_autotest_web\testCase\a_029_zongxuqiujihua_liancai_010_gongquBuzhang_sta.py", line 43, in test_gongquBuzhang_02
    text = self.driver.find_element(By.CSS_SELECTOR, '#planningDetailsTable &gt; tbody &gt; tr:nth-child(1) &gt; td:nth-child(2)').text
  File "D:\python\lib\site-packages\selenium\webdriver\remote\webdriver.py", line 843, in find_element
    'value': value})['value']
  File "D:\python\lib\site-packages\selenium\webdriver\remote\webdriver.py", line 308, in execute
    self.error_handler.check_response(response)
  File "D:\python\lib\site-packages\selenium\webdriver\remote\errorhandler.py", line 194, in check_response
    raise exception_class(message, screen, stacktrace)
selenium.common.exceptions.NoSuchElementException: Message: no such element: Unable to locate element: {"method":"css selector","selector":"#planningDetailsTable &gt; tbody &gt; tr:nth-child(1) &gt; td:nth-child(2)"}
  (Session info: chrome=58.0.3029.96)
  (Driver info: chromedriver=2.31.488763 (092de99f48a300323ecf8c2a4e2e7cab51de5ba8),platform=Windows NT 10.0.15063 x86_64)


        </pre>
    </div>
    <!--css div popup end-->

    </td>
</tr>

<tr id='ft30.3' class='none'>
    <td class='errorCase'><div class='testcase'>test_gongquBuzhang_03: 测试总需求详情页搜索选项-规格搜索</div></td>
    <td colspan='5' align='center'>

    <!--css div popup start-->
    <a class="popup_link" onfocus='this.blur();' href="javascript:showTestDetail('div_ft30.3')" >
        错误</a>

    <div id='div_ft30.3' class="popup_window">
        <pre>
        ft30.3: Traceback (most recent call last):
  File "E:\TWOSC_autotest\TWOSC_autotest_web\testCase\a_029_zongxuqiujihua_liancai_010_gongquBuzhang_sta.py", line 61, in test_gongquBuzhang_03
    text = self.driver.find_element(By.CSS_SELECTOR, '#planningDetailsTable &gt; tbody &gt; tr:nth-child(1) &gt; td:nth-child(3)').text
  File "D:\python\lib\site-packages\selenium\webdriver\remote\webdriver.py", line 843, in find_element
    'value': value})['value']
  File "D:\python\lib\site-packages\selenium\webdriver\remote\webdriver.py", line 308, in execute
    self.error_handler.check_response(response)
  File "D:\python\lib\site-packages\selenium\webdriver\remote\errorhandler.py", line 194, in check_response
    raise exception_class(message, screen, stacktrace)
selenium.common.exceptions.NoSuchElementException: Message: no such element: Unable to locate element: {"method":"css selector","selector":"#planningDetailsTable &gt; tbody &gt; tr:nth-child(1) &gt; td:nth-child(3)"}
  (Session info: chrome=58.0.3029.96)
  (Driver info: chromedriver=2.31.488763 (092de99f48a300323ecf8c2a4e2e7cab51de5ba8),platform=Windows NT 10.0.15063 x86_64)


        </pre>
    </div>
    <!--css div popup end-->

    </td>
</tr>

<tr id='pt30.4' class='hiddenRow'>
    <td class='none'><div class='testcase'>test_gongquBuzhang_04: 测试总需求详情页-添加审批人员</div></td>
    <td colspan='5' align='center'>通过</td>
</tr>

<tr id='pt30.5' class='hiddenRow'>
    <td class='none'><div class='testcase'>test_gongquBuzhang_05: 测试需求计划详情页-导出</div></td>
    <td colspan='5' align='center'>通过</td>
</tr>

<tr id='ft30.6' class='none'>
    <td class='errorCase'><div class='testcase'>test_gongquBuzhang_06: 测试需求计划详情页-选择页数</div></td>
    <td colspan='5' align='center'>

    <!--css div popup start-->
    <a class="popup_link" onfocus='this.blur();' href="javascript:showTestDetail('div_ft30.6')" >
        错误</a>

    <div id='div_ft30.6' class="popup_window">
        <pre>
        ft30.6: Traceback (most recent call last):
  File "E:\TWOSC_autotest\TWOSC_autotest_web\testCase\a_029_zongxuqiujihua_liancai_010_gongquBuzhang_sta.py", line 121, in test_gongquBuzhang_06
    self.driver.find_element(By.CSS_SELECTOR, 'body &gt; div.wrapper &gt; div:nth-child(5) &gt; div &gt; div &gt; div.box-body &gt; div:nth-child(8) &gt;'
  File "D:\python\lib\site-packages\selenium\webdriver\remote\webdriver.py", line 843, in find_element
    'value': value})['value']
  File "D:\python\lib\site-packages\selenium\webdriver\remote\webdriver.py", line 308, in execute
    self.error_handler.check_response(response)
  File "D:\python\lib\site-packages\selenium\webdriver\remote\errorhandler.py", line 194, in check_response
    raise exception_class(message, screen, stacktrace)
selenium.common.exceptions.NoSuchElementException: Message: no such element: Unable to locate element: {"method":"css selector","selector":"body &gt; div.wrapper &gt; div:nth-child(5) &gt; div &gt; div &gt; div.box-body &gt; div:nth-child(8) &gt; div.fixed-table-container &gt; div.fixed-table-pagination &gt; div.pull-left.pagination-detail &gt; span.page-list &gt; span &gt; button &gt; span.page-size"}
  (Session info: chrome=58.0.3029.96)
  (Driver info: chromedriver=2.31.488763 (092de99f48a300323ecf8c2a4e2e7cab51de5ba8),platform=Windows NT 10.0.15063 x86_64)


        </pre>
    </div>
    <!--css div popup end-->

    </td>
</tr>

<tr id='pt30.7' class='hiddenRow'>
    <td class='none'><div class='testcase'>test_gongquBuzhang_07: 测试需求详情页-填写备注，通过审批</div></td>
    <td colspan='5' align='center'>通过</td>
</tr>

    <tr class='passClass'>
        <td>a_030_zongxuqiujihua_liancai_011_biaoduanBuzhang_sta.biaoduanBuzhangTest: 测试标段物资部长-审批联采总需求计划</td>
        <td>1</td>
        <td>1</td>
        <td>0</td>
        <td>0</td>
        <td><a href="javascript:showClassDetail('c31',1)">详情</a></td>
    </tr>

<tr id='pt31.1' class='hiddenRow'>
    <td class='none'><div class='testcase'>test_biaoduanBuzhang: 测试批准联采总需求计划</div></td>
    <td colspan='5' align='center'>通过</td>
</tr>

    <tr class='errorClass'>
        <td>a_031_zongxuqiujihua_liancai_012_gongquYanshou_sta.gongquShiyanTest: 测试总需求计划-联采-工区验收人员-审批</td>
        <td>1</td>
        <td>0</td>
        <td>0</td>
        <td>1</td>
        <td><a href="javascript:showClassDetail('c32',1)">详情</a></td>
    </tr>

<tr id='ft32.1' class='none'>
    <td class='errorCase'><div class='testcase'>test_gongquShiyan: 审批通过</div></td>
    <td colspan='5' align='center'>

    <!--css div popup start-->
    <a class="popup_link" onfocus='this.blur();' href="javascript:showTestDetail('div_ft32.1')" >
        错误</a>

    <div id='div_ft32.1' class="popup_window">
        <pre>
        ft32.1: Traceback (most recent call last):
  File "E:\TWOSC_autotest\TWOSC_autotest_web\testCase\a_031_zongxuqiujihua_liancai_012_gongquYanshou_sta.py", line 29, in test_gongquShiyan
    text = self.driver.find_element(By.CSS_SELECTOR, 'body &gt; div.wrapper &gt; div:nth-child(5) &gt; div &gt; div &gt; div.box-body &gt; div:nth-child(16) &gt; div.fixed-table-container &gt; div.fixed-table-body &gt; table &gt; tbody &gt; tr:nth-child(1) &gt; td:nth-child(3)').text
  File "D:\python\lib\site-packages\selenium\webdriver\remote\webdriver.py", line 843, in find_element
    'value': value})['value']
  File "D:\python\lib\site-packages\selenium\webdriver\remote\webdriver.py", line 308, in execute
    self.error_handler.check_response(response)
  File "D:\python\lib\site-packages\selenium\webdriver\remote\errorhandler.py", line 194, in check_response
    raise exception_class(message, screen, stacktrace)
selenium.common.exceptions.NoSuchElementException: Message: no such element: Unable to locate element: {"method":"css selector","selector":"body &gt; div.wrapper &gt; div:nth-child(5) &gt; div &gt; div &gt; div.box-body &gt; div:nth-child(16) &gt; div.fixed-table-container &gt; div.fixed-table-body &gt; table &gt; tbody &gt; tr:nth-child(1) &gt; td:nth-child(3)"}
  (Session info: chrome=58.0.3029.96)
  (Driver info: chromedriver=2.31.488763 (092de99f48a300323ecf8c2a4e2e7cab51de5ba8),platform=Windows NT 10.0.15063 x86_64)


        </pre>
    </div>
    <!--css div popup end-->

    </td>
</tr>

    <tr class='passClass'>
        <td>a_032_zongxuqiujihua_liancai_013_delet_sta.delet_xuqiujihua: 删除标段业务人员联采2017年度需求计划</td>
        <td>1</td>
        <td>1</td>
        <td>0</td>
        <td>0</td>
        <td><a href="javascript:showClassDetail('c33',1)">详情</a></td>
    </tr>

<tr id='pt33.1' class='hiddenRow'>
    <td class='none'><div class='testcase'>test_a_shanchuxuqiujihua</div></td>
    <td colspan='5' align='center'>

    <!--css div popup start-->
    <a class="popup_link" onfocus='this.blur();' href="javascript:showTestDetail('div_pt33.1')" >
        通过</a>

    <div id='div_pt33.1' class="popup_window">
        <pre>
        pt33.1: 91397896513000

        </pre>
    </div>
    <!--css div popup end-->

    </td>
</tr>

    <tr class='errorClass'>
        <td>a_033_zongxuqiujihua_liancai_014_sta.ergongquYewuTest: 测试23标二工区业务人员-联采-创建总需求计划-审批-供汇总计划使用</td>
        <td>2</td>
        <td>0</td>
        <td>0</td>
        <td>2</td>
        <td><a href="javascript:showClassDetail('c34',2)">详情</a></td>
    </tr>

<tr id='ft34.1' class='none'>
    <td class='errorCase'><div class='testcase'>test_01_ergongquYewu: 23标二工区-联采-创建总需求计划</div></td>
    <td colspan='5' align='center'>

    <!--css div popup start-->
    <a class="popup_link" onfocus='this.blur();' href="javascript:showTestDetail('div_ft34.1')" >
        错误</a>

    <div id='div_ft34.1' class="popup_window">
        <pre>
        ft34.1: Traceback (most recent call last):
  File "E:\TWOSC_autotest\TWOSC_autotest_web\testCase\a_033_zongxuqiujihua_liancai_014_sta.py", line 65, in test_01_ergongquYewu
    self.driver.find_element(By.CSS_SELECTOR, '#popup_ok').click()
  File "D:\python\lib\site-packages\selenium\webdriver\remote\webdriver.py", line 843, in find_element
    'value': value})['value']
  File "D:\python\lib\site-packages\selenium\webdriver\remote\webdriver.py", line 308, in execute
    self.error_handler.check_response(response)
  File "D:\python\lib\site-packages\selenium\webdriver\remote\errorhandler.py", line 194, in check_response
    raise exception_class(message, screen, stacktrace)
selenium.common.exceptions.NoSuchElementException: Message: no such element: Unable to locate element: {"method":"css selector","selector":"#popup_ok"}
  (Session info: chrome=58.0.3029.96)
  (Driver info: chromedriver=2.31.488763 (092de99f48a300323ecf8c2a4e2e7cab51de5ba8),platform=Windows NT 10.0.15063 x86_64)


        </pre>
    </div>
    <!--css div popup end-->

    </td>
</tr>

<tr id='ft34.2' class='none'>
    <td class='errorCase'><div class='testcase'>test_02_biaoduanBuzhang: 测试标段物资部长审批</div></td>
    <td colspan='5' align='center'>

    <!--css div popup start-->
    <a class="popup_link" onfocus='this.blur();' href="javascript:showTestDetail('div_ft34.2')" >
        错误</a>

    <div id='div_ft34.2' class="popup_window">
        <pre>
        ft34.2: Traceback (most recent call last):
  File "E:\TWOSC_autotest\TWOSC_autotest_web\testCase\a_033_zongxuqiujihua_liancai_014_sta.py", line 82, in test_02_biaoduanBuzhang
    self.driver.find_element(By.LINK_TEXT, 'MHTJ-23标二工区 总需求计划').click()  # 点击总需求计划
  File "D:\python\lib\site-packages\selenium\webdriver\remote\webdriver.py", line 843, in find_element
    'value': value})['value']
  File "D:\python\lib\site-packages\selenium\webdriver\remote\webdriver.py", line 308, in execute
    self.error_handler.check_response(response)
  File "D:\python\lib\site-packages\selenium\webdriver\remote\errorhandler.py", line 194, in check_response
    raise exception_class(message, screen, stacktrace)
selenium.common.exceptions.NoSuchElementException: Message: no such element: Unable to locate element: {"method":"link text","selector":"MHTJ-23标二工区 总需求计划"}
  (Session info: chrome=58.0.3029.96)
  (Driver info: chromedriver=2.31.488763 (092de99f48a300323ecf8c2a4e2e7cab51de5ba8),platform=Windows NT 10.0.15063 x86_64)


        </pre>
    </div>
    <!--css div popup end-->

    </td>
</tr>

    <tr class='passClass'>
        <td>a_034_zongxuqiujihua_liancai_015_delet_sta.delet_xuqiujihua: 删除标段业务人员联采总需求计划</td>
        <td>1</td>
        <td>1</td>
        <td>0</td>
        <td>0</td>
        <td><a href="javascript:showClassDetail('c35',1)">详情</a></td>
    </tr>

<tr id='pt35.1' class='hiddenRow'>
    <td class='none'><div class='testcase'>test_biaoduanYewu</div></td>
    <td colspan='5' align='center'>

    <!--css div popup start-->
    <a class="popup_link" onfocus='this.blur();' href="javascript:showTestDetail('div_pt35.1')" >
        通过</a>

    <div id='div_pt35.1' class="popup_window">
        <pre>
        pt35.1: 91397989582000

        </pre>
    </div>
    <!--css div popup end-->

    </td>
</tr>

    <tr class='errorClass'>
        <td>a_035_zongxuqiujihua_liancai_016_biaoduanyewu_sta.biaoduanYewuTest: 测试标段业务人员-联采-汇总计划-总需求计划</td>
        <td>7</td>
        <td>0</td>
        <td>1</td>
        <td>6</td>
        <td><a href="javascript:showClassDetail('c36',7)">详情</a></td>
    </tr>

<tr id='ft36.1' class='none'>
    <td class='errorCase'><div class='testcase'>test_biaoduanYewu_01: 测试标段业务人员创建总需求计划</div></td>
    <td colspan='5' align='center'>

    <!--css div popup start-->
    <a class="popup_link" onfocus='this.blur();' href="javascript:showTestDetail('div_ft36.1')" >
        错误</a>

    <div id='div_ft36.1' class="popup_window">
        <pre>
        ft36.1: Traceback (most recent call last):
  File "E:\TWOSC_autotest\TWOSC_autotest_web\testCase\a_035_zongxuqiujihua_liancai_016_biaoduanyewu_sta.py", line 37, in test_biaoduanYewu_01
    self.driver.find_element(By.LINK_TEXT, '确认添加').click()
  File "D:\python\lib\site-packages\selenium\webdriver\remote\webelement.py", line 80, in click
    self._execute(Command.CLICK_ELEMENT)
  File "D:\python\lib\site-packages\selenium\webdriver\remote\webelement.py", line 501, in _execute
    return self._parent.execute(command, params)
  File "D:\python\lib\site-packages\selenium\webdriver\remote\webdriver.py", line 308, in execute
    self.error_handler.check_response(response)
  File "D:\python\lib\site-packages\selenium\webdriver\remote\errorhandler.py", line 194, in check_response
    raise exception_class(message, screen, stacktrace)
selenium.common.exceptions.WebDriverException: Message: unknown error: Element &lt;a class="btn btn-primary" onclick="confirmAddPlan();"&gt;...&lt;/a&gt; is not clickable at point (726, 502). Other element would receive the click: &lt;div id="popup_overlay" style="position: absolute; z-index: 99998; top: 0px; left: 0px; width: 100%; height: 623px; background: rgb(0, 0, 0); opacity: 0.3;"&gt;&lt;/div&gt;
  (Session info: chrome=58.0.3029.96)
  (Driver info: chromedriver=2.31.488763 (092de99f48a300323ecf8c2a4e2e7cab51de5ba8),platform=Windows NT 10.0.15063 x86_64)


        </pre>
    </div>
    <!--css div popup end-->

    </td>
</tr>

<tr id='ft36.2' class='none'>
    <td class='errorCase'><div class='testcase'>test_biaoduanYewu_02: 测试搜索-名称搜索</div></td>
    <td colspan='5' align='center'>

    <!--css div popup start-->
    <a class="popup_link" onfocus='this.blur();' href="javascript:showTestDetail('div_ft36.2')" >
        错误</a>

    <div id='div_ft36.2' class="popup_window">
        <pre>
        ft36.2: Traceback (most recent call last):
  File "E:\TWOSC_autotest\TWOSC_autotest_web\testCase\a_035_zongxuqiujihua_liancai_016_biaoduanyewu_sta.py", line 58, in test_biaoduanYewu_02
    text = self.driver.find_element(By.CSS_SELECTOR, '#planningDetailsTable &gt; tbody &gt; tr:nth-child(1) &gt; td:nth-child(3) &gt; span').text
  File "D:\python\lib\site-packages\selenium\webdriver\remote\webdriver.py", line 843, in find_element
    'value': value})['value']
  File "D:\python\lib\site-packages\selenium\webdriver\remote\webdriver.py", line 308, in execute
    self.error_handler.check_response(response)
  File "D:\python\lib\site-packages\selenium\webdriver\remote\errorhandler.py", line 194, in check_response
    raise exception_class(message, screen, stacktrace)
selenium.common.exceptions.NoSuchElementException: Message: no such element: Unable to locate element: {"method":"css selector","selector":"#planningDetailsTable &gt; tbody &gt; tr:nth-child(1) &gt; td:nth-child(3) &gt; span"}
  (Session info: chrome=58.0.3029.96)
  (Driver info: chromedriver=2.31.488763 (092de99f48a300323ecf8c2a4e2e7cab51de5ba8),platform=Windows NT 10.0.15063 x86_64)


        </pre>
    </div>
    <!--css div popup end-->

    </td>
</tr>

<tr id='ft36.3' class='none'>
    <td class='errorCase'><div class='testcase'>test_biaoduanYewu_03: 测试搜素-规格搜素</div></td>
    <td colspan='5' align='center'>

    <!--css div popup start-->
    <a class="popup_link" onfocus='this.blur();' href="javascript:showTestDetail('div_ft36.3')" >
        错误</a>

    <div id='div_ft36.3' class="popup_window">
        <pre>
        ft36.3: Traceback (most recent call last):
  File "E:\TWOSC_autotest\TWOSC_autotest_web\testCase\a_035_zongxuqiujihua_liancai_016_biaoduanyewu_sta.py", line 76, in test_biaoduanYewu_03
    text = self.driver.find_element(By.CSS_SELECTOR, '#planningDetailsTable &gt; tbody &gt; tr:nth-child(1) &gt; td:nth-child(4)').text
  File "D:\python\lib\site-packages\selenium\webdriver\remote\webdriver.py", line 843, in find_element
    'value': value})['value']
  File "D:\python\lib\site-packages\selenium\webdriver\remote\webdriver.py", line 308, in execute
    self.error_handler.check_response(response)
  File "D:\python\lib\site-packages\selenium\webdriver\remote\errorhandler.py", line 194, in check_response
    raise exception_class(message, screen, stacktrace)
selenium.common.exceptions.NoSuchElementException: Message: no such element: Unable to locate element: {"method":"css selector","selector":"#planningDetailsTable &gt; tbody &gt; tr:nth-child(1) &gt; td:nth-child(4)"}
  (Session info: chrome=58.0.3029.96)
  (Driver info: chromedriver=2.31.488763 (092de99f48a300323ecf8c2a4e2e7cab51de5ba8),platform=Windows NT 10.0.15063 x86_64)


        </pre>
    </div>
    <!--css div popup end-->

    </td>
</tr>

<tr id='ft36.4' class='none'>
    <td class='errorCase'><div class='testcase'>test_biaoduanYewu_04: 测试选择页数</div></td>
    <td colspan='5' align='center'>

    <!--css div popup start-->
    <a class="popup_link" onfocus='this.blur();' href="javascript:showTestDetail('div_ft36.4')" >
        错误</a>

    <div id='div_ft36.4' class="popup_window">
        <pre>
        ft36.4: Traceback (most recent call last):
  File "E:\TWOSC_autotest\TWOSC_autotest_web\testCase\a_035_zongxuqiujihua_liancai_016_biaoduanyewu_sta.py", line 92, in test_biaoduanYewu_04
    self.driver.find_element(By.CSS_SELECTOR, 'body &gt; div.wrapper &gt; div:nth-child(5) &gt; div &gt; div &gt; div.box-body &gt; div:nth-child(8) &gt; div.fixed-table-container &gt; div.fixed-table-pagination '
  File "D:\python\lib\site-packages\selenium\webdriver\remote\webelement.py", line 80, in click
    self._execute(Command.CLICK_ELEMENT)
  File "D:\python\lib\site-packages\selenium\webdriver\remote\webelement.py", line 501, in _execute
    return self._parent.execute(command, params)
  File "D:\python\lib\site-packages\selenium\webdriver\remote\webdriver.py", line 308, in execute
    self.error_handler.check_response(response)
  File "D:\python\lib\site-packages\selenium\webdriver\remote\errorhandler.py", line 194, in check_response
    raise exception_class(message, screen, stacktrace)
selenium.common.exceptions.ElementNotVisibleException: Message: element not visible
  (Session info: chrome=58.0.3029.96)
  (Driver info: chromedriver=2.31.488763 (092de99f48a300323ecf8c2a4e2e7cab51de5ba8),platform=Windows NT 10.0.15063 x86_64)


        </pre>
    </div>
    <!--css div popup end-->

    </td>
</tr>

<tr id='ft36.5' class='none'>
    <td class='errorCase'><div class='testcase'>test_biaoduanYewu_05: 测试移除</div></td>
    <td colspan='5' align='center'>

    <!--css div popup start-->
    <a class="popup_link" onfocus='this.blur();' href="javascript:showTestDetail('div_ft36.5')" >
        错误</a>

    <div id='div_ft36.5' class="popup_window">
        <pre>
        ft36.5: Traceback (most recent call last):
  File "E:\TWOSC_autotest\TWOSC_autotest_web\testCase\a_035_zongxuqiujihua_liancai_016_biaoduanyewu_sta.py", line 115, in test_biaoduanYewu_05
    self.driver.find_element(By.CSS_SELECTOR, '#childContainerPlanTable &gt; tbody &gt; tr:nth-child(1) &gt; td:nth-child(7) &gt; a:nth-child(1)').click()
  File "D:\python\lib\site-packages\selenium\webdriver\remote\webdriver.py", line 843, in find_element
    'value': value})['value']
  File "D:\python\lib\site-packages\selenium\webdriver\remote\webdriver.py", line 308, in execute
    self.error_handler.check_response(response)
  File "D:\python\lib\site-packages\selenium\webdriver\remote\errorhandler.py", line 194, in check_response
    raise exception_class(message, screen, stacktrace)
selenium.common.exceptions.NoSuchElementException: Message: no such element: Unable to locate element: {"method":"css selector","selector":"#childContainerPlanTable &gt; tbody &gt; tr:nth-child(1) &gt; td:nth-child(7) &gt; a:nth-child(1)"}
  (Session info: chrome=58.0.3029.96)
  (Driver info: chromedriver=2.31.488763 (092de99f48a300323ecf8c2a4e2e7cab51de5ba8),platform=Windows NT 10.0.15063 x86_64)


        </pre>
    </div>
    <!--css div popup end-->

    </td>
</tr>

<tr id='ft36.6' class='none'>
    <td class='errorCase'><div class='testcase'>test_biaoduanYewu_06: 测试分工区汇总</div></td>
    <td colspan='5' align='center'>

    <!--css div popup start-->
    <a class="popup_link" onfocus='this.blur();' href="javascript:showTestDetail('div_ft36.6')" >
        错误</a>

    <div id='div_ft36.6' class="popup_window">
        <pre>
        ft36.6: Traceback (most recent call last):
  File "E:\TWOSC_autotest\TWOSC_autotest_web\testCase\a_035_zongxuqiujihua_liancai_016_biaoduanyewu_sta.py", line 146, in test_biaoduanYewu_06
    self.driver.find_element(By.LINK_TEXT, '确认添加').click()
  File "D:\python\lib\site-packages\selenium\webdriver\remote\webelement.py", line 80, in click
    self._execute(Command.CLICK_ELEMENT)
  File "D:\python\lib\site-packages\selenium\webdriver\remote\webelement.py", line 501, in _execute
    return self._parent.execute(command, params)
  File "D:\python\lib\site-packages\selenium\webdriver\remote\webdriver.py", line 308, in execute
    self.error_handler.check_response(response)
  File "D:\python\lib\site-packages\selenium\webdriver\remote\errorhandler.py", line 194, in check_response
    raise exception_class(message, screen, stacktrace)
selenium.common.exceptions.WebDriverException: Message: unknown error: Element &lt;a class="btn btn-primary" onclick="confirmAddPlan();"&gt;...&lt;/a&gt; is not clickable at point (726, 502). Other element would receive the click: &lt;div id="popup_overlay" style="position: absolute; z-index: 99998; top: 0px; left: 0px; width: 100%; height: 623px; background: rgb(0, 0, 0); opacity: 0.3;"&gt;&lt;/div&gt;
  (Session info: chrome=58.0.3029.96)
  (Driver info: chromedriver=2.31.488763 (092de99f48a300323ecf8c2a4e2e7cab51de5ba8),platform=Windows NT 10.0.15063 x86_64)


        </pre>
    </div>
    <!--css div popup end-->

    </td>
</tr>

<tr id='ft36.7' class='none'>
    <td class='failCase'><div class='testcase'>test_biaoduanYewu_07: 测试删除添加审批人员</div></td>
    <td colspan='5' align='center'>

    <!--css div popup start-->
    <a class="popup_link" onfocus='this.blur();' href="javascript:showTestDetail('div_ft36.7')" >
        失败</a>

    <div id='div_ft36.7' class="popup_window">
        <pre>
        ft36.7: Traceback (most recent call last):
  File "E:\TWOSC_autotest\TWOSC_autotest_web\testCase\a_035_zongxuqiujihua_liancai_016_biaoduanyewu_sta.py", line 222, in test_biaoduanYewu_07
    self.assertEqual(text, '标段物资部长    (当前)')
AssertionError: '标段业务人员    (当前)' != '标段物资部长    (当前)'
- 标段业务人员    (当前)
+ 标段物资部长    (当前)


        </pre>
    </div>
    <!--css div popup end-->

    </td>
</tr>

    <tr class='errorClass'>
        <td>a_036_zongxuqiujihua_liancai_017_shenpi_sta.biaoduanBuzhangTest: 测试汇总总需求计划-各层级审批</td>
        <td>4</td>
        <td>0</td>
        <td>0</td>
        <td>4</td>
        <td><a href="javascript:showClassDetail('c37',4)">详情</a></td>
    </tr>

<tr id='ft37.1' class='none'>
    <td class='errorCase'><div class='testcase'>test_01_biaoduanBuzhang: 标段物资部长审批</div></td>
    <td colspan='5' align='center'>

    <!--css div popup start-->
    <a class="popup_link" onfocus='this.blur();' href="javascript:showTestDetail('div_ft37.1')" >
        错误</a>

    <div id='div_ft37.1' class="popup_window">
        <pre>
        ft37.1: Traceback (most recent call last):
  File "E:\TWOSC_autotest\TWOSC_autotest_web\testCase\a_036_zongxuqiujihua_liancai_017_shenpi_sta.py", line 25, in test_01_biaoduanBuzhang
    self.driver.find_element(By.LINK_TEXT, 'MHTJ-23 总需求计划').click()  # 点击总需求计划
  File "D:\python\lib\site-packages\selenium\webdriver\remote\webdriver.py", line 843, in find_element
    'value': value})['value']
  File "D:\python\lib\site-packages\selenium\webdriver\remote\webdriver.py", line 308, in execute
    self.error_handler.check_response(response)
  File "D:\python\lib\site-packages\selenium\webdriver\remote\errorhandler.py", line 194, in check_response
    raise exception_class(message, screen, stacktrace)
selenium.common.exceptions.NoSuchElementException: Message: no such element: Unable to locate element: {"method":"link text","selector":"MHTJ-23 总需求计划"}
  (Session info: chrome=58.0.3029.96)
  (Driver info: chromedriver=2.31.488763 (092de99f48a300323ecf8c2a4e2e7cab51de5ba8),platform=Windows NT 10.0.15063 x86_64)


        </pre>
    </div>
    <!--css div popup end-->

    </td>
</tr>

<tr id='ft37.2' class='none'>
    <td class='errorCase'><div class='testcase'>test_02_fuwuJigou: 测试汇总总需求计划-服务机构审批</div></td>
    <td colspan='5' align='center'>

    <!--css div popup start-->
    <a class="popup_link" onfocus='this.blur();' href="javascript:showTestDetail('div_ft37.2')" >
        错误</a>

    <div id='div_ft37.2' class="popup_window">
        <pre>
        ft37.2: Traceback (most recent call last):
  File "E:\TWOSC_autotest\TWOSC_autotest_web\testCase\a_036_zongxuqiujihua_liancai_017_shenpi_sta.py", line 46, in test_02_fuwuJigou
    self.driver.find_element(By.LINK_TEXT, 'MHTJ-23 总需求计划').click()  # 点击总需求计划
  File "D:\python\lib\site-packages\selenium\webdriver\remote\webdriver.py", line 843, in find_element
    'value': value})['value']
  File "D:\python\lib\site-packages\selenium\webdriver\remote\webdriver.py", line 308, in execute
    self.error_handler.check_response(response)
  File "D:\python\lib\site-packages\selenium\webdriver\remote\errorhandler.py", line 194, in check_response
    raise exception_class(message, screen, stacktrace)
selenium.common.exceptions.NoSuchElementException: Message: no such element: Unable to locate element: {"method":"link text","selector":"MHTJ-23 总需求计划"}
  (Session info: chrome=58.0.3029.96)
  (Driver info: chromedriver=2.31.488763 (092de99f48a300323ecf8c2a4e2e7cab51de5ba8),platform=Windows NT 10.0.15063 x86_64)


        </pre>
    </div>
    <!--css div popup end-->

    </td>
</tr>

<tr id='ft37.3' class='none'>
    <td class='errorCase'><div class='testcase'>test_03_zhihuibuYewu: 测试汇总总需求计划-指挥部业务人员-审批</div></td>
    <td colspan='5' align='center'>

    <!--css div popup start-->
    <a class="popup_link" onfocus='this.blur();' href="javascript:showTestDetail('div_ft37.3')" >
        错误</a>

    <div id='div_ft37.3' class="popup_window">
        <pre>
        ft37.3: Traceback (most recent call last):
  File "E:\TWOSC_autotest\TWOSC_autotest_web\testCase\a_036_zongxuqiujihua_liancai_017_shenpi_sta.py", line 67, in test_03_zhihuibuYewu
    self.driver.find_element(By.LINK_TEXT, 'MHTJ-23 总需求计划').click()  # 点击总需求计划
  File "D:\python\lib\site-packages\selenium\webdriver\remote\webdriver.py", line 843, in find_element
    'value': value})['value']
  File "D:\python\lib\site-packages\selenium\webdriver\remote\webdriver.py", line 308, in execute
    self.error_handler.check_response(response)
  File "D:\python\lib\site-packages\selenium\webdriver\remote\errorhandler.py", line 194, in check_response
    raise exception_class(message, screen, stacktrace)
selenium.common.exceptions.NoSuchElementException: Message: no such element: Unable to locate element: {"method":"link text","selector":"MHTJ-23 总需求计划"}
  (Session info: chrome=58.0.3029.96)
  (Driver info: chromedriver=2.31.488763 (092de99f48a300323ecf8c2a4e2e7cab51de5ba8),platform=Windows NT 10.0.15063 x86_64)


        </pre>
    </div>
    <!--css div popup end-->

    </td>
</tr>

<tr id='ft37.4' class='none'>
    <td class='errorCase'><div class='testcase'>test_04_wuzishebeiBu: 测试汇总总需求计划-审批-物资设备部</div></td>
    <td colspan='5' align='center'>

    <!--css div popup start-->
    <a class="popup_link" onfocus='this.blur();' href="javascript:showTestDetail('div_ft37.4')" >
        错误</a>

    <div id='div_ft37.4' class="popup_window">
        <pre>
        ft37.4: Traceback (most recent call last):
  File "E:\TWOSC_autotest\TWOSC_autotest_web\testCase\a_036_zongxuqiujihua_liancai_017_shenpi_sta.py", line 88, in test_04_wuzishebeiBu
    self.driver.find_element(By.LINK_TEXT, 'MHTJ-23 总需求计划').click()  # 点击总需求计划
  File "D:\python\lib\site-packages\selenium\webdriver\remote\webdriver.py", line 843, in find_element
    'value': value})['value']
  File "D:\python\lib\site-packages\selenium\webdriver\remote\webdriver.py", line 308, in execute
    self.error_handler.check_response(response)
  File "D:\python\lib\site-packages\selenium\webdriver\remote\errorhandler.py", line 194, in check_response
    raise exception_class(message, screen, stacktrace)
selenium.common.exceptions.NoSuchElementException: Message: no such element: Unable to locate element: {"method":"link text","selector":"MHTJ-23 总需求计划"}
  (Session info: chrome=58.0.3029.96)
  (Driver info: chromedriver=2.31.488763 (092de99f48a300323ecf8c2a4e2e7cab51de5ba8),platform=Windows NT 10.0.15063 x86_64)


        </pre>
    </div>
    <!--css div popup end-->

    </td>
</tr>

    <tr class='failClass'>
        <td>a_037_picizhaobiao_jiagong_001_gongquYewu_sta.piciZhaobiaoTest: 工区业务人员-我的办公室-批次招标采购需求计划-甲供</td>
        <td>7</td>
        <td>5</td>
        <td>2</td>
        <td>0</td>
        <td><a href="javascript:showClassDetail('c38',7)">详情</a></td>
    </tr>

<tr id='ft38.1' class='none'>
    <td class='failCase'><div class='testcase'>test_piciZhaobiao_01: 采购计划编号搜索测试</div></td>
    <td colspan='5' align='center'>

    <!--css div popup start-->
    <a class="popup_link" onfocus='this.blur();' href="javascript:showTestDetail('div_ft38.1')" >
        失败</a>

    <div id='div_ft38.1' class="popup_window">
        <pre>
        ft38.1: Traceback (most recent call last):
  File "E:\TWOSC_autotest\TWOSC_autotest_web\testCase\a_037_picizhaobiao_jiagong_001_gongquYewu_sta.py", line 26, in test_piciZhaobiao_01
    self.assertEqual(text, 'MHWZCG2017-0263')
AssertionError: 'MHWZCG2017-0284' != 'MHWZCG2017-0263'
- MHWZCG2017-0284
?              ^^
+ MHWZCG2017-0263
?              ^^


        </pre>
    </div>
    <!--css div popup end-->

    </td>
</tr>

<tr id='ft38.2' class='none'>
    <td class='failCase'><div class='testcase'>test_piciZhaobiao_02: 采购计划审批状态搜索-全部状态</div></td>
    <td colspan='5' align='center'>

    <!--css div popup start-->
    <a class="popup_link" onfocus='this.blur();' href="javascript:showTestDetail('div_ft38.2')" >
        失败</a>

    <div id='div_ft38.2' class="popup_window">
        <pre>
        ft38.2: Traceback (most recent call last):
  File "E:\TWOSC_autotest\TWOSC_autotest_web\testCase\a_037_picizhaobiao_jiagong_001_gongquYewu_sta.py", line 44, in test_piciZhaobiao_02
    self.assertEqual(text, '显示第 1 到第 9 条记录，总共 9 条记录')
AssertionError: '显示第 1 到第 10 条记录，总共 10 条记录' != '显示第 1 到第 9 条记录，总共 9 条记录'
- 显示第 1 到第 10 条记录，总共 10 条记录
?          ^^        ^^
+ 显示第 1 到第 9 条记录，总共 9 条记录
?          ^        ^


        </pre>
    </div>
    <!--css div popup end-->

    </td>
</tr>

<tr id='pt38.3' class='hiddenRow'>
    <td class='none'><div class='testcase'>test_piciZhaobiao_03: 采购计划审批状态搜索-编制中</div></td>
    <td colspan='5' align='center'>通过</td>
</tr>

<tr id='pt38.4' class='hiddenRow'>
    <td class='none'><div class='testcase'>test_piciZhaobiao_04: 采购计划审批状态搜索-审核中</div></td>
    <td colspan='5' align='center'>通过</td>
</tr>

<tr id='pt38.5' class='hiddenRow'>
    <td class='none'><div class='testcase'>test_piciZhaobiao_05: 采购计划审批状态搜索-已通过</div></td>
    <td colspan='5' align='center'>通过</td>
</tr>

<tr id='pt38.6' class='hiddenRow'>
    <td class='none'><div class='testcase'>test_piciZhaobiao_06: 采购计划审批状态搜索-等待上级审批</div></td>
    <td colspan='5' align='center'>通过</td>
</tr>

<tr id='pt38.7' class='hiddenRow'>
    <td class='none'><div class='testcase'>test_piciZhaobiao_07: 批次招标页面-导出</div></td>
    <td colspan='5' align='center'>通过</td>
</tr>

    <tr class='passClass'>
        <td>a_038_picizhaobiao_jiagong_002_delet_sta.delet_xuqiujihua: 删除甲供批次招标计划</td>
        <td>1</td>
        <td>1</td>
        <td>0</td>
        <td>0</td>
        <td><a href="javascript:showClassDetail('c39',1)">详情</a></td>
    </tr>

<tr id='pt39.1' class='hiddenRow'>
    <td class='none'><div class='testcase'>test_a_shanchuxuqiujihua</div></td>
    <td colspan='5' align='center'>

    <!--css div popup start-->
    <a class="popup_link" onfocus='this.blur();' href="javascript:showTestDetail('div_pt39.1')" >
        通过</a>

    <div id='div_pt39.1' class="popup_window">
        <pre>
        pt39.1: 91398388842000

        </pre>
    </div>
    <!--css div popup end-->

    </td>
</tr>

    <tr class='errorClass'>
        <td>a_038_picizhaobiao_jiagong_002_gongquYewu_sta.piciZhaobiaoTest: 测试甲供批次招标-工区业务人员</td>
        <td>8</td>
        <td>2</td>
        <td>1</td>
        <td>5</td>
        <td><a href="javascript:showClassDetail('c40',8)">详情</a></td>
    </tr>

<tr id='pt40.1' class='hiddenRow'>
    <td class='none'><div class='testcase'>test_piciZhaobiao_01: 创建甲供批次招标</div></td>
    <td colspan='5' align='center'>通过</td>
</tr>

<tr id='ft40.2' class='none'>
    <td class='errorCase'><div class='testcase'>test_piciZhaobiao_02: 测试添加物资页面-搜索-名称搜索</div></td>
    <td colspan='5' align='center'>

    <!--css div popup start-->
    <a class="popup_link" onfocus='this.blur();' href="javascript:showTestDetail('div_ft40.2')" >
        错误</a>

    <div id='div_ft40.2' class="popup_window">
        <pre>
        ft40.2: Traceback (most recent call last):
  File "E:\TWOSC_autotest\TWOSC_autotest_web\testCase\a_038_picizhaobiao_jiagong_002_gongquYewu_sta.py", line 49, in test_piciZhaobiao_02
    text = self.driver.find_element(By.CSS_SELECTOR, '#chooseGoodsTable &gt; tbody &gt; tr &gt; td:nth-child(3)').text
  File "D:\python\lib\site-packages\selenium\webdriver\remote\webdriver.py", line 843, in find_element
    'value': value})['value']
  File "D:\python\lib\site-packages\selenium\webdriver\remote\webdriver.py", line 308, in execute
    self.error_handler.check_response(response)
  File "D:\python\lib\site-packages\selenium\webdriver\remote\errorhandler.py", line 194, in check_response
    raise exception_class(message, screen, stacktrace)
selenium.common.exceptions.NoSuchElementException: Message: no such element: Unable to locate element: {"method":"css selector","selector":"#chooseGoodsTable &gt; tbody &gt; tr &gt; td:nth-child(3)"}
  (Session info: chrome=58.0.3029.96)
  (Driver info: chromedriver=2.31.488763 (092de99f48a300323ecf8c2a4e2e7cab51de5ba8),platform=Windows NT 10.0.15063 x86_64)


        </pre>
    </div>
    <!--css div popup end-->

    </td>
</tr>

<tr id='ft40.3' class='none'>
    <td class='errorCase'><div class='testcase'>test_piciZhaobiao_03: 测试添加物资页面-搜索-规格型号搜索</div></td>
    <td colspan='5' align='center'>

    <!--css div popup start-->
    <a class="popup_link" onfocus='this.blur();' href="javascript:showTestDetail('div_ft40.3')" >
        错误</a>

    <div id='div_ft40.3' class="popup_window">
        <pre>
        ft40.3: Traceback (most recent call last):
  File "E:\TWOSC_autotest\TWOSC_autotest_web\testCase\a_038_picizhaobiao_jiagong_002_gongquYewu_sta.py", line 73, in test_piciZhaobiao_03
    text = self.driver.find_element(By.CSS_SELECTOR, '#chooseGoodsTable &gt; tbody &gt; tr:nth-child(1) &gt; td:nth-child(5)').text
  File "D:\python\lib\site-packages\selenium\webdriver\remote\webdriver.py", line 843, in find_element
    'value': value})['value']
  File "D:\python\lib\site-packages\selenium\webdriver\remote\webdriver.py", line 308, in execute
    self.error_handler.check_response(response)
  File "D:\python\lib\site-packages\selenium\webdriver\remote\errorhandler.py", line 194, in check_response
    raise exception_class(message, screen, stacktrace)
selenium.common.exceptions.NoSuchElementException: Message: no such element: Unable to locate element: {"method":"css selector","selector":"#chooseGoodsTable &gt; tbody &gt; tr:nth-child(1) &gt; td:nth-child(5)"}
  (Session info: chrome=58.0.3029.96)
  (Driver info: chromedriver=2.31.488763 (092de99f48a300323ecf8c2a4e2e7cab51de5ba8),platform=Windows NT 10.0.15063 x86_64)


        </pre>
    </div>
    <!--css div popup end-->

    </td>
</tr>

<tr id='pt40.4' class='hiddenRow'>
    <td class='none'><div class='testcase'>test_piciZhaobiao_04: 测试添加物资页面-添加到备选单，删除备选单</div></td>
    <td colspan='5' align='center'>通过</td>
</tr>

<tr id='ft40.5' class='none'>
    <td class='errorCase'><div class='testcase'>test_piciZhaobiao_05: 添加物资到批次招标计划</div></td>
    <td colspan='5' align='center'>

    <!--css div popup start-->
    <a class="popup_link" onfocus='this.blur();' href="javascript:showTestDetail('div_ft40.5')" >
        错误</a>

    <div id='div_ft40.5' class="popup_window">
        <pre>
        ft40.5: Traceback (most recent call last):
  File "E:\TWOSC_autotest\TWOSC_autotest_web\testCase\a_038_picizhaobiao_jiagong_002_gongquYewu_sta.py", line 122, in test_piciZhaobiao_05
    self.driver.find_element(By.LINK_TEXT, '确认添加').click()
  File "D:\python\lib\site-packages\selenium\webdriver\remote\webelement.py", line 80, in click
    self._execute(Command.CLICK_ELEMENT)
  File "D:\python\lib\site-packages\selenium\webdriver\remote\webelement.py", line 501, in _execute
    return self._parent.execute(command, params)
  File "D:\python\lib\site-packages\selenium\webdriver\remote\webdriver.py", line 308, in execute
    self.error_handler.check_response(response)
  File "D:\python\lib\site-packages\selenium\webdriver\remote\errorhandler.py", line 194, in check_response
    raise exception_class(message, screen, stacktrace)
selenium.common.exceptions.WebDriverException: Message: unknown error: Element &lt;a class="btn btn-primary" onclick="confirmAddMaterial();"&gt;...&lt;/a&gt; is not clickable at point (832, 499). Other element would receive the click: &lt;div id="popup_overlay" style="position: absolute; z-index: 99998; top: 0px; left: 0px; width: 100%; height: 835px; background: rgb(0, 0, 0); opacity: 0.3;"&gt;&lt;/div&gt;
  (Session info: chrome=58.0.3029.96)
  (Driver info: chromedriver=2.31.488763 (092de99f48a300323ecf8c2a4e2e7cab51de5ba8),platform=Windows NT 10.0.15063 x86_64)


        </pre>
    </div>
    <!--css div popup end-->

    </td>
</tr>

<tr id='ft40.6' class='none'>
    <td class='errorCase'><div class='testcase'>test_picizhaobiao_06: 批次招标页面-修改参数</div></td>
    <td colspan='5' align='center'>

    <!--css div popup start-->
    <a class="popup_link" onfocus='this.blur();' href="javascript:showTestDetail('div_ft40.6')" >
        错误</a>

    <div id='div_ft40.6' class="popup_window">
        <pre>
        ft40.6: Traceback (most recent call last):
  File "E:\TWOSC_autotest\TWOSC_autotest_web\testCase\a_038_picizhaobiao_jiagong_002_gongquYewu_sta.py", line 142, in test_picizhaobiao_06
    self.driver.find_element(By.CSS_SELECTOR, '#goodsPlanDetails &gt; tbody &gt; tr:nth-child(1) &gt; td:nth-child(13) &gt; a').click()
  File "D:\python\lib\site-packages\selenium\webdriver\remote\webdriver.py", line 843, in find_element
    'value': value})['value']
  File "D:\python\lib\site-packages\selenium\webdriver\remote\webdriver.py", line 308, in execute
    self.error_handler.check_response(response)
  File "D:\python\lib\site-packages\selenium\webdriver\remote\errorhandler.py", line 194, in check_response
    raise exception_class(message, screen, stacktrace)
selenium.common.exceptions.NoSuchElementException: Message: no such element: Unable to locate element: {"method":"css selector","selector":"#goodsPlanDetails &gt; tbody &gt; tr:nth-child(1) &gt; td:nth-child(13) &gt; a"}
  (Session info: chrome=58.0.3029.96)
  (Driver info: chromedriver=2.31.488763 (092de99f48a300323ecf8c2a4e2e7cab51de5ba8),platform=Windows NT 10.0.15063 x86_64)


        </pre>
    </div>
    <!--css div popup end-->

    </td>
</tr>

<tr id='ft40.7' class='none'>
    <td class='errorCase'><div class='testcase'>test_picizhaobiao_07: 批次招标页-批量编辑</div></td>
    <td colspan='5' align='center'>

    <!--css div popup start-->
    <a class="popup_link" onfocus='this.blur();' href="javascript:showTestDetail('div_ft40.7')" >
        错误</a>

    <div id='div_ft40.7' class="popup_window">
        <pre>
        ft40.7: Traceback (most recent call last):
  File "E:\TWOSC_autotest\TWOSC_autotest_web\testCase\a_038_picizhaobiao_jiagong_002_gongquYewu_sta.py", line 191, in test_picizhaobiao_07
    self.driver.find_element(By.CSS_SELECTOR, '#receiptUnitName').clear()
  File "D:\python\lib\site-packages\selenium\webdriver\remote\webdriver.py", line 843, in find_element
    'value': value})['value']
  File "D:\python\lib\site-packages\selenium\webdriver\remote\webdriver.py", line 308, in execute
    self.error_handler.check_response(response)
  File "D:\python\lib\site-packages\selenium\webdriver\remote\errorhandler.py", line 194, in check_response
    raise exception_class(message, screen, stacktrace)
selenium.common.exceptions.NoSuchElementException: Message: no such element: Unable to locate element: {"method":"css selector","selector":"#receiptUnitName"}
  (Session info: chrome=58.0.3029.96)
  (Driver info: chromedriver=2.31.488763 (092de99f48a300323ecf8c2a4e2e7cab51de5ba8),platform=Windows NT 10.0.15063 x86_64)


        </pre>
    </div>
    <!--css div popup end-->

    </td>
</tr>

<tr id='ft40.8' class='none'>
    <td class='failCase'><div class='testcase'>test_picizhaobiao_08: 批次招标页-添加删除审批人员</div></td>
    <td colspan='5' align='center'>

    <!--css div popup start-->
    <a class="popup_link" onfocus='this.blur();' href="javascript:showTestDetail('div_ft40.8')" >
        失败</a>

    <div id='div_ft40.8' class="popup_window">
        <pre>
        ft40.8: Traceback (most recent call last):
  File "E:\TWOSC_autotest\TWOSC_autotest_web\testCase\a_038_picizhaobiao_jiagong_002_gongquYewu_sta.py", line 265, in test_picizhaobiao_08
    self.assertEqual(text, '监理单位    (当前)')
AssertionError: '工区业务人员    (当前)' != '监理单位    (当前)'
- 工区业务人员    (当前)
+ 监理单位    (当前)


        </pre>
    </div>
    <!--css div popup end-->

    </td>
</tr>

    <tr class='errorClass'>
        <td>a_039_picizhaobiao_jiagong_003_shenpi_sta.jianliDanweiTest: 测试批次招标-监理单位审批</td>
        <td>1</td>
        <td>0</td>
        <td>0</td>
        <td>1</td>
        <td><a href="javascript:showClassDetail('c41',1)">详情</a></td>
    </tr>

<tr id='ft41.1' class='none'>
    <td class='errorCase'><div class='testcase'>test_piciZhaobiao_01: 审批驳回</div></td>
    <td colspan='5' align='center'>

    <!--css div popup start-->
    <a class="popup_link" onfocus='this.blur();' href="javascript:showTestDetail('div_ft41.1')" >
        错误</a>

    <div id='div_ft41.1' class="popup_window">
        <pre>
        ft41.1: Traceback (most recent call last):
  File "E:\TWOSC_autotest\TWOSC_autotest_web\testCase\a_039_picizhaobiao_jiagong_003_shenpi_sta.py", line 23, in test_piciZhaobiao_01
    self.driver.find_element(By.LINK_TEXT, 'MHTJ-23标一工区 批次招标采购计划').click()
  File "D:\python\lib\site-packages\selenium\webdriver\remote\webdriver.py", line 843, in find_element
    'value': value})['value']
  File "D:\python\lib\site-packages\selenium\webdriver\remote\webdriver.py", line 308, in execute
    self.error_handler.check_response(response)
  File "D:\python\lib\site-packages\selenium\webdriver\remote\errorhandler.py", line 194, in check_response
    raise exception_class(message, screen, stacktrace)
selenium.common.exceptions.NoSuchElementException: Message: no such element: Unable to locate element: {"method":"link text","selector":"MHTJ-23标一工区 批次招标采购计划"}
  (Session info: chrome=58.0.3029.96)
  (Driver info: chromedriver=2.31.488763 (092de99f48a300323ecf8c2a4e2e7cab51de5ba8),platform=Windows NT 10.0.15063 x86_64)


        </pre>
    </div>
    <!--css div popup end-->

    </td>
</tr>

    <tr class='failClass'>
        <td>a_040_picizhaobiao_jiagong_004_gongquyewu_sta.gongquYewuTest: 测试批次招标-重新提交被驳回招标计划</td>
        <td>1</td>
        <td>0</td>
        <td>1</td>
        <td>0</td>
        <td><a href="javascript:showClassDetail('c42',1)">详情</a></td>
    </tr>

<tr id='ft42.1' class='none'>
    <td class='failCase'><div class='testcase'>test_piciZhaobiao: 测试提交</div></td>
    <td colspan='5' align='center'>

    <!--css div popup start-->
    <a class="popup_link" onfocus='this.blur();' href="javascript:showTestDetail('div_ft42.1')" >
        失败</a>

    <div id='div_ft42.1' class="popup_window">
        <pre>
        ft42.1: Traceback (most recent call last):
  File "E:\TWOSC_autotest\TWOSC_autotest_web\testCase\a_040_picizhaobiao_jiagong_004_gongquyewu_sta.py", line 31, in test_piciZhaobiao
    self.assertEqual(text, '监理单位    (当前)')
AssertionError: '工区业务人员    (当前)' != '监理单位    (当前)'
- 工区业务人员    (当前)
+ 监理单位    (当前)


        </pre>
    </div>
    <!--css div popup end-->

    </td>
</tr>

    <tr class='errorClass'>
        <td>a_041_picizhaobiao_jiagong_005_shenpi_sta.jianliDanweiTest: 测试批次招标-审批</td>
        <td>2</td>
        <td>0</td>
        <td>0</td>
        <td>2</td>
        <td><a href="javascript:showClassDetail('c43',2)">详情</a></td>
    </tr>

<tr id='ft43.1' class='none'>
    <td class='errorCase'><div class='testcase'>test_piciZhaobiao_01: 监理单位审批通过</div></td>
    <td colspan='5' align='center'>

    <!--css div popup start-->
    <a class="popup_link" onfocus='this.blur();' href="javascript:showTestDetail('div_ft43.1')" >
        错误</a>

    <div id='div_ft43.1' class="popup_window">
        <pre>
        ft43.1: Traceback (most recent call last):
  File "E:\TWOSC_autotest\TWOSC_autotest_web\testCase\a_041_picizhaobiao_jiagong_005_shenpi_sta.py", line 24, in test_piciZhaobiao_01
    self.driver.find_element(By.LINK_TEXT, 'MHTJ-23标一工区 批次招标采购计划').click()
  File "D:\python\lib\site-packages\selenium\webdriver\remote\webdriver.py", line 843, in find_element
    'value': value})['value']
  File "D:\python\lib\site-packages\selenium\webdriver\remote\webdriver.py", line 308, in execute
    self.error_handler.check_response(response)
  File "D:\python\lib\site-packages\selenium\webdriver\remote\errorhandler.py", line 194, in check_response
    raise exception_class(message, screen, stacktrace)
selenium.common.exceptions.NoSuchElementException: Message: no such element: Unable to locate element: {"method":"link text","selector":"MHTJ-23标一工区 批次招标采购计划"}
  (Session info: chrome=58.0.3029.96)
  (Driver info: chromedriver=2.31.488763 (092de99f48a300323ecf8c2a4e2e7cab51de5ba8),platform=Windows NT 10.0.15063 x86_64)


        </pre>
    </div>
    <!--css div popup end-->

    </td>
</tr>

<tr id='ft43.2' class='none'>
    <td class='errorCase'><div class='testcase'>test_piciZhaobiao_02: 标段物资部长审批通过</div></td>
    <td colspan='5' align='center'>

    <!--css div popup start-->
    <a class="popup_link" onfocus='this.blur();' href="javascript:showTestDetail('div_ft43.2')" >
        错误</a>

    <div id='div_ft43.2' class="popup_window">
        <pre>
        ft43.2: Traceback (most recent call last):
  File "E:\TWOSC_autotest\TWOSC_autotest_web\testCase\a_041_picizhaobiao_jiagong_005_shenpi_sta.py", line 44, in test_piciZhaobiao_02
    self.driver.find_element(By.LINK_TEXT, 'MHTJ-23标一工区 批次招标采购计划').click()
  File "D:\python\lib\site-packages\selenium\webdriver\remote\webdriver.py", line 843, in find_element
    'value': value})['value']
  File "D:\python\lib\site-packages\selenium\webdriver\remote\webdriver.py", line 308, in execute
    self.error_handler.check_response(response)
  File "D:\python\lib\site-packages\selenium\webdriver\remote\errorhandler.py", line 194, in check_response
    raise exception_class(message, screen, stacktrace)
selenium.common.exceptions.NoSuchElementException: Message: no such element: Unable to locate element: {"method":"link text","selector":"MHTJ-23标一工区 批次招标采购计划"}
  (Session info: chrome=58.0.3029.96)
  (Driver info: chromedriver=2.31.488763 (092de99f48a300323ecf8c2a4e2e7cab51de5ba8),platform=Windows NT 10.0.15063 x86_64)


        </pre>
    </div>
    <!--css div popup end-->

    </td>
</tr>

    <tr class='errorClass'>
        <td>a_042_picizhaobiao_liancai_001_gongquYewu_sta.piciZhaobiaoTest: 工区业务人员-我的办公室-批次招标采购需求计划-联采</td>
        <td>7</td>
        <td>5</td>
        <td>1</td>
        <td>1</td>
        <td><a href="javascript:showClassDetail('c44',7)">详情</a></td>
    </tr>

<tr id='pt44.1' class='hiddenRow'>
    <td class='none'><div class='testcase'>test_piciZhaobiao_01: 采购计划编号搜索测试</div></td>
    <td colspan='5' align='center'>通过</td>
</tr>

<tr id='ft44.2' class='none'>
    <td class='failCase'><div class='testcase'>test_piciZhaobiao_02: 采购计划审批状态搜索-全部状态</div></td>
    <td colspan='5' align='center'>

    <!--css div popup start-->
    <a class="popup_link" onfocus='this.blur();' href="javascript:showTestDetail('div_ft44.2')" >
        失败</a>

    <div id='div_ft44.2' class="popup_window">
        <pre>
        ft44.2: Traceback (most recent call last):
  File "E:\TWOSC_autotest\TWOSC_autotest_web\testCase\a_042_picizhaobiao_liancai_001_gongquYewu_sta.py", line 48, in test_piciZhaobiao_02
    self.assertEqual(text, '显示第 1 到第 5 条记录，总共 5 条记录')
AssertionError: '显示第 1 到第 7 条记录，总共 7 条记录' != '显示第 1 到第 5 条记录，总共 5 条记录'
- 显示第 1 到第 7 条记录，总共 7 条记录
?          ^        ^
+ 显示第 1 到第 5 条记录，总共 5 条记录
?          ^        ^


        </pre>
    </div>
    <!--css div popup end-->

    </td>
</tr>

<tr id='pt44.3' class='hiddenRow'>
    <td class='none'><div class='testcase'>test_piciZhaobiao_03: 采购计划审批状态搜索-编制中</div></td>
    <td colspan='5' align='center'>通过</td>
</tr>

<tr id='ft44.4' class='none'>
    <td class='errorCase'><div class='testcase'>test_piciZhaobiao_04: 采购计划审批状态搜索-审核中</div></td>
    <td colspan='5' align='center'>

    <!--css div popup start-->
    <a class="popup_link" onfocus='this.blur();' href="javascript:showTestDetail('div_ft44.4')" >
        错误</a>

    <div id='div_ft44.4' class="popup_window">
        <pre>
        ft44.4: Traceback (most recent call last):
  File "E:\TWOSC_autotest\TWOSC_autotest_web\testCase\a_042_picizhaobiao_liancai_001_gongquYewu_sta.py", line 87, in test_piciZhaobiao_04
    text = self.driver.find_element(By.CSS_SELECTOR, '#procurementPlanCollect &gt; tbody &gt; tr &gt; td:nth-child(7)').text
  File "D:\python\lib\site-packages\selenium\webdriver\remote\webdriver.py", line 843, in find_element
    'value': value})['value']
  File "D:\python\lib\site-packages\selenium\webdriver\remote\webdriver.py", line 308, in execute
    self.error_handler.check_response(response)
  File "D:\python\lib\site-packages\selenium\webdriver\remote\errorhandler.py", line 194, in check_response
    raise exception_class(message, screen, stacktrace)
selenium.common.exceptions.NoSuchElementException: Message: no such element: Unable to locate element: {"method":"css selector","selector":"#procurementPlanCollect &gt; tbody &gt; tr &gt; td:nth-child(7)"}
  (Session info: chrome=58.0.3029.96)
  (Driver info: chromedriver=2.31.488763 (092de99f48a300323ecf8c2a4e2e7cab51de5ba8),platform=Windows NT 10.0.15063 x86_64)


        </pre>
    </div>
    <!--css div popup end-->

    </td>
</tr>

<tr id='pt44.5' class='hiddenRow'>
    <td class='none'><div class='testcase'>test_piciZhaobiao_05: 采购计划审批状态搜索-已通过</div></td>
    <td colspan='5' align='center'>通过</td>
</tr>

<tr id='pt44.6' class='hiddenRow'>
    <td class='none'><div class='testcase'>test_piciZhaobiao_06: 采购计划审批状态搜索-等待上级审批</div></td>
    <td colspan='5' align='center'>通过</td>
</tr>

<tr id='pt44.7' class='hiddenRow'>
    <td class='none'><div class='testcase'>test_piciZhaobiao_07: 批次招标页面-导出</div></td>
    <td colspan='5' align='center'>通过</td>
</tr>

    <tr class='passClass'>
        <td>a_043_picizhaobiao_liancai_002_delet_sta.delet_xuqiujihua: 删除联采批次招标计划</td>
        <td>1</td>
        <td>1</td>
        <td>0</td>
        <td>0</td>
        <td><a href="javascript:showClassDetail('c45',1)">详情</a></td>
    </tr>

<tr id='pt45.1' class='hiddenRow'>
    <td class='none'><div class='testcase'>test_a_shanchuxuqiujihua</div></td>
    <td colspan='5' align='center'>

    <!--css div popup start-->
    <a class="popup_link" onfocus='this.blur();' href="javascript:showTestDetail('div_pt45.1')" >
        通过</a>

    <div id='div_pt45.1' class="popup_window">
        <pre>
        pt45.1: 91398819715000

        </pre>
    </div>
    <!--css div popup end-->

    </td>
</tr>

    <tr class='errorClass'>
        <td>a_043_picizhaobiao_liancai_002_gongquYewu_sta.piciZhaobiaoTest: 测试联采批次招标-工区业务人员</td>
        <td>8</td>
        <td>2</td>
        <td>1</td>
        <td>5</td>
        <td><a href="javascript:showClassDetail('c46',8)">详情</a></td>
    </tr>

<tr id='pt46.1' class='hiddenRow'>
    <td class='none'><div class='testcase'>test_piciZhaobiao_01: 创建联采批次招标</div></td>
    <td colspan='5' align='center'>通过</td>
</tr>

<tr id='ft46.2' class='none'>
    <td class='errorCase'><div class='testcase'>test_piciZhaobiao_02: 测试添加物资页面-搜索-名称搜索</div></td>
    <td colspan='5' align='center'>

    <!--css div popup start-->
    <a class="popup_link" onfocus='this.blur();' href="javascript:showTestDetail('div_ft46.2')" >
        错误</a>

    <div id='div_ft46.2' class="popup_window">
        <pre>
        ft46.2: Traceback (most recent call last):
  File "E:\TWOSC_autotest\TWOSC_autotest_web\testCase\a_043_picizhaobiao_liancai_002_gongquYewu_sta.py", line 53, in test_piciZhaobiao_02
    text = self.driver.find_element(By.CSS_SELECTOR, '#chooseGoodsTable &gt; tbody &gt; tr &gt; td:nth-child(3)').text
  File "D:\python\lib\site-packages\selenium\webdriver\remote\webdriver.py", line 843, in find_element
    'value': value})['value']
  File "D:\python\lib\site-packages\selenium\webdriver\remote\webdriver.py", line 308, in execute
    self.error_handler.check_response(response)
  File "D:\python\lib\site-packages\selenium\webdriver\remote\errorhandler.py", line 194, in check_response
    raise exception_class(message, screen, stacktrace)
selenium.common.exceptions.NoSuchElementException: Message: no such element: Unable to locate element: {"method":"css selector","selector":"#chooseGoodsTable &gt; tbody &gt; tr &gt; td:nth-child(3)"}
  (Session info: chrome=58.0.3029.96)
  (Driver info: chromedriver=2.31.488763 (092de99f48a300323ecf8c2a4e2e7cab51de5ba8),platform=Windows NT 10.0.15063 x86_64)


        </pre>
    </div>
    <!--css div popup end-->

    </td>
</tr>

<tr id='ft46.3' class='none'>
    <td class='errorCase'><div class='testcase'>test_piciZhaobiao_03: 测试添加物资页面-搜索-规格型号搜索</div></td>
    <td colspan='5' align='center'>

    <!--css div popup start-->
    <a class="popup_link" onfocus='this.blur();' href="javascript:showTestDetail('div_ft46.3')" >
        错误</a>

    <div id='div_ft46.3' class="popup_window">
        <pre>
        ft46.3: Traceback (most recent call last):
  File "E:\TWOSC_autotest\TWOSC_autotest_web\testCase\a_043_picizhaobiao_liancai_002_gongquYewu_sta.py", line 79, in test_piciZhaobiao_03
    text = self.driver.find_element(By.CSS_SELECTOR, '#chooseGoodsTable &gt; tbody &gt; tr:nth-child(1) &gt; td:nth-child(5)').text
  File "D:\python\lib\site-packages\selenium\webdriver\remote\webdriver.py", line 843, in find_element
    'value': value})['value']
  File "D:\python\lib\site-packages\selenium\webdriver\remote\webdriver.py", line 308, in execute
    self.error_handler.check_response(response)
  File "D:\python\lib\site-packages\selenium\webdriver\remote\errorhandler.py", line 194, in check_response
    raise exception_class(message, screen, stacktrace)
selenium.common.exceptions.NoSuchElementException: Message: no such element: Unable to locate element: {"method":"css selector","selector":"#chooseGoodsTable &gt; tbody &gt; tr:nth-child(1) &gt; td:nth-child(5)"}
  (Session info: chrome=58.0.3029.96)
  (Driver info: chromedriver=2.31.488763 (092de99f48a300323ecf8c2a4e2e7cab51de5ba8),platform=Windows NT 10.0.15063 x86_64)


        </pre>
    </div>
    <!--css div popup end-->

    </td>
</tr>

<tr id='pt46.4' class='hiddenRow'>
    <td class='none'><div class='testcase'>test_piciZhaobiao_04: 测试添加物资页面-添加到备选单，删除备选单</div></td>
    <td colspan='5' align='center'>通过</td>
</tr>

<tr id='ft46.5' class='none'>
    <td class='errorCase'><div class='testcase'>test_piciZhaobiao_05: 添加物资到批次招标计划</div></td>
    <td colspan='5' align='center'>

    <!--css div popup start-->
    <a class="popup_link" onfocus='this.blur();' href="javascript:showTestDetail('div_ft46.5')" >
        错误</a>

    <div id='div_ft46.5' class="popup_window">
        <pre>
        ft46.5: Traceback (most recent call last):
  File "E:\TWOSC_autotest\TWOSC_autotest_web\testCase\a_043_picizhaobiao_liancai_002_gongquYewu_sta.py", line 132, in test_piciZhaobiao_05
    self.driver.find_element(By.LINK_TEXT, '确认添加').click()
  File "D:\python\lib\site-packages\selenium\webdriver\remote\webelement.py", line 80, in click
    self._execute(Command.CLICK_ELEMENT)
  File "D:\python\lib\site-packages\selenium\webdriver\remote\webelement.py", line 501, in _execute
    return self._parent.execute(command, params)
  File "D:\python\lib\site-packages\selenium\webdriver\remote\webdriver.py", line 308, in execute
    self.error_handler.check_response(response)
  File "D:\python\lib\site-packages\selenium\webdriver\remote\errorhandler.py", line 194, in check_response
    raise exception_class(message, screen, stacktrace)
selenium.common.exceptions.WebDriverException: Message: unknown error: Element &lt;a class="btn btn-primary" onclick="confirmAddMaterial();"&gt;...&lt;/a&gt; is not clickable at point (832, 499). Other element would receive the click: &lt;div id="popup_overlay" style="position: absolute; z-index: 99998; top: 0px; left: 0px; width: 100%; height: 835px; background: rgb(0, 0, 0); opacity: 0.3;"&gt;&lt;/div&gt;
  (Session info: chrome=58.0.3029.96)
  (Driver info: chromedriver=2.31.488763 (092de99f48a300323ecf8c2a4e2e7cab51de5ba8),platform=Windows NT 10.0.15063 x86_64)


        </pre>
    </div>
    <!--css div popup end-->

    </td>
</tr>

<tr id='ft46.6' class='none'>
    <td class='errorCase'><div class='testcase'>test_picizhaobiao_06: 批次招标页面-修改参数</div></td>
    <td colspan='5' align='center'>

    <!--css div popup start-->
    <a class="popup_link" onfocus='this.blur();' href="javascript:showTestDetail('div_ft46.6')" >
        错误</a>

    <div id='div_ft46.6' class="popup_window">
        <pre>
        ft46.6: Traceback (most recent call last):
  File "E:\TWOSC_autotest\TWOSC_autotest_web\testCase\a_043_picizhaobiao_liancai_002_gongquYewu_sta.py", line 155, in test_picizhaobiao_06
    self.driver.find_element(By.CSS_SELECTOR, '#goodsPlanDetails &gt; tbody &gt; tr:nth-child(1) &gt; td:nth-child(13) &gt; a').click()
  File "D:\python\lib\site-packages\selenium\webdriver\remote\webdriver.py", line 843, in find_element
    'value': value})['value']
  File "D:\python\lib\site-packages\selenium\webdriver\remote\webdriver.py", line 308, in execute
    self.error_handler.check_response(response)
  File "D:\python\lib\site-packages\selenium\webdriver\remote\errorhandler.py", line 194, in check_response
    raise exception_class(message, screen, stacktrace)
selenium.common.exceptions.NoSuchElementException: Message: no such element: Unable to locate element: {"method":"css selector","selector":"#goodsPlanDetails &gt; tbody &gt; tr:nth-child(1) &gt; td:nth-child(13) &gt; a"}
  (Session info: chrome=58.0.3029.96)
  (Driver info: chromedriver=2.31.488763 (092de99f48a300323ecf8c2a4e2e7cab51de5ba8),platform=Windows NT 10.0.15063 x86_64)


        </pre>
    </div>
    <!--css div popup end-->

    </td>
</tr>

<tr id='ft46.7' class='none'>
    <td class='errorCase'><div class='testcase'>test_picizhaobiao_07: 批次招标页-批量编辑</div></td>
    <td colspan='5' align='center'>

    <!--css div popup start-->
    <a class="popup_link" onfocus='this.blur();' href="javascript:showTestDetail('div_ft46.7')" >
        错误</a>

    <div id='div_ft46.7' class="popup_window">
        <pre>
        ft46.7: Traceback (most recent call last):
  File "E:\TWOSC_autotest\TWOSC_autotest_web\testCase\a_043_picizhaobiao_liancai_002_gongquYewu_sta.py", line 206, in test_picizhaobiao_07
    self.driver.find_element(By.CSS_SELECTOR, '#receiptUnitName').clear()
  File "D:\python\lib\site-packages\selenium\webdriver\remote\webdriver.py", line 843, in find_element
    'value': value})['value']
  File "D:\python\lib\site-packages\selenium\webdriver\remote\webdriver.py", line 308, in execute
    self.error_handler.check_response(response)
  File "D:\python\lib\site-packages\selenium\webdriver\remote\errorhandler.py", line 194, in check_response
    raise exception_class(message, screen, stacktrace)
selenium.common.exceptions.NoSuchElementException: Message: no such element: Unable to locate element: {"method":"css selector","selector":"#receiptUnitName"}
  (Session info: chrome=58.0.3029.96)
  (Driver info: chromedriver=2.31.488763 (092de99f48a300323ecf8c2a4e2e7cab51de5ba8),platform=Windows NT 10.0.15063 x86_64)


        </pre>
    </div>
    <!--css div popup end-->

    </td>
</tr>

<tr id='ft46.8' class='none'>
    <td class='failCase'><div class='testcase'>test_picizhaobiao_08: 批次招标页-添加删除审批人员</div></td>
    <td colspan='5' align='center'>

    <!--css div popup start-->
    <a class="popup_link" onfocus='this.blur();' href="javascript:showTestDetail('div_ft46.8')" >
        失败</a>

    <div id='div_ft46.8' class="popup_window">
        <pre>
        ft46.8: Traceback (most recent call last):
  File "E:\TWOSC_autotest\TWOSC_autotest_web\testCase\a_043_picizhaobiao_liancai_002_gongquYewu_sta.py", line 282, in test_picizhaobiao_08
    self.assertEqual(text, '监理单位    (当前)')
AssertionError: '工区业务人员    (当前)' != '监理单位    (当前)'
- 工区业务人员    (当前)
+ 监理单位    (当前)


        </pre>
    </div>
    <!--css div popup end-->

    </td>
</tr>

    <tr class='errorClass'>
        <td>a_044_picizhaobiao_liancai_003_shenpi_sta.jianliDanweiTest: 测试批次招标-审批</td>
        <td>2</td>
        <td>0</td>
        <td>0</td>
        <td>2</td>
        <td><a href="javascript:showClassDetail('c47',2)">详情</a></td>
    </tr>

<tr id='ft47.1' class='none'>
    <td class='errorCase'><div class='testcase'>test_piciZhaobiao_01: 监理单位审批通过</div></td>
    <td colspan='5' align='center'>

    <!--css div popup start-->
    <a class="popup_link" onfocus='this.blur();' href="javascript:showTestDetail('div_ft47.1')" >
        错误</a>

    <div id='div_ft47.1' class="popup_window">
        <pre>
        ft47.1: Traceback (most recent call last):
  File "E:\TWOSC_autotest\TWOSC_autotest_web\testCase\a_044_picizhaobiao_liancai_003_shenpi_sta.py", line 23, in test_piciZhaobiao_01
    self.driver.find_element(By.LINK_TEXT, 'MHTJ-23标一工区 批次招标采购计划').click()
  File "D:\python\lib\site-packages\selenium\webdriver\remote\webdriver.py", line 843, in find_element
    'value': value})['value']
  File "D:\python\lib\site-packages\selenium\webdriver\remote\webdriver.py", line 308, in execute
    self.error_handler.check_response(response)
  File "D:\python\lib\site-packages\selenium\webdriver\remote\errorhandler.py", line 194, in check_response
    raise exception_class(message, screen, stacktrace)
selenium.common.exceptions.NoSuchElementException: Message: no such element: Unable to locate element: {"method":"link text","selector":"MHTJ-23标一工区 批次招标采购计划"}
  (Session info: chrome=58.0.3029.96)
  (Driver info: chromedriver=2.31.488763 (092de99f48a300323ecf8c2a4e2e7cab51de5ba8),platform=Windows NT 10.0.15063 x86_64)


        </pre>
    </div>
    <!--css div popup end-->

    </td>
</tr>

<tr id='ft47.2' class='none'>
    <td class='errorCase'><div class='testcase'>test_piciZhaobiao_02: 标段物资部长审批通过</div></td>
    <td colspan='5' align='center'>

    <!--css div popup start-->
    <a class="popup_link" onfocus='this.blur();' href="javascript:showTestDetail('div_ft47.2')" >
        错误</a>

    <div id='div_ft47.2' class="popup_window">
        <pre>
        ft47.2: Traceback (most recent call last):
  File "E:\TWOSC_autotest\TWOSC_autotest_web\testCase\a_044_picizhaobiao_liancai_003_shenpi_sta.py", line 45, in test_piciZhaobiao_02
    self.driver.find_element(By.LINK_TEXT, 'MHTJ-23标一工区 批次招标采购计划').click()
  File "D:\python\lib\site-packages\selenium\webdriver\remote\webdriver.py", line 843, in find_element
    'value': value})['value']
  File "D:\python\lib\site-packages\selenium\webdriver\remote\webdriver.py", line 308, in execute
    self.error_handler.check_response(response)
  File "D:\python\lib\site-packages\selenium\webdriver\remote\errorhandler.py", line 194, in check_response
    raise exception_class(message, screen, stacktrace)
selenium.common.exceptions.NoSuchElementException: Message: no such element: Unable to locate element: {"method":"link text","selector":"MHTJ-23标一工区 批次招标采购计划"}
  (Session info: chrome=58.0.3029.96)
  (Driver info: chromedriver=2.31.488763 (092de99f48a300323ecf8c2a4e2e7cab51de5ba8),platform=Windows NT 10.0.15063 x86_64)


        </pre>
    </div>
    <!--css div popup end-->

    </td>
</tr>

    <tr class='passClass'>
        <td>a_045_nianduxuqiujihua_jiagong_000_delet_sta.delet_xuqiujihua: 删除甲供2017年度需求计划</td>
        <td>1</td>
        <td>1</td>
        <td>0</td>
        <td>0</td>
        <td><a href="javascript:showClassDetail('c48',1)">详情</a></td>
    </tr>

<tr id='pt48.1' class='hiddenRow'>
    <td class='none'><div class='testcase'>test_a_shanchuxuqiujihua</div></td>
    <td colspan='5' align='center'>

    <!--css div popup start-->
    <a class="popup_link" onfocus='this.blur();' href="javascript:showTestDetail('div_pt48.1')" >
        通过</a>

    <div id='div_pt48.1' class="popup_window">
        <pre>
        pt48.1: 91399093740000

        </pre>
    </div>
    <!--css div popup end-->

    </td>
</tr>

    <tr class='passClass'>
        <td>a_046_nianduxuqiujihua_jiagong_001_gongquYewu_sta.gongquYewuTest: 工区业务人员-我的办公室-甲供-创建2017年度需求计划</td>
        <td>1</td>
        <td>1</td>
        <td>0</td>
        <td>0</td>
        <td><a href="javascript:showClassDetail('c49',1)">详情</a></td>
    </tr>

<tr id='pt49.1' class='hiddenRow'>
    <td class='none'><div class='testcase'>test_chuangjianxuqiujihua: 创建2017年度需求计划-进入计划页面</div></td>
    <td colspan='5' align='center'>通过</td>
</tr>

    <tr class='passClass'>
        <td>a_047_nianduxuqiujihua_jiagong_002_gongquYewu_sta.gongquYewuTest: 工区业务人员-我的办公室-甲供-创建2017年度需求计划-填写计划页面资料</td>
        <td>1</td>
        <td>1</td>
        <td>0</td>
        <td>0</td>
        <td><a href="javascript:showClassDetail('c50',1)">详情</a></td>
    </tr>

<tr id='pt50.1' class='hiddenRow'>
    <td class='none'><div class='testcase'>test_chuangjianxuqiujihua: 点击添加物资方式添加</div></td>
    <td colspan='5' align='center'>通过</td>
</tr>

    <tr class='passClass'>
        <td>a_048_nianduxuqiujihua_jiagong_003_gongquYewu_sta.gongquYewuTest: 工区业务人员-我的办公室-甲供-创建2017年度需求计划-搜索添加物资</td>
        <td>1</td>
        <td>1</td>
        <td>0</td>
        <td>0</td>
        <td><a href="javascript:showClassDetail('c51',1)">详情</a></td>
    </tr>

<tr id='pt51.1' class='hiddenRow'>
    <td class='none'><div class='testcase'>test_chuangjianxuqiu: 测试搜索条件添加物资</div></td>
    <td colspan='5' align='center'>通过</td>
</tr>

    <tr class='passClass'>
        <td>a_049_nianduxuqiujihua_jiagong_004_gongquYewu_sta.gongquYewu_test: 工区业务人员-我的办公室-甲供-创建2017年度需求计划-计划详情页</td>
        <td>1</td>
        <td>1</td>
        <td>0</td>
        <td>0</td>
        <td><a href="javascript:showClassDetail('c52',1)">详情</a></td>
    </tr>

<tr id='pt52.1' class='hiddenRow'>
    <td class='none'><div class='testcase'>test_chuangjianxuqiujihua: 计划详情页的备选单搜索功能和下载导入功能</div></td>
    <td colspan='5' align='center'>通过</td>
</tr>

    <tr class='passClass'>
        <td>a_050_nianduxuqiujihua_jiagong_005_gongquYewu_sta.gongquYewuTest: 工区业务人员-我的办公室-甲供-2017年度需求计划-选择物资-删除备选单物资</td>
        <td>1</td>
        <td>1</td>
        <td>0</td>
        <td>0</td>
        <td><a href="javascript:showClassDetail('c53',1)">详情</a></td>
    </tr>

<tr id='pt53.1' class='hiddenRow'>
    <td class='none'><div class='testcase'>test_chuangjianxuqiu: 测试选择物资页面删除物资</div></td>
    <td colspan='5' align='center'>通过</td>
</tr>

    <tr class='passClass'>
        <td>a_051_nianduxuqiujihua_jiagong_006_gongquYewu_sta.gongquYewuTest: 工区业务人员-我的办公室-甲供-创建2017年度需求计划-修改物资参数</td>
        <td>1</td>
        <td>1</td>
        <td>0</td>
        <td>0</td>
        <td><a href="javascript:showClassDetail('c54',1)">详情</a></td>
    </tr>

<tr id='pt54.1' class='hiddenRow'>
    <td class='none'><div class='testcase'>test_gongquYewu</div></td>
    <td colspan='5' align='center'>通过</td>
</tr>

    <tr class='passClass'>
        <td>a_052_nianduxuqiujihua_jiagong_007_gongqushiyan_sta.gongquShiyanTest: 测试2017年度需求计划-甲供-工区实验人员审批</td>
        <td>1</td>
        <td>1</td>
        <td>0</td>
        <td>0</td>
        <td><a href="javascript:showClassDetail('c55',1)">详情</a></td>
    </tr>

<tr id='pt55.1' class='hiddenRow'>
    <td class='none'><div class='testcase'>test_gongquShiyan: 测2017年度需求计划-甲供-工区实验人员-指派</div></td>
    <td colspan='5' align='center'>通过</td>
</tr>

    <tr class='passClass'>
        <td>a_053_nianduxuqiujihua_jiagong_008_fuwuJigou_sta.fuwuJigouTest: 测试2017年度需求计划-甲供-服务机构-审批</td>
        <td>1</td>
        <td>1</td>
        <td>0</td>
        <td>0</td>
        <td><a href="javascript:showClassDetail('c56',1)">详情</a></td>
    </tr>

<tr id='pt56.1' class='hiddenRow'>
    <td class='none'><div class='testcase'>test_fuwuJigou: 测试被指派-审批驳回</div></td>
    <td colspan='5' align='center'>通过</td>
</tr>

    <tr class='passClass'>
        <td>a_054_nianduxuqiujihua_jiagong_009_gongquYewu_sta.gongquYewuTest: 工区业务人员-我的办公室-甲供-创建总需求计划-修改物资参数</td>
        <td>1</td>
        <td>1</td>
        <td>0</td>
        <td>0</td>
        <td><a href="javascript:showClassDetail('c57',1)">详情</a></td>
    </tr>

<tr id='pt57.1' class='hiddenRow'>
    <td class='none'><div class='testcase'>test_gongquYewu</div></td>
    <td colspan='5' align='center'>通过</td>
</tr>

    <tr class='passClass'>
        <td>a_055_nianduxuqiujihua_jiagong_010_gongquBuzhang_sta.gongquBuzhangTest: 工区物资部长-我的办公室-审批甲供2017年度需求计划</td>
        <td>7</td>
        <td>7</td>
        <td>0</td>
        <td>0</td>
        <td><a href="javascript:showClassDetail('c58',7)">详情</a></td>
    </tr>

<tr id='pt58.1' class='hiddenRow'>
    <td class='none'><div class='testcase'>test_gongquBuzhang_01: 物资部长我的办公室-测试进入总需求详情页</div></td>
    <td colspan='5' align='center'>通过</td>
</tr>

<tr id='pt58.2' class='hiddenRow'>
    <td class='none'><div class='testcase'>test_gongquBuzhang_02: 测试总需求详情页搜索选项-名称搜索</div></td>
    <td colspan='5' align='center'>通过</td>
</tr>

<tr id='pt58.3' class='hiddenRow'>
    <td class='none'><div class='testcase'>test_gongquBuzhang_03: 测试总需求详情页搜索选项-规格搜索</div></td>
    <td colspan='5' align='center'>通过</td>
</tr>

<tr id='pt58.4' class='hiddenRow'>
    <td class='none'><div class='testcase'>test_gongquBuzhang_04: 测试总需求详情页-添加审批人员</div></td>
    <td colspan='5' align='center'>通过</td>
</tr>

<tr id='pt58.5' class='hiddenRow'>
    <td class='none'><div class='testcase'>test_gongquBuzhang_05: 测试需求计划详情页-导出</div></td>
    <td colspan='5' align='center'>通过</td>
</tr>

<tr id='pt58.6' class='hiddenRow'>
    <td class='none'><div class='testcase'>test_gongquBuzhang_06: 测试需求计划详情页-选择页数</div></td>
    <td colspan='5' align='center'>通过</td>
</tr>

<tr id='pt58.7' class='hiddenRow'>
    <td class='none'><div class='testcase'>test_gongquBuzhang_07: 测试需求详情页-填写备注，通过审批</div></td>
    <td colspan='5' align='center'>通过</td>
</tr>

    <tr class='passClass'>
        <td>a_056_nianduxuqiujihua_jiagong_011_biaoduanBuzhang_sta.biaoduanBuzhangTest: 测试标段物资部长-审批甲供总需求计划</td>
        <td>1</td>
        <td>1</td>
        <td>0</td>
        <td>0</td>
        <td><a href="javascript:showClassDetail('c59',1)">详情</a></td>
    </tr>

<tr id='pt59.1' class='hiddenRow'>
    <td class='none'><div class='testcase'>test_biaoduanBuzhang: 测试批准总需求计划</div></td>
    <td colspan='5' align='center'>通过</td>
</tr>

    <tr class='passClass'>
        <td>a_057_nianduxuqiujihua_jiagong_012_gongquyanshou_sta.gongquShiyanTest: 测试总需求计划-甲供-工区验收人员-审批</td>
        <td>1</td>
        <td>1</td>
        <td>0</td>
        <td>0</td>
        <td><a href="javascript:showClassDetail('c60',1)">详情</a></td>
    </tr>

<tr id='pt60.1' class='hiddenRow'>
    <td class='none'><div class='testcase'>test_gongquShiyan: 审批通过</div></td>
    <td colspan='5' align='center'>通过</td>
</tr>

    <tr class='passClass'>
        <td>a_058_nianduxuqiujihua_jiagong_013_delet_sta.delet_xuqiujihua: 删除标段业务人员甲供2017年度需求计划</td>
        <td>1</td>
        <td>1</td>
        <td>0</td>
        <td>0</td>
        <td><a href="javascript:showClassDetail('c61',1)">详情</a></td>
    </tr>

<tr id='pt61.1' class='hiddenRow'>
    <td class='none'><div class='testcase'>test_biaoduanYewu</div></td>
    <td colspan='5' align='center'>

    <!--css div popup start-->
    <a class="popup_link" onfocus='this.blur();' href="javascript:showTestDetail('div_pt61.1')" >
        通过</a>

    <div id='div_pt61.1' class="popup_window">
        <pre>
        pt61.1: 91399597425000

        </pre>
    </div>
    <!--css div popup end-->

    </td>
</tr>

    <tr class='passClass'>
        <td>a_059_nianduxuqiujihua_jiagong_014_biaoduanyewu_sta.biaoduanYewuTest: 测试标段业务人员-汇总计划-驳回2017年度需求计划</td>
        <td>3</td>
        <td>3</td>
        <td>0</td>
        <td>0</td>
        <td><a href="javascript:showClassDetail('c62',3)">详情</a></td>
    </tr>

<tr id='pt62.1' class='hiddenRow'>
    <td class='none'><div class='testcase'>test_01_biaoduanYewu: 测试标段业务人员驳回年度需求计划</div></td>
    <td colspan='5' align='center'>通过</td>
</tr>

<tr id='pt62.2' class='hiddenRow'>
    <td class='none'><div class='testcase'>test_02_gongquYewu: 测试驳回后-工区业务人员显示在待办事项</div></td>
    <td colspan='5' align='center'>通过</td>
</tr>

<tr id='pt62.3' class='hiddenRow'>
    <td class='none'><div class='testcase'>test_03_gongquBuzhang: 测试驳回-工区部长收到通知</div></td>
    <td colspan='5' align='center'>通过</td>
</tr>

    <tr class='passClass'>
        <td>a_060_nianduxuqiujihua_liancai_000_delet_sta.delet_xuqiujihua: 删除联采2017年度需求计划</td>
        <td>1</td>
        <td>1</td>
        <td>0</td>
        <td>0</td>
        <td><a href="javascript:showClassDetail('c63',1)">详情</a></td>
    </tr>

<tr id='pt63.1' class='hiddenRow'>
    <td class='none'><div class='testcase'>test_a_shanchuxuqiujihua</div></td>
    <td colspan='5' align='center'>

    <!--css div popup start-->
    <a class="popup_link" onfocus='this.blur();' href="javascript:showTestDetail('div_pt63.1')" >
        通过</a>

    <div id='div_pt63.1' class="popup_window">
        <pre>
        pt63.1: 91399691592000

        </pre>
    </div>
    <!--css div popup end-->

    </td>
</tr>

    <tr class='passClass'>
        <td>a_061_nianduxuqiujihua_liancai_001_gongquYewu_sta.gongquYewuTest: 工区业务人员-我的办公室-联采-创建2017年度需求计划</td>
        <td>1</td>
        <td>1</td>
        <td>0</td>
        <td>0</td>
        <td><a href="javascript:showClassDetail('c64',1)">详情</a></td>
    </tr>

<tr id='pt64.1' class='hiddenRow'>
    <td class='none'><div class='testcase'>test_chuangjianxuqiujihua: 创建联采2017年度需求计划-进入计划页面</div></td>
    <td colspan='5' align='center'>通过</td>
</tr>

    <tr class='passClass'>
        <td>a_062_nianduxuqiujihua_liancai_002_gongquYewu_sta.gongquYewuTest: 工区业务人员-我的办公室-联采-创建2017年度需求计划-填写计划页面资料</td>
        <td>1</td>
        <td>1</td>
        <td>0</td>
        <td>0</td>
        <td><a href="javascript:showClassDetail('c65',1)">详情</a></td>
    </tr>

<tr id='pt65.1' class='hiddenRow'>
    <td class='none'><div class='testcase'>test_chuangjianxuqiujihua</div></td>
    <td colspan='5' align='center'>通过</td>
</tr>

    <tr class='passClass'>
        <td>a_063_nianduxuqiujihua_liancai_003_gongquYewu_sta.gongquYewuTest: 工区业务人员-我的办公室-联采-创建2017年度需求计划-搜索添加物资</td>
        <td>1</td>
        <td>1</td>
        <td>0</td>
        <td>0</td>
        <td><a href="javascript:showClassDetail('c66',1)">详情</a></td>
    </tr>

<tr id='pt66.1' class='hiddenRow'>
    <td class='none'><div class='testcase'>test_chuangjianxuqiu: 测试搜索条件添加物资</div></td>
    <td colspan='5' align='center'>通过</td>
</tr>

    <tr class='passClass'>
        <td>a_064_nianduxuqiujihua_liancai_004_gongquYewu_sta.gongquYewu_test: 工区业务人员-我的办公室-联采-创建2017年度需求计划-计划详情页</td>
        <td>1</td>
        <td>1</td>
        <td>0</td>
        <td>0</td>
        <td><a href="javascript:showClassDetail('c67',1)">详情</a></td>
    </tr>

<tr id='pt67.1' class='hiddenRow'>
    <td class='none'><div class='testcase'>test_chuangjianxuqiujihua: 计划详情页的备选单搜索功能和下载导入功能</div></td>
    <td colspan='5' align='center'>通过</td>
</tr>

    <tr class='passClass'>
        <td>a_065_nianduxuqiujihua_liancai_005_gongquYewu_sta.gongquYewuTest: 工区业务人员-我的办公室-联采-2017年度需求计划-选择物资-删除备选单物资</td>
        <td>1</td>
        <td>1</td>
        <td>0</td>
        <td>0</td>
        <td><a href="javascript:showClassDetail('c68',1)">详情</a></td>
    </tr>

<tr id='pt68.1' class='hiddenRow'>
    <td class='none'><div class='testcase'>test_chuangjianxuqiu: 测试选择物资页面删除物资</div></td>
    <td colspan='5' align='center'>通过</td>
</tr>

    <tr class='passClass'>
        <td>a_066_nianduxuqiujihua_liancai_006_gongquYewu_sta.gongquYewuTest: 工区业务人员-我的办公室-联采-创建2017年度需求计划-修改物资参数</td>
        <td>1</td>
        <td>1</td>
        <td>0</td>
        <td>0</td>
        <td><a href="javascript:showClassDetail('c69',1)">详情</a></td>
    </tr>

<tr id='pt69.1' class='hiddenRow'>
    <td class='none'><div class='testcase'>test_gongquYewu: 填写物资设备详情，添加审批人员，删除审批人员</div></td>
    <td colspan='5' align='center'>通过</td>
</tr>

    <tr class='passClass'>
        <td>a_067_nianduxuqiujihua_liancai_007_gongqushiyan_sta.gongquShiyanTest: 测试工区试验人员-联采-2017年度需求计划-指派</td>
        <td>1</td>
        <td>1</td>
        <td>0</td>
        <td>0</td>
        <td><a href="javascript:showClassDetail('c70',1)">详情</a></td>
    </tr>

<tr id='pt70.1' class='hiddenRow'>
    <td class='none'><div class='testcase'>test_gongquShiyan: 测试指派给服务机构</div></td>
    <td colspan='5' align='center'>通过</td>
</tr>

    <tr class='passClass'>
        <td>a_068_nianduxuqiujihua_liancai_008_fuwuJigou_sta.fuwuJigouTest: 测试2017年度需求计划-联采-服务机构-审批</td>
        <td>1</td>
        <td>1</td>
        <td>0</td>
        <td>0</td>
        <td><a href="javascript:showClassDetail('c71',1)">详情</a></td>
    </tr>

<tr id='pt71.1' class='hiddenRow'>
    <td class='none'><div class='testcase'>test_fuwuJigou: 测试被指派-审批驳回</div></td>
    <td colspan='5' align='center'>通过</td>
</tr>

    <tr class='passClass'>
        <td>a_069_nianduxuqiujihua_liancai_009_gongquYewu_sta.gongquYewuTest: 工区业务人员-我的办公室-联采-创建总需求计划-修改物资参数</td>
        <td>1</td>
        <td>1</td>
        <td>0</td>
        <td>0</td>
        <td><a href="javascript:showClassDetail('c72',1)">详情</a></td>
    </tr>

<tr id='pt72.1' class='hiddenRow'>
    <td class='none'><div class='testcase'>test_gongquYewu</div></td>
    <td colspan='5' align='center'>通过</td>
</tr>

    <tr class='passClass'>
        <td>a_070_nianduxuqiujihua_liancai_010_gongquBuzhang_sta.gongquBuzhangTest: 工区物资部长-我的办公室-审批联采2017年度需求计划</td>
        <td>7</td>
        <td>7</td>
        <td>0</td>
        <td>0</td>
        <td><a href="javascript:showClassDetail('c73',7)">详情</a></td>
    </tr>

<tr id='pt73.1' class='hiddenRow'>
    <td class='none'><div class='testcase'>test_gongquBuzhang_01: 物资部长我的办公室-测试进入总需求详情页</div></td>
    <td colspan='5' align='center'>通过</td>
</tr>

<tr id='pt73.2' class='hiddenRow'>
    <td class='none'><div class='testcase'>test_gongquBuzhang_02: 测试总需求详情页搜索选项-名称搜索</div></td>
    <td colspan='5' align='center'>通过</td>
</tr>

<tr id='pt73.3' class='hiddenRow'>
    <td class='none'><div class='testcase'>test_gongquBuzhang_03: 测试总需求详情页搜索选项-规格搜索</div></td>
    <td colspan='5' align='center'>通过</td>
</tr>

<tr id='pt73.4' class='hiddenRow'>
    <td class='none'><div class='testcase'>test_gongquBuzhang_04: 测试总需求详情页-添加审批人员</div></td>
    <td colspan='5' align='center'>通过</td>
</tr>

<tr id='pt73.5' class='hiddenRow'>
    <td class='none'><div class='testcase'>test_gongquBuzhang_05: 测试需求计划详情页-导出</div></td>
    <td colspan='5' align='center'>通过</td>
</tr>

<tr id='pt73.6' class='hiddenRow'>
    <td class='none'><div class='testcase'>test_gongquBuzhang_06: 测试需求计划详情页-选择页数</div></td>
    <td colspan='5' align='center'>通过</td>
</tr>

<tr id='pt73.7' class='hiddenRow'>
    <td class='none'><div class='testcase'>test_gongquBuzhang_07: 测试需求详情页-填写备注，通过审批</div></td>
    <td colspan='5' align='center'>通过</td>
</tr>

    <tr class='passClass'>
        <td>a_071_nianduxuqiujihua_liancai_011_biaoduanBuzhang_sta.biaoduanBuzhangTest: 测试标段物资部长-审批联采总需求计划</td>
        <td>1</td>
        <td>1</td>
        <td>0</td>
        <td>0</td>
        <td><a href="javascript:showClassDetail('c74',1)">详情</a></td>
    </tr>

<tr id='pt74.1' class='hiddenRow'>
    <td class='none'><div class='testcase'>test_biaoduanBuzhang: 测试批准总需求计划</div></td>
    <td colspan='5' align='center'>通过</td>
</tr>

    <tr class='passClass'>
        <td>a_072_nianduxuqiujihua_liancai_012_gongquyanshou_sta.gongquShiyanTest: 测试总需求计划-甲供-工区验收人员-审批</td>
        <td>1</td>
        <td>1</td>
        <td>0</td>
        <td>0</td>
        <td><a href="javascript:showClassDetail('c75',1)">详情</a></td>
    </tr>

<tr id='pt75.1' class='hiddenRow'>
    <td class='none'><div class='testcase'>test_gongquShiyan: 审批通过</div></td>
    <td colspan='5' align='center'>通过</td>
</tr>

    <tr class='failClass'>
        <td>a_073_picizhaobiao_jiagong_006_sta.biaoduanYewuTest: 标段业务人员-汇总批次招标计划</td>
        <td>6</td>
        <td>4</td>
        <td>2</td>
        <td>0</td>
        <td><a href="javascript:showClassDetail('c76',6)">详情</a></td>
    </tr>

<tr id='ft76.1' class='none'>
    <td class='failCase'><div class='testcase'>test_piciZhaobiao_01: 汇总批次招标页面测试-编号搜索测试</div></td>
    <td colspan='5' align='center'>

    <!--css div popup start-->
    <a class="popup_link" onfocus='this.blur();' href="javascript:showTestDetail('div_ft76.1')" >
        失败</a>

    <div id='div_ft76.1' class="popup_window">
        <pre>
        ft76.1: Traceback (most recent call last):
  File "E:\TWOSC_autotest\TWOSC_autotest_web\testCase\a_073_picizhaobiao_jiagong_006_sta.py", line 24, in test_piciZhaobiao_01
    self.assertEqual(text, 'MHWZCG2017-0277')
AssertionError: 'MHWZCG2017-0288' != 'MHWZCG2017-0277'
- MHWZCG2017-0288
?              ^^
+ MHWZCG2017-0277
?              ^^


        </pre>
    </div>
    <!--css div popup end-->

    </td>
</tr>

<tr id='ft76.2' class='none'>
    <td class='failCase'><div class='testcase'>test_piciZhaobiao_02: 采购计划审批状态搜索-全部状态</div></td>
    <td colspan='5' align='center'>

    <!--css div popup start-->
    <a class="popup_link" onfocus='this.blur();' href="javascript:showTestDetail('div_ft76.2')" >
        失败</a>

    <div id='div_ft76.2' class="popup_window">
        <pre>
        ft76.2: Traceback (most recent call last):
  File "E:\TWOSC_autotest\TWOSC_autotest_web\testCase\a_073_picizhaobiao_jiagong_006_sta.py", line 39, in test_piciZhaobiao_02
    self.assertEqual(text, '显示第 1 到第 9 条记录，总共 9 条记录')
AssertionError: '显示第 1 到第 8 条记录，总共 8 条记录' != '显示第 1 到第 9 条记录，总共 9 条记录'
- 显示第 1 到第 8 条记录，总共 8 条记录
?          ^        ^
+ 显示第 1 到第 9 条记录，总共 9 条记录
?          ^        ^


        </pre>
    </div>
    <!--css div popup end-->

    </td>
</tr>

<tr id='pt76.3' class='hiddenRow'>
    <td class='none'><div class='testcase'>test_piciZhaobiao_03: 采购计划审批状态搜索-编制中</div></td>
    <td colspan='5' align='center'>通过</td>
</tr>

<tr id='pt76.4' class='hiddenRow'>
    <td class='none'><div class='testcase'>test_piciZhaobiao_04: 采购计划审批状态搜索-审核中</div></td>
    <td colspan='5' align='center'>通过</td>
</tr>

<tr id='pt76.5' class='hiddenRow'>
    <td class='none'><div class='testcase'>test_piciZhaobiao_05: 采购计划审批状态搜索-已通过</div></td>
    <td colspan='5' align='center'>通过</td>
</tr>

<tr id='pt76.6' class='hiddenRow'>
    <td class='none'><div class='testcase'>test_piciZhaobiao_07: 批次招标页面-导出</div></td>
    <td colspan='5' align='center'>通过</td>
</tr>

    <tr class='passClass'>
        <td>a_074_picizhaobiao_jiagong_007_sta.delet_xuqiujihua: 删除标段业务人员-甲供汇总批次招标计划</td>
        <td>1</td>
        <td>1</td>
        <td>0</td>
        <td>0</td>
        <td><a href="javascript:showClassDetail('c77',1)">详情</a></td>
    </tr>

<tr id='pt77.1' class='hiddenRow'>
    <td class='none'><div class='testcase'>test_a_shanchuxuqiujihua</div></td>
    <td colspan='5' align='center'>

    <!--css div popup start-->
    <a class="popup_link" onfocus='this.blur();' href="javascript:showTestDetail('div_pt77.1')" >
        通过</a>

    <div id='div_pt77.1' class="popup_window">
        <pre>
        pt77.1: 91213592225000

        </pre>
    </div>
    <!--css div popup end-->

    </td>
</tr>

    <tr class='errorClass'>
        <td>a_075_picizhaobiao_jiagong_008_sta.biaoduanYewuTest: 标段业务人员-创建甲供汇总批次招标</td>
        <td>5</td>
        <td>2</td>
        <td>0</td>
        <td>3</td>
        <td><a href="javascript:showClassDetail('c78',5)">详情</a></td>
    </tr>

<tr id='pt78.1' class='hiddenRow'>
    <td class='none'><div class='testcase'>test_piciZhaobiao_01: 创建批次招标</div></td>
    <td colspan='5' align='center'>通过</td>
</tr>

<tr id='ft78.2' class='none'>
    <td class='errorCase'><div class='testcase'>test_piciZhaobiao_02: 添加子计划</div></td>
    <td colspan='5' align='center'>

    <!--css div popup start-->
    <a class="popup_link" onfocus='this.blur();' href="javascript:showTestDetail('div_ft78.2')" >
        错误</a>

    <div id='div_ft78.2' class="popup_window">
        <pre>
        ft78.2: Traceback (most recent call last):
  File "E:\TWOSC_autotest\TWOSC_autotest_web\testCase\a_075_picizhaobiao_jiagong_008_sta.py", line 47, in test_piciZhaobiao_02
    self.driver.find_element(By.XPATH, '//*[@id="selectedChildPlanList"]/tbody/tr/td[9]/a').click()  # 点击删除
  File "D:\python\lib\site-packages\selenium\webdriver\remote\webdriver.py", line 843, in find_element
    'value': value})['value']
  File "D:\python\lib\site-packages\selenium\webdriver\remote\webdriver.py", line 308, in execute
    self.error_handler.check_response(response)
  File "D:\python\lib\site-packages\selenium\webdriver\remote\errorhandler.py", line 194, in check_response
    raise exception_class(message, screen, stacktrace)
selenium.common.exceptions.NoSuchElementException: Message: no such element: Unable to locate element: {"method":"xpath","selector":"//*[@id="selectedChildPlanList"]/tbody/tr/td[9]/a"}
  (Session info: chrome=58.0.3029.96)
  (Driver info: chromedriver=2.31.488763 (092de99f48a300323ecf8c2a4e2e7cab51de5ba8),platform=Windows NT 10.0.15063 x86_64)


        </pre>
    </div>
    <!--css div popup end-->

    </td>
</tr>

<tr id='pt78.3' class='hiddenRow'>
    <td class='none'><div class='testcase'>test_piciZhaobiao_03: 测试分工区汇总-点击分工区汇总页面导出</div></td>
    <td colspan='5' align='center'>通过</td>
</tr>

<tr id='ft78.4' class='none'>
    <td class='errorCase'><div class='testcase'>test_piciZhaobiao_04: 测试移除</div></td>
    <td colspan='5' align='center'>

    <!--css div popup start-->
    <a class="popup_link" onfocus='this.blur();' href="javascript:showTestDetail('div_ft78.4')" >
        错误</a>

    <div id='div_ft78.4' class="popup_window">
        <pre>
        ft78.4: Traceback (most recent call last):
  File "E:\TWOSC_autotest\TWOSC_autotest_web\testCase\a_075_picizhaobiao_jiagong_008_sta.py", line 93, in test_piciZhaobiao_04
    self.driver.find_element(By.XPATH, '//*[@id="childContainerPlanTable"]/tbody/tr/td[6]/a[1]').click()
  File "D:\python\lib\site-packages\selenium\webdriver\remote\webdriver.py", line 843, in find_element
    'value': value})['value']
  File "D:\python\lib\site-packages\selenium\webdriver\remote\webdriver.py", line 308, in execute
    self.error_handler.check_response(response)
  File "D:\python\lib\site-packages\selenium\webdriver\remote\errorhandler.py", line 194, in check_response
    raise exception_class(message, screen, stacktrace)
selenium.common.exceptions.NoSuchElementException: Message: no such element: Unable to locate element: {"method":"xpath","selector":"//*[@id="childContainerPlanTable"]/tbody/tr/td[6]/a[1]"}
  (Session info: chrome=58.0.3029.96)
  (Driver info: chromedriver=2.31.488763 (092de99f48a300323ecf8c2a4e2e7cab51de5ba8),platform=Windows NT 10.0.15063 x86_64)


        </pre>
    </div>
    <!--css div popup end-->

    </td>
</tr>

<tr id='ft78.5' class='none'>
    <td class='errorCase'><div class='testcase'>test_piciZhaobiao_05: 测试驳回</div></td>
    <td colspan='5' align='center'>

    <!--css div popup start-->
    <a class="popup_link" onfocus='this.blur();' href="javascript:showTestDetail('div_ft78.5')" >
        错误</a>

    <div id='div_ft78.5' class="popup_window">
        <pre>
        ft78.5: Traceback (most recent call last):
  File "E:\TWOSC_autotest\TWOSC_autotest_web\testCase\a_075_picizhaobiao_jiagong_008_sta.py", line 112, in test_piciZhaobiao_05
    self.driver.find_element(By.XPATH, '/html/body/div[1]/div[2]/div/div/div[2]/div[3]/a[1]').click()
  File "D:\python\lib\site-packages\selenium\webdriver\remote\webdriver.py", line 843, in find_element
    'value': value})['value']
  File "D:\python\lib\site-packages\selenium\webdriver\remote\webdriver.py", line 308, in execute
    self.error_handler.check_response(response)
  File "D:\python\lib\site-packages\selenium\webdriver\remote\errorhandler.py", line 194, in check_response
    raise exception_class(message, screen, stacktrace)
selenium.common.exceptions.NoSuchElementException: Message: no such element: Unable to locate element: {"method":"xpath","selector":"/html/body/div[1]/div[2]/div/div/div[2]/div[3]/a[1]"}
  (Session info: chrome=58.0.3029.96)
  (Driver info: chromedriver=2.31.488763 (092de99f48a300323ecf8c2a4e2e7cab51de5ba8),platform=Windows NT 10.0.15063 x86_64)


        </pre>
    </div>
    <!--css div popup end-->

    </td>
</tr>

    <tr class='errorClass'>
        <td>a_076_picizhaobiao_jiagong_009_sta.gongquYewuTest: 汇总批次招标驳回后再次提交</td>
        <td>2</td>
        <td>0</td>
        <td>1</td>
        <td>1</td>
        <td><a href="javascript:showClassDetail('c79',2)">详情</a></td>
    </tr>

<tr id='ft79.1' class='none'>
    <td class='failCase'><div class='testcase'>test_piciZhaobiao_01: 工区业务人员提交</div></td>
    <td colspan='5' align='center'>

    <!--css div popup start-->
    <a class="popup_link" onfocus='this.blur();' href="javascript:showTestDetail('div_ft79.1')" >
        失败</a>

    <div id='div_ft79.1' class="popup_window">
        <pre>
        ft79.1: Traceback (most recent call last):
  File "E:\TWOSC_autotest\TWOSC_autotest_web\testCase\a_076_picizhaobiao_jiagong_009_sta.py", line 34, in test_piciZhaobiao_01
    self.assertEqual(text, '标段物资部长    (当前)')
AssertionError: '工区物资部长    (当前)' != '标段物资部长    (当前)'
- 工区物资部长    (当前)
? ^^
+ 标段物资部长    (当前)
? ^^


        </pre>
    </div>
    <!--css div popup end-->

    </td>
</tr>

<tr id='ft79.2' class='none'>
    <td class='errorCase'><div class='testcase'>test_piciZhaobiao_02: 标段物资部长审批</div></td>
    <td colspan='5' align='center'>

    <!--css div popup start-->
    <a class="popup_link" onfocus='this.blur();' href="javascript:showTestDetail('div_ft79.2')" >
        错误</a>

    <div id='div_ft79.2' class="popup_window">
        <pre>
        ft79.2: Traceback (most recent call last):
  File "E:\TWOSC_autotest\TWOSC_autotest_web\testCase\a_076_picizhaobiao_jiagong_009_sta.py", line 48, in test_piciZhaobiao_02
    self.driver.find_element(By.CSS_SELECTOR, 'input[value="通过"]').click()
  File "D:\python\lib\site-packages\selenium\webdriver\remote\webdriver.py", line 843, in find_element
    'value': value})['value']
  File "D:\python\lib\site-packages\selenium\webdriver\remote\webdriver.py", line 308, in execute
    self.error_handler.check_response(response)
  File "D:\python\lib\site-packages\selenium\webdriver\remote\errorhandler.py", line 194, in check_response
    raise exception_class(message, screen, stacktrace)
selenium.common.exceptions.NoSuchElementException: Message: no such element: Unable to locate element: {"method":"css selector","selector":"input[value="通过"]"}
  (Session info: chrome=58.0.3029.96)
  (Driver info: chromedriver=2.31.488763 (092de99f48a300323ecf8c2a4e2e7cab51de5ba8),platform=Windows NT 10.0.15063 x86_64)


        </pre>
    </div>
    <!--css div popup end-->

    </td>
</tr>

    <tr class='errorClass'>
        <td>a_077_picizhaobiao_jiagong_010_sta.biaoduanYewuTest: 汇总批次招标-标段业务人员</td>
        <td>1</td>
        <td>0</td>
        <td>0</td>
        <td>1</td>
        <td><a href="javascript:showClassDetail('c80',1)">详情</a></td>
    </tr>

<tr id='ft80.1' class='none'>
    <td class='errorCase'><div class='testcase'>test_piciZhaobiao: 提交</div></td>
    <td colspan='5' align='center'>

    <!--css div popup start-->
    <a class="popup_link" onfocus='this.blur();' href="javascript:showTestDetail('div_ft80.1')" >
        错误</a>

    <div id='div_ft80.1' class="popup_window">
        <pre>
        ft80.1: Traceback (most recent call last):
  File "E:\TWOSC_autotest\TWOSC_autotest_web\testCase\a_077_picizhaobiao_jiagong_010_sta.py", line 31, in test_piciZhaobiao
    self.driver.find_element(By.CSS_SELECTOR, '#addActor &gt; tr:nth-child(3) &gt; td.col-xs-10 &gt; a').click()
  File "D:\python\lib\site-packages\selenium\webdriver\remote\webdriver.py", line 843, in find_element
    'value': value})['value']
  File "D:\python\lib\site-packages\selenium\webdriver\remote\webdriver.py", line 308, in execute
    self.error_handler.check_response(response)
  File "D:\python\lib\site-packages\selenium\webdriver\remote\errorhandler.py", line 194, in check_response
    raise exception_class(message, screen, stacktrace)
selenium.common.exceptions.NoSuchElementException: Message: no such element: Unable to locate element: {"method":"css selector","selector":"#addActor &gt; tr:nth-child(3) &gt; td.col-xs-10 &gt; a"}
  (Session info: chrome=58.0.3029.96)
  (Driver info: chromedriver=2.31.488763 (092de99f48a300323ecf8c2a4e2e7cab51de5ba8),platform=Windows NT 10.0.15063 x86_64)


        </pre>
    </div>
    <!--css div popup end-->

    </td>
</tr>

    <tr class='errorClass'>
        <td>a_078_picizhaobiao_jiagong_011_sta.piciZhaobiaoTest: 汇总批次招标审批</td>
        <td>4</td>
        <td>0</td>
        <td>0</td>
        <td>4</td>
        <td><a href="javascript:showClassDetail('c81',4)">详情</a></td>
    </tr>

<tr id='ft81.1' class='none'>
    <td class='errorCase'><div class='testcase'>test_piciZhaobiao_01: 工区业务人员审批</div></td>
    <td colspan='5' align='center'>

    <!--css div popup start-->
    <a class="popup_link" onfocus='this.blur();' href="javascript:showTestDetail('div_ft81.1')" >
        错误</a>

    <div id='div_ft81.1' class="popup_window">
        <pre>
        ft81.1: Traceback (most recent call last):
  File "E:\TWOSC_autotest\TWOSC_autotest_web\testCase\a_078_picizhaobiao_jiagong_011_sta.py", line 31, in test_piciZhaobiao_01
    self.driver.find_element(By.CSS_SELECTOR, 'input[value="通过"]').click()
  File "D:\python\lib\site-packages\selenium\webdriver\remote\webdriver.py", line 843, in find_element
    'value': value})['value']
  File "D:\python\lib\site-packages\selenium\webdriver\remote\webdriver.py", line 308, in execute
    self.error_handler.check_response(response)
  File "D:\python\lib\site-packages\selenium\webdriver\remote\errorhandler.py", line 194, in check_response
    raise exception_class(message, screen, stacktrace)
selenium.common.exceptions.NoSuchElementException: Message: no such element: Unable to locate element: {"method":"css selector","selector":"input[value="通过"]"}
  (Session info: chrome=58.0.3029.96)
  (Driver info: chromedriver=2.31.488763 (092de99f48a300323ecf8c2a4e2e7cab51de5ba8),platform=Windows NT 10.0.15063 x86_64)


        </pre>
    </div>
    <!--css div popup end-->

    </td>
</tr>

<tr id='ft81.2' class='none'>
    <td class='errorCase'><div class='testcase'>test_piciZhaobiao_02: 指挥部服务机构审批</div></td>
    <td colspan='5' align='center'>

    <!--css div popup start-->
    <a class="popup_link" onfocus='this.blur();' href="javascript:showTestDetail('div_ft81.2')" >
        错误</a>

    <div id='div_ft81.2' class="popup_window">
        <pre>
        ft81.2: Traceback (most recent call last):
  File "E:\TWOSC_autotest\TWOSC_autotest_web\testCase\a_078_picizhaobiao_jiagong_011_sta.py", line 55, in test_piciZhaobiao_02
    self.driver.find_element(By.CSS_SELECTOR, 'input[value="通过"]').click()
  File "D:\python\lib\site-packages\selenium\webdriver\remote\webdriver.py", line 843, in find_element
    'value': value})['value']
  File "D:\python\lib\site-packages\selenium\webdriver\remote\webdriver.py", line 308, in execute
    self.error_handler.check_response(response)
  File "D:\python\lib\site-packages\selenium\webdriver\remote\errorhandler.py", line 194, in check_response
    raise exception_class(message, screen, stacktrace)
selenium.common.exceptions.NoSuchElementException: Message: no such element: Unable to locate element: {"method":"css selector","selector":"input[value="通过"]"}
  (Session info: chrome=58.0.3029.96)
  (Driver info: chromedriver=2.31.488763 (092de99f48a300323ecf8c2a4e2e7cab51de5ba8),platform=Windows NT 10.0.15063 x86_64)


        </pre>
    </div>
    <!--css div popup end-->

    </td>
</tr>

<tr id='ft81.3' class='none'>
    <td class='errorCase'><div class='testcase'>test_piciZhaobiao_03: 指挥部业务人员审批</div></td>
    <td colspan='5' align='center'>

    <!--css div popup start-->
    <a class="popup_link" onfocus='this.blur();' href="javascript:showTestDetail('div_ft81.3')" >
        错误</a>

    <div id='div_ft81.3' class="popup_window">
        <pre>
        ft81.3: Traceback (most recent call last):
  File "E:\TWOSC_autotest\TWOSC_autotest_web\testCase\a_078_picizhaobiao_jiagong_011_sta.py", line 79, in test_piciZhaobiao_03
    self.driver.find_element(By.CSS_SELECTOR, 'input[value="通过"]').click()
  File "D:\python\lib\site-packages\selenium\webdriver\remote\webdriver.py", line 843, in find_element
    'value': value})['value']
  File "D:\python\lib\site-packages\selenium\webdriver\remote\webdriver.py", line 308, in execute
    self.error_handler.check_response(response)
  File "D:\python\lib\site-packages\selenium\webdriver\remote\errorhandler.py", line 194, in check_response
    raise exception_class(message, screen, stacktrace)
selenium.common.exceptions.NoSuchElementException: Message: no such element: Unable to locate element: {"method":"css selector","selector":"input[value="通过"]"}
  (Session info: chrome=58.0.3029.96)
  (Driver info: chromedriver=2.31.488763 (092de99f48a300323ecf8c2a4e2e7cab51de5ba8),platform=Windows NT 10.0.15063 x86_64)


        </pre>
    </div>
    <!--css div popup end-->

    </td>
</tr>

<tr id='ft81.4' class='none'>
    <td class='errorCase'><div class='testcase'>test_piciZhaobiao_04: 物资设备部审批</div></td>
    <td colspan='5' align='center'>

    <!--css div popup start-->
    <a class="popup_link" onfocus='this.blur();' href="javascript:showTestDetail('div_ft81.4')" >
        错误</a>

    <div id='div_ft81.4' class="popup_window">
        <pre>
        ft81.4: Traceback (most recent call last):
  File "E:\TWOSC_autotest\TWOSC_autotest_web\testCase\a_078_picizhaobiao_jiagong_011_sta.py", line 103, in test_piciZhaobiao_04
    self.driver.find_element(By.CSS_SELECTOR, 'input[value="通过"]').click()
  File "D:\python\lib\site-packages\selenium\webdriver\remote\webdriver.py", line 843, in find_element
    'value': value})['value']
  File "D:\python\lib\site-packages\selenium\webdriver\remote\webdriver.py", line 308, in execute
    self.error_handler.check_response(response)
  File "D:\python\lib\site-packages\selenium\webdriver\remote\errorhandler.py", line 194, in check_response
    raise exception_class(message, screen, stacktrace)
selenium.common.exceptions.NoSuchElementException: Message: no such element: Unable to locate element: {"method":"css selector","selector":"input[value="通过"]"}
  (Session info: chrome=58.0.3029.96)
  (Driver info: chromedriver=2.31.488763 (092de99f48a300323ecf8c2a4e2e7cab51de5ba8),platform=Windows NT 10.0.15063 x86_64)


        </pre>
    </div>
    <!--css div popup end-->

    </td>
</tr>

    <tr class='passClass'>
        <td>a_079_picizhaobiao_jiagong_012_sta.delet_piciZhaobiao: 删除标段业务人员甲供批次招标计划</td>
        <td>1</td>
        <td>1</td>
        <td>0</td>
        <td>0</td>
        <td><a href="javascript:showClassDetail('c82',1)">详情</a></td>
    </tr>

<tr id='pt82.1' class='hiddenRow'>
    <td class='none'><div class='testcase'>test_a_shanchuxuqiujihua</div></td>
    <td colspan='5' align='center'>

    <!--css div popup start-->
    <a class="popup_link" onfocus='this.blur();' href="javascript:showTestDetail('div_pt82.1')" >
        通过</a>

    <div id='div_pt82.1' class="popup_window">
        <pre>
        pt82.1: 91443932041000

        </pre>
    </div>
    <!--css div popup end-->

    </td>
</tr>

    <tr class='passClass'>
        <td>a_gongquYewu_daibanshixiang_sta.gongquYwuTest: 工区业务人员-我的办公室-待办事项测试</td>
        <td>1</td>
        <td>1</td>
        <td>0</td>
        <td>0</td>
        <td><a href="javascript:showClassDetail('c83',1)">详情</a></td>
    </tr>

<tr id='pt83.1' class='hiddenRow'>
    <td class='none'><div class='testcase'>test_daibanshixiang: 鼠标移动到待办事项</div></td>
    <td colspan='5' align='center'>通过</td>
</tr>

    <tr class='passClass'>
        <td>a_gongquYewu_huadonganniu_sta.gongquYewuTest: 工区业务人员页面滑动按钮测试</td>
        <td>1</td>
        <td>1</td>
        <td>0</td>
        <td>0</td>
        <td><a href="javascript:showClassDetail('c84',1)">详情</a></td>
    </tr>

<tr id='pt84.1' class='hiddenRow'>
    <td class='none'><div class='testcase'>test_huadonganniu: 点击滑动按钮</div></td>
    <td colspan='5' align='center'>通过</td>
</tr>

    <tr class='passClass'>
        <td>a_gongquYewu_myoffice_login_sta.gongquYewuTest: 工区业务人员页面Logo点击测试</td>
        <td>1</td>
        <td>1</td>
        <td>0</td>
        <td>0</td>
        <td><a href="javascript:showClassDetail('c85',1)">详情</a></td>
    </tr>

<tr id='pt85.1' class='hiddenRow'>
    <td class='none'><div class='testcase'>test_logo: 点击Logo测试</div></td>
    <td colspan='5' align='center'>通过</td>
</tr>

    <tr class='passClass'>
        <td>a_gongquYewu_search_sta.gongquYewuTest: 工区业务人员搜索测试</td>
        <td>1</td>
        <td>1</td>
        <td>0</td>
        <td>0</td>
        <td><a href="javascript:showClassDetail('c86',1)">详情</a></td>
    </tr>

<tr id='pt86.1' class='hiddenRow'>
    <td class='none'><div class='testcase'>test_search: 点击搜索按钮</div></td>
    <td colspan='5' align='center'>通过</td>
</tr>

    <tr class='errorClass'>
        <td>a_gongquYewu_xioaxi_sta.gongquYewuTest: 工区业务人员-我的办公室-消息，测试</td>
        <td>1</td>
        <td>0</td>
        <td>0</td>
        <td>1</td>
        <td><a href="javascript:showClassDetail('c87',1)">详情</a></td>
    </tr>

<tr id='ft87.1' class='none'>
    <td class='errorCase'><div class='testcase'>test_xiaoxi: 点击消息按钮</div></td>
    <td colspan='5' align='center'>

    <!--css div popup start-->
    <a class="popup_link" onfocus='this.blur();' href="javascript:showTestDetail('div_ft87.1')" >
        错误</a>

    <div id='div_ft87.1' class="popup_window">
        <pre>
        ft87.1: Traceback (most recent call last):
  File "E:\TWOSC_autotest\TWOSC_autotest_web\testCase\a_gongquYewu_xioaxi_sta.py", line 17, in test_xiaoxi
    self.assertEqual(gongquYewuMyoffice(self.driver).gongquYewu_main_xiaoxi_succeed(), '消息', msg='点击消息测试失败！')
  File "E:\TWOSC_autotest\TWOSC_autotest_web\testCase\gongQuYeWuPage\gongQuYeWuPage.py", line 69, in gongquYewu_main_xiaoxi_succeed
    text = self.find_element(*self.xiaoXi_loc).text
  File "E:\TWOSC_autotest\TWOSC_autotest_web\base_page\base.py", line 20, in find_element
    return self.driver.find_element(*loc)
  File "D:\python\lib\site-packages\selenium\webdriver\remote\webdriver.py", line 843, in find_element
    'value': value})['value']
  File "D:\python\lib\site-packages\selenium\webdriver\remote\webdriver.py", line 308, in execute
    self.error_handler.check_response(response)
  File "D:\python\lib\site-packages\selenium\webdriver\remote\errorhandler.py", line 194, in check_response
    raise exception_class(message, screen, stacktrace)
selenium.common.exceptions.NoSuchElementException: Message: no such element: Unable to locate element: {"method":"link text","selector":"消息"}
  (Session info: chrome=58.0.3029.96)
  (Driver info: chromedriver=2.31.488763 (092de99f48a300323ecf8c2a4e2e7cab51de5ba8),platform=Windows NT 10.0.15063 x86_64)


        </pre>
    </div>
    <!--css div popup end-->

    </td>
</tr>

    <tr class='passClass'>
        <td>a_gongquYewu_xuanzegongqu_sta.gongquYewuTest: 工区业务人员-我的办公室-选择工区测试</td>
        <td>1</td>
        <td>1</td>
        <td>0</td>
        <td>0</td>
        <td><a href="javascript:showClassDetail('c88',1)">详情</a></td>
    </tr>

<tr id='pt88.1' class='hiddenRow'>
    <td class='none'><div class='testcase'>test_xuanzeGongqu: 切换工区测试</div></td>
    <td colspan='5' align='center'>通过</td>
</tr>

    <tr class='passClass'>
        <td>a_home_page_logo_main_sta.logoTest: 跑流程，首页logo点击测试</td>
        <td>1</td>
        <td>1</td>
        <td>0</td>
        <td>0</td>
        <td><a href="javascript:showClassDetail('c89',1)">详情</a></td>
    </tr>

<tr id='pt89.1' class='hiddenRow'>
    <td class='none'><div class='testcase'>test_logo</div></td>
    <td colspan='5' align='center'>通过</td>
</tr>

    <tr class='passClass'>
        <td>a_login_biaoduanwuzibuzhang_main_sta.loginTest: 跑流程，标段物资部长登陆测试</td>
        <td>1</td>
        <td>1</td>
        <td>0</td>
        <td>0</td>
        <td><a href="javascript:showClassDetail('c90',1)">详情</a></td>
    </tr>

<tr id='pt90.1' class='hiddenRow'>
    <td class='none'><div class='testcase'>test_login</div></td>
    <td colspan='5' align='center'>通过</td>
</tr>

    <tr class='passClass'>
        <td>a_login_biaoduanyewu_main_sta.loginTest: 跑流程，标段业务人员登陆测试</td>
        <td>1</td>
        <td>1</td>
        <td>0</td>
        <td>0</td>
        <td><a href="javascript:showClassDetail('c91',1)">详情</a></td>
    </tr>

<tr id='pt91.1' class='hiddenRow'>
    <td class='none'><div class='testcase'>test_login</div></td>
    <td colspan='5' align='center'>通过</td>
</tr>

    <tr class='passClass'>
        <td>a_login_fuwujigou_main_sta.loginTest: 跑流程，服务机构登陆测试</td>
        <td>1</td>
        <td>1</td>
        <td>0</td>
        <td>0</td>
        <td><a href="javascript:showClassDetail('c92',1)">详情</a></td>
    </tr>

<tr id='pt92.1' class='hiddenRow'>
    <td class='none'><div class='testcase'>test_login</div></td>
    <td colspan='5' align='center'>通过</td>
</tr>

    <tr class='passClass'>
        <td>a_login_gongqushiyan_main_sta.loginTest: 跑流程，工区实验人员登陆测试</td>
        <td>1</td>
        <td>1</td>
        <td>0</td>
        <td>0</td>
        <td><a href="javascript:showClassDetail('c93',1)">详情</a></td>
    </tr>

<tr id='pt93.1' class='hiddenRow'>
    <td class='none'><div class='testcase'>test_login</div></td>
    <td colspan='5' align='center'>通过</td>
</tr>

    <tr class='passClass'>
        <td>a_login_gongquwuzibuzhang_main_sta.loginTest: 跑流程，工区物资部长登陆测试</td>
        <td>1</td>
        <td>1</td>
        <td>0</td>
        <td>0</td>
        <td><a href="javascript:showClassDetail('c94',1)">详情</a></td>
    </tr>

<tr id='pt94.1' class='hiddenRow'>
    <td class='none'><div class='testcase'>test_login</div></td>
    <td colspan='5' align='center'>通过</td>
</tr>

    <tr class='passClass'>
        <td>a_login_gongquyanshou_main_sta.loginTest: 跑主流程，工区验收人员登陆测试</td>
        <td>1</td>
        <td>1</td>
        <td>0</td>
        <td>0</td>
        <td><a href="javascript:showClassDetail('c95',1)">详情</a></td>
    </tr>

<tr id='pt95.1' class='hiddenRow'>
    <td class='none'><div class='testcase'>test_login: 跑主流程,工区验收人员账号密码正确</div></td>
    <td colspan='5' align='center'>通过</td>
</tr>

    <tr class='passClass'>
        <td>a_login_gongquyewu_main_sta.loginTest:      跑主流程，工区业务人员登陆测试     </td>
        <td>1</td>
        <td>1</td>
        <td>0</td>
        <td>0</td>
        <td><a href="javascript:showClassDetail('c96',1)">详情</a></td>
    </tr>

<tr id='pt96.1' class='hiddenRow'>
    <td class='none'><div class='testcase'>test_login1: 跑主流程，工区业务人员用户名和密码正确</div></td>
    <td colspan='5' align='center'>通过</td>
</tr>

    <tr class='passClass'>
        <td>a_login_gongyingshang_main_sta.loginTest: 跑流程，供应商登陆测试</td>
        <td>1</td>
        <td>1</td>
        <td>0</td>
        <td>0</td>
        <td><a href="javascript:showClassDetail('c97',1)">详情</a></td>
    </tr>

<tr id='pt97.1' class='hiddenRow'>
    <td class='none'><div class='testcase'>test_login</div></td>
    <td colspan='5' align='center'>通过</td>
</tr>

    <tr class='passClass'>
        <td>a_login_jianlidanwei_main_sta.loginTest: 跑流程，监理单位登陆测试</td>
        <td>1</td>
        <td>1</td>
        <td>0</td>
        <td>0</td>
        <td><a href="javascript:showClassDetail('c98',1)">详情</a></td>
    </tr>

<tr id='pt98.1' class='hiddenRow'>
    <td class='none'><div class='testcase'>test_login</div></td>
    <td colspan='5' align='center'>通过</td>
</tr>

    <tr class='passClass'>
        <td>a_login_wuzishebeibu_main_sta.loginTest: 跑流程，物资设备部登陆测试</td>
        <td>1</td>
        <td>1</td>
        <td>0</td>
        <td>0</td>
        <td><a href="javascript:showClassDetail('c99',1)">详情</a></td>
    </tr>

<tr id='pt99.1' class='hiddenRow'>
    <td class='none'><div class='testcase'>test_login</div></td>
    <td colspan='5' align='center'>通过</td>
</tr>

    <tr class='passClass'>
        <td>a_login_zhihuibucaiwu_main_sta.loginTest: 跑流程，指挥部财务人员登陆测试</td>
        <td>1</td>
        <td>1</td>
        <td>0</td>
        <td>0</td>
        <td><a href="javascript:showClassDetail('c100',1)">详情</a></td>
    </tr>

<tr id='pt100.1' class='hiddenRow'>
    <td class='none'><div class='testcase'>test_login</div></td>
    <td colspan='5' align='center'>通过</td>
</tr>

    <tr class='passClass'>
        <td>a_login_zhihuibuyewu_main_sta.loginTest: 跑流程，指挥部业务人员登陆测试！</td>
        <td>1</td>
        <td>1</td>
        <td>0</td>
        <td>0</td>
        <td><a href="javascript:showClassDetail('c101',1)">详情</a></td>
    </tr>

<tr id='pt101.1' class='hiddenRow'>
    <td class='none'><div class='testcase'>test_login</div></td>
    <td colspan='5' align='center'>通过</td>
</tr>

    <tr class='failClass'>
        <td>b_001_hetong_001_sta.fuwuJigouTest: 甲供-合同-服务机构-筛选区测试</td>
        <td>12</td>
        <td>8</td>
        <td>4</td>
        <td>0</td>
        <td><a href="javascript:showClassDetail('c102',12)">详情</a></td>
    </tr>

<tr id='ft102.1' class='none'>
    <td class='failCase'><div class='testcase'>test_heTong_01: 合同编号搜索</div></td>
    <td colspan='5' align='center'>

    <!--css div popup start-->
    <a class="popup_link" onfocus='this.blur();' href="javascript:showTestDetail('div_ft102.1')" >
        失败</a>

    <div id='div_ft102.1' class="popup_window">
        <pre>
        ft102.1: Traceback (most recent call last):
  File "E:\TWOSC_autotest\TWOSC_autotest_web\testCase\b_001_hetong_001_sta.py", line 28, in test_heTong_01
    self.assertEqual(text, '1111121')
AssertionError: '20171122-修改' != '1111121'
- 20171122-修改
+ 1111121


        </pre>
    </div>
    <!--css div popup end-->

    </td>
</tr>

<tr id='pt102.2' class='hiddenRow'>
    <td class='none'><div class='testcase'>test_heTong_02: 合同名称搜索</div></td>
    <td colspan='5' align='center'>通过</td>
</tr>

<tr id='pt102.3' class='hiddenRow'>
    <td class='none'><div class='testcase'>test_heTong_03: 合同类型搜索-补充合同</div></td>
    <td colspan='5' align='center'>通过</td>
</tr>

<tr id='pt102.4' class='hiddenRow'>
    <td class='none'><div class='testcase'>test_heTong_04: 合同类型搜索-补充协议</div></td>
    <td colspan='5' align='center'>通过</td>
</tr>

<tr id='pt102.5' class='hiddenRow'>
    <td class='none'><div class='testcase'>test_heTong_05: 合同类型搜索-调剂合同</div></td>
    <td colspan='5' align='center'>通过</td>
</tr>

<tr id='pt102.6' class='hiddenRow'>
    <td class='none'><div class='testcase'>test_heTong_06: 合同类型搜索-其他</div></td>
    <td colspan='5' align='center'>通过</td>
</tr>

<tr id='ft102.7' class='none'>
    <td class='failCase'><div class='testcase'>test_heTong_07: 合同类型搜索-原始合同</div></td>
    <td colspan='5' align='center'>

    <!--css div popup start-->
    <a class="popup_link" onfocus='this.blur();' href="javascript:showTestDetail('div_ft102.7')" >
        失败</a>

    <div id='div_ft102.7' class="popup_window">
        <pre>
        ft102.7: Traceback (most recent call last):
  File "E:\TWOSC_autotest\TWOSC_autotest_web\testCase\b_001_hetong_001_sta.py", line 138, in test_heTong_07
    self.assertEqual(text, '12412414')
AssertionError: '20171122-修改' != '12412414'
- 20171122-修改
+ 12412414


        </pre>
    </div>
    <!--css div popup end-->

    </td>
</tr>

<tr id='pt102.8' class='hiddenRow'>
    <td class='none'><div class='testcase'>test_heTong_08: 供应商搜索</div></td>
    <td colspan='5' align='center'>通过</td>
</tr>

<tr id='pt102.9' class='hiddenRow'>
    <td class='none'><div class='testcase'>test_heTong_09: 创建日期搜索</div></td>
    <td colspan='5' align='center'>通过</td>
</tr>

<tr id='ft102.10' class='none'>
    <td class='failCase'><div class='testcase'>test_heTong_10: 测试翻页-最后一页</div></td>
    <td colspan='5' align='center'>

    <!--css div popup start-->
    <a class="popup_link" onfocus='this.blur();' href="javascript:showTestDetail('div_ft102.10')" >
        失败</a>

    <div id='div_ft102.10' class="popup_window">
        <pre>
        ft102.10: Traceback (most recent call last):
  File "E:\TWOSC_autotest\TWOSC_autotest_web\testCase\b_001_hetong_001_sta.py", line 192, in test_heTong_10
    self.assertEqual(text, '后台测试')
AssertionError: '家里测试' != '后台测试'
- 家里测试
+ 后台测试


        </pre>
    </div>
    <!--css div popup end-->

    </td>
</tr>

<tr id='ft102.11' class='none'>
    <td class='failCase'><div class='testcase'>test_heTong_11: 测试翻页-第一页</div></td>
    <td colspan='5' align='center'>

    <!--css div popup start-->
    <a class="popup_link" onfocus='this.blur();' href="javascript:showTestDetail('div_ft102.11')" >
        失败</a>

    <div id='div_ft102.11' class="popup_window">
        <pre>
        ft102.11: Traceback (most recent call last):
  File "E:\TWOSC_autotest\TWOSC_autotest_web\testCase\b_001_hetong_001_sta.py", line 209, in test_heTong_11
    self.assertEqual(text, '12412414')
AssertionError: '20171122-修改' != '12412414'
- 20171122-修改
+ 12412414


        </pre>
    </div>
    <!--css div popup end-->

    </td>
</tr>

<tr id='pt102.12' class='hiddenRow'>
    <td class='none'><div class='testcase'>test_heTong_12: 测试删除</div></td>
    <td colspan='5' align='center'>通过</td>
</tr>

    <tr class='errorClass'>
        <td>b_002_hetong_002_sta.fuwuJigouTest: 测试服务机构-甲供-创建合同</td>
        <td>6</td>
        <td>4</td>
        <td>1</td>
        <td>1</td>
        <td><a href="javascript:showClassDetail('c103',6)">详情</a></td>
    </tr>

<tr id='pt103.1' class='hiddenRow'>
    <td class='none'><div class='testcase'>test_heTong_03: 添加物资页面-物资编码搜索</div></td>
    <td colspan='5' align='center'>通过</td>
</tr>

<tr id='pt103.2' class='hiddenRow'>
    <td class='none'><div class='testcase'>test_heTong_04: 添加物资页-物资设备名称搜索</div></td>
    <td colspan='5' align='center'>通过</td>
</tr>

<tr id='pt103.3' class='hiddenRow'>
    <td class='none'><div class='testcase'>test_heTong_05: 添加物资页-规格型号搜索</div></td>
    <td colspan='5' align='center'>通过</td>
</tr>

<tr id='ft103.4' class='none'>
    <td class='errorCase'><div class='testcase'>test_heTong_06: 物资设备页-技术要求搜索</div></td>
    <td colspan='5' align='center'>

    <!--css div popup start-->
    <a class="popup_link" onfocus='this.blur();' href="javascript:showTestDetail('div_ft103.4')" >
        错误</a>

    <div id='div_ft103.4' class="popup_window">
        <pre>
        ft103.4: Traceback (most recent call last):
  File "E:\TWOSC_autotest\TWOSC_autotest_web\testCase\b_002_hetong_002_sta.py", line 169, in test_heTong_06
    self.driver.find_element(By.CSS_SELECTOR, 'a[onclick="contractGoodsAdd();"]').click()
  File "D:\python\lib\site-packages\selenium\webdriver\remote\webdriver.py", line 843, in find_element
    'value': value})['value']
  File "D:\python\lib\site-packages\selenium\webdriver\remote\webdriver.py", line 308, in execute
    self.error_handler.check_response(response)
  File "D:\python\lib\site-packages\selenium\webdriver\remote\errorhandler.py", line 194, in check_response
    raise exception_class(message, screen, stacktrace)
selenium.common.exceptions.NoSuchElementException: Message: no such element: Unable to locate element: {"method":"css selector","selector":"a[onclick="contractGoodsAdd();"]"}
  (Session info: chrome=58.0.3029.96)
  (Driver info: chromedriver=2.31.488763 (092de99f48a300323ecf8c2a4e2e7cab51de5ba8),platform=Windows NT 10.0.15063 x86_64)


        </pre>
    </div>
    <!--css div popup end-->

    </td>
</tr>

<tr id='pt103.5' class='hiddenRow'>
    <td class='none'><div class='testcase'>test_heTong_07: 添加物资到备选单-删除备选单</div></td>
    <td colspan='5' align='center'>通过</td>
</tr>

<tr id='ft103.6' class='none'>
    <td class='failCase'><div class='testcase'>test_heTong_08: 添加物资成功</div></td>
    <td colspan='5' align='center'>

    <!--css div popup start-->
    <a class="popup_link" onfocus='this.blur();' href="javascript:showTestDetail('div_ft103.6')" >
        失败</a>

    <div id='div_ft103.6' class="popup_window">
        <pre>
        ft103.6: Traceback (most recent call last):
  File "E:\TWOSC_autotest\TWOSC_autotest_web\testCase\b_002_hetong_002_sta.py", line 235, in test_heTong_08
    self.assertTrue(text)
AssertionError: None is not true

        </pre>
    </div>
    <!--css div popup end-->

    </td>
</tr>

        <tr id='total_row'>
            <td>总计</td>
            <td>206</td>
            <td>131</td>
            <td>17</td>
            <td>58</td>
            <td>&nbsp;</td>
        </tr>
    </table>

        <div id='ending'>&nbsp;</div>
        
    <script type="text/javascript">
        // 基于准备好的dom，初始化echarts实例
        var myChart = echarts.init(document.getElementById('chart'));

        // 指定图表的配置项和数据
        var option = {
            title : {
                text: '测试执行情况',
                x:'center'
            },
            tooltip : {
                trigger: 'item',
                formatter: "{a} <br/>{b} : {c} ({d}%)"
            },
            legend: {
                orient: 'vertical',
                left: 'left',
                data: ['通过','失败','错误']
            },
            series : [
                {
                    name: '测试执行情况',
                    type: 'pie',
                    radius : '60%',
                    center: ['50%', '60%'],
                    data:[
                        {value:131, name:'通过'},
                        {value:17, name:'失败'},
                        {value:58, name:'错误'}
                    ],
                    itemStyle: {
                        emphasis: {
                            shadowBlur: 10,
                            shadowOffsetX: 0,
                            shadowColor: 'rgba(0, 0, 0, 0.5)'
                        }
                    }
                }
            ]
        };

        // 使用刚指定的配置项和数据显示图表。
        myChart.setOption(option);
    </script>
    
    </div>
</body>
</html>
