<?xml version="1.0" encoding="UTF-8"?>
<!DOCTYPE html PUBLIC "-//W3C//DTD XHTML 1.0 Strict//EN" "http://www.w3.org/TR/xhtml1/DTD/xhtml1-strict.dtd">
<html xmlns="http://www.w3.org/1999/xhtml">
<head>
    <title>智慧供应链自动化测试</title>
    <meta name="generator" content="HTMLTestRunner 0.9.1"/>
    <meta http-equiv="Content-Type" content="text/html; charset=UTF-8"/>
    
<style type="text/css" media="screen">
    body        { font-family: verdana, arial, helvetica, sans-serif; font-size: 80%; }
    table       { font-size: 100%; }
    pre         { white-space: pre-wrap;word-wrap: break-word; }

    /* -- heading ---------------------------------------------------------------------- */
    h1 {
        font-size: 16pt;
        color: gray;
    }
    .heading {
        margin-top: 0ex;
        margin-bottom: 1ex;
    }

    .heading .attribute {
        margin-top: 1ex;
        margin-bottom: 0;
    }

    .heading .description {
        margin-top: 2ex;
        margin-bottom: 3ex;
    }

    /* -- css div popup ------------------------------------------------------------------------ */
    a.popup_link {
    }

    a.popup_link:hover {
        color: red;
    }

    .popup_window {
        display: none;
        position: relative;
        left: 0px;
        top: 0px;
        /*border: solid #627173 1px; */
        padding: 10px;
        /*background-color: #E6E6D6; */
        font-family: "Lucida Console", "Courier New", Courier, monospace;
        text-align: left;
        font-size: 8pt;
        /* width: 500px;*/
    }

    }
    /* -- report ------------------------------------------------------------------------ */
    #show_detail_line {
        margin-top: 3ex;
        margin-bottom: 1ex;
    }
    #result_table {
        width: 99%;
    }
    #header_row {
        font-weight: bold;
        color: #303641;
        background-color: #ebebeb;
    }
    #total_row  { font-weight: bold; }
    .passClass  { background-color: #bdedbc; }
    .failClass  { background-color: #ffefa4; }
    .errorClass { background-color: #ffc9c9; }
    .passCase   { color: #6c6; }
    .failCase   { color: #FF6600; font-weight: bold; }
    .errorCase  { color: #c00; font-weight: bold; }
    .hiddenRow  { display: none; }
    .testcase   { margin-left: 2em; }


    /* -- ending ---------------------------------------------------------------------- */
    #ending {
    }

    #div_base {
                position:absolute;
                top:0%;
                left:5%;
                right:5%;
                width: auto;
                height: auto;
                margin: -15px 0 0 0;
    }
</style>

    <link href="http://cdn.bootcss.com/bootstrap/3.3.0/css/bootstrap.min.css" rel="stylesheet">
    <script type="text/javascript" src="js/echarts.common.min.js"></script>
</head>
<body>
    <script language="javascript" type="text/javascript"><!--
    output_list = Array();

    /* level - 0:Summary; 1:Failed; 2:All */
    function showCase(level) {
        trs = document.getElementsByTagName("tr");
        for (var i = 0; i < trs.length; i++) {
            tr = trs[i];
            id = tr.id;
            if (id.substr(0,2) == 'ft') {
                if (level < 1) {
                    tr.className = 'hiddenRow';
                }
                else {
                    tr.className = '';
                }
            }
            if (id.substr(0,2) == 'pt') {
                if (level > 1) {
                    tr.className = '';
                }
                else {
                    tr.className = 'hiddenRow';
                }
            }
        }
    }


    function showClassDetail(cid, count) {
        var id_list = Array(count);
        var toHide = 1;
        for (var i = 0; i < count; i++) {
            tid0 = 't' + cid.substr(1) + '.' + (i+1);
            tid = 'f' + tid0;
            tr = document.getElementById(tid);
            if (!tr) {
                tid = 'p' + tid0;
                tr = document.getElementById(tid);
            }
            id_list[i] = tid;
            if (tr.className) {
                toHide = 0;
            }
        }
        for (var i = 0; i < count; i++) {
            tid = id_list[i];
            if (toHide) {
                document.getElementById('div_'+tid).style.display = 'none'
                document.getElementById(tid).className = 'hiddenRow';
            }
            else {
                document.getElementById(tid).className = '';
            }
        }
    }


    function showTestDetail(div_id){
        var details_div = document.getElementById(div_id)
        var displayState = details_div.style.display
        // alert(displayState)
        if (displayState != 'block' ) {
            displayState = 'block'
            details_div.style.display = 'block'
        }
        else {
            details_div.style.display = 'none'
        }
    }


    function html_escape(s) {
        s = s.replace(/&/g,'&amp;');
        s = s.replace(/</g,'&lt;');
        s = s.replace(/>/g,'&gt;');
        return s;
    }

    /* obsoleted by detail in <div>
    function showOutput(id, name) {
        var w = window.open("", //url
                        name,
                        "resizable,scrollbars,status,width=800,height=450");
        d = w.document;
        d.write("<pre>");
        d.write(html_escape(output_list[id]));
        d.write("\n");
        d.write("<a href='javascript:window.close()'>close</a>\n");
        d.write("</pre>\n");
        d.close();
    }
    */
    --></script>

    <div id="div_base">
        
    <div class='page-header'>
        <h1>智慧供应链自动化测试</h1>
    <p class='attribute'><strong>开始时间:</strong> 2017-12-27 11:22:06</p>
<p class='attribute'><strong>运行时长:</strong> 0:34:29.950485</p>
<p class='attribute'><strong>状态:</strong> 通过 12 失败 4 错误 53</p>

    </div>
    <div style="float: left;width:50%;"><p class='description'>环境：win10 浏览器：chrome</p></div>
    <div id="chart" style="width:50%;height:400px;float:left;"></div>

        
    <div class="btn-group btn-group-sm">
        <button class="btn btn-default" onclick='javascript:showCase(0)'>总结</button>
        <button class="btn btn-default" onclick='javascript:showCase(1)'>失败</button>
        <button class="btn btn-default" onclick='javascript:showCase(2)'>全部</button>
    </div>
    <p></p>
    <table id='result_table' class="table table-bordered">
        <colgroup>
            <col align='left' />
            <col align='right' />
            <col align='right' />
            <col align='right' />
            <col align='right' />
            <col align='right' />
        </colgroup>
        <tr id='header_row'>
            <td>测试套件/测试用例</td>
            <td>总数</td>
            <td>通过</td>
            <td>失败</td>
            <td>错误</td>
            <td>查看</td>
        </tr>
        
    <tr class='passClass'>
        <td>b_000_zongxuqiujihua_jiagong_sta.delet_xuqiujihua: 删除甲供总需求计划</td>
        <td>1</td>
        <td>1</td>
        <td>0</td>
        <td>0</td>
        <td><a href="javascript:showClassDetail('c1',1)">详情</a></td>
    </tr>

<tr id='pt1.1' class='hiddenRow'>
    <td class='none'><div class='testcase'>test_a_shanchuxuqiujihua</div></td>
    <td colspan='5' align='center'>

    <!--css div popup start-->
    <a class="popup_link" onfocus='this.blur();' href="javascript:showTestDetail('div_pt1.1')" >
        通过</a>

    <div id='div_pt1.1' class="popup_window">
        <pre>
        pt1.1: 94297131133001

        </pre>
    </div>
    <!--css div popup end-->

    </td>
</tr>

    <tr class='passClass'>
        <td>b_001_zongxuqiujihua_jiagong_sta.gongquYewuTest: 工区业务人员-我的办公室-甲供-创建总/年度需求计划</td>
        <td>1</td>
        <td>1</td>
        <td>0</td>
        <td>0</td>
        <td><a href="javascript:showClassDetail('c2',1)">详情</a></td>
    </tr>

<tr id='pt2.1' class='hiddenRow'>
    <td class='none'><div class='testcase'>test_chuangjianxuqiujihua: 点击创建新计划</div></td>
    <td colspan='5' align='center'>通过</td>
</tr>

    <tr class='passClass'>
        <td>b_002_zongxuqiujihua_jiagong_sta.gongquYewuTest: 工区业务人员-我的办公室-甲供-创建需求计划</td>
        <td>1</td>
        <td>1</td>
        <td>0</td>
        <td>0</td>
        <td><a href="javascript:showClassDetail('c3',1)">详情</a></td>
    </tr>

<tr id='pt3.1' class='hiddenRow'>
    <td class='none'><div class='testcase'>test_chuangjianxuqiujihua: 创建需求计划2-进入计划页面</div></td>
    <td colspan='5' align='center'>通过</td>
</tr>

    <tr class='passClass'>
        <td>b_003_zongxuqiujihua_jiagong_sta.gongquYewuTest: 工区业务人员-我的办公室-甲供-创建总需求计划-填写计划页面资料</td>
        <td>1</td>
        <td>1</td>
        <td>0</td>
        <td>0</td>
        <td><a href="javascript:showClassDetail('c4',1)">详情</a></td>
    </tr>

<tr id='pt4.1' class='hiddenRow'>
    <td class='none'><div class='testcase'>test_chuangjianxuqiujihua: 测试添加物资-添加到备选单</div></td>
    <td colspan='5' align='center'>通过</td>
</tr>

    <tr class='errorClass'>
        <td>b_004_zongxuqiujihua_jiagong_sta.gongquYewuTest: 工区业务人员-我的办公室-甲供-创建总需求计划-搜索添加物资</td>
        <td>1</td>
        <td>0</td>
        <td>0</td>
        <td>1</td>
        <td><a href="javascript:showClassDetail('c5',1)">详情</a></td>
    </tr>

<tr id='ft5.1' class='none'>
    <td class='errorCase'><div class='testcase'>test_chuangjianxuqiu: 测试搜索条件添加物资</div></td>
    <td colspan='5' align='center'>

    <!--css div popup start-->
    <a class="popup_link" onfocus='this.blur();' href="javascript:showTestDetail('div_ft5.1')" >
        错误</a>

    <div id='div_ft5.1' class="popup_window">
        <pre>
        ft5.1: Traceback (most recent call last):
  File "E:\TWOSC_autotest\TWOSC_autotest_web\testCase\b_004_zongxuqiujihua_jiagong_sta.py", line 50, in test_chuangjianxuqiu
    self.driver.find_element(By.LINK_TEXT, '确认添加').click()  # 点击确认添加
  File "D:\python\lib\site-packages\selenium\webdriver\remote\webelement.py", line 80, in click
    self._execute(Command.CLICK_ELEMENT)
  File "D:\python\lib\site-packages\selenium\webdriver\remote\webelement.py", line 501, in _execute
    return self._parent.execute(command, params)
  File "D:\python\lib\site-packages\selenium\webdriver\remote\webdriver.py", line 308, in execute
    self.error_handler.check_response(response)
  File "D:\python\lib\site-packages\selenium\webdriver\remote\errorhandler.py", line 194, in check_response
    raise exception_class(message, screen, stacktrace)
selenium.common.exceptions.WebDriverException: Message: unknown error: Element &lt;a class="btn btn-primary" onclick="confirmAddMaterial();"&gt;...&lt;/a&gt; is not clickable at point (717, 645). Other element would receive the click: &lt;div id="popup_overlay" style="position: absolute; z-index: 99998; top: 0px; left: 0px; width: 100%; height: 1090px; background: rgb(0, 0, 0); opacity: 0.3;"&gt;&lt;/div&gt;
  (Session info: chrome=58.0.3029.96)
  (Driver info: chromedriver=2.31.488763 (092de99f48a300323ecf8c2a4e2e7cab51de5ba8),platform=Windows NT 10.0.15063 x86_64)


        </pre>
    </div>
    <!--css div popup end-->

    </td>
</tr>

    <tr class='passClass'>
        <td>b_005_zongxuqiujihua_jiagong_sta.gongquYewu_test: 工区业务人员-我的办公室-甲供-创建需求计划-计划详情页</td>
        <td>1</td>
        <td>1</td>
        <td>0</td>
        <td>0</td>
        <td><a href="javascript:showClassDetail('c6',1)">详情</a></td>
    </tr>

<tr id='pt6.1' class='hiddenRow'>
    <td class='none'><div class='testcase'>test_chuangjianxuqiujihua: 计划详情页的备选单搜索功能和下载导入功能</div></td>
    <td colspan='5' align='center'>通过</td>
</tr>

    <tr class='errorClass'>
        <td>b_006_zongxuqiujihua_jiagong_sta.gongquYewuTest: 工区业务人员-我的办公室-甲供-创建总/年度需求计划-选择物资-删除备选单物资</td>
        <td>1</td>
        <td>0</td>
        <td>0</td>
        <td>1</td>
        <td><a href="javascript:showClassDetail('c7',1)">详情</a></td>
    </tr>

<tr id='ft7.1' class='none'>
    <td class='errorCase'><div class='testcase'>test_chuangjianxuqiu: 测试选择物资页面删除物资</div></td>
    <td colspan='5' align='center'>

    <!--css div popup start-->
    <a class="popup_link" onfocus='this.blur();' href="javascript:showTestDetail('div_ft7.1')" >
        错误</a>

    <div id='div_ft7.1' class="popup_window">
        <pre>
        ft7.1: Traceback (most recent call last):
  File "E:\TWOSC_autotest\TWOSC_autotest_web\testCase\b_006_zongxuqiujihua_jiagong_sta.py", line 27, in test_chuangjianxuqiu
    self.driver.find_element(By.CSS_SELECTOR, 'body &gt; div.wrapper &gt; div:nth-child(5) &gt; div &gt; div &gt; div.box-body &gt; div:nth-child(8) &gt; div.fixed-table-container &gt; div.fixed-table-pagination &gt; div.pull-left.pagination-detail &gt; span.page-list &gt; span &gt; button').click()
  File "D:\python\lib\site-packages\selenium\webdriver\remote\webdriver.py", line 843, in find_element
    'value': value})['value']
  File "D:\python\lib\site-packages\selenium\webdriver\remote\webdriver.py", line 308, in execute
    self.error_handler.check_response(response)
  File "D:\python\lib\site-packages\selenium\webdriver\remote\errorhandler.py", line 194, in check_response
    raise exception_class(message, screen, stacktrace)
selenium.common.exceptions.NoSuchElementException: Message: no such element: Unable to locate element: {"method":"css selector","selector":"body &gt; div.wrapper &gt; div:nth-child(5) &gt; div &gt; div &gt; div.box-body &gt; div:nth-child(8) &gt; div.fixed-table-container &gt; div.fixed-table-pagination &gt; div.pull-left.pagination-detail &gt; span.page-list &gt; span &gt; button"}
  (Session info: chrome=58.0.3029.96)
  (Driver info: chromedriver=2.31.488763 (092de99f48a300323ecf8c2a4e2e7cab51de5ba8),platform=Windows NT 10.0.15063 x86_64)


        </pre>
    </div>
    <!--css div popup end-->

    </td>
</tr>

    <tr class='failClass'>
        <td>b_007_zongxuqiujihua_jiagong_sta.gongquYewuTest: 工区业务人员-我的办公室-甲供-创建总需求计划-修改物资参数</td>
        <td>1</td>
        <td>0</td>
        <td>1</td>
        <td>0</td>
        <td><a href="javascript:showClassDetail('c8',1)">详情</a></td>
    </tr>

<tr id='ft8.1' class='none'>
    <td class='failCase'><div class='testcase'>test_gongquYewu</div></td>
    <td colspan='5' align='center'>

    <!--css div popup start-->
    <a class="popup_link" onfocus='this.blur();' href="javascript:showTestDetail('div_ft8.1')" >
        失败</a>

    <div id='div_ft8.1' class="popup_window">
        <pre>
        ft8.1: Traceback (most recent call last):
  File "E:\TWOSC_autotest\TWOSC_autotest_web\testCase\b_007_zongxuqiujihua_jiagong_sta.py", line 132, in test_gongquYewu
    self.assertEqual(text, '工区试验人员    (当前)')
AssertionError: '工区业务人员    (当前)' != '工区试验人员    (当前)'
- 工区业务人员    (当前)
?   ^^
+ 工区试验人员    (当前)
?   ^^


        </pre>
    </div>
    <!--css div popup end-->

    </td>
</tr>

    <tr class='errorClass'>
        <td>b_008_zongxuqiujihua_jiagong_sta.gongquShiyanTest: 测试总需求计划-甲供-工区实验人员审批</td>
        <td>1</td>
        <td>0</td>
        <td>0</td>
        <td>1</td>
        <td><a href="javascript:showClassDetail('c9',1)">详情</a></td>
    </tr>

<tr id='ft9.1' class='none'>
    <td class='errorCase'><div class='testcase'>test_gongquShiyan: 测总需求计划-甲供-工区实验人员-指派</div></td>
    <td colspan='5' align='center'>

    <!--css div popup start-->
    <a class="popup_link" onfocus='this.blur();' href="javascript:showTestDetail('div_ft9.1')" >
        错误</a>

    <div id='div_ft9.1' class="popup_window">
        <pre>
        ft9.1: Traceback (most recent call last):
  File "E:\TWOSC_autotest\TWOSC_autotest_web\testCase\b_008_zongxuqiujihua_jiagong_sta.py", line 20, in test_gongquShiyan
    self.driver.find_element(By.CSS_SELECTOR, '#workItemList &gt; li &gt; div:nth-child(2) &gt; a').click()  # 点击需要审批的计划
  File "D:\python\lib\site-packages\selenium\webdriver\remote\webdriver.py", line 843, in find_element
    'value': value})['value']
  File "D:\python\lib\site-packages\selenium\webdriver\remote\webdriver.py", line 308, in execute
    self.error_handler.check_response(response)
  File "D:\python\lib\site-packages\selenium\webdriver\remote\errorhandler.py", line 194, in check_response
    raise exception_class(message, screen, stacktrace)
selenium.common.exceptions.NoSuchElementException: Message: no such element: Unable to locate element: {"method":"css selector","selector":"#workItemList &gt; li &gt; div:nth-child(2) &gt; a"}
  (Session info: chrome=58.0.3029.96)
  (Driver info: chromedriver=2.31.488763 (092de99f48a300323ecf8c2a4e2e7cab51de5ba8),platform=Windows NT 10.0.15063 x86_64)


        </pre>
    </div>
    <!--css div popup end-->

    </td>
</tr>

    <tr class='errorClass'>
        <td>b_009_zongxuqiujihua_jiagong_sta.fuwuJigouTest: 测试总需求计划-甲供-服务机构-审批</td>
        <td>1</td>
        <td>0</td>
        <td>0</td>
        <td>1</td>
        <td><a href="javascript:showClassDetail('c10',1)">详情</a></td>
    </tr>

<tr id='ft10.1' class='none'>
    <td class='errorCase'><div class='testcase'>test_fuwuJigou: 测试被指派-审批驳回</div></td>
    <td colspan='5' align='center'>

    <!--css div popup start-->
    <a class="popup_link" onfocus='this.blur();' href="javascript:showTestDetail('div_ft10.1')" >
        错误</a>

    <div id='div_ft10.1' class="popup_window">
        <pre>
        ft10.1: Traceback (most recent call last):
  File "E:\TWOSC_autotest\TWOSC_autotest_web\testCase\b_009_zongxuqiujihua_jiagong_sta.py", line 22, in test_fuwuJigou
    self.driver.find_element(By.CSS_SELECTOR, 'input[value="驳回"]').click()  # 勾选驳回
  File "D:\python\lib\site-packages\selenium\webdriver\remote\webdriver.py", line 843, in find_element
    'value': value})['value']
  File "D:\python\lib\site-packages\selenium\webdriver\remote\webdriver.py", line 308, in execute
    self.error_handler.check_response(response)
  File "D:\python\lib\site-packages\selenium\webdriver\remote\errorhandler.py", line 194, in check_response
    raise exception_class(message, screen, stacktrace)
selenium.common.exceptions.NoSuchElementException: Message: no such element: Unable to locate element: {"method":"css selector","selector":"input[value="驳回"]"}
  (Session info: chrome=58.0.3029.96)
  (Driver info: chromedriver=2.31.488763 (092de99f48a300323ecf8c2a4e2e7cab51de5ba8),platform=Windows NT 10.0.15063 x86_64)


        </pre>
    </div>
    <!--css div popup end-->

    </td>
</tr>

    <tr class='failClass'>
        <td>b_010_zongxuqiujihua_jiagong_010_sta.gongquYewuTest: 工区业务人员-我的办公室-甲供-创建总需求计划-修改物资参数</td>
        <td>1</td>
        <td>0</td>
        <td>1</td>
        <td>0</td>
        <td><a href="javascript:showClassDetail('c11',1)">详情</a></td>
    </tr>

<tr id='ft11.1' class='none'>
    <td class='failCase'><div class='testcase'>test_gongquYewu</div></td>
    <td colspan='5' align='center'>

    <!--css div popup start-->
    <a class="popup_link" onfocus='this.blur();' href="javascript:showTestDetail('div_ft11.1')" >
        失败</a>

    <div id='div_ft11.1' class="popup_window">
        <pre>
        ft11.1: Traceback (most recent call last):
  File "E:\TWOSC_autotest\TWOSC_autotest_web\testCase\b_010_zongxuqiujihua_jiagong_010_sta.py", line 105, in test_gongquYewu
    self.assertEqual(text, '工区物资部长    (当前)')
AssertionError: '工区业务人员    (当前)' != '工区物资部长    (当前)'
- 工区业务人员    (当前)
+ 工区物资部长    (当前)


        </pre>
    </div>
    <!--css div popup end-->

    </td>
</tr>

    <tr class='errorClass'>
        <td>b_011_zongxuqiujihua_jiagong_011_gongquBuzhang_sta.gongquBuzhangTest: 工区物资部长-我的办公室-审批甲供总需求计划</td>
        <td>7</td>
        <td>0</td>
        <td>0</td>
        <td>7</td>
        <td><a href="javascript:showClassDetail('c12',7)">详情</a></td>
    </tr>

<tr id='ft12.1' class='none'>
    <td class='errorCase'><div class='testcase'>test_gongquBuzhang_01: 物资部长我的办公室-测试进入总需求详情页</div></td>
    <td colspan='5' align='center'>

    <!--css div popup start-->
    <a class="popup_link" onfocus='this.blur();' href="javascript:showTestDetail('div_ft12.1')" >
        错误</a>

    <div id='div_ft12.1' class="popup_window">
        <pre>
        ft12.1: Traceback (most recent call last):
  File "E:\TWOSC_autotest\TWOSC_autotest_web\testCase\b_011_zongxuqiujihua_jiagong_011_gongquBuzhang_sta.py", line 25, in test_gongquBuzhang_01
    text = self.driver.find_element(By.CSS_SELECTOR, 'body &gt; div.wrapper &gt; div:nth-child(5) &gt; div &gt; div &gt; div.box-body &gt; div.text-center &gt; h4').text
  File "D:\python\lib\site-packages\selenium\webdriver\remote\webdriver.py", line 843, in find_element
    'value': value})['value']
  File "D:\python\lib\site-packages\selenium\webdriver\remote\webdriver.py", line 308, in execute
    self.error_handler.check_response(response)
  File "D:\python\lib\site-packages\selenium\webdriver\remote\errorhandler.py", line 194, in check_response
    raise exception_class(message, screen, stacktrace)
selenium.common.exceptions.NoSuchElementException: Message: no such element: Unable to locate element: {"method":"css selector","selector":"body &gt; div.wrapper &gt; div:nth-child(5) &gt; div &gt; div &gt; div.box-body &gt; div.text-center &gt; h4"}
  (Session info: chrome=58.0.3029.96)
  (Driver info: chromedriver=2.31.488763 (092de99f48a300323ecf8c2a4e2e7cab51de5ba8),platform=Windows NT 10.0.15063 x86_64)


        </pre>
    </div>
    <!--css div popup end-->

    </td>
</tr>

<tr id='ft12.2' class='none'>
    <td class='errorCase'><div class='testcase'>test_gongquBuzhang_02: 测试总需求详情页搜索选项-名称搜索</div></td>
    <td colspan='5' align='center'>

    <!--css div popup start-->
    <a class="popup_link" onfocus='this.blur();' href="javascript:showTestDetail('div_ft12.2')" >
        错误</a>

    <div id='div_ft12.2' class="popup_window">
        <pre>
        ft12.2: Traceback (most recent call last):
  File "E:\TWOSC_autotest\TWOSC_autotest_web\testCase\b_011_zongxuqiujihua_jiagong_011_gongquBuzhang_sta.py", line 40, in test_gongquBuzhang_02
    self.driver.find_element(By.CSS_SELECTOR, '#searchMaterialParams').send_keys('60kg')  # 输入规格型号搜索
  File "D:\python\lib\site-packages\selenium\webdriver\remote\webdriver.py", line 843, in find_element
    'value': value})['value']
  File "D:\python\lib\site-packages\selenium\webdriver\remote\webdriver.py", line 308, in execute
    self.error_handler.check_response(response)
  File "D:\python\lib\site-packages\selenium\webdriver\remote\errorhandler.py", line 194, in check_response
    raise exception_class(message, screen, stacktrace)
selenium.common.exceptions.NoSuchElementException: Message: no such element: Unable to locate element: {"method":"css selector","selector":"#searchMaterialParams"}
  (Session info: chrome=58.0.3029.96)
  (Driver info: chromedriver=2.31.488763 (092de99f48a300323ecf8c2a4e2e7cab51de5ba8),platform=Windows NT 10.0.15063 x86_64)


        </pre>
    </div>
    <!--css div popup end-->

    </td>
</tr>

<tr id='ft12.3' class='none'>
    <td class='errorCase'><div class='testcase'>test_gongquBuzhang_03: 测试总需求详情页搜索选项-规格搜索</div></td>
    <td colspan='5' align='center'>

    <!--css div popup start-->
    <a class="popup_link" onfocus='this.blur();' href="javascript:showTestDetail('div_ft12.3')" >
        错误</a>

    <div id='div_ft12.3' class="popup_window">
        <pre>
        ft12.3: Traceback (most recent call last):
  File "E:\TWOSC_autotest\TWOSC_autotest_web\testCase\b_011_zongxuqiujihua_jiagong_011_gongquBuzhang_sta.py", line 58, in test_gongquBuzhang_03
    self.driver.find_element(By.CSS_SELECTOR, '#searchMaterialParams').send_keys('100m')  # 输入规格型号搜索
  File "D:\python\lib\site-packages\selenium\webdriver\remote\webdriver.py", line 843, in find_element
    'value': value})['value']
  File "D:\python\lib\site-packages\selenium\webdriver\remote\webdriver.py", line 308, in execute
    self.error_handler.check_response(response)
  File "D:\python\lib\site-packages\selenium\webdriver\remote\errorhandler.py", line 194, in check_response
    raise exception_class(message, screen, stacktrace)
selenium.common.exceptions.NoSuchElementException: Message: no such element: Unable to locate element: {"method":"css selector","selector":"#searchMaterialParams"}
  (Session info: chrome=58.0.3029.96)
  (Driver info: chromedriver=2.31.488763 (092de99f48a300323ecf8c2a4e2e7cab51de5ba8),platform=Windows NT 10.0.15063 x86_64)


        </pre>
    </div>
    <!--css div popup end-->

    </td>
</tr>

<tr id='ft12.4' class='none'>
    <td class='errorCase'><div class='testcase'>test_gongquBuzhang_04: 测试总需求详情页-添加审批人员</div></td>
    <td colspan='5' align='center'>

    <!--css div popup start-->
    <a class="popup_link" onfocus='this.blur();' href="javascript:showTestDetail('div_ft12.4')" >
        错误</a>

    <div id='div_ft12.4' class="popup_window">
        <pre>
        ft12.4: Traceback (most recent call last):
  File "E:\TWOSC_autotest\TWOSC_autotest_web\testCase\b_011_zongxuqiujihua_jiagong_011_gongquBuzhang_sta.py", line 77, in test_gongquBuzhang_04
    self.driver.find_element(By.CSS_SELECTOR, '#addActor &gt; tr:nth-child(3) &gt; td.col-xs-10 &gt; a').click()  # 点击添加审批人员
  File "D:\python\lib\site-packages\selenium\webdriver\remote\webdriver.py", line 843, in find_element
    'value': value})['value']
  File "D:\python\lib\site-packages\selenium\webdriver\remote\webdriver.py", line 308, in execute
    self.error_handler.check_response(response)
  File "D:\python\lib\site-packages\selenium\webdriver\remote\errorhandler.py", line 194, in check_response
    raise exception_class(message, screen, stacktrace)
selenium.common.exceptions.NoSuchElementException: Message: no such element: Unable to locate element: {"method":"css selector","selector":"#addActor &gt; tr:nth-child(3) &gt; td.col-xs-10 &gt; a"}
  (Session info: chrome=58.0.3029.96)
  (Driver info: chromedriver=2.31.488763 (092de99f48a300323ecf8c2a4e2e7cab51de5ba8),platform=Windows NT 10.0.15063 x86_64)


        </pre>
    </div>
    <!--css div popup end-->

    </td>
</tr>

<tr id='ft12.5' class='none'>
    <td class='errorCase'><div class='testcase'>test_gongquBuzhang_05: 测试需求计划详情页-导出</div></td>
    <td colspan='5' align='center'>

    <!--css div popup start-->
    <a class="popup_link" onfocus='this.blur();' href="javascript:showTestDetail('div_ft12.5')" >
        错误</a>

    <div id='div_ft12.5' class="popup_window">
        <pre>
        ft12.5: Traceback (most recent call last):
  File "E:\TWOSC_autotest\TWOSC_autotest_web\testCase\b_011_zongxuqiujihua_jiagong_011_gongquBuzhang_sta.py", line 104, in test_gongquBuzhang_05
    self.driver.find_element(By.CSS_SELECTOR, '#reject &gt; div.pull-right.btn-group &gt; a').click()  # 点击导出
  File "D:\python\lib\site-packages\selenium\webdriver\remote\webdriver.py", line 843, in find_element
    'value': value})['value']
  File "D:\python\lib\site-packages\selenium\webdriver\remote\webdriver.py", line 308, in execute
    self.error_handler.check_response(response)
  File "D:\python\lib\site-packages\selenium\webdriver\remote\errorhandler.py", line 194, in check_response
    raise exception_class(message, screen, stacktrace)
selenium.common.exceptions.NoSuchElementException: Message: no such element: Unable to locate element: {"method":"css selector","selector":"#reject &gt; div.pull-right.btn-group &gt; a"}
  (Session info: chrome=58.0.3029.96)
  (Driver info: chromedriver=2.31.488763 (092de99f48a300323ecf8c2a4e2e7cab51de5ba8),platform=Windows NT 10.0.15063 x86_64)


        </pre>
    </div>
    <!--css div popup end-->

    </td>
</tr>

<tr id='ft12.6' class='none'>
    <td class='errorCase'><div class='testcase'>test_gongquBuzhang_06: 测试需求计划详情页-选择页数</div></td>
    <td colspan='5' align='center'>

    <!--css div popup start-->
    <a class="popup_link" onfocus='this.blur();' href="javascript:showTestDetail('div_ft12.6')" >
        错误</a>

    <div id='div_ft12.6' class="popup_window">
        <pre>
        ft12.6: Traceback (most recent call last):
  File "E:\TWOSC_autotest\TWOSC_autotest_web\testCase\b_011_zongxuqiujihua_jiagong_011_gongquBuzhang_sta.py", line 121, in test_gongquBuzhang_06
    self.driver.find_element(By.CSS_SELECTOR, 'body &gt; div.wrapper &gt; div:nth-child(5) &gt; div &gt; div &gt; div.box-body &gt; div:nth-child(8) &gt;'
  File "D:\python\lib\site-packages\selenium\webdriver\remote\webdriver.py", line 843, in find_element
    'value': value})['value']
  File "D:\python\lib\site-packages\selenium\webdriver\remote\webdriver.py", line 308, in execute
    self.error_handler.check_response(response)
  File "D:\python\lib\site-packages\selenium\webdriver\remote\errorhandler.py", line 194, in check_response
    raise exception_class(message, screen, stacktrace)
selenium.common.exceptions.NoSuchElementException: Message: no such element: Unable to locate element: {"method":"css selector","selector":"body &gt; div.wrapper &gt; div:nth-child(5) &gt; div &gt; div &gt; div.box-body &gt; div:nth-child(8) &gt; div.fixed-table-container &gt; div.fixed-table-pagination &gt; div.pull-left.pagination-detail &gt; span.page-list &gt; span &gt; button &gt; span.page-size"}
  (Session info: chrome=58.0.3029.96)
  (Driver info: chromedriver=2.31.488763 (092de99f48a300323ecf8c2a4e2e7cab51de5ba8),platform=Windows NT 10.0.15063 x86_64)


        </pre>
    </div>
    <!--css div popup end-->

    </td>
</tr>

<tr id='ft12.7' class='none'>
    <td class='errorCase'><div class='testcase'>test_gongquBuzhang_07: 测试需求详情页-填写备注，通过审批</div></td>
    <td colspan='5' align='center'>

    <!--css div popup start-->
    <a class="popup_link" onfocus='this.blur();' href="javascript:showTestDetail('div_ft12.7')" >
        错误</a>

    <div id='div_ft12.7' class="popup_window">
        <pre>
        ft12.7: Traceback (most recent call last):
  File "E:\TWOSC_autotest\TWOSC_autotest_web\testCase\b_011_zongxuqiujihua_jiagong_011_gongquBuzhang_sta.py", line 154, in test_gongquBuzhang_07
    text = self.driver.find_element(By.CSS_SELECTOR, '#nodeState &gt; div &gt; div.col_5.active &gt; p:nth-child(4)').text
  File "D:\python\lib\site-packages\selenium\webdriver\remote\webdriver.py", line 843, in find_element
    'value': value})['value']
  File "D:\python\lib\site-packages\selenium\webdriver\remote\webdriver.py", line 308, in execute
    self.error_handler.check_response(response)
  File "D:\python\lib\site-packages\selenium\webdriver\remote\errorhandler.py", line 194, in check_response
    raise exception_class(message, screen, stacktrace)
selenium.common.exceptions.NoSuchElementException: Message: no such element: Unable to locate element: {"method":"css selector","selector":"#nodeState &gt; div &gt; div.col_5.active &gt; p:nth-child(4)"}
  (Session info: chrome=58.0.3029.96)
  (Driver info: chromedriver=2.31.488763 (092de99f48a300323ecf8c2a4e2e7cab51de5ba8),platform=Windows NT 10.0.15063 x86_64)


        </pre>
    </div>
    <!--css div popup end-->

    </td>
</tr>

    <tr class='errorClass'>
        <td>b_012_zongxuqiujihua_jiagong_012_biaoduanBuzhang_sta.biaoduanBuzhangTest: 测试标段物资部长-审批甲供总需求计划</td>
        <td>1</td>
        <td>0</td>
        <td>0</td>
        <td>1</td>
        <td><a href="javascript:showClassDetail('c13',1)">详情</a></td>
    </tr>

<tr id='ft13.1' class='none'>
    <td class='errorCase'><div class='testcase'>test_biaoduanBuzhang: 测试批准总需求计划</div></td>
    <td colspan='5' align='center'>

    <!--css div popup start-->
    <a class="popup_link" onfocus='this.blur();' href="javascript:showTestDetail('div_ft13.1')" >
        错误</a>

    <div id='div_ft13.1' class="popup_window">
        <pre>
        ft13.1: Traceback (most recent call last):
  File "E:\TWOSC_autotest\TWOSC_autotest_web\testCase\b_012_zongxuqiujihua_jiagong_012_biaoduanBuzhang_sta.py", line 28, in test_biaoduanBuzhang
    self.driver.find_element(By.CSS_SELECTOR, 'input[value="通过"]').click()  # 点击通过
  File "D:\python\lib\site-packages\selenium\webdriver\remote\webdriver.py", line 843, in find_element
    'value': value})['value']
  File "D:\python\lib\site-packages\selenium\webdriver\remote\webdriver.py", line 308, in execute
    self.error_handler.check_response(response)
  File "D:\python\lib\site-packages\selenium\webdriver\remote\errorhandler.py", line 194, in check_response
    raise exception_class(message, screen, stacktrace)
selenium.common.exceptions.NoSuchElementException: Message: no such element: Unable to locate element: {"method":"css selector","selector":"input[value="通过"]"}
  (Session info: chrome=58.0.3029.96)
  (Driver info: chromedriver=2.31.488763 (092de99f48a300323ecf8c2a4e2e7cab51de5ba8),platform=Windows NT 10.0.15063 x86_64)


        </pre>
    </div>
    <!--css div popup end-->

    </td>
</tr>

    <tr class='errorClass'>
        <td>b_013_zongxuqiujihua_jiagong_013_gongquyanshou_sta.gongquShiyanTest: 测试总需求计划-甲供-工区验收人员-审批</td>
        <td>1</td>
        <td>0</td>
        <td>0</td>
        <td>1</td>
        <td><a href="javascript:showClassDetail('c14',1)">详情</a></td>
    </tr>

<tr id='ft14.1' class='none'>
    <td class='errorCase'><div class='testcase'>test_gongquShiyan: 审批通过</div></td>
    <td colspan='5' align='center'>

    <!--css div popup start-->
    <a class="popup_link" onfocus='this.blur();' href="javascript:showTestDetail('div_ft14.1')" >
        错误</a>

    <div id='div_ft14.1' class="popup_window">
        <pre>
        ft14.1: Traceback (most recent call last):
  File "E:\TWOSC_autotest\TWOSC_autotest_web\testCase\b_013_zongxuqiujihua_jiagong_013_gongquyanshou_sta.py", line 23, in test_gongquShiyan
    self.driver.find_element(By.CSS_SELECTOR, 'input[value="通过"]').click()  # 勾选通过
  File "D:\python\lib\site-packages\selenium\webdriver\remote\webdriver.py", line 843, in find_element
    'value': value})['value']
  File "D:\python\lib\site-packages\selenium\webdriver\remote\webdriver.py", line 308, in execute
    self.error_handler.check_response(response)
  File "D:\python\lib\site-packages\selenium\webdriver\remote\errorhandler.py", line 194, in check_response
    raise exception_class(message, screen, stacktrace)
selenium.common.exceptions.NoSuchElementException: Message: no such element: Unable to locate element: {"method":"css selector","selector":"input[value="通过"]"}
  (Session info: chrome=58.0.3029.96)
  (Driver info: chromedriver=2.31.488763 (092de99f48a300323ecf8c2a4e2e7cab51de5ba8),platform=Windows NT 10.0.15063 x86_64)


        </pre>
    </div>
    <!--css div popup end-->

    </td>
</tr>

    <tr class='passClass'>
        <td>b_014_zongxuqiujihua_jiagong_014_delet_sta.delet_xuqiujihua: 删除标段业务人员甲供总需求计划</td>
        <td>1</td>
        <td>1</td>
        <td>0</td>
        <td>0</td>
        <td><a href="javascript:showClassDetail('c15',1)">详情</a></td>
    </tr>

<tr id='pt15.1' class='hiddenRow'>
    <td class='none'><div class='testcase'>test_biaoduanYewu</div></td>
    <td colspan='5' align='center'>

    <!--css div popup start-->
    <a class="popup_link" onfocus='this.blur();' href="javascript:showTestDetail('div_pt15.1')" >
        通过</a>

    <div id='div_pt15.1' class="popup_window">
        <pre>
        pt15.1: 94297841721000

        </pre>
    </div>
    <!--css div popup end-->

    </td>
</tr>

    <tr class='errorClass'>
        <td>b_015_zongxuqiujihua_jiagong_015_sta.ergongquYewuTest: 测试23标二工区业务人员-甲供-创建总需求计划-审批-供汇总计划使用</td>
        <td>2</td>
        <td>0</td>
        <td>0</td>
        <td>2</td>
        <td><a href="javascript:showClassDetail('c16',2)">详情</a></td>
    </tr>

<tr id='ft16.1' class='none'>
    <td class='errorCase'><div class='testcase'>test_01_ergongquYewu: 23标二工区-甲供-创建总需求计划</div></td>
    <td colspan='5' align='center'>

    <!--css div popup start-->
    <a class="popup_link" onfocus='this.blur();' href="javascript:showTestDetail('div_ft16.1')" >
        错误</a>

    <div id='div_ft16.1' class="popup_window">
        <pre>
        ft16.1: Traceback (most recent call last):
  File "E:\TWOSC_autotest\TWOSC_autotest_web\testCase\b_015_zongxuqiujihua_jiagong_015_sta.py", line 29, in test_01_ergongquYewu
    Select(select).select_by_index(0)
  File "D:\python\lib\site-packages\selenium\webdriver\support\select.py", line 103, in select_by_index
    raise NoSuchElementException("Could not locate element with index %d" % index)
selenium.common.exceptions.NoSuchElementException: Message: Could not locate element with index 0


        </pre>
    </div>
    <!--css div popup end-->

    </td>
</tr>

<tr id='ft16.2' class='none'>
    <td class='errorCase'><div class='testcase'>test_02_biaoduanBuzhang: 测试标段物资部长审批</div></td>
    <td colspan='5' align='center'>

    <!--css div popup start-->
    <a class="popup_link" onfocus='this.blur();' href="javascript:showTestDetail('div_ft16.2')" >
        错误</a>

    <div id='div_ft16.2' class="popup_window">
        <pre>
        ft16.2: Traceback (most recent call last):
  File "E:\TWOSC_autotest\TWOSC_autotest_web\testCase\b_015_zongxuqiujihua_jiagong_015_sta.py", line 81, in test_02_biaoduanBuzhang
    self.driver.find_element(By.LINK_TEXT, 'MHTJ-23标二工区 总需求计划').click()  # 点击总需求计划
  File "D:\python\lib\site-packages\selenium\webdriver\remote\webdriver.py", line 843, in find_element
    'value': value})['value']
  File "D:\python\lib\site-packages\selenium\webdriver\remote\webdriver.py", line 308, in execute
    self.error_handler.check_response(response)
  File "D:\python\lib\site-packages\selenium\webdriver\remote\errorhandler.py", line 194, in check_response
    raise exception_class(message, screen, stacktrace)
selenium.common.exceptions.NoSuchElementException: Message: no such element: Unable to locate element: {"method":"link text","selector":"MHTJ-23标二工区 总需求计划"}
  (Session info: chrome=58.0.3029.96)
  (Driver info: chromedriver=2.31.488763 (092de99f48a300323ecf8c2a4e2e7cab51de5ba8),platform=Windows NT 10.0.15063 x86_64)


        </pre>
    </div>
    <!--css div popup end-->

    </td>
</tr>

    <tr class='errorClass'>
        <td>b_016_zongxuqiujihua_jiagong_016_delet_sta.delet_xuqiujihua: 删除标段业务人员甲供总需求计划</td>
        <td>1</td>
        <td>0</td>
        <td>0</td>
        <td>1</td>
        <td><a href="javascript:showClassDetail('c17',1)">详情</a></td>
    </tr>

<tr id='ft17.1' class='none'>
    <td class='errorCase'><div class='testcase'>test_biaoduanYewu</div></td>
    <td colspan='5' align='center'>

    <!--css div popup start-->
    <a class="popup_link" onfocus='this.blur();' href="javascript:showTestDetail('div_ft17.1')" >
        错误</a>

    <div id='div_ft17.1' class="popup_window">
        <pre>
        ft17.1: Traceback (most recent call last):
  File "E:\TWOSC_autotest\TWOSC_autotest_web\testCase\b_016_zongxuqiujihua_jiagong_016_delet_sta.py", line 17, in test_biaoduanYewu
    self.driver.find_element(By.LINK_TEXT, '总需求计划').click()
  File "D:\python\lib\site-packages\selenium\webdriver\remote\webdriver.py", line 843, in find_element
    'value': value})['value']
  File "D:\python\lib\site-packages\selenium\webdriver\remote\webdriver.py", line 308, in execute
    self.error_handler.check_response(response)
  File "D:\python\lib\site-packages\selenium\webdriver\remote\errorhandler.py", line 194, in check_response
    raise exception_class(message, screen, stacktrace)
selenium.common.exceptions.NoSuchElementException: Message: no such element: Unable to locate element: {"method":"link text","selector":"总需求计划"}
  (Session info: chrome=58.0.3029.96)
  (Driver info: chromedriver=2.31.488763 (092de99f48a300323ecf8c2a4e2e7cab51de5ba8),platform=Windows NT 10.0.15063 x86_64)


        </pre>
    </div>
    <!--css div popup end-->

    </td>
</tr>

    <tr class='errorClass'>
        <td>b_017_zongxuqiujihua_jiagong_017_biaoduanYewu_sta.biaoduanYewuTest: 测试标段业务人员-甲供-汇总计划-总需求计划</td>
        <td>7</td>
        <td>0</td>
        <td>1</td>
        <td>6</td>
        <td><a href="javascript:showClassDetail('c18',7)">详情</a></td>
    </tr>

<tr id='ft18.1' class='none'>
    <td class='errorCase'><div class='testcase'>test_biaoduanYewu_01: 测试标段业务人员创建总需求计划</div></td>
    <td colspan='5' align='center'>

    <!--css div popup start-->
    <a class="popup_link" onfocus='this.blur();' href="javascript:showTestDetail('div_ft18.1')" >
        错误</a>

    <div id='div_ft18.1' class="popup_window">
        <pre>
        ft18.1: Traceback (most recent call last):
  File "E:\TWOSC_autotest\TWOSC_autotest_web\testCase\b_017_zongxuqiujihua_jiagong_017_biaoduanYewu_sta.py", line 35, in test_biaoduanYewu_01
    self.driver.find_element(By.LINK_TEXT, '确认添加').click()
  File "D:\python\lib\site-packages\selenium\webdriver\remote\webelement.py", line 80, in click
    self._execute(Command.CLICK_ELEMENT)
  File "D:\python\lib\site-packages\selenium\webdriver\remote\webelement.py", line 501, in _execute
    return self._parent.execute(command, params)
  File "D:\python\lib\site-packages\selenium\webdriver\remote\webdriver.py", line 308, in execute
    self.error_handler.check_response(response)
  File "D:\python\lib\site-packages\selenium\webdriver\remote\errorhandler.py", line 194, in check_response
    raise exception_class(message, screen, stacktrace)
selenium.common.exceptions.WebDriverException: Message: unknown error: Element &lt;a class="btn btn-primary" onclick="confirmAddPlan();"&gt;...&lt;/a&gt; is not clickable at point (726, 502). Other element would receive the click: &lt;div id="popup_overlay" style="position: absolute; z-index: 99998; top: 0px; left: 0px; width: 100%; height: 662px; background: rgb(0, 0, 0); opacity: 0.3;"&gt;&lt;/div&gt;
  (Session info: chrome=58.0.3029.96)
  (Driver info: chromedriver=2.31.488763 (092de99f48a300323ecf8c2a4e2e7cab51de5ba8),platform=Windows NT 10.0.15063 x86_64)


        </pre>
    </div>
    <!--css div popup end-->

    </td>
</tr>

<tr id='ft18.2' class='none'>
    <td class='errorCase'><div class='testcase'>test_biaoduanYewu_02: 测试搜索-名称搜索</div></td>
    <td colspan='5' align='center'>

    <!--css div popup start-->
    <a class="popup_link" onfocus='this.blur();' href="javascript:showTestDetail('div_ft18.2')" >
        错误</a>

    <div id='div_ft18.2' class="popup_window">
        <pre>
        ft18.2: Traceback (most recent call last):
  File "E:\TWOSC_autotest\TWOSC_autotest_web\testCase\b_017_zongxuqiujihua_jiagong_017_biaoduanYewu_sta.py", line 54, in test_biaoduanYewu_02
    text = self.driver.find_element(By.CSS_SELECTOR, '#planningDetailsTable &gt; tbody &gt; tr:nth-child(1) &gt; td:nth-child(3) &gt; span').text
  File "D:\python\lib\site-packages\selenium\webdriver\remote\webdriver.py", line 843, in find_element
    'value': value})['value']
  File "D:\python\lib\site-packages\selenium\webdriver\remote\webdriver.py", line 308, in execute
    self.error_handler.check_response(response)
  File "D:\python\lib\site-packages\selenium\webdriver\remote\errorhandler.py", line 194, in check_response
    raise exception_class(message, screen, stacktrace)
selenium.common.exceptions.NoSuchElementException: Message: no such element: Unable to locate element: {"method":"css selector","selector":"#planningDetailsTable &gt; tbody &gt; tr:nth-child(1) &gt; td:nth-child(3) &gt; span"}
  (Session info: chrome=58.0.3029.96)
  (Driver info: chromedriver=2.31.488763 (092de99f48a300323ecf8c2a4e2e7cab51de5ba8),platform=Windows NT 10.0.15063 x86_64)


        </pre>
    </div>
    <!--css div popup end-->

    </td>
</tr>

<tr id='ft18.3' class='none'>
    <td class='errorCase'><div class='testcase'>test_biaoduanYewu_03: 测试搜素-规格搜素</div></td>
    <td colspan='5' align='center'>

    <!--css div popup start-->
    <a class="popup_link" onfocus='this.blur();' href="javascript:showTestDetail('div_ft18.3')" >
        错误</a>

    <div id='div_ft18.3' class="popup_window">
        <pre>
        ft18.3: Traceback (most recent call last):
  File "E:\TWOSC_autotest\TWOSC_autotest_web\testCase\b_017_zongxuqiujihua_jiagong_017_biaoduanYewu_sta.py", line 70, in test_biaoduanYewu_03
    text = self.driver.find_element(By.CSS_SELECTOR, '#planningDetailsTable &gt; tbody &gt; tr:nth-child(1) &gt; td:nth-child(4)').text
  File "D:\python\lib\site-packages\selenium\webdriver\remote\webdriver.py", line 843, in find_element
    'value': value})['value']
  File "D:\python\lib\site-packages\selenium\webdriver\remote\webdriver.py", line 308, in execute
    self.error_handler.check_response(response)
  File "D:\python\lib\site-packages\selenium\webdriver\remote\errorhandler.py", line 194, in check_response
    raise exception_class(message, screen, stacktrace)
selenium.common.exceptions.NoSuchElementException: Message: no such element: Unable to locate element: {"method":"css selector","selector":"#planningDetailsTable &gt; tbody &gt; tr:nth-child(1) &gt; td:nth-child(4)"}
  (Session info: chrome=58.0.3029.96)
  (Driver info: chromedriver=2.31.488763 (092de99f48a300323ecf8c2a4e2e7cab51de5ba8),platform=Windows NT 10.0.15063 x86_64)


        </pre>
    </div>
    <!--css div popup end-->

    </td>
</tr>

<tr id='ft18.4' class='none'>
    <td class='errorCase'><div class='testcase'>test_biaoduanYewu_04: 测试选择页数</div></td>
    <td colspan='5' align='center'>

    <!--css div popup start-->
    <a class="popup_link" onfocus='this.blur();' href="javascript:showTestDetail('div_ft18.4')" >
        错误</a>

    <div id='div_ft18.4' class="popup_window">
        <pre>
        ft18.4: Traceback (most recent call last):
  File "E:\TWOSC_autotest\TWOSC_autotest_web\testCase\b_017_zongxuqiujihua_jiagong_017_biaoduanYewu_sta.py", line 84, in test_biaoduanYewu_04
    self.driver.find_element(By.CSS_SELECTOR, 'body &gt; div.wrapper &gt; div:nth-child(5) &gt; div &gt; div &gt; div.box-body &gt; div:nth-child(8) &gt; div.fixed-table-container &gt; div.fixed-table-pagination '
  File "D:\python\lib\site-packages\selenium\webdriver\remote\webdriver.py", line 843, in find_element
    'value': value})['value']
  File "D:\python\lib\site-packages\selenium\webdriver\remote\webdriver.py", line 308, in execute
    self.error_handler.check_response(response)
  File "D:\python\lib\site-packages\selenium\webdriver\remote\errorhandler.py", line 194, in check_response
    raise exception_class(message, screen, stacktrace)
selenium.common.exceptions.NoSuchElementException: Message: no such element: Unable to locate element: {"method":"css selector","selector":"body &gt; div.wrapper &gt; div:nth-child(5) &gt; div &gt; div &gt; div.box-body &gt; div:nth-child(8) &gt; div.fixed-table-container &gt; div.fixed-table-pagination &gt; div.pull-left.pagination-detail &gt; span.page-list &gt; span &gt; button &gt; span.page-size"}
  (Session info: chrome=58.0.3029.96)
  (Driver info: chromedriver=2.31.488763 (092de99f48a300323ecf8c2a4e2e7cab51de5ba8),platform=Windows NT 10.0.15063 x86_64)


        </pre>
    </div>
    <!--css div popup end-->

    </td>
</tr>

<tr id='ft18.5' class='none'>
    <td class='errorCase'><div class='testcase'>test_biaoduanYewu_05: 测试移除</div></td>
    <td colspan='5' align='center'>

    <!--css div popup start-->
    <a class="popup_link" onfocus='this.blur();' href="javascript:showTestDetail('div_ft18.5')" >
        错误</a>

    <div id='div_ft18.5' class="popup_window">
        <pre>
        ft18.5: Traceback (most recent call last):
  File "E:\TWOSC_autotest\TWOSC_autotest_web\testCase\b_017_zongxuqiujihua_jiagong_017_biaoduanYewu_sta.py", line 105, in test_biaoduanYewu_05
    self.driver.find_element(By.CSS_SELECTOR, '#childContainerPlanTable &gt; tbody &gt; tr:nth-child(1) &gt; td:nth-child(7) &gt; a:nth-child(1)').click()
  File "D:\python\lib\site-packages\selenium\webdriver\remote\webdriver.py", line 843, in find_element
    'value': value})['value']
  File "D:\python\lib\site-packages\selenium\webdriver\remote\webdriver.py", line 308, in execute
    self.error_handler.check_response(response)
  File "D:\python\lib\site-packages\selenium\webdriver\remote\errorhandler.py", line 194, in check_response
    raise exception_class(message, screen, stacktrace)
selenium.common.exceptions.NoSuchElementException: Message: no such element: Unable to locate element: {"method":"css selector","selector":"#childContainerPlanTable &gt; tbody &gt; tr:nth-child(1) &gt; td:nth-child(7) &gt; a:nth-child(1)"}
  (Session info: chrome=58.0.3029.96)
  (Driver info: chromedriver=2.31.488763 (092de99f48a300323ecf8c2a4e2e7cab51de5ba8),platform=Windows NT 10.0.15063 x86_64)


        </pre>
    </div>
    <!--css div popup end-->

    </td>
</tr>

<tr id='ft18.6' class='none'>
    <td class='errorCase'><div class='testcase'>test_biaoduanYewu_06: 测试分工区汇总</div></td>
    <td colspan='5' align='center'>

    <!--css div popup start-->
    <a class="popup_link" onfocus='this.blur();' href="javascript:showTestDetail('div_ft18.6')" >
        错误</a>

    <div id='div_ft18.6' class="popup_window">
        <pre>
        ft18.6: Traceback (most recent call last):
  File "E:\TWOSC_autotest\TWOSC_autotest_web\testCase\b_017_zongxuqiujihua_jiagong_017_biaoduanYewu_sta.py", line 134, in test_biaoduanYewu_06
    self.driver.find_element(By.LINK_TEXT, '确认添加').click()
  File "D:\python\lib\site-packages\selenium\webdriver\remote\webelement.py", line 80, in click
    self._execute(Command.CLICK_ELEMENT)
  File "D:\python\lib\site-packages\selenium\webdriver\remote\webelement.py", line 501, in _execute
    return self._parent.execute(command, params)
  File "D:\python\lib\site-packages\selenium\webdriver\remote\webdriver.py", line 308, in execute
    self.error_handler.check_response(response)
  File "D:\python\lib\site-packages\selenium\webdriver\remote\errorhandler.py", line 194, in check_response
    raise exception_class(message, screen, stacktrace)
selenium.common.exceptions.WebDriverException: Message: unknown error: Element &lt;a class="btn btn-primary" onclick="confirmAddPlan();"&gt;...&lt;/a&gt; is not clickable at point (726, 502). Other element would receive the click: &lt;div id="popup_overlay" style="position: absolute; z-index: 99998; top: 0px; left: 0px; width: 100%; height: 662px; background: rgb(0, 0, 0); opacity: 0.3;"&gt;&lt;/div&gt;
  (Session info: chrome=58.0.3029.96)
  (Driver info: chromedriver=2.31.488763 (092de99f48a300323ecf8c2a4e2e7cab51de5ba8),platform=Windows NT 10.0.15063 x86_64)


        </pre>
    </div>
    <!--css div popup end-->

    </td>
</tr>

<tr id='ft18.7' class='none'>
    <td class='failCase'><div class='testcase'>test_biaoduanYewu_07: 测试删除添加审批人员</div></td>
    <td colspan='5' align='center'>

    <!--css div popup start-->
    <a class="popup_link" onfocus='this.blur();' href="javascript:showTestDetail('div_ft18.7')" >
        失败</a>

    <div id='div_ft18.7' class="popup_window">
        <pre>
        ft18.7: Traceback (most recent call last):
  File "E:\TWOSC_autotest\TWOSC_autotest_web\testCase\b_017_zongxuqiujihua_jiagong_017_biaoduanYewu_sta.py", line 208, in test_biaoduanYewu_07
    self.assertEqual(text, '标段物资部长    (当前)')
AssertionError: '标段业务人员    (当前)' != '标段物资部长    (当前)'
- 标段业务人员    (当前)
+ 标段物资部长    (当前)


        </pre>
    </div>
    <!--css div popup end-->

    </td>
</tr>

    <tr class='errorClass'>
        <td>b_018_zongxuqiujihua_jiagong_018_shenpi_sta.biaoduanBuzhangTest: 测试汇总总需求计划-各层级审批</td>
        <td>4</td>
        <td>0</td>
        <td>0</td>
        <td>4</td>
        <td><a href="javascript:showClassDetail('c19',4)">详情</a></td>
    </tr>

<tr id='ft19.1' class='none'>
    <td class='errorCase'><div class='testcase'>test_01_biaoduanBuzhang: 标段物资部长审批</div></td>
    <td colspan='5' align='center'>

    <!--css div popup start-->
    <a class="popup_link" onfocus='this.blur();' href="javascript:showTestDetail('div_ft19.1')" >
        错误</a>

    <div id='div_ft19.1' class="popup_window">
        <pre>
        ft19.1: Traceback (most recent call last):
  File "E:\TWOSC_autotest\TWOSC_autotest_web\testCase\b_018_zongxuqiujihua_jiagong_018_shenpi_sta.py", line 25, in test_01_biaoduanBuzhang
    self.driver.find_element(By.LINK_TEXT, 'MHTJ-23 总需求计划').click()  # 点击总需求计划
  File "D:\python\lib\site-packages\selenium\webdriver\remote\webdriver.py", line 843, in find_element
    'value': value})['value']
  File "D:\python\lib\site-packages\selenium\webdriver\remote\webdriver.py", line 308, in execute
    self.error_handler.check_response(response)
  File "D:\python\lib\site-packages\selenium\webdriver\remote\errorhandler.py", line 194, in check_response
    raise exception_class(message, screen, stacktrace)
selenium.common.exceptions.NoSuchElementException: Message: no such element: Unable to locate element: {"method":"link text","selector":"MHTJ-23 总需求计划"}
  (Session info: chrome=58.0.3029.96)
  (Driver info: chromedriver=2.31.488763 (092de99f48a300323ecf8c2a4e2e7cab51de5ba8),platform=Windows NT 10.0.15063 x86_64)


        </pre>
    </div>
    <!--css div popup end-->

    </td>
</tr>

<tr id='ft19.2' class='none'>
    <td class='errorCase'><div class='testcase'>test_02_fuwuJigou: 测试汇总总需求计划-服务机构审批</div></td>
    <td colspan='5' align='center'>

    <!--css div popup start-->
    <a class="popup_link" onfocus='this.blur();' href="javascript:showTestDetail('div_ft19.2')" >
        错误</a>

    <div id='div_ft19.2' class="popup_window">
        <pre>
        ft19.2: Traceback (most recent call last):
  File "E:\TWOSC_autotest\TWOSC_autotest_web\testCase\b_018_zongxuqiujihua_jiagong_018_shenpi_sta.py", line 46, in test_02_fuwuJigou
    self.driver.find_element(By.LINK_TEXT, 'MHTJ-23 总需求计划').click()  # 点击总需求计划
  File "D:\python\lib\site-packages\selenium\webdriver\remote\webdriver.py", line 843, in find_element
    'value': value})['value']
  File "D:\python\lib\site-packages\selenium\webdriver\remote\webdriver.py", line 308, in execute
    self.error_handler.check_response(response)
  File "D:\python\lib\site-packages\selenium\webdriver\remote\errorhandler.py", line 194, in check_response
    raise exception_class(message, screen, stacktrace)
selenium.common.exceptions.NoSuchElementException: Message: no such element: Unable to locate element: {"method":"link text","selector":"MHTJ-23 总需求计划"}
  (Session info: chrome=58.0.3029.96)
  (Driver info: chromedriver=2.31.488763 (092de99f48a300323ecf8c2a4e2e7cab51de5ba8),platform=Windows NT 10.0.15063 x86_64)


        </pre>
    </div>
    <!--css div popup end-->

    </td>
</tr>

<tr id='ft19.3' class='none'>
    <td class='errorCase'><div class='testcase'>test_03_zhihuibuYewu: 测试汇总总需求计划-指挥部业务人员-审批</div></td>
    <td colspan='5' align='center'>

    <!--css div popup start-->
    <a class="popup_link" onfocus='this.blur();' href="javascript:showTestDetail('div_ft19.3')" >
        错误</a>

    <div id='div_ft19.3' class="popup_window">
        <pre>
        ft19.3: Traceback (most recent call last):
  File "E:\TWOSC_autotest\TWOSC_autotest_web\testCase\b_018_zongxuqiujihua_jiagong_018_shenpi_sta.py", line 67, in test_03_zhihuibuYewu
    self.driver.find_element(By.LINK_TEXT, 'MHTJ-23 总需求计划').click()  # 点击总需求计划
  File "D:\python\lib\site-packages\selenium\webdriver\remote\webdriver.py", line 843, in find_element
    'value': value})['value']
  File "D:\python\lib\site-packages\selenium\webdriver\remote\webdriver.py", line 308, in execute
    self.error_handler.check_response(response)
  File "D:\python\lib\site-packages\selenium\webdriver\remote\errorhandler.py", line 194, in check_response
    raise exception_class(message, screen, stacktrace)
selenium.common.exceptions.NoSuchElementException: Message: no such element: Unable to locate element: {"method":"link text","selector":"MHTJ-23 总需求计划"}
  (Session info: chrome=58.0.3029.96)
  (Driver info: chromedriver=2.31.488763 (092de99f48a300323ecf8c2a4e2e7cab51de5ba8),platform=Windows NT 10.0.15063 x86_64)


        </pre>
    </div>
    <!--css div popup end-->

    </td>
</tr>

<tr id='ft19.4' class='none'>
    <td class='errorCase'><div class='testcase'>test_04_wuzishebeiBu: 测试汇总总需求计划-审批-物资设备部</div></td>
    <td colspan='5' align='center'>

    <!--css div popup start-->
    <a class="popup_link" onfocus='this.blur();' href="javascript:showTestDetail('div_ft19.4')" >
        错误</a>

    <div id='div_ft19.4' class="popup_window">
        <pre>
        ft19.4: Traceback (most recent call last):
  File "E:\TWOSC_autotest\TWOSC_autotest_web\testCase\b_018_zongxuqiujihua_jiagong_018_shenpi_sta.py", line 88, in test_04_wuzishebeiBu
    self.driver.find_element(By.LINK_TEXT, 'MHTJ-23 总需求计划').click()  # 点击总需求计划
  File "D:\python\lib\site-packages\selenium\webdriver\remote\webdriver.py", line 843, in find_element
    'value': value})['value']
  File "D:\python\lib\site-packages\selenium\webdriver\remote\webdriver.py", line 308, in execute
    self.error_handler.check_response(response)
  File "D:\python\lib\site-packages\selenium\webdriver\remote\errorhandler.py", line 194, in check_response
    raise exception_class(message, screen, stacktrace)
selenium.common.exceptions.NoSuchElementException: Message: no such element: Unable to locate element: {"method":"link text","selector":"MHTJ-23 总需求计划"}
  (Session info: chrome=58.0.3029.96)
  (Driver info: chromedriver=2.31.488763 (092de99f48a300323ecf8c2a4e2e7cab51de5ba8),platform=Windows NT 10.0.15063 x86_64)


        </pre>
    </div>
    <!--css div popup end-->

    </td>
</tr>

    <tr class='passClass'>
        <td>b_019_zongxuqiujihua_liancai_000_delet_sta.delet_xuqiujihua: 删除联采总需求计划</td>
        <td>1</td>
        <td>1</td>
        <td>0</td>
        <td>0</td>
        <td><a href="javascript:showClassDetail('c20',1)">详情</a></td>
    </tr>

<tr id='pt20.1' class='hiddenRow'>
    <td class='none'><div class='testcase'>test_a_shanchuxuqiujihua</div></td>
    <td colspan='5' align='center'>

    <!--css div popup start-->
    <a class="popup_link" onfocus='this.blur();' href="javascript:showTestDetail('div_pt20.1')" >
        通过</a>

    <div id='div_pt20.1' class="popup_window">
        <pre>
        pt20.1: 94298213478000

        </pre>
    </div>
    <!--css div popup end-->

    </td>
</tr>

    <tr class='passClass'>
        <td>b_020_zongxuqiujihua_liancai_001_gongquYewu_sta.gongquYewuTest: 工区业务人员-我的办公室-联采-创建总需求计划</td>
        <td>1</td>
        <td>1</td>
        <td>0</td>
        <td>0</td>
        <td><a href="javascript:showClassDetail('c21',1)">详情</a></td>
    </tr>

<tr id='pt21.1' class='hiddenRow'>
    <td class='none'><div class='testcase'>test_chuangjianxuqiujihua: 创建需求计划2-点击创建计划页面</div></td>
    <td colspan='5' align='center'>通过</td>
</tr>

    <tr class='passClass'>
        <td>b_021_zongxuqiujihua_liancai_002_gongquYewu_sta.gongquYewuTest: 工区业务人员-我的办公室-联采-创建总年度需求计划-填写计划页面资料</td>
        <td>1</td>
        <td>1</td>
        <td>0</td>
        <td>0</td>
        <td><a href="javascript:showClassDetail('c22',1)">详情</a></td>
    </tr>

<tr id='pt22.1' class='hiddenRow'>
    <td class='none'><div class='testcase'>test_chuangjianxuqiujihua</div></td>
    <td colspan='5' align='center'>通过</td>
</tr>

    <tr class='passClass'>
        <td>b_022_zongxuqiujihua_liancai_003_gongquYewu_sta.gongquYewuTest: 工区业务人员-我的办公室-联采-创建总需求计划-搜索添加物资</td>
        <td>1</td>
        <td>1</td>
        <td>0</td>
        <td>0</td>
        <td><a href="javascript:showClassDetail('c23',1)">详情</a></td>
    </tr>

<tr id='pt23.1' class='hiddenRow'>
    <td class='none'><div class='testcase'>test_chuangjianxuqiu: 测试搜索条件添加物资</div></td>
    <td colspan='5' align='center'>通过</td>
</tr>

    <tr class='errorClass'>
        <td>b_023_zongxuqiujihua_liancai_004_gongquYewu_sta.gongquYewu_test: 工区业务人员-我的办公室-联采-创建总需求计划-计划详情页</td>
        <td>1</td>
        <td>0</td>
        <td>0</td>
        <td>1</td>
        <td><a href="javascript:showClassDetail('c24',1)">详情</a></td>
    </tr>

<tr id='ft24.1' class='none'>
    <td class='errorCase'><div class='testcase'>test_chuangjianxuqiujihua: 计划详情页的备选单搜索功能和下载导入功能</div></td>
    <td colspan='5' align='center'>

    <!--css div popup start-->
    <a class="popup_link" onfocus='this.blur();' href="javascript:showTestDetail('div_ft24.1')" >
        错误</a>

    <div id='div_ft24.1' class="popup_window">
        <pre>
        ft24.1: Traceback (most recent call last):
  File "E:\TWOSC_autotest\TWOSC_autotest_web\testCase\b_023_zongxuqiujihua_liancai_004_gongquYewu_sta.py", line 33, in test_chuangjianxuqiujihua
    self.driver.find_element(By.CSS_SELECTOR, '#btnReset').click()
  File "D:\python\lib\site-packages\selenium\webdriver\remote\webelement.py", line 80, in click
    self._execute(Command.CLICK_ELEMENT)
  File "D:\python\lib\site-packages\selenium\webdriver\remote\webelement.py", line 501, in _execute
    return self._parent.execute(command, params)
  File "D:\python\lib\site-packages\selenium\webdriver\remote\webdriver.py", line 308, in execute
    self.error_handler.check_response(response)
  File "D:\python\lib\site-packages\selenium\webdriver\remote\errorhandler.py", line 194, in check_response
    raise exception_class(message, screen, stacktrace)
selenium.common.exceptions.WebDriverException: Message: unknown error: Element &lt;button class="btn  btn-default" type="button" id="btnReset" onclick="resetPlanningDetailsTable();"&gt;...&lt;/button&gt; is not clickable at point (1123, 470). Other element would receive the click: &lt;a class="btn  " onclick="$('#importFileEle').trigger('click');"&gt;...&lt;/a&gt;
  (Session info: chrome=58.0.3029.96)
  (Driver info: chromedriver=2.31.488763 (092de99f48a300323ecf8c2a4e2e7cab51de5ba8),platform=Windows NT 10.0.15063 x86_64)


        </pre>
    </div>
    <!--css div popup end-->

    </td>
</tr>

    <tr class='errorClass'>
        <td>b_024_zongxuqiujihua_liancai_005_gongquYewu_sta.gongquYewuTest: 工区业务人员-我的办公室-总需求计划-联采-选择物资-删除备选单物资</td>
        <td>1</td>
        <td>0</td>
        <td>0</td>
        <td>1</td>
        <td><a href="javascript:showClassDetail('c25',1)">详情</a></td>
    </tr>

<tr id='ft25.1' class='none'>
    <td class='errorCase'><div class='testcase'>test_chuangjianxuqiu: 测试选择物资页面删除物资</div></td>
    <td colspan='5' align='center'>

    <!--css div popup start-->
    <a class="popup_link" onfocus='this.blur();' href="javascript:showTestDetail('div_ft25.1')" >
        错误</a>

    <div id='div_ft25.1' class="popup_window">
        <pre>
        ft25.1: Traceback (most recent call last):
  File "E:\TWOSC_autotest\TWOSC_autotest_web\testCase\b_024_zongxuqiujihua_liancai_005_gongquYewu_sta.py", line 29, in test_chuangjianxuqiu
    self.driver.find_element(By.XPATH, '/html/body/div[1]/div[2]/div/div/div[2]/div[5]/div[2]/div[4]/div[1]/span[2]/span/button/span[1]').click()
  File "D:\python\lib\site-packages\selenium\webdriver\remote\webdriver.py", line 843, in find_element
    'value': value})['value']
  File "D:\python\lib\site-packages\selenium\webdriver\remote\webdriver.py", line 308, in execute
    self.error_handler.check_response(response)
  File "D:\python\lib\site-packages\selenium\webdriver\remote\errorhandler.py", line 194, in check_response
    raise exception_class(message, screen, stacktrace)
selenium.common.exceptions.NoSuchElementException: Message: no such element: Unable to locate element: {"method":"xpath","selector":"/html/body/div[1]/div[2]/div/div/div[2]/div[5]/div[2]/div[4]/div[1]/span[2]/span/button/span[1]"}
  (Session info: chrome=58.0.3029.96)
  (Driver info: chromedriver=2.31.488763 (092de99f48a300323ecf8c2a4e2e7cab51de5ba8),platform=Windows NT 10.0.15063 x86_64)


        </pre>
    </div>
    <!--css div popup end-->

    </td>
</tr>

    <tr class='errorClass'>
        <td>b_025_zongxuqiujihua_liancai_006_gongquYewu_sta.gongquYewuTest: 工区业务人员-我的办公室-联采-创建总需求计划-修改物资参数-提交审核</td>
        <td>1</td>
        <td>0</td>
        <td>0</td>
        <td>1</td>
        <td><a href="javascript:showClassDetail('c26',1)">详情</a></td>
    </tr>

<tr id='ft26.1' class='none'>
    <td class='errorCase'><div class='testcase'>test_gongquYewu</div></td>
    <td colspan='5' align='center'>

    <!--css div popup start-->
    <a class="popup_link" onfocus='this.blur();' href="javascript:showTestDetail('div_ft26.1')" >
        错误</a>

    <div id='div_ft26.1' class="popup_window">
        <pre>
        ft26.1: Traceback (most recent call last):
  File "E:\TWOSC_autotest\TWOSC_autotest_web\testCase\b_025_zongxuqiujihua_liancai_006_gongquYewu_sta.py", line 80, in test_gongquYewu
    self.driver.find_element(By.CSS_SELECTOR, '#popup_ok').click()
  File "D:\python\lib\site-packages\selenium\webdriver\remote\webdriver.py", line 843, in find_element
    'value': value})['value']
  File "D:\python\lib\site-packages\selenium\webdriver\remote\webdriver.py", line 308, in execute
    self.error_handler.check_response(response)
  File "D:\python\lib\site-packages\selenium\webdriver\remote\errorhandler.py", line 194, in check_response
    raise exception_class(message, screen, stacktrace)
selenium.common.exceptions.NoSuchElementException: Message: no such element: Unable to locate element: {"method":"css selector","selector":"#popup_ok"}
  (Session info: chrome=58.0.3029.96)
  (Driver info: chromedriver=2.31.488763 (092de99f48a300323ecf8c2a4e2e7cab51de5ba8),platform=Windows NT 10.0.15063 x86_64)


        </pre>
    </div>
    <!--css div popup end-->

    </td>
</tr>

    <tr class='errorClass'>
        <td>b_026_zongxuqiujihua_liancai_007_gongquShiyan_sta.gongquShiyanTest: 测试总需求计划-联采-工区实验人员审批</td>
        <td>1</td>
        <td>0</td>
        <td>0</td>
        <td>1</td>
        <td><a href="javascript:showClassDetail('c27',1)">详情</a></td>
    </tr>

<tr id='ft27.1' class='none'>
    <td class='errorCase'><div class='testcase'>test_gongquShiyan: 测总需求计划-联采-工区实验人员-指派</div></td>
    <td colspan='5' align='center'>

    <!--css div popup start-->
    <a class="popup_link" onfocus='this.blur();' href="javascript:showTestDetail('div_ft27.1')" >
        错误</a>

    <div id='div_ft27.1' class="popup_window">
        <pre>
        ft27.1: Traceback (most recent call last):
  File "E:\TWOSC_autotest\TWOSC_autotest_web\testCase\b_026_zongxuqiujihua_liancai_007_gongquShiyan_sta.py", line 20, in test_gongquShiyan
    self.driver.find_element(By.CSS_SELECTOR, '#workItemList &gt; li &gt; div:nth-child(2) &gt; a').click()  # 点击需要审批的计划
  File "D:\python\lib\site-packages\selenium\webdriver\remote\webdriver.py", line 843, in find_element
    'value': value})['value']
  File "D:\python\lib\site-packages\selenium\webdriver\remote\webdriver.py", line 308, in execute
    self.error_handler.check_response(response)
  File "D:\python\lib\site-packages\selenium\webdriver\remote\errorhandler.py", line 194, in check_response
    raise exception_class(message, screen, stacktrace)
selenium.common.exceptions.NoSuchElementException: Message: no such element: Unable to locate element: {"method":"css selector","selector":"#workItemList &gt; li &gt; div:nth-child(2) &gt; a"}
  (Session info: chrome=58.0.3029.96)
  (Driver info: chromedriver=2.31.488763 (092de99f48a300323ecf8c2a4e2e7cab51de5ba8),platform=Windows NT 10.0.15063 x86_64)


        </pre>
    </div>
    <!--css div popup end-->

    </td>
</tr>

    <tr class='errorClass'>
        <td>b_027_zongxuqiujihua_liancai_008_fuwuJigou_sta.fuwuJigouTest: 测试总需求计划-联采-服务机构-审批</td>
        <td>1</td>
        <td>0</td>
        <td>0</td>
        <td>1</td>
        <td><a href="javascript:showClassDetail('c28',1)">详情</a></td>
    </tr>

<tr id='ft28.1' class='none'>
    <td class='errorCase'><div class='testcase'>test_fuwuJigou: 测试被指派-审批驳回</div></td>
    <td colspan='5' align='center'>

    <!--css div popup start-->
    <a class="popup_link" onfocus='this.blur();' href="javascript:showTestDetail('div_ft28.1')" >
        错误</a>

    <div id='div_ft28.1' class="popup_window">
        <pre>
        ft28.1: Traceback (most recent call last):
  File "E:\TWOSC_autotest\TWOSC_autotest_web\testCase\b_027_zongxuqiujihua_liancai_008_fuwuJigou_sta.py", line 22, in test_fuwuJigou
    self.driver.find_element(By.CSS_SELECTOR, 'input[value="驳回"]').click()  # 勾选驳回
  File "D:\python\lib\site-packages\selenium\webdriver\remote\webdriver.py", line 843, in find_element
    'value': value})['value']
  File "D:\python\lib\site-packages\selenium\webdriver\remote\webdriver.py", line 308, in execute
    self.error_handler.check_response(response)
  File "D:\python\lib\site-packages\selenium\webdriver\remote\errorhandler.py", line 194, in check_response
    raise exception_class(message, screen, stacktrace)
selenium.common.exceptions.NoSuchElementException: Message: no such element: Unable to locate element: {"method":"css selector","selector":"input[value="驳回"]"}
  (Session info: chrome=58.0.3029.96)
  (Driver info: chromedriver=2.31.488763 (092de99f48a300323ecf8c2a4e2e7cab51de5ba8),platform=Windows NT 10.0.15063 x86_64)


        </pre>
    </div>
    <!--css div popup end-->

    </td>
</tr>

    <tr class='errorClass'>
        <td>b_028_zongxuqiujihua_liancai_009_gongquYewu_sta.gongquYewuTest: 工区业务人员-我的办公室-联采-创建总需求计划-修改物资参数</td>
        <td>1</td>
        <td>0</td>
        <td>0</td>
        <td>1</td>
        <td><a href="javascript:showClassDetail('c29',1)">详情</a></td>
    </tr>

<tr id='ft29.1' class='none'>
    <td class='errorCase'><div class='testcase'>test_gongquYewu</div></td>
    <td colspan='5' align='center'>

    <!--css div popup start-->
    <a class="popup_link" onfocus='this.blur();' href="javascript:showTestDetail('div_ft29.1')" >
        错误</a>

    <div id='div_ft29.1' class="popup_window">
        <pre>
        ft29.1: Traceback (most recent call last):
  File "E:\TWOSC_autotest\TWOSC_autotest_web\testCase\b_028_zongxuqiujihua_liancai_009_gongquYewu_sta.py", line 70, in test_gongquYewu
    self.driver.find_element(By.CSS_SELECTOR, '#popup_ok').click()
  File "D:\python\lib\site-packages\selenium\webdriver\remote\webdriver.py", line 843, in find_element
    'value': value})['value']
  File "D:\python\lib\site-packages\selenium\webdriver\remote\webdriver.py", line 308, in execute
    self.error_handler.check_response(response)
  File "D:\python\lib\site-packages\selenium\webdriver\remote\errorhandler.py", line 194, in check_response
    raise exception_class(message, screen, stacktrace)
selenium.common.exceptions.NoSuchElementException: Message: no such element: Unable to locate element: {"method":"css selector","selector":"#popup_ok"}
  (Session info: chrome=58.0.3029.96)
  (Driver info: chromedriver=2.31.488763 (092de99f48a300323ecf8c2a4e2e7cab51de5ba8),platform=Windows NT 10.0.15063 x86_64)


        </pre>
    </div>
    <!--css div popup end-->

    </td>
</tr>

    <tr class='errorClass'>
        <td>b_029_zongxuqiujihua_liancai_010_gongquBuzhang_sta.gongquBuzhangTest: 工区物资部长-我的办公室-审批联采总需求计划</td>
        <td>7</td>
        <td>0</td>
        <td>0</td>
        <td>7</td>
        <td><a href="javascript:showClassDetail('c30',7)">详情</a></td>
    </tr>

<tr id='ft30.1' class='none'>
    <td class='errorCase'><div class='testcase'>test_gongquBuzhang_01: 物资部长我的办公室-测试进入总需求详情页</div></td>
    <td colspan='5' align='center'>

    <!--css div popup start-->
    <a class="popup_link" onfocus='this.blur();' href="javascript:showTestDetail('div_ft30.1')" >
        错误</a>

    <div id='div_ft30.1' class="popup_window">
        <pre>
        ft30.1: Traceback (most recent call last):
  File "E:\TWOSC_autotest\TWOSC_autotest_web\testCase\b_029_zongxuqiujihua_liancai_010_gongquBuzhang_sta.py", line 25, in test_gongquBuzhang_01
    text = self.driver.find_element(By.CSS_SELECTOR, 'body &gt; div.wrapper &gt; div:nth-child(5) &gt; div &gt; div &gt; div.box-body &gt; div.text-center &gt; h4').text
  File "D:\python\lib\site-packages\selenium\webdriver\remote\webdriver.py", line 843, in find_element
    'value': value})['value']
  File "D:\python\lib\site-packages\selenium\webdriver\remote\webdriver.py", line 308, in execute
    self.error_handler.check_response(response)
  File "D:\python\lib\site-packages\selenium\webdriver\remote\errorhandler.py", line 194, in check_response
    raise exception_class(message, screen, stacktrace)
selenium.common.exceptions.NoSuchElementException: Message: no such element: Unable to locate element: {"method":"css selector","selector":"body &gt; div.wrapper &gt; div:nth-child(5) &gt; div &gt; div &gt; div.box-body &gt; div.text-center &gt; h4"}
  (Session info: chrome=58.0.3029.96)
  (Driver info: chromedriver=2.31.488763 (092de99f48a300323ecf8c2a4e2e7cab51de5ba8),platform=Windows NT 10.0.15063 x86_64)


        </pre>
    </div>
    <!--css div popup end-->

    </td>
</tr>

<tr id='ft30.2' class='none'>
    <td class='errorCase'><div class='testcase'>test_gongquBuzhang_02: 测试总需求详情页搜索选项-名称搜索</div></td>
    <td colspan='5' align='center'>

    <!--css div popup start-->
    <a class="popup_link" onfocus='this.blur();' href="javascript:showTestDetail('div_ft30.2')" >
        错误</a>

    <div id='div_ft30.2' class="popup_window">
        <pre>
        ft30.2: Traceback (most recent call last):
  File "E:\TWOSC_autotest\TWOSC_autotest_web\testCase\b_029_zongxuqiujihua_liancai_010_gongquBuzhang_sta.py", line 40, in test_gongquBuzhang_02
    self.driver.find_element(By.CSS_SELECTOR, '#searchMaterialParams').send_keys('60kg')  # 输入规格型号搜索
  File "D:\python\lib\site-packages\selenium\webdriver\remote\webdriver.py", line 843, in find_element
    'value': value})['value']
  File "D:\python\lib\site-packages\selenium\webdriver\remote\webdriver.py", line 308, in execute
    self.error_handler.check_response(response)
  File "D:\python\lib\site-packages\selenium\webdriver\remote\errorhandler.py", line 194, in check_response
    raise exception_class(message, screen, stacktrace)
selenium.common.exceptions.NoSuchElementException: Message: no such element: Unable to locate element: {"method":"css selector","selector":"#searchMaterialParams"}
  (Session info: chrome=58.0.3029.96)
  (Driver info: chromedriver=2.31.488763 (092de99f48a300323ecf8c2a4e2e7cab51de5ba8),platform=Windows NT 10.0.15063 x86_64)


        </pre>
    </div>
    <!--css div popup end-->

    </td>
</tr>

<tr id='ft30.3' class='none'>
    <td class='errorCase'><div class='testcase'>test_gongquBuzhang_03: 测试总需求详情页搜索选项-规格搜索</div></td>
    <td colspan='5' align='center'>

    <!--css div popup start-->
    <a class="popup_link" onfocus='this.blur();' href="javascript:showTestDetail('div_ft30.3')" >
        错误</a>

    <div id='div_ft30.3' class="popup_window">
        <pre>
        ft30.3: Traceback (most recent call last):
  File "E:\TWOSC_autotest\TWOSC_autotest_web\testCase\b_029_zongxuqiujihua_liancai_010_gongquBuzhang_sta.py", line 58, in test_gongquBuzhang_03
    self.driver.find_element(By.CSS_SELECTOR, '#searchMaterialParams').send_keys('100m')  # 输入规格型号搜索
  File "D:\python\lib\site-packages\selenium\webdriver\remote\webdriver.py", line 843, in find_element
    'value': value})['value']
  File "D:\python\lib\site-packages\selenium\webdriver\remote\webdriver.py", line 308, in execute
    self.error_handler.check_response(response)
  File "D:\python\lib\site-packages\selenium\webdriver\remote\errorhandler.py", line 194, in check_response
    raise exception_class(message, screen, stacktrace)
selenium.common.exceptions.NoSuchElementException: Message: no such element: Unable to locate element: {"method":"css selector","selector":"#searchMaterialParams"}
  (Session info: chrome=58.0.3029.96)
  (Driver info: chromedriver=2.31.488763 (092de99f48a300323ecf8c2a4e2e7cab51de5ba8),platform=Windows NT 10.0.15063 x86_64)


        </pre>
    </div>
    <!--css div popup end-->

    </td>
</tr>

<tr id='ft30.4' class='none'>
    <td class='errorCase'><div class='testcase'>test_gongquBuzhang_04: 测试总需求详情页-添加审批人员</div></td>
    <td colspan='5' align='center'>

    <!--css div popup start-->
    <a class="popup_link" onfocus='this.blur();' href="javascript:showTestDetail('div_ft30.4')" >
        错误</a>

    <div id='div_ft30.4' class="popup_window">
        <pre>
        ft30.4: Traceback (most recent call last):
  File "E:\TWOSC_autotest\TWOSC_autotest_web\testCase\b_029_zongxuqiujihua_liancai_010_gongquBuzhang_sta.py", line 69, in test_gongquBuzhang_04
    gongquBuzhangMyoffice(self.driver).gongquBuzhangMyofficeLogin()
  File "E:\TWOSC_autotest\TWOSC_autotest_web\PO\player\gongquBuzhang\gongquBuzhangPage.py", line 16, in gongquBuzhangMyofficeLogin
    self.find_element(*self.login_username_loc).clear()
  File "E:\TWOSC_autotest\TWOSC_autotest_web\base_page\base.py", line 26, in find_element
    return self.driver.find_element(*loc)
  File "D:\python\lib\site-packages\selenium\webdriver\remote\webdriver.py", line 843, in find_element
    'value': value})['value']
  File "D:\python\lib\site-packages\selenium\webdriver\remote\webdriver.py", line 308, in execute
    self.error_handler.check_response(response)
  File "D:\python\lib\site-packages\selenium\webdriver\remote\errorhandler.py", line 194, in check_response
    raise exception_class(message, screen, stacktrace)
selenium.common.exceptions.NoSuchElementException: Message: no such element: Unable to locate element: {"method":"css selector","selector":"input#userid"}
  (Session info: chrome=58.0.3029.96)
  (Driver info: chromedriver=2.31.488763 (092de99f48a300323ecf8c2a4e2e7cab51de5ba8),platform=Windows NT 10.0.15063 x86_64)


        </pre>
    </div>
    <!--css div popup end-->

    </td>
</tr>

<tr id='ft30.5' class='none'>
    <td class='errorCase'><div class='testcase'>test_gongquBuzhang_05: 测试需求计划详情页-导出</div></td>
    <td colspan='5' align='center'>

    <!--css div popup start-->
    <a class="popup_link" onfocus='this.blur();' href="javascript:showTestDetail('div_ft30.5')" >
        错误</a>

    <div id='div_ft30.5' class="popup_window">
        <pre>
        ft30.5: Traceback (most recent call last):
  File "E:\TWOSC_autotest\TWOSC_autotest_web\testCase\b_029_zongxuqiujihua_liancai_010_gongquBuzhang_sta.py", line 96, in test_gongquBuzhang_05
    gongquBuzhangMyoffice(self.driver).gongquBuzhangMyofficeLogin()
  File "E:\TWOSC_autotest\TWOSC_autotest_web\PO\player\gongquBuzhang\gongquBuzhangPage.py", line 16, in gongquBuzhangMyofficeLogin
    self.find_element(*self.login_username_loc).clear()
  File "E:\TWOSC_autotest\TWOSC_autotest_web\base_page\base.py", line 26, in find_element
    return self.driver.find_element(*loc)
  File "D:\python\lib\site-packages\selenium\webdriver\remote\webdriver.py", line 843, in find_element
    'value': value})['value']
  File "D:\python\lib\site-packages\selenium\webdriver\remote\webdriver.py", line 308, in execute
    self.error_handler.check_response(response)
  File "D:\python\lib\site-packages\selenium\webdriver\remote\errorhandler.py", line 194, in check_response
    raise exception_class(message, screen, stacktrace)
selenium.common.exceptions.NoSuchElementException: Message: no such element: Unable to locate element: {"method":"css selector","selector":"input#userid"}
  (Session info: chrome=58.0.3029.96)
  (Driver info: chromedriver=2.31.488763 (092de99f48a300323ecf8c2a4e2e7cab51de5ba8),platform=Windows NT 10.0.15063 x86_64)


        </pre>
    </div>
    <!--css div popup end-->

    </td>
</tr>

<tr id='ft30.6' class='none'>
    <td class='errorCase'><div class='testcase'>test_gongquBuzhang_06: 测试需求计划详情页-选择页数</div></td>
    <td colspan='5' align='center'>

    <!--css div popup start-->
    <a class="popup_link" onfocus='this.blur();' href="javascript:showTestDetail('div_ft30.6')" >
        错误</a>

    <div id='div_ft30.6' class="popup_window">
        <pre>
        ft30.6: Traceback (most recent call last):
  File "E:\TWOSC_autotest\TWOSC_autotest_web\testCase\b_029_zongxuqiujihua_liancai_010_gongquBuzhang_sta.py", line 112, in test_gongquBuzhang_06
    gongquBuzhangMyoffice(self.driver).gongquBuzhangMyofficeLogin()
  File "E:\TWOSC_autotest\TWOSC_autotest_web\PO\player\gongquBuzhang\gongquBuzhangPage.py", line 16, in gongquBuzhangMyofficeLogin
    self.find_element(*self.login_username_loc).clear()
  File "E:\TWOSC_autotest\TWOSC_autotest_web\base_page\base.py", line 26, in find_element
    return self.driver.find_element(*loc)
  File "D:\python\lib\site-packages\selenium\webdriver\remote\webdriver.py", line 843, in find_element
    'value': value})['value']
  File "D:\python\lib\site-packages\selenium\webdriver\remote\webdriver.py", line 308, in execute
    self.error_handler.check_response(response)
  File "D:\python\lib\site-packages\selenium\webdriver\remote\errorhandler.py", line 194, in check_response
    raise exception_class(message, screen, stacktrace)
selenium.common.exceptions.NoSuchElementException: Message: no such element: Unable to locate element: {"method":"css selector","selector":"input#userid"}
  (Session info: chrome=58.0.3029.96)
  (Driver info: chromedriver=2.31.488763 (092de99f48a300323ecf8c2a4e2e7cab51de5ba8),platform=Windows NT 10.0.15063 x86_64)


        </pre>
    </div>
    <!--css div popup end-->

    </td>
</tr>

<tr id='ft30.7' class='none'>
    <td class='errorCase'><div class='testcase'>test_gongquBuzhang_07: 测试需求详情页-填写备注，通过审批</div></td>
    <td colspan='5' align='center'>

    <!--css div popup start-->
    <a class="popup_link" onfocus='this.blur();' href="javascript:showTestDetail('div_ft30.7')" >
        错误</a>

    <div id='div_ft30.7' class="popup_window">
        <pre>
        ft30.7: Traceback (most recent call last):
  File "E:\TWOSC_autotest\TWOSC_autotest_web\testCase\b_029_zongxuqiujihua_liancai_010_gongquBuzhang_sta.py", line 137, in test_gongquBuzhang_07
    gongquBuzhangMyoffice(self.driver).gongquBuzhangMyofficeLogin()
  File "E:\TWOSC_autotest\TWOSC_autotest_web\PO\player\gongquBuzhang\gongquBuzhangPage.py", line 21, in gongquBuzhangMyofficeLogin
    self.find_element(*self.myOffice_loc).click()
  File "E:\TWOSC_autotest\TWOSC_autotest_web\base_page\base.py", line 26, in find_element
    return self.driver.find_element(*loc)
  File "D:\python\lib\site-packages\selenium\webdriver\remote\webdriver.py", line 843, in find_element
    'value': value})['value']
  File "D:\python\lib\site-packages\selenium\webdriver\remote\webdriver.py", line 308, in execute
    self.error_handler.check_response(response)
  File "D:\python\lib\site-packages\selenium\webdriver\remote\errorhandler.py", line 194, in check_response
    raise exception_class(message, screen, stacktrace)
selenium.common.exceptions.NoSuchElementException: Message: no such element: Unable to locate element: {"method":"link text","selector":"我的办公室"}
  (Session info: chrome=58.0.3029.96)
  (Driver info: chromedriver=2.31.488763 (092de99f48a300323ecf8c2a4e2e7cab51de5ba8),platform=Windows NT 10.0.15063 x86_64)


        </pre>
    </div>
    <!--css div popup end-->

    </td>
</tr>

    <tr class='errorClass'>
        <td>b_030_zongxuqiujihua_liancai_011_biaoduanBuzhang_sta.biaoduanBuzhangTest: 测试标段物资部长-审批联采总需求计划</td>
        <td>1</td>
        <td>0</td>
        <td>0</td>
        <td>1</td>
        <td><a href="javascript:showClassDetail('c31',1)">详情</a></td>
    </tr>

<tr id='ft31.1' class='none'>
    <td class='errorCase'><div class='testcase'>test_biaoduanBuzhang: 测试批准联采总需求计划</div></td>
    <td colspan='5' align='center'>

    <!--css div popup start-->
    <a class="popup_link" onfocus='this.blur();' href="javascript:showTestDetail('div_ft31.1')" >
        错误</a>

    <div id='div_ft31.1' class="popup_window">
        <pre>
        ft31.1: Traceback (most recent call last):
  File "E:\TWOSC_autotest\TWOSC_autotest_web\testCase\b_030_zongxuqiujihua_liancai_011_biaoduanBuzhang_sta.py", line 28, in test_biaoduanBuzhang
    self.driver.find_element(By.CSS_SELECTOR, 'input[value="通过"]').click()  # 点击通过
  File "D:\python\lib\site-packages\selenium\webdriver\remote\webdriver.py", line 843, in find_element
    'value': value})['value']
  File "D:\python\lib\site-packages\selenium\webdriver\remote\webdriver.py", line 308, in execute
    self.error_handler.check_response(response)
  File "D:\python\lib\site-packages\selenium\webdriver\remote\errorhandler.py", line 194, in check_response
    raise exception_class(message, screen, stacktrace)
selenium.common.exceptions.NoSuchElementException: Message: no such element: Unable to locate element: {"method":"css selector","selector":"input[value="通过"]"}
  (Session info: chrome=58.0.3029.96)
  (Driver info: chromedriver=2.31.488763 (092de99f48a300323ecf8c2a4e2e7cab51de5ba8),platform=Windows NT 10.0.15063 x86_64)


        </pre>
    </div>
    <!--css div popup end-->

    </td>
</tr>

    <tr class='errorClass'>
        <td>b_031_zongxuqiujihua_liancai_012_gongquYanshou_sta.gongquShiyanTest: 测试总需求计划-联采-工区验收人员-审批</td>
        <td>1</td>
        <td>0</td>
        <td>0</td>
        <td>1</td>
        <td><a href="javascript:showClassDetail('c32',1)">详情</a></td>
    </tr>

<tr id='ft32.1' class='none'>
    <td class='errorCase'><div class='testcase'>test_gongquShiyan: 审批通过</div></td>
    <td colspan='5' align='center'>

    <!--css div popup start-->
    <a class="popup_link" onfocus='this.blur();' href="javascript:showTestDetail('div_ft32.1')" >
        错误</a>

    <div id='div_ft32.1' class="popup_window">
        <pre>
        ft32.1: Traceback (most recent call last):
  File "E:\TWOSC_autotest\TWOSC_autotest_web\testCase\b_031_zongxuqiujihua_liancai_012_gongquYanshou_sta.py", line 23, in test_gongquShiyan
    self.driver.find_element(By.CSS_SELECTOR, 'input[value="通过"]').click()  # 勾选通过
  File "D:\python\lib\site-packages\selenium\webdriver\remote\webdriver.py", line 843, in find_element
    'value': value})['value']
  File "D:\python\lib\site-packages\selenium\webdriver\remote\webdriver.py", line 308, in execute
    self.error_handler.check_response(response)
  File "D:\python\lib\site-packages\selenium\webdriver\remote\errorhandler.py", line 194, in check_response
    raise exception_class(message, screen, stacktrace)
selenium.common.exceptions.NoSuchElementException: Message: no such element: Unable to locate element: {"method":"css selector","selector":"input[value="通过"]"}
  (Session info: chrome=58.0.3029.96)
  (Driver info: chromedriver=2.31.488763 (092de99f48a300323ecf8c2a4e2e7cab51de5ba8),platform=Windows NT 10.0.15063 x86_64)


        </pre>
    </div>
    <!--css div popup end-->

    </td>
</tr>

    <tr class='passClass'>
        <td>b_032_zongxuqiujihua_liancai_013_delet_sta.delet_xuqiujihua: 删除标段业务人员联采2017年度需求计划</td>
        <td>1</td>
        <td>1</td>
        <td>0</td>
        <td>0</td>
        <td><a href="javascript:showClassDetail('c33',1)">详情</a></td>
    </tr>

<tr id='pt33.1' class='hiddenRow'>
    <td class='none'><div class='testcase'>test_a_shanchuxuqiujihua</div></td>
    <td colspan='5' align='center'>

    <!--css div popup start-->
    <a class="popup_link" onfocus='this.blur();' href="javascript:showTestDetail('div_pt33.1')" >
        通过</a>

    <div id='div_pt33.1' class="popup_window">
        <pre>
        pt33.1: 91462553634000

        </pre>
    </div>
    <!--css div popup end-->

    </td>
</tr>

    <tr class='errorClass'>
        <td>b_033_zongxuqiujihua_liancai_014_sta.ergongquYewuTest: 测试23标二工区业务人员-联采-创建总需求计划-审批-供汇总计划使用</td>
        <td>2</td>
        <td>0</td>
        <td>0</td>
        <td>2</td>
        <td><a href="javascript:showClassDetail('c34',2)">详情</a></td>
    </tr>

<tr id='ft34.1' class='none'>
    <td class='errorCase'><div class='testcase'>test_01_ergongquYewu: 23标二工区-联采-创建总需求计划</div></td>
    <td colspan='5' align='center'>

    <!--css div popup start-->
    <a class="popup_link" onfocus='this.blur();' href="javascript:showTestDetail('div_ft34.1')" >
        错误</a>

    <div id='div_ft34.1' class="popup_window">
        <pre>
        ft34.1: Traceback (most recent call last):
  File "E:\TWOSC_autotest\TWOSC_autotest_web\testCase\b_033_zongxuqiujihua_liancai_014_sta.py", line 65, in test_01_ergongquYewu
    self.driver.find_element(By.CSS_SELECTOR, '#popup_ok').click()
  File "D:\python\lib\site-packages\selenium\webdriver\remote\webdriver.py", line 843, in find_element
    'value': value})['value']
  File "D:\python\lib\site-packages\selenium\webdriver\remote\webdriver.py", line 308, in execute
    self.error_handler.check_response(response)
  File "D:\python\lib\site-packages\selenium\webdriver\remote\errorhandler.py", line 194, in check_response
    raise exception_class(message, screen, stacktrace)
selenium.common.exceptions.NoSuchElementException: Message: no such element: Unable to locate element: {"method":"css selector","selector":"#popup_ok"}
  (Session info: chrome=58.0.3029.96)
  (Driver info: chromedriver=2.31.488763 (092de99f48a300323ecf8c2a4e2e7cab51de5ba8),platform=Windows NT 10.0.15063 x86_64)


        </pre>
    </div>
    <!--css div popup end-->

    </td>
</tr>

<tr id='ft34.2' class='none'>
    <td class='errorCase'><div class='testcase'>test_02_biaoduanBuzhang: 测试标段物资部长审批</div></td>
    <td colspan='5' align='center'>

    <!--css div popup start-->
    <a class="popup_link" onfocus='this.blur();' href="javascript:showTestDetail('div_ft34.2')" >
        错误</a>

    <div id='div_ft34.2' class="popup_window">
        <pre>
        ft34.2: Traceback (most recent call last):
  File "E:\TWOSC_autotest\TWOSC_autotest_web\testCase\b_033_zongxuqiujihua_liancai_014_sta.py", line 82, in test_02_biaoduanBuzhang
    self.driver.find_element(By.LINK_TEXT, 'MHTJ-23标二工区 总需求计划').click()  # 点击总需求计划
  File "D:\python\lib\site-packages\selenium\webdriver\remote\webdriver.py", line 843, in find_element
    'value': value})['value']
  File "D:\python\lib\site-packages\selenium\webdriver\remote\webdriver.py", line 308, in execute
    self.error_handler.check_response(response)
  File "D:\python\lib\site-packages\selenium\webdriver\remote\errorhandler.py", line 194, in check_response
    raise exception_class(message, screen, stacktrace)
selenium.common.exceptions.NoSuchElementException: Message: no such element: Unable to locate element: {"method":"link text","selector":"MHTJ-23标二工区 总需求计划"}
  (Session info: chrome=58.0.3029.96)
  (Driver info: chromedriver=2.31.488763 (092de99f48a300323ecf8c2a4e2e7cab51de5ba8),platform=Windows NT 10.0.15063 x86_64)


        </pre>
    </div>
    <!--css div popup end-->

    </td>
</tr>

    <tr class='passClass'>
        <td>b_034_zongxuqiujihua_liancai_015_delet_sta.delet_xuqiujihua: 删除标段业务人员联采总需求计划</td>
        <td>1</td>
        <td>1</td>
        <td>0</td>
        <td>0</td>
        <td><a href="javascript:showClassDetail('c35',1)">详情</a></td>
    </tr>

<tr id='pt35.1' class='hiddenRow'>
    <td class='none'><div class='testcase'>test_biaoduanYewu</div></td>
    <td colspan='5' align='center'>

    <!--css div popup start-->
    <a class="popup_link" onfocus='this.blur();' href="javascript:showTestDetail('div_pt35.1')" >
        通过</a>

    <div id='div_pt35.1' class="popup_window">
        <pre>
        pt35.1: 94298960885000

        </pre>
    </div>
    <!--css div popup end-->

    </td>
</tr>

    <tr class='errorClass'>
        <td>b_035_zongxuqiujihua_liancai_016_biaoduanyewu_sta.biaoduanYewuTest: 测试标段业务人员-联采-汇总计划-总需求计划</td>
        <td>7</td>
        <td>0</td>
        <td>1</td>
        <td>6</td>
        <td><a href="javascript:showClassDetail('c36',7)">详情</a></td>
    </tr>

<tr id='ft36.1' class='none'>
    <td class='errorCase'><div class='testcase'>test_biaoduanYewu_01: 测试标段业务人员创建总需求计划</div></td>
    <td colspan='5' align='center'>

    <!--css div popup start-->
    <a class="popup_link" onfocus='this.blur();' href="javascript:showTestDetail('div_ft36.1')" >
        错误</a>

    <div id='div_ft36.1' class="popup_window">
        <pre>
        ft36.1: Traceback (most recent call last):
  File "E:\TWOSC_autotest\TWOSC_autotest_web\testCase\b_035_zongxuqiujihua_liancai_016_biaoduanyewu_sta.py", line 38, in test_biaoduanYewu_01
    self.driver.find_element(By.LINK_TEXT, '确认添加').click()
  File "D:\python\lib\site-packages\selenium\webdriver\remote\webelement.py", line 80, in click
    self._execute(Command.CLICK_ELEMENT)
  File "D:\python\lib\site-packages\selenium\webdriver\remote\webelement.py", line 501, in _execute
    return self._parent.execute(command, params)
  File "D:\python\lib\site-packages\selenium\webdriver\remote\webdriver.py", line 308, in execute
    self.error_handler.check_response(response)
  File "D:\python\lib\site-packages\selenium\webdriver\remote\errorhandler.py", line 194, in check_response
    raise exception_class(message, screen, stacktrace)
selenium.common.exceptions.WebDriverException: Message: unknown error: Element &lt;a class="btn btn-primary" onclick="confirmAddPlan();"&gt;...&lt;/a&gt; is not clickable at point (726, 502). Other element would receive the click: &lt;div id="popup_overlay" style="position: absolute; z-index: 99998; top: 0px; left: 0px; width: 100%; height: 662px; background: rgb(0, 0, 0); opacity: 0.3;"&gt;&lt;/div&gt;
  (Session info: chrome=58.0.3029.96)
  (Driver info: chromedriver=2.31.488763 (092de99f48a300323ecf8c2a4e2e7cab51de5ba8),platform=Windows NT 10.0.15063 x86_64)


        </pre>
    </div>
    <!--css div popup end-->

    </td>
</tr>

<tr id='ft36.2' class='none'>
    <td class='errorCase'><div class='testcase'>test_biaoduanYewu_02: 测试搜索-名称搜索</div></td>
    <td colspan='5' align='center'>

    <!--css div popup start-->
    <a class="popup_link" onfocus='this.blur();' href="javascript:showTestDetail('div_ft36.2')" >
        错误</a>

    <div id='div_ft36.2' class="popup_window">
        <pre>
        ft36.2: Traceback (most recent call last):
  File "E:\TWOSC_autotest\TWOSC_autotest_web\testCase\b_035_zongxuqiujihua_liancai_016_biaoduanyewu_sta.py", line 59, in test_biaoduanYewu_02
    text = self.driver.find_element(By.CSS_SELECTOR, '#planningDetailsTable &gt; tbody &gt; tr:nth-child(1) &gt; td:nth-child(3) &gt; span').text
  File "D:\python\lib\site-packages\selenium\webdriver\remote\webdriver.py", line 843, in find_element
    'value': value})['value']
  File "D:\python\lib\site-packages\selenium\webdriver\remote\webdriver.py", line 308, in execute
    self.error_handler.check_response(response)
  File "D:\python\lib\site-packages\selenium\webdriver\remote\errorhandler.py", line 194, in check_response
    raise exception_class(message, screen, stacktrace)
selenium.common.exceptions.NoSuchElementException: Message: no such element: Unable to locate element: {"method":"css selector","selector":"#planningDetailsTable &gt; tbody &gt; tr:nth-child(1) &gt; td:nth-child(3) &gt; span"}
  (Session info: chrome=58.0.3029.96)
  (Driver info: chromedriver=2.31.488763 (092de99f48a300323ecf8c2a4e2e7cab51de5ba8),platform=Windows NT 10.0.15063 x86_64)


        </pre>
    </div>
    <!--css div popup end-->

    </td>
</tr>

<tr id='ft36.3' class='none'>
    <td class='errorCase'><div class='testcase'>test_biaoduanYewu_03: 测试搜素-规格搜素</div></td>
    <td colspan='5' align='center'>

    <!--css div popup start-->
    <a class="popup_link" onfocus='this.blur();' href="javascript:showTestDetail('div_ft36.3')" >
        错误</a>

    <div id='div_ft36.3' class="popup_window">
        <pre>
        ft36.3: Traceback (most recent call last):
  File "E:\TWOSC_autotest\TWOSC_autotest_web\testCase\b_035_zongxuqiujihua_liancai_016_biaoduanyewu_sta.py", line 77, in test_biaoduanYewu_03
    text = self.driver.find_element(By.CSS_SELECTOR, '#planningDetailsTable &gt; tbody &gt; tr:nth-child(1) &gt; td:nth-child(4)').text
  File "D:\python\lib\site-packages\selenium\webdriver\remote\webdriver.py", line 843, in find_element
    'value': value})['value']
  File "D:\python\lib\site-packages\selenium\webdriver\remote\webdriver.py", line 308, in execute
    self.error_handler.check_response(response)
  File "D:\python\lib\site-packages\selenium\webdriver\remote\errorhandler.py", line 194, in check_response
    raise exception_class(message, screen, stacktrace)
selenium.common.exceptions.NoSuchElementException: Message: no such element: Unable to locate element: {"method":"css selector","selector":"#planningDetailsTable &gt; tbody &gt; tr:nth-child(1) &gt; td:nth-child(4)"}
  (Session info: chrome=58.0.3029.96)
  (Driver info: chromedriver=2.31.488763 (092de99f48a300323ecf8c2a4e2e7cab51de5ba8),platform=Windows NT 10.0.15063 x86_64)


        </pre>
    </div>
    <!--css div popup end-->

    </td>
</tr>

<tr id='ft36.4' class='none'>
    <td class='errorCase'><div class='testcase'>test_biaoduanYewu_04: 测试选择页数</div></td>
    <td colspan='5' align='center'>

    <!--css div popup start-->
    <a class="popup_link" onfocus='this.blur();' href="javascript:showTestDetail('div_ft36.4')" >
        错误</a>

    <div id='div_ft36.4' class="popup_window">
        <pre>
        ft36.4: Traceback (most recent call last):
  File "E:\TWOSC_autotest\TWOSC_autotest_web\testCase\b_035_zongxuqiujihua_liancai_016_biaoduanyewu_sta.py", line 93, in test_biaoduanYewu_04
    self.driver.find_element(By.CSS_SELECTOR, 'body &gt; div.wrapper &gt; div:nth-child(5) &gt; div &gt; div &gt; div.box-body &gt; div:nth-child(8) &gt; div.fixed-table-container &gt; div.fixed-table-pagination '
  File "D:\python\lib\site-packages\selenium\webdriver\remote\webdriver.py", line 843, in find_element
    'value': value})['value']
  File "D:\python\lib\site-packages\selenium\webdriver\remote\webdriver.py", line 308, in execute
    self.error_handler.check_response(response)
  File "D:\python\lib\site-packages\selenium\webdriver\remote\errorhandler.py", line 194, in check_response
    raise exception_class(message, screen, stacktrace)
selenium.common.exceptions.NoSuchElementException: Message: no such element: Unable to locate element: {"method":"css selector","selector":"body &gt; div.wrapper &gt; div:nth-child(5) &gt; div &gt; div &gt; div.box-body &gt; div:nth-child(8) &gt; div.fixed-table-container &gt; div.fixed-table-pagination &gt; div.pull-left.pagination-detail &gt; span.page-list &gt; span &gt; button &gt; span.page-size"}
  (Session info: chrome=58.0.3029.96)
  (Driver info: chromedriver=2.31.488763 (092de99f48a300323ecf8c2a4e2e7cab51de5ba8),platform=Windows NT 10.0.15063 x86_64)


        </pre>
    </div>
    <!--css div popup end-->

    </td>
</tr>

<tr id='ft36.5' class='none'>
    <td class='errorCase'><div class='testcase'>test_biaoduanYewu_05: 测试移除</div></td>
    <td colspan='5' align='center'>

    <!--css div popup start-->
    <a class="popup_link" onfocus='this.blur();' href="javascript:showTestDetail('div_ft36.5')" >
        错误</a>

    <div id='div_ft36.5' class="popup_window">
        <pre>
        ft36.5: Traceback (most recent call last):
  File "E:\TWOSC_autotest\TWOSC_autotest_web\testCase\b_035_zongxuqiujihua_liancai_016_biaoduanyewu_sta.py", line 116, in test_biaoduanYewu_05
    self.driver.find_element(By.CSS_SELECTOR, '#childContainerPlanTable &gt; tbody &gt; tr:nth-child(1) &gt; td:nth-child(7) &gt; a:nth-child(1)').click()
  File "D:\python\lib\site-packages\selenium\webdriver\remote\webdriver.py", line 843, in find_element
    'value': value})['value']
  File "D:\python\lib\site-packages\selenium\webdriver\remote\webdriver.py", line 308, in execute
    self.error_handler.check_response(response)
  File "D:\python\lib\site-packages\selenium\webdriver\remote\errorhandler.py", line 194, in check_response
    raise exception_class(message, screen, stacktrace)
selenium.common.exceptions.NoSuchElementException: Message: no such element: Unable to locate element: {"method":"css selector","selector":"#childContainerPlanTable &gt; tbody &gt; tr:nth-child(1) &gt; td:nth-child(7) &gt; a:nth-child(1)"}
  (Session info: chrome=58.0.3029.96)
  (Driver info: chromedriver=2.31.488763 (092de99f48a300323ecf8c2a4e2e7cab51de5ba8),platform=Windows NT 10.0.15063 x86_64)


        </pre>
    </div>
    <!--css div popup end-->

    </td>
</tr>

<tr id='ft36.6' class='none'>
    <td class='errorCase'><div class='testcase'>test_biaoduanYewu_06: 测试分工区汇总</div></td>
    <td colspan='5' align='center'>

    <!--css div popup start-->
    <a class="popup_link" onfocus='this.blur();' href="javascript:showTestDetail('div_ft36.6')" >
        错误</a>

    <div id='div_ft36.6' class="popup_window">
        <pre>
        ft36.6: Traceback (most recent call last):
  File "E:\TWOSC_autotest\TWOSC_autotest_web\testCase\b_035_zongxuqiujihua_liancai_016_biaoduanyewu_sta.py", line 147, in test_biaoduanYewu_06
    self.driver.find_element(By.LINK_TEXT, '确认添加').click()
  File "D:\python\lib\site-packages\selenium\webdriver\remote\webelement.py", line 80, in click
    self._execute(Command.CLICK_ELEMENT)
  File "D:\python\lib\site-packages\selenium\webdriver\remote\webelement.py", line 501, in _execute
    return self._parent.execute(command, params)
  File "D:\python\lib\site-packages\selenium\webdriver\remote\webdriver.py", line 308, in execute
    self.error_handler.check_response(response)
  File "D:\python\lib\site-packages\selenium\webdriver\remote\errorhandler.py", line 194, in check_response
    raise exception_class(message, screen, stacktrace)
selenium.common.exceptions.WebDriverException: Message: unknown error: Element &lt;a class="btn btn-primary" onclick="confirmAddPlan();"&gt;...&lt;/a&gt; is not clickable at point (726, 502). Other element would receive the click: &lt;div id="popup_overlay" style="position: absolute; z-index: 99998; top: 0px; left: 0px; width: 100%; height: 662px; background: rgb(0, 0, 0); opacity: 0.3;"&gt;&lt;/div&gt;
  (Session info: chrome=58.0.3029.96)
  (Driver info: chromedriver=2.31.488763 (092de99f48a300323ecf8c2a4e2e7cab51de5ba8),platform=Windows NT 10.0.15063 x86_64)


        </pre>
    </div>
    <!--css div popup end-->

    </td>
</tr>

<tr id='ft36.7' class='none'>
    <td class='failCase'><div class='testcase'>test_biaoduanYewu_07: 测试删除添加审批人员</div></td>
    <td colspan='5' align='center'>

    <!--css div popup start-->
    <a class="popup_link" onfocus='this.blur();' href="javascript:showTestDetail('div_ft36.7')" >
        失败</a>

    <div id='div_ft36.7' class="popup_window">
        <pre>
        ft36.7: Traceback (most recent call last):
  File "E:\TWOSC_autotest\TWOSC_autotest_web\testCase\b_035_zongxuqiujihua_liancai_016_biaoduanyewu_sta.py", line 223, in test_biaoduanYewu_07
    self.assertEqual(text, '标段物资部长    (当前)')
AssertionError: '标段业务人员    (当前)' != '标段物资部长    (当前)'
- 标段业务人员    (当前)
+ 标段物资部长    (当前)


        </pre>
    </div>
    <!--css div popup end-->

    </td>
</tr>

    <tr class='errorClass'>
        <td>b_036_zongxuqiujihua_liancai_017_shenpi_sta.biaoduanBuzhangTest: 测试汇总总需求计划-各层级审批</td>
        <td>4</td>
        <td>0</td>
        <td>0</td>
        <td>4</td>
        <td><a href="javascript:showClassDetail('c37',4)">详情</a></td>
    </tr>

<tr id='ft37.1' class='none'>
    <td class='errorCase'><div class='testcase'>test_01_biaoduanBuzhang: 标段物资部长审批</div></td>
    <td colspan='5' align='center'>

    <!--css div popup start-->
    <a class="popup_link" onfocus='this.blur();' href="javascript:showTestDetail('div_ft37.1')" >
        错误</a>

    <div id='div_ft37.1' class="popup_window">
        <pre>
        ft37.1: Traceback (most recent call last):
  File "E:\TWOSC_autotest\TWOSC_autotest_web\testCase\b_036_zongxuqiujihua_liancai_017_shenpi_sta.py", line 25, in test_01_biaoduanBuzhang
    self.driver.find_element(By.LINK_TEXT, 'MHTJ-23 总需求计划').click()  # 点击总需求计划
  File "D:\python\lib\site-packages\selenium\webdriver\remote\webdriver.py", line 843, in find_element
    'value': value})['value']
  File "D:\python\lib\site-packages\selenium\webdriver\remote\webdriver.py", line 308, in execute
    self.error_handler.check_response(response)
  File "D:\python\lib\site-packages\selenium\webdriver\remote\errorhandler.py", line 194, in check_response
    raise exception_class(message, screen, stacktrace)
selenium.common.exceptions.NoSuchElementException: Message: no such element: Unable to locate element: {"method":"link text","selector":"MHTJ-23 总需求计划"}
  (Session info: chrome=58.0.3029.96)
  (Driver info: chromedriver=2.31.488763 (092de99f48a300323ecf8c2a4e2e7cab51de5ba8),platform=Windows NT 10.0.15063 x86_64)


        </pre>
    </div>
    <!--css div popup end-->

    </td>
</tr>

<tr id='ft37.2' class='none'>
    <td class='errorCase'><div class='testcase'>test_02_fuwuJigou: 测试汇总总需求计划-服务机构审批</div></td>
    <td colspan='5' align='center'>

    <!--css div popup start-->
    <a class="popup_link" onfocus='this.blur();' href="javascript:showTestDetail('div_ft37.2')" >
        错误</a>

    <div id='div_ft37.2' class="popup_window">
        <pre>
        ft37.2: Traceback (most recent call last):
  File "E:\TWOSC_autotest\TWOSC_autotest_web\testCase\b_036_zongxuqiujihua_liancai_017_shenpi_sta.py", line 46, in test_02_fuwuJigou
    self.driver.find_element(By.LINK_TEXT, 'MHTJ-23 总需求计划').click()  # 点击总需求计划
  File "D:\python\lib\site-packages\selenium\webdriver\remote\webdriver.py", line 843, in find_element
    'value': value})['value']
  File "D:\python\lib\site-packages\selenium\webdriver\remote\webdriver.py", line 308, in execute
    self.error_handler.check_response(response)
  File "D:\python\lib\site-packages\selenium\webdriver\remote\errorhandler.py", line 194, in check_response
    raise exception_class(message, screen, stacktrace)
selenium.common.exceptions.NoSuchElementException: Message: no such element: Unable to locate element: {"method":"link text","selector":"MHTJ-23 总需求计划"}
  (Session info: chrome=58.0.3029.96)
  (Driver info: chromedriver=2.31.488763 (092de99f48a300323ecf8c2a4e2e7cab51de5ba8),platform=Windows NT 10.0.15063 x86_64)


        </pre>
    </div>
    <!--css div popup end-->

    </td>
</tr>

<tr id='ft37.3' class='none'>
    <td class='errorCase'><div class='testcase'>test_03_zhihuibuYewu: 测试汇总总需求计划-指挥部业务人员-审批</div></td>
    <td colspan='5' align='center'>

    <!--css div popup start-->
    <a class="popup_link" onfocus='this.blur();' href="javascript:showTestDetail('div_ft37.3')" >
        错误</a>

    <div id='div_ft37.3' class="popup_window">
        <pre>
        ft37.3: Traceback (most recent call last):
  File "E:\TWOSC_autotest\TWOSC_autotest_web\testCase\b_036_zongxuqiujihua_liancai_017_shenpi_sta.py", line 67, in test_03_zhihuibuYewu
    self.driver.find_element(By.LINK_TEXT, 'MHTJ-23 总需求计划').click()  # 点击总需求计划
  File "D:\python\lib\site-packages\selenium\webdriver\remote\webdriver.py", line 843, in find_element
    'value': value})['value']
  File "D:\python\lib\site-packages\selenium\webdriver\remote\webdriver.py", line 308, in execute
    self.error_handler.check_response(response)
  File "D:\python\lib\site-packages\selenium\webdriver\remote\errorhandler.py", line 194, in check_response
    raise exception_class(message, screen, stacktrace)
selenium.common.exceptions.NoSuchElementException: Message: no such element: Unable to locate element: {"method":"link text","selector":"MHTJ-23 总需求计划"}
  (Session info: chrome=58.0.3029.96)
  (Driver info: chromedriver=2.31.488763 (092de99f48a300323ecf8c2a4e2e7cab51de5ba8),platform=Windows NT 10.0.15063 x86_64)


        </pre>
    </div>
    <!--css div popup end-->

    </td>
</tr>

<tr id='ft37.4' class='none'>
    <td class='errorCase'><div class='testcase'>test_04_wuzishebeiBu: 测试汇总总需求计划-审批-物资设备部</div></td>
    <td colspan='5' align='center'>

    <!--css div popup start-->
    <a class="popup_link" onfocus='this.blur();' href="javascript:showTestDetail('div_ft37.4')" >
        错误</a>

    <div id='div_ft37.4' class="popup_window">
        <pre>
        ft37.4: Traceback (most recent call last):
  File "E:\TWOSC_autotest\TWOSC_autotest_web\testCase\b_036_zongxuqiujihua_liancai_017_shenpi_sta.py", line 88, in test_04_wuzishebeiBu
    self.driver.find_element(By.LINK_TEXT, 'MHTJ-23 总需求计划').click()  # 点击总需求计划
  File "D:\python\lib\site-packages\selenium\webdriver\remote\webdriver.py", line 843, in find_element
    'value': value})['value']
  File "D:\python\lib\site-packages\selenium\webdriver\remote\webdriver.py", line 308, in execute
    self.error_handler.check_response(response)
  File "D:\python\lib\site-packages\selenium\webdriver\remote\errorhandler.py", line 194, in check_response
    raise exception_class(message, screen, stacktrace)
selenium.common.exceptions.NoSuchElementException: Message: no such element: Unable to locate element: {"method":"link text","selector":"MHTJ-23 总需求计划"}
  (Session info: chrome=58.0.3029.96)
  (Driver info: chromedriver=2.31.488763 (092de99f48a300323ecf8c2a4e2e7cab51de5ba8),platform=Windows NT 10.0.15063 x86_64)


        </pre>
    </div>
    <!--css div popup end-->

    </td>
</tr>

        <tr id='total_row'>
            <td>总计</td>
            <td>69</td>
            <td>12</td>
            <td>4</td>
            <td>53</td>
            <td>&nbsp;</td>
        </tr>
    </table>

        <div id='ending'>&nbsp;</div>
        
    <script type="text/javascript">
        // 基于准备好的dom，初始化echarts实例
        var myChart = echarts.init(document.getElementById('chart'));

        // 指定图表的配置项和数据
        var option = {
            title : {
                text: '测试执行情况',
                x:'center'
            },
            tooltip : {
                trigger: 'item',
                formatter: "{a} <br/>{b} : {c} ({d}%)"
            },
            legend: {
                orient: 'vertical',
                left: 'left',
                data: ['通过','失败','错误']
            },
            series : [
                {
                    name: '测试执行情况',
                    type: 'pie',
                    radius : '60%',
                    center: ['50%', '60%'],
                    data:[
                        {value:12, name:'通过'},
                        {value:4, name:'失败'},
                        {value:53, name:'错误'}
                    ],
                    itemStyle: {
                        emphasis: {
                            shadowBlur: 10,
                            shadowOffsetX: 0,
                            shadowColor: 'rgba(0, 0, 0, 0.5)'
                        }
                    }
                }
            ]
        };

        // 使用刚指定的配置项和数据显示图表。
        myChart.setOption(option);
    </script>
    
    </div>
</body>
</html>
