<?xml version="1.0" encoding="UTF-8"?>
<!DOCTYPE html PUBLIC "-//W3C//DTD XHTML 1.0 Strict//EN" "http://www.w3.org/TR/xhtml1/DTD/xhtml1-strict.dtd">
<html xmlns="http://www.w3.org/1999/xhtml">
<head>
    <title>智慧供应链自动化测试</title>
    <meta name="generator" content="HTMLTestRunner 0.9.1"/>
    <meta http-equiv="Content-Type" content="text/html; charset=UTF-8"/>
    
<style type="text/css" media="screen">
    body        { font-family: verdana, arial, helvetica, sans-serif; font-size: 80%; }
    table       { font-size: 100%; }
    pre         { white-space: pre-wrap;word-wrap: break-word; }

    /* -- heading ---------------------------------------------------------------------- */
    h1 {
        font-size: 16pt;
        color: gray;
    }
    .heading {
        margin-top: 0ex;
        margin-bottom: 1ex;
    }

    .heading .attribute {
        margin-top: 1ex;
        margin-bottom: 0;
    }

    .heading .description {
        margin-top: 2ex;
        margin-bottom: 3ex;
    }

    /* -- css div popup ------------------------------------------------------------------------ */
    a.popup_link {
    }

    a.popup_link:hover {
        color: red;
    }

    .popup_window {
        display: none;
        position: relative;
        left: 0px;
        top: 0px;
        /*border: solid #627173 1px; */
        padding: 10px;
        /*background-color: #E6E6D6; */
        font-family: "Lucida Console", "Courier New", Courier, monospace;
        text-align: left;
        font-size: 8pt;
        /* width: 500px;*/
    }

    }
    /* -- report ------------------------------------------------------------------------ */
    #show_detail_line {
        margin-top: 3ex;
        margin-bottom: 1ex;
    }
    #result_table {
        width: 99%;
    }
    #header_row {
        font-weight: bold;
        color: #303641;
        background-color: #ebebeb;
    }
    #total_row  { font-weight: bold; }
    .passClass  { background-color: #bdedbc; }
    .failClass  { background-color: #ffefa4; }
    .errorClass { background-color: #ffc9c9; }
    .passCase   { color: #6c6; }
    .failCase   { color: #FF6600; font-weight: bold; }
    .errorCase  { color: #c00; font-weight: bold; }
    .hiddenRow  { display: none; }
    .testcase   { margin-left: 2em; }


    /* -- ending ---------------------------------------------------------------------- */
    #ending {
    }

    #div_base {
                position:absolute;
                top:0%;
                left:5%;
                right:5%;
                width: auto;
                height: auto;
                margin: -15px 0 0 0;
    }
</style>

    <link href="http://cdn.bootcss.com/bootstrap/3.3.0/css/bootstrap.min.css" rel="stylesheet">
    <script type="text/javascript" src="js/echarts.common.min.js"></script>
</head>
<body>
    <script language="javascript" type="text/javascript"><!--
    output_list = Array();

    /* level - 0:Summary; 1:Failed; 2:All */
    function showCase(level) {
        trs = document.getElementsByTagName("tr");
        for (var i = 0; i < trs.length; i++) {
            tr = trs[i];
            id = tr.id;
            if (id.substr(0,2) == 'ft') {
                if (level < 1) {
                    tr.className = 'hiddenRow';
                }
                else {
                    tr.className = '';
                }
            }
            if (id.substr(0,2) == 'pt') {
                if (level > 1) {
                    tr.className = '';
                }
                else {
                    tr.className = 'hiddenRow';
                }
            }
        }
    }


    function showClassDetail(cid, count) {
        var id_list = Array(count);
        var toHide = 1;
        for (var i = 0; i < count; i++) {
            tid0 = 't' + cid.substr(1) + '.' + (i+1);
            tid = 'f' + tid0;
            tr = document.getElementById(tid);
            if (!tr) {
                tid = 'p' + tid0;
                tr = document.getElementById(tid);
            }
            id_list[i] = tid;
            if (tr.className) {
                toHide = 0;
            }
        }
        for (var i = 0; i < count; i++) {
            tid = id_list[i];
            if (toHide) {
                document.getElementById('div_'+tid).style.display = 'none'
                document.getElementById(tid).className = 'hiddenRow';
            }
            else {
                document.getElementById(tid).className = '';
            }
        }
    }


    function showTestDetail(div_id){
        var details_div = document.getElementById(div_id)
        var displayState = details_div.style.display
        // alert(displayState)
        if (displayState != 'block' ) {
            displayState = 'block'
            details_div.style.display = 'block'
        }
        else {
            details_div.style.display = 'none'
        }
    }


    function html_escape(s) {
        s = s.replace(/&/g,'&amp;');
        s = s.replace(/</g,'&lt;');
        s = s.replace(/>/g,'&gt;');
        return s;
    }

    /* obsoleted by detail in <div>
    function showOutput(id, name) {
        var w = window.open("", //url
                        name,
                        "resizable,scrollbars,status,width=800,height=450");
        d = w.document;
        d.write("<pre>");
        d.write(html_escape(output_list[id]));
        d.write("\n");
        d.write("<a href='javascript:window.close()'>close</a>\n");
        d.write("</pre>\n");
        d.close();
    }
    */
    --></script>

    <div id="div_base">
        
    <div class='page-header'>
        <h1>智慧供应链自动化测试</h1>
    <p class='attribute'><strong>开始时间:</strong> 2017-11-10 14:41:31</p>
<p class='attribute'><strong>运行时长:</strong> 0:20:53.673219</p>
<p class='attribute'><strong>状态:</strong> 通过 31 失败 7 错误 27</p>

    </div>
    <div style="float: left;width:50%;"><p class='description'>环境：win10 浏览器：chrome</p></div>
    <div id="chart" style="width:50%;height:400px;float:left;"></div>

        
    <div class="btn-group btn-group-sm">
        <button class="btn btn-default" onclick='javascript:showCase(0)'>总结</button>
        <button class="btn btn-default" onclick='javascript:showCase(1)'>失败</button>
        <button class="btn btn-default" onclick='javascript:showCase(2)'>全部</button>
    </div>
    <p></p>
    <table id='result_table' class="table table-bordered">
        <colgroup>
            <col align='left' />
            <col align='right' />
            <col align='right' />
            <col align='right' />
            <col align='right' />
            <col align='right' />
        </colgroup>
        <tr id='header_row'>
            <td>测试套件/测试用例</td>
            <td>总数</td>
            <td>通过</td>
            <td>失败</td>
            <td>错误</td>
            <td>查看</td>
        </tr>
        
    <tr class='passClass'>
        <td>A_home_page_forgotPsw_main_sta.forgotPsw: 跑流程，首页忘记密码点击测试</td>
        <td>1</td>
        <td>1</td>
        <td>0</td>
        <td>0</td>
        <td><a href="javascript:showClassDetail('c1',1)">详情</a></td>
    </tr>

<tr id='pt1.1' class='hiddenRow'>
    <td class='none'><div class='testcase'>test_ForgotPsw: 点击忘记密码</div></td>
    <td colspan='5' align='center'>通过</td>
</tr>

    <tr class='passClass'>
        <td>A_home_page_logo_main_sta.logoTest: 跑流程，首页logo点击测试</td>
        <td>1</td>
        <td>1</td>
        <td>0</td>
        <td>0</td>
        <td><a href="javascript:showClassDetail('c2',1)">详情</a></td>
    </tr>

<tr id='pt2.1' class='hiddenRow'>
    <td class='none'><div class='testcase'>test_logo</div></td>
    <td colspan='5' align='center'>通过</td>
</tr>

    <tr class='passClass'>
        <td>A_login_biaoduanwuzibuzhang_main_sta.loginTest: 跑流程，标段物资部长登陆测试</td>
        <td>1</td>
        <td>1</td>
        <td>0</td>
        <td>0</td>
        <td><a href="javascript:showClassDetail('c3',1)">详情</a></td>
    </tr>

<tr id='pt3.1' class='hiddenRow'>
    <td class='none'><div class='testcase'>test_login</div></td>
    <td colspan='5' align='center'>通过</td>
</tr>

    <tr class='passClass'>
        <td>A_login_biaoduanyewu_main_sta.loginTest: 跑流程，标段业务人员登陆测试</td>
        <td>1</td>
        <td>1</td>
        <td>0</td>
        <td>0</td>
        <td><a href="javascript:showClassDetail('c4',1)">详情</a></td>
    </tr>

<tr id='pt4.1' class='hiddenRow'>
    <td class='none'><div class='testcase'>test_login</div></td>
    <td colspan='5' align='center'>通过</td>
</tr>

    <tr class='passClass'>
        <td>A_login_fuwujigou_main_sta.loginTest: 跑流程，服务机构登陆测试</td>
        <td>1</td>
        <td>1</td>
        <td>0</td>
        <td>0</td>
        <td><a href="javascript:showClassDetail('c5',1)">详情</a></td>
    </tr>

<tr id='pt5.1' class='hiddenRow'>
    <td class='none'><div class='testcase'>test_login</div></td>
    <td colspan='5' align='center'>通过</td>
</tr>

    <tr class='passClass'>
        <td>A_login_gongqushiyan_main_sta.loginTest: 跑流程，工区实验人员登陆测试</td>
        <td>1</td>
        <td>1</td>
        <td>0</td>
        <td>0</td>
        <td><a href="javascript:showClassDetail('c6',1)">详情</a></td>
    </tr>

<tr id='pt6.1' class='hiddenRow'>
    <td class='none'><div class='testcase'>test_login</div></td>
    <td colspan='5' align='center'>通过</td>
</tr>

    <tr class='passClass'>
        <td>A_login_gongquwuzibuzhang_main_sta.loginTest: 跑流程，工区物资部长登陆测试</td>
        <td>1</td>
        <td>1</td>
        <td>0</td>
        <td>0</td>
        <td><a href="javascript:showClassDetail('c7',1)">详情</a></td>
    </tr>

<tr id='pt7.1' class='hiddenRow'>
    <td class='none'><div class='testcase'>test_login</div></td>
    <td colspan='5' align='center'>通过</td>
</tr>

    <tr class='passClass'>
        <td>A_login_gongquyanshou_main_sta.loginTest: 跑主流程，工区验收人员登陆测试</td>
        <td>1</td>
        <td>1</td>
        <td>0</td>
        <td>0</td>
        <td><a href="javascript:showClassDetail('c8',1)">详情</a></td>
    </tr>

<tr id='pt8.1' class='hiddenRow'>
    <td class='none'><div class='testcase'>test_login: 跑主流程,工区验收人员账号密码正确</div></td>
    <td colspan='5' align='center'>通过</td>
</tr>

    <tr class='passClass'>
        <td>A_login_gongquyewu_main_sta.loginTest:      跑主流程，工区业务人员登陆测试     </td>
        <td>1</td>
        <td>1</td>
        <td>0</td>
        <td>0</td>
        <td><a href="javascript:showClassDetail('c9',1)">详情</a></td>
    </tr>

<tr id='pt9.1' class='hiddenRow'>
    <td class='none'><div class='testcase'>test_login1: 跑主流程，工区业务人员用户名和密码正确</div></td>
    <td colspan='5' align='center'>通过</td>
</tr>

    <tr class='passClass'>
        <td>A_login_gongyingshang_main_sta.loginTest: 跑流程，供应商登陆测试</td>
        <td>1</td>
        <td>1</td>
        <td>0</td>
        <td>0</td>
        <td><a href="javascript:showClassDetail('c10',1)">详情</a></td>
    </tr>

<tr id='pt10.1' class='hiddenRow'>
    <td class='none'><div class='testcase'>test_login</div></td>
    <td colspan='5' align='center'>通过</td>
</tr>

    <tr class='passClass'>
        <td>A_login_jianlidanwei_main_sta.loginTest: 跑流程，监理单位登陆测试</td>
        <td>1</td>
        <td>1</td>
        <td>0</td>
        <td>0</td>
        <td><a href="javascript:showClassDetail('c11',1)">详情</a></td>
    </tr>

<tr id='pt11.1' class='hiddenRow'>
    <td class='none'><div class='testcase'>test_login</div></td>
    <td colspan='5' align='center'>通过</td>
</tr>

    <tr class='passClass'>
        <td>A_login_wuzishebeibu_main_sta.loginTest: 跑流程，物资设备部登陆测试</td>
        <td>1</td>
        <td>1</td>
        <td>0</td>
        <td>0</td>
        <td><a href="javascript:showClassDetail('c12',1)">详情</a></td>
    </tr>

<tr id='pt12.1' class='hiddenRow'>
    <td class='none'><div class='testcase'>test_login</div></td>
    <td colspan='5' align='center'>通过</td>
</tr>

    <tr class='passClass'>
        <td>A_login_zhihuibucaiwu_main_sta.loginTest: 跑流程，指挥部财务人员登陆测试</td>
        <td>1</td>
        <td>1</td>
        <td>0</td>
        <td>0</td>
        <td><a href="javascript:showClassDetail('c13',1)">详情</a></td>
    </tr>

<tr id='pt13.1' class='hiddenRow'>
    <td class='none'><div class='testcase'>test_login</div></td>
    <td colspan='5' align='center'>通过</td>
</tr>

    <tr class='passClass'>
        <td>A_login_zhihuibuyewu_main_sta.loginTest: 跑流程，指挥部业务人员登陆测试！</td>
        <td>1</td>
        <td>1</td>
        <td>0</td>
        <td>0</td>
        <td><a href="javascript:showClassDetail('c14',1)">详情</a></td>
    </tr>

<tr id='pt14.1' class='hiddenRow'>
    <td class='none'><div class='testcase'>test_login</div></td>
    <td colspan='5' align='center'>通过</td>
</tr>

    <tr class='passClass'>
        <td>delet_xuqiujihua_1_sta.delet_xuqiujihua: 删除总需求计划</td>
        <td>1</td>
        <td>1</td>
        <td>0</td>
        <td>0</td>
        <td><a href="javascript:showClassDetail('c15',1)">详情</a></td>
    </tr>

<tr id='pt15.1' class='hiddenRow'>
    <td class='none'><div class='testcase'>test_a_shanchuxuqiujihua</div></td>
    <td colspan='5' align='center'>

    <!--css div popup start-->
    <a class="popup_link" onfocus='this.blur();' href="javascript:showTestDetail('div_pt15.1')" >
        通过</a>

    <div id='div_pt15.1' class="popup_window">
        <pre>
        pt15.1: 90005265618000

        </pre>
    </div>
    <!--css div popup end-->

    </td>
</tr>

    <tr class='passClass'>
        <td>delet_xuqiujihua_2_sta.delet_xuqiujihua: 删除2017年度需求计划</td>
        <td>1</td>
        <td>1</td>
        <td>0</td>
        <td>0</td>
        <td><a href="javascript:showClassDetail('c16',1)">详情</a></td>
    </tr>

<tr id='pt16.1' class='hiddenRow'>
    <td class='none'><div class='testcase'>test_a_shanchuxuqiujihua</div></td>
    <td colspan='5' align='center'>

    <!--css div popup start-->
    <a class="popup_link" onfocus='this.blur();' href="javascript:showTestDetail('div_pt16.1')" >
        通过</a>

    <div id='div_pt16.1' class="popup_window">
        <pre>
        pt16.1: 90005387847000

        </pre>
    </div>
    <!--css div popup end-->

    </td>
</tr>

    <tr class='passClass'>
        <td>delet_xuqiujihua_3_sta.delet_xuqiujihua: 删除2018年度需求计划</td>
        <td>1</td>
        <td>1</td>
        <td>0</td>
        <td>0</td>
        <td><a href="javascript:showClassDetail('c17',1)">详情</a></td>
    </tr>

<tr id='pt17.1' class='hiddenRow'>
    <td class='none'><div class='testcase'>test_a_shanchuxuqiujihua</div></td>
    <td colspan='5' align='center'>

    <!--css div popup start-->
    <a class="popup_link" onfocus='this.blur();' href="javascript:showTestDetail('div_pt17.1')" >
        通过</a>

    <div id='div_pt17.1' class="popup_window">
        <pre>
        pt17.1: 90005532622000

        </pre>
    </div>
    <!--css div popup end-->

    </td>
</tr>

    <tr class='errorClass'>
        <td>delet_xuqiujihua_4_sta.delet_xuqiujihua: 删除2019年度需求计划</td>
        <td>1</td>
        <td>0</td>
        <td>0</td>
        <td>1</td>
        <td><a href="javascript:showClassDetail('c18',1)">详情</a></td>
    </tr>

<tr id='ft18.1' class='none'>
    <td class='errorCase'><div class='testcase'>test_a_shanchuxuqiujihua</div></td>
    <td colspan='5' align='center'>

    <!--css div popup start-->
    <a class="popup_link" onfocus='this.blur();' href="javascript:showTestDetail('div_ft18.1')" >
        错误</a>

    <div id='div_ft18.1' class="popup_window">
        <pre>
        ft18.1: Traceback (most recent call last):
  File "E:\TWOSC_autotest\TWOSC_autotest_web\testCase\delet_xuqiujihua_4_sta.py", line 19, in test_a_shanchuxuqiujihua
    self.driver.find_element(By.LINK_TEXT, '2019年度需求计划').click()
  File "D:\python\lib\site-packages\selenium\webdriver\remote\webdriver.py", line 843, in find_element
    'value': value})['value']
  File "D:\python\lib\site-packages\selenium\webdriver\remote\webdriver.py", line 308, in execute
    self.error_handler.check_response(response)
  File "D:\python\lib\site-packages\selenium\webdriver\remote\errorhandler.py", line 194, in check_response
    raise exception_class(message, screen, stacktrace)
selenium.common.exceptions.NoSuchElementException: Message: no such element: Unable to locate element: {"method":"link text","selector":"2019年度需求计划"}
  (Session info: chrome=58.0.3029.96)
  (Driver info: chromedriver=2.31.488763 (092de99f48a300323ecf8c2a4e2e7cab51de5ba8),platform=Windows NT 10.0.15063 x86_64)


        </pre>
    </div>
    <!--css div popup end-->

    </td>
</tr>

    <tr class='passClass'>
        <td>delet_xuqiujihua_5_sta.delet_xuqiujihua: 删除2020年度需求计划</td>
        <td>1</td>
        <td>1</td>
        <td>0</td>
        <td>0</td>
        <td><a href="javascript:showClassDetail('c19',1)">详情</a></td>
    </tr>

<tr id='pt19.1' class='hiddenRow'>
    <td class='none'><div class='testcase'>test_a_shanchuxuqiujihua</div></td>
    <td colspan='5' align='center'>

    <!--css div popup start-->
    <a class="popup_link" onfocus='this.blur();' href="javascript:showTestDetail('div_pt19.1')" >
        通过</a>

    <div id='div_pt19.1' class="popup_window">
        <pre>
        pt19.1: 90007740960000

        </pre>
    </div>
    <!--css div popup end-->

    </td>
</tr>

    <tr class='passClass'>
        <td>delet_xuqiujihua_6_sta.delet_xuqiujihua: 删除联采2017年度需求计划</td>
        <td>1</td>
        <td>1</td>
        <td>0</td>
        <td>0</td>
        <td><a href="javascript:showClassDetail('c20',1)">详情</a></td>
    </tr>

<tr id='pt20.1' class='hiddenRow'>
    <td class='none'><div class='testcase'>test_a_shanchuxuqiujihua</div></td>
    <td colspan='5' align='center'>

    <!--css div popup start-->
    <a class="popup_link" onfocus='this.blur();' href="javascript:showTestDetail('div_pt20.1')" >
        通过</a>

    <div id='div_pt20.1' class="popup_window">
        <pre>
        pt20.1: t/planManage_m

        </pre>
    </div>
    <!--css div popup end-->

    </td>
</tr>

    <tr class='passClass'>
        <td>gongquYewu_daibanshixiang_sta.gongquYwuTest: 工区业务人员-我的办公室-待办事项测试</td>
        <td>1</td>
        <td>1</td>
        <td>0</td>
        <td>0</td>
        <td><a href="javascript:showClassDetail('c21',1)">详情</a></td>
    </tr>

<tr id='pt21.1' class='hiddenRow'>
    <td class='none'><div class='testcase'>test_daibanshixiang: 鼠标移动到待办事项</div></td>
    <td colspan='5' align='center'>通过</td>
</tr>

    <tr class='passClass'>
        <td>gongquYewu_huadonganniu_sta.gongquYewuTest: 工区业务人员页面滑动按钮测试</td>
        <td>1</td>
        <td>1</td>
        <td>0</td>
        <td>0</td>
        <td><a href="javascript:showClassDetail('c22',1)">详情</a></td>
    </tr>

<tr id='pt22.1' class='hiddenRow'>
    <td class='none'><div class='testcase'>test_huadonganniu: 点击滑动按钮</div></td>
    <td colspan='5' align='center'>通过</td>
</tr>

    <tr class='passClass'>
        <td>gongquYewu_myoffice_login_sta.gongquYewuTest: 工区业务人员页面Logo点击测试</td>
        <td>1</td>
        <td>1</td>
        <td>0</td>
        <td>0</td>
        <td><a href="javascript:showClassDetail('c23',1)">详情</a></td>
    </tr>

<tr id='pt23.1' class='hiddenRow'>
    <td class='none'><div class='testcase'>test_logo: 点击Logo测试</div></td>
    <td colspan='5' align='center'>通过</td>
</tr>

    <tr class='passClass'>
        <td>gongquYewu_search_sta.gongquYewuTest: 工区业务人员搜索测试</td>
        <td>1</td>
        <td>1</td>
        <td>0</td>
        <td>0</td>
        <td><a href="javascript:showClassDetail('c24',1)">详情</a></td>
    </tr>

<tr id='pt24.1' class='hiddenRow'>
    <td class='none'><div class='testcase'>test_search: 点击搜索按钮</div></td>
    <td colspan='5' align='center'>通过</td>
</tr>

    <tr class='errorClass'>
        <td>gongquYewu_xioaxi_sta.gongquYewuTest: 工区业务人员-我的办公室-消息，测试</td>
        <td>1</td>
        <td>0</td>
        <td>0</td>
        <td>1</td>
        <td><a href="javascript:showClassDetail('c25',1)">详情</a></td>
    </tr>

<tr id='ft25.1' class='none'>
    <td class='errorCase'><div class='testcase'>test_xiaoxi: 点击消息按钮</div></td>
    <td colspan='5' align='center'>

    <!--css div popup start-->
    <a class="popup_link" onfocus='this.blur();' href="javascript:showTestDetail('div_ft25.1')" >
        错误</a>

    <div id='div_ft25.1' class="popup_window">
        <pre>
        ft25.1: Traceback (most recent call last):
  File "E:\TWOSC_autotest\TWOSC_autotest_web\testCase\gongquYewu_xioaxi_sta.py", line 17, in test_xiaoxi
    self.assertEqual(gongquYewuMyoffice(self.driver).gongquYewu_main_xiaoxi_succeed(), '消息', msg='点击消息测试失败！')
  File "E:\TWOSC_autotest\TWOSC_autotest_web\testCase\gongQuYeWuPage\gongQuYeWuPage.py", line 69, in gongquYewu_main_xiaoxi_succeed
    text = self.find_element(*self.xiaoXi_loc).text
  File "E:\TWOSC_autotest\TWOSC_autotest_web\base_page\base.py", line 20, in find_element
    return self.driver.find_element(*loc)
  File "D:\python\lib\site-packages\selenium\webdriver\remote\webdriver.py", line 843, in find_element
    'value': value})['value']
  File "D:\python\lib\site-packages\selenium\webdriver\remote\webdriver.py", line 308, in execute
    self.error_handler.check_response(response)
  File "D:\python\lib\site-packages\selenium\webdriver\remote\errorhandler.py", line 194, in check_response
    raise exception_class(message, screen, stacktrace)
selenium.common.exceptions.NoSuchElementException: Message: no such element: Unable to locate element: {"method":"link text","selector":"消息"}
  (Session info: chrome=58.0.3029.96)
  (Driver info: chromedriver=2.31.488763 (092de99f48a300323ecf8c2a4e2e7cab51de5ba8),platform=Windows NT 10.0.15063 x86_64)


        </pre>
    </div>
    <!--css div popup end-->

    </td>
</tr>

    <tr class='passClass'>
        <td>gongquYewu_xuanzegongqu_sta.gongquYewuTest: 工区业务人员-我的办公室-选择工区测试</td>
        <td>1</td>
        <td>1</td>
        <td>0</td>
        <td>0</td>
        <td><a href="javascript:showClassDetail('c26',1)">详情</a></td>
    </tr>

<tr id='pt26.1' class='hiddenRow'>
    <td class='none'><div class='testcase'>test_xuanzeGongqu: 切换工区测试</div></td>
    <td colspan='5' align='center'>通过</td>
</tr>

    <tr class='failClass'>
        <td>nianduxuqiujihua_gongquYewu_jiagong_001_sta.gongquYewuTest: 工区业务人员-我的办公室-甲供-创建2017年度需求计划</td>
        <td>1</td>
        <td>0</td>
        <td>1</td>
        <td>0</td>
        <td><a href="javascript:showClassDetail('c27',1)">详情</a></td>
    </tr>

<tr id='ft27.1' class='none'>
    <td class='failCase'><div class='testcase'>test_chuangjianxuqiujihua: 创建2017年度需求计划-进入计划页面</div></td>
    <td colspan='5' align='center'>

    <!--css div popup start-->
    <a class="popup_link" onfocus='this.blur();' href="javascript:showTestDetail('div_ft27.1')" >
        失败</a>

    <div id='div_ft27.1' class="popup_window">
        <pre>
        ft27.1: Traceback (most recent call last):
  File "E:\TWOSC_autotest\TWOSC_autotest_web\testCase\nianduxuqiujihua_gongquYewu_jiagong_001_sta.py", line 28, in test_chuangjianxuqiujihua
    self.assertEqual(text, 'MHTJ-22标二工区   2017年度需求计划状态')
AssertionError: 'MHTJ-22标二工区物资设备总需求计划状态' != 'MHTJ-22标二工区   2017年度需求计划状态'
- MHTJ-22标二工区物资设备总需求计划状态
+ MHTJ-22标二工区   2017年度需求计划状态


        </pre>
    </div>
    <!--css div popup end-->

    </td>
</tr>

    <tr class='errorClass'>
        <td>nianduxuqiujihua_gongquYewu_jiagong_002_sta.gongquYewuTest: 工区业务人员-我的办公室-甲供-创建2017年度需求计划-填写计划页面资料</td>
        <td>1</td>
        <td>0</td>
        <td>0</td>
        <td>1</td>
        <td><a href="javascript:showClassDetail('c28',1)">详情</a></td>
    </tr>

<tr id='ft28.1' class='none'>
    <td class='errorCase'><div class='testcase'>test_chuangjianxuqiujihua: 点击添加物资方式添加</div></td>
    <td colspan='5' align='center'>

    <!--css div popup start-->
    <a class="popup_link" onfocus='this.blur();' href="javascript:showTestDetail('div_ft28.1')" >
        错误</a>

    <div id='div_ft28.1' class="popup_window">
        <pre>
        ft28.1: Traceback (most recent call last):
  File "E:\TWOSC_autotest\TWOSC_autotest_web\testCase\nianduxuqiujihua_gongquYewu_jiagong_002_sta.py", line 19, in test_chuangjianxuqiujihua
    self.driver.find_element(By.LINK_TEXT, '2017年度需求计划').click()
  File "D:\python\lib\site-packages\selenium\webdriver\remote\webdriver.py", line 843, in find_element
    'value': value})['value']
  File "D:\python\lib\site-packages\selenium\webdriver\remote\webdriver.py", line 308, in execute
    self.error_handler.check_response(response)
  File "D:\python\lib\site-packages\selenium\webdriver\remote\errorhandler.py", line 194, in check_response
    raise exception_class(message, screen, stacktrace)
selenium.common.exceptions.NoSuchElementException: Message: no such element: Unable to locate element: {"method":"link text","selector":"2017年度需求计划"}
  (Session info: chrome=58.0.3029.96)
  (Driver info: chromedriver=2.31.488763 (092de99f48a300323ecf8c2a4e2e7cab51de5ba8),platform=Windows NT 10.0.15063 x86_64)


        </pre>
    </div>
    <!--css div popup end-->

    </td>
</tr>

    <tr class='errorClass'>
        <td>nianduxuqiujihua_gongquYewu_jiagong_003_sta.gongquYewuTest: 工区业务人员-我的办公室-甲供-创建2017年度需求计划-搜索添加物资</td>
        <td>1</td>
        <td>0</td>
        <td>0</td>
        <td>1</td>
        <td><a href="javascript:showClassDetail('c29',1)">详情</a></td>
    </tr>

<tr id='ft29.1' class='none'>
    <td class='errorCase'><div class='testcase'>test_chuangjianxuqiu: 测试搜索条件添加物资</div></td>
    <td colspan='5' align='center'>

    <!--css div popup start-->
    <a class="popup_link" onfocus='this.blur();' href="javascript:showTestDetail('div_ft29.1')" >
        错误</a>

    <div id='div_ft29.1' class="popup_window">
        <pre>
        ft29.1: Traceback (most recent call last):
  File "E:\TWOSC_autotest\TWOSC_autotest_web\testCase\nianduxuqiujihua_gongquYewu_jiagong_003_sta.py", line 19, in test_chuangjianxuqiu
    self.driver.find_element(By.LINK_TEXT, '2017年度需求计划').click()
  File "D:\python\lib\site-packages\selenium\webdriver\remote\webdriver.py", line 843, in find_element
    'value': value})['value']
  File "D:\python\lib\site-packages\selenium\webdriver\remote\webdriver.py", line 308, in execute
    self.error_handler.check_response(response)
  File "D:\python\lib\site-packages\selenium\webdriver\remote\errorhandler.py", line 194, in check_response
    raise exception_class(message, screen, stacktrace)
selenium.common.exceptions.NoSuchElementException: Message: no such element: Unable to locate element: {"method":"link text","selector":"2017年度需求计划"}
  (Session info: chrome=58.0.3029.96)
  (Driver info: chromedriver=2.31.488763 (092de99f48a300323ecf8c2a4e2e7cab51de5ba8),platform=Windows NT 10.0.15063 x86_64)


        </pre>
    </div>
    <!--css div popup end-->

    </td>
</tr>

    <tr class='errorClass'>
        <td>nianduxuqiujihua_gongquYewu_jiagong_004_sta.gongquYewu_test: 工区业务人员-我的办公室-甲供-创建2017年度需求计划-计划详情页</td>
        <td>1</td>
        <td>0</td>
        <td>0</td>
        <td>1</td>
        <td><a href="javascript:showClassDetail('c30',1)">详情</a></td>
    </tr>

<tr id='ft30.1' class='none'>
    <td class='errorCase'><div class='testcase'>test_chuangjianxuqiujihua: 计划详情页的备选单搜索功能和下载导入功能</div></td>
    <td colspan='5' align='center'>

    <!--css div popup start-->
    <a class="popup_link" onfocus='this.blur();' href="javascript:showTestDetail('div_ft30.1')" >
        错误</a>

    <div id='div_ft30.1' class="popup_window">
        <pre>
        ft30.1: Traceback (most recent call last):
  File "E:\TWOSC_autotest\TWOSC_autotest_web\testCase\nianduxuqiujihua_gongquYewu_jiagong_004_sta.py", line 20, in test_chuangjianxuqiujihua
    self.driver.find_element(By.LINK_TEXT, '2017年度需求计划').click()
  File "D:\python\lib\site-packages\selenium\webdriver\remote\webdriver.py", line 843, in find_element
    'value': value})['value']
  File "D:\python\lib\site-packages\selenium\webdriver\remote\webdriver.py", line 308, in execute
    self.error_handler.check_response(response)
  File "D:\python\lib\site-packages\selenium\webdriver\remote\errorhandler.py", line 194, in check_response
    raise exception_class(message, screen, stacktrace)
selenium.common.exceptions.NoSuchElementException: Message: no such element: Unable to locate element: {"method":"link text","selector":"2017年度需求计划"}
  (Session info: chrome=58.0.3029.96)
  (Driver info: chromedriver=2.31.488763 (092de99f48a300323ecf8c2a4e2e7cab51de5ba8),platform=Windows NT 10.0.15063 x86_64)


        </pre>
    </div>
    <!--css div popup end-->

    </td>
</tr>

    <tr class='errorClass'>
        <td>nianduxuqiujihua_gongquYewu_jiagong_005_sta.gongquYewuTest: 工区业务人员-我的办公室-甲供-2017年度需求计划-选择物资-删除备选单物资</td>
        <td>1</td>
        <td>0</td>
        <td>0</td>
        <td>1</td>
        <td><a href="javascript:showClassDetail('c31',1)">详情</a></td>
    </tr>

<tr id='ft31.1' class='none'>
    <td class='errorCase'><div class='testcase'>test_chuangjianxuqiu: 测试选择物资页面删除物资</div></td>
    <td colspan='5' align='center'>

    <!--css div popup start-->
    <a class="popup_link" onfocus='this.blur();' href="javascript:showTestDetail('div_ft31.1')" >
        错误</a>

    <div id='div_ft31.1' class="popup_window">
        <pre>
        ft31.1: Traceback (most recent call last):
  File "E:\TWOSC_autotest\TWOSC_autotest_web\testCase\nianduxuqiujihua_gongquYewu_jiagong_005_sta.py", line 18, in test_chuangjianxuqiu
    self.driver.find_element(By.LINK_TEXT, '2017年度需求计划').click()  # 点击总需求计划，进入计划详情页
  File "D:\python\lib\site-packages\selenium\webdriver\remote\webdriver.py", line 843, in find_element
    'value': value})['value']
  File "D:\python\lib\site-packages\selenium\webdriver\remote\webdriver.py", line 308, in execute
    self.error_handler.check_response(response)
  File "D:\python\lib\site-packages\selenium\webdriver\remote\errorhandler.py", line 194, in check_response
    raise exception_class(message, screen, stacktrace)
selenium.common.exceptions.NoSuchElementException: Message: no such element: Unable to locate element: {"method":"link text","selector":"2017年度需求计划"}
  (Session info: chrome=58.0.3029.96)
  (Driver info: chromedriver=2.31.488763 (092de99f48a300323ecf8c2a4e2e7cab51de5ba8),platform=Windows NT 10.0.15063 x86_64)


        </pre>
    </div>
    <!--css div popup end-->

    </td>
</tr>

    <tr class='errorClass'>
        <td>nianduxuqiujihua_gongquYewu_jiagong_006_sta.gongquYewuTest: 工区业务人员-我的办公室-甲供-创建2017年度需求计划-修改物资参数</td>
        <td>1</td>
        <td>0</td>
        <td>0</td>
        <td>1</td>
        <td><a href="javascript:showClassDetail('c32',1)">详情</a></td>
    </tr>

<tr id='ft32.1' class='none'>
    <td class='errorCase'><div class='testcase'>test_gongquYewu: 填写物资设备详情，添加审批人员，删除审批人员</div></td>
    <td colspan='5' align='center'>

    <!--css div popup start-->
    <a class="popup_link" onfocus='this.blur();' href="javascript:showTestDetail('div_ft32.1')" >
        错误</a>

    <div id='div_ft32.1' class="popup_window">
        <pre>
        ft32.1: Traceback (most recent call last):
  File "E:\TWOSC_autotest\TWOSC_autotest_web\testCase\nianduxuqiujihua_gongquYewu_jiagong_006_sta.py", line 18, in test_gongquYewu
    self.driver.find_element(By.LINK_TEXT, '2017年度需求计划').click()  # 点击2017年度需求计划，进入计划详情页
  File "D:\python\lib\site-packages\selenium\webdriver\remote\webdriver.py", line 843, in find_element
    'value': value})['value']
  File "D:\python\lib\site-packages\selenium\webdriver\remote\webdriver.py", line 308, in execute
    self.error_handler.check_response(response)
  File "D:\python\lib\site-packages\selenium\webdriver\remote\errorhandler.py", line 194, in check_response
    raise exception_class(message, screen, stacktrace)
selenium.common.exceptions.NoSuchElementException: Message: no such element: Unable to locate element: {"method":"link text","selector":"2017年度需求计划"}
  (Session info: chrome=58.0.3029.96)
  (Driver info: chromedriver=2.31.488763 (092de99f48a300323ecf8c2a4e2e7cab51de5ba8),platform=Windows NT 10.0.15063 x86_64)


        </pre>
    </div>
    <!--css div popup end-->

    </td>
</tr>

    <tr class='errorClass'>
        <td>xuqiujihua_gongquYewu_001_sta.gongquYewuTest: 工区业务人员-我的办公室-总/年度需求计划-甲供</td>
        <td>1</td>
        <td>0</td>
        <td>0</td>
        <td>1</td>
        <td><a href="javascript:showClassDetail('c33',1)">详情</a></td>
    </tr>

<tr id='ft33.1' class='none'>
    <td class='errorCase'><div class='testcase'>test_chuangjianxuqiujihua: 测试甲供搜索选项</div></td>
    <td colspan='5' align='center'>

    <!--css div popup start-->
    <a class="popup_link" onfocus='this.blur();' href="javascript:showTestDetail('div_ft33.1')" >
        错误</a>

    <div id='div_ft33.1' class="popup_window">
        <pre>
        ft33.1: Traceback (most recent call last):
  File "E:\TWOSC_autotest\TWOSC_autotest_web\testCase\xuqiujihua_gongquYewu_001_sta.py", line 32, in test_chuangjianxuqiujihua
    self.assertEqual(self.driver.find_element(By.LINK_TEXT, '2019年度需求计划').text, '2019年度需求计划', msg='测试失败！')
  File "D:\python\lib\site-packages\selenium\webdriver\remote\webdriver.py", line 843, in find_element
    'value': value})['value']
  File "D:\python\lib\site-packages\selenium\webdriver\remote\webdriver.py", line 308, in execute
    self.error_handler.check_response(response)
  File "D:\python\lib\site-packages\selenium\webdriver\remote\errorhandler.py", line 194, in check_response
    raise exception_class(message, screen, stacktrace)
selenium.common.exceptions.NoSuchElementException: Message: no such element: Unable to locate element: {"method":"link text","selector":"2019年度需求计划"}
  (Session info: chrome=58.0.3029.96)
  (Driver info: chromedriver=2.31.488763 (092de99f48a300323ecf8c2a4e2e7cab51de5ba8),platform=Windows NT 10.0.15063 x86_64)


        </pre>
    </div>
    <!--css div popup end-->

    </td>
</tr>

    <tr class='passClass'>
        <td>xuqiujihua_gongquYewu_011_sta.gongquYewuTest: 工区业务人员-我的办公室-总/年度需求计划测试</td>
        <td>1</td>
        <td>1</td>
        <td>0</td>
        <td>0</td>
        <td><a href="javascript:showClassDetail('c34',1)">详情</a></td>
    </tr>

<tr id='pt34.1' class='hiddenRow'>
    <td class='none'><div class='testcase'>test_xuqiujihua: 点击总/年度需求计划测试</div></td>
    <td colspan='5' align='center'>通过</td>
</tr>

    <tr class='failClass'>
        <td>xuqiujihua_gongquYewu_026_sta.gongquYewuTest: 工区业务人员-我的办公室-甲供-创建2018年度需求计划</td>
        <td>1</td>
        <td>0</td>
        <td>1</td>
        <td>0</td>
        <td><a href="javascript:showClassDetail('c35',1)">详情</a></td>
    </tr>

<tr id='ft35.1' class='none'>
    <td class='failCase'><div class='testcase'>test_chuangjianxuqiujihua: 创建2018年度需求计划-进入计划页面</div></td>
    <td colspan='5' align='center'>

    <!--css div popup start-->
    <a class="popup_link" onfocus='this.blur();' href="javascript:showTestDetail('div_ft35.1')" >
        失败</a>

    <div id='div_ft35.1' class="popup_window">
        <pre>
        ft35.1: Traceback (most recent call last):
  File "E:\TWOSC_autotest\TWOSC_autotest_web\testCase\xuqiujihua_gongquYewu_026_sta.py", line 28, in test_chuangjianxuqiujihua
    self.assertEqual(text, 'MHTJ-22标二工区   2018年度需求计划状态')
AssertionError: 'MHTJ-22标二工区   2017年度需求计划状态' != 'MHTJ-22标二工区   2018年度需求计划状态'
- MHTJ-22标二工区   2017年度需求计划状态
?                  ^
+ MHTJ-22标二工区   2018年度需求计划状态
?                  ^


        </pre>
    </div>
    <!--css div popup end-->

    </td>
</tr>

    <tr class='errorClass'>
        <td>xuqiujihua_gongquYewu_027_sta.gongquYewuTest: 工区业务人员-我的办公室-甲供-创建2018年度需求计划-填写计划页面资料</td>
        <td>1</td>
        <td>0</td>
        <td>0</td>
        <td>1</td>
        <td><a href="javascript:showClassDetail('c36',1)">详情</a></td>
    </tr>

<tr id='ft36.1' class='none'>
    <td class='errorCase'><div class='testcase'>test_chuangjianxuqiujihua: 点击添加物资方式添加</div></td>
    <td colspan='5' align='center'>

    <!--css div popup start-->
    <a class="popup_link" onfocus='this.blur();' href="javascript:showTestDetail('div_ft36.1')" >
        错误</a>

    <div id='div_ft36.1' class="popup_window">
        <pre>
        ft36.1: Traceback (most recent call last):
  File "E:\TWOSC_autotest\TWOSC_autotest_web\testCase\xuqiujihua_gongquYewu_027_sta.py", line 19, in test_chuangjianxuqiujihua
    self.driver.find_element(By.LINK_TEXT, '2018年度需求计划').click()
  File "D:\python\lib\site-packages\selenium\webdriver\remote\webdriver.py", line 843, in find_element
    'value': value})['value']
  File "D:\python\lib\site-packages\selenium\webdriver\remote\webdriver.py", line 308, in execute
    self.error_handler.check_response(response)
  File "D:\python\lib\site-packages\selenium\webdriver\remote\errorhandler.py", line 194, in check_response
    raise exception_class(message, screen, stacktrace)
selenium.common.exceptions.NoSuchElementException: Message: no such element: Unable to locate element: {"method":"link text","selector":"2018年度需求计划"}
  (Session info: chrome=58.0.3029.96)
  (Driver info: chromedriver=2.31.488763 (092de99f48a300323ecf8c2a4e2e7cab51de5ba8),platform=Windows NT 10.0.15063 x86_64)


        </pre>
    </div>
    <!--css div popup end-->

    </td>
</tr>

    <tr class='errorClass'>
        <td>xuqiujihua_gongquYewu_028_sta.gongquYewuTest: 工区业务人员-我的办公室-甲供-创建2018年度需求计划-搜索添加物资</td>
        <td>1</td>
        <td>0</td>
        <td>0</td>
        <td>1</td>
        <td><a href="javascript:showClassDetail('c37',1)">详情</a></td>
    </tr>

<tr id='ft37.1' class='none'>
    <td class='errorCase'><div class='testcase'>test_chuangjianxuqiu: 测试搜索条件添加物资</div></td>
    <td colspan='5' align='center'>

    <!--css div popup start-->
    <a class="popup_link" onfocus='this.blur();' href="javascript:showTestDetail('div_ft37.1')" >
        错误</a>

    <div id='div_ft37.1' class="popup_window">
        <pre>
        ft37.1: Traceback (most recent call last):
  File "E:\TWOSC_autotest\TWOSC_autotest_web\testCase\xuqiujihua_gongquYewu_028_sta.py", line 19, in test_chuangjianxuqiu
    self.driver.find_element(By.LINK_TEXT, '2018年度需求计划').click()
  File "D:\python\lib\site-packages\selenium\webdriver\remote\webdriver.py", line 843, in find_element
    'value': value})['value']
  File "D:\python\lib\site-packages\selenium\webdriver\remote\webdriver.py", line 308, in execute
    self.error_handler.check_response(response)
  File "D:\python\lib\site-packages\selenium\webdriver\remote\errorhandler.py", line 194, in check_response
    raise exception_class(message, screen, stacktrace)
selenium.common.exceptions.NoSuchElementException: Message: no such element: Unable to locate element: {"method":"link text","selector":"2018年度需求计划"}
  (Session info: chrome=58.0.3029.96)
  (Driver info: chromedriver=2.31.488763 (092de99f48a300323ecf8c2a4e2e7cab51de5ba8),platform=Windows NT 10.0.15063 x86_64)


        </pre>
    </div>
    <!--css div popup end-->

    </td>
</tr>

    <tr class='errorClass'>
        <td>xuqiujihua_gongquYewu_029_sta.gongquYewu_test: 工区业务人员-我的办公室-甲供-创建2018年度需求计划-计划详情页</td>
        <td>1</td>
        <td>0</td>
        <td>0</td>
        <td>1</td>
        <td><a href="javascript:showClassDetail('c38',1)">详情</a></td>
    </tr>

<tr id='ft38.1' class='none'>
    <td class='errorCase'><div class='testcase'>test_chuangjianxuqiujihua: 计划详情页的备选单搜索功能和下载导入功能</div></td>
    <td colspan='5' align='center'>

    <!--css div popup start-->
    <a class="popup_link" onfocus='this.blur();' href="javascript:showTestDetail('div_ft38.1')" >
        错误</a>

    <div id='div_ft38.1' class="popup_window">
        <pre>
        ft38.1: Traceback (most recent call last):
  File "E:\TWOSC_autotest\TWOSC_autotest_web\testCase\xuqiujihua_gongquYewu_029_sta.py", line 20, in test_chuangjianxuqiujihua
    self.driver.find_element(By.LINK_TEXT, '2018年度需求计划').click()
  File "D:\python\lib\site-packages\selenium\webdriver\remote\webdriver.py", line 843, in find_element
    'value': value})['value']
  File "D:\python\lib\site-packages\selenium\webdriver\remote\webdriver.py", line 308, in execute
    self.error_handler.check_response(response)
  File "D:\python\lib\site-packages\selenium\webdriver\remote\errorhandler.py", line 194, in check_response
    raise exception_class(message, screen, stacktrace)
selenium.common.exceptions.NoSuchElementException: Message: no such element: Unable to locate element: {"method":"link text","selector":"2018年度需求计划"}
  (Session info: chrome=58.0.3029.96)
  (Driver info: chromedriver=2.31.488763 (092de99f48a300323ecf8c2a4e2e7cab51de5ba8),platform=Windows NT 10.0.15063 x86_64)


        </pre>
    </div>
    <!--css div popup end-->

    </td>
</tr>

    <tr class='errorClass'>
        <td>xuqiujihua_gongquYewu_030_sta.gongquYewuTest: 工区业务人员-我的办公室-甲供-2018年度需求计划-选择物资-删除备选单物资</td>
        <td>1</td>
        <td>0</td>
        <td>0</td>
        <td>1</td>
        <td><a href="javascript:showClassDetail('c39',1)">详情</a></td>
    </tr>

<tr id='ft39.1' class='none'>
    <td class='errorCase'><div class='testcase'>test_chuangjianxuqiu: 测试选择物资页面删除物资</div></td>
    <td colspan='5' align='center'>

    <!--css div popup start-->
    <a class="popup_link" onfocus='this.blur();' href="javascript:showTestDetail('div_ft39.1')" >
        错误</a>

    <div id='div_ft39.1' class="popup_window">
        <pre>
        ft39.1: Traceback (most recent call last):
  File "E:\TWOSC_autotest\TWOSC_autotest_web\testCase\xuqiujihua_gongquYewu_030_sta.py", line 18, in test_chuangjianxuqiu
    self.driver.find_element(By.LINK_TEXT, '2018年度需求计划').click()  # 点击总需求计划，进入计划详情页
  File "D:\python\lib\site-packages\selenium\webdriver\remote\webdriver.py", line 843, in find_element
    'value': value})['value']
  File "D:\python\lib\site-packages\selenium\webdriver\remote\webdriver.py", line 308, in execute
    self.error_handler.check_response(response)
  File "D:\python\lib\site-packages\selenium\webdriver\remote\errorhandler.py", line 194, in check_response
    raise exception_class(message, screen, stacktrace)
selenium.common.exceptions.NoSuchElementException: Message: no such element: Unable to locate element: {"method":"link text","selector":"2018年度需求计划"}
  (Session info: chrome=58.0.3029.96)
  (Driver info: chromedriver=2.31.488763 (092de99f48a300323ecf8c2a4e2e7cab51de5ba8),platform=Windows NT 10.0.15063 x86_64)


        </pre>
    </div>
    <!--css div popup end-->

    </td>
</tr>

    <tr class='errorClass'>
        <td>xuqiujihua_gongquYewu_031_sta.gongquYewuTest: 工区业务人员-我的办公室-甲供-创建2018年度需求计划-修改物资参数</td>
        <td>1</td>
        <td>0</td>
        <td>0</td>
        <td>1</td>
        <td><a href="javascript:showClassDetail('c40',1)">详情</a></td>
    </tr>

<tr id='ft40.1' class='none'>
    <td class='errorCase'><div class='testcase'>test_gongquYewu: 填写物资设备详情页，添加审批人员，删除审批人员</div></td>
    <td colspan='5' align='center'>

    <!--css div popup start-->
    <a class="popup_link" onfocus='this.blur();' href="javascript:showTestDetail('div_ft40.1')" >
        错误</a>

    <div id='div_ft40.1' class="popup_window">
        <pre>
        ft40.1: Traceback (most recent call last):
  File "E:\TWOSC_autotest\TWOSC_autotest_web\testCase\xuqiujihua_gongquYewu_031_sta.py", line 18, in test_gongquYewu
    self.driver.find_element(By.LINK_TEXT, '2018年度需求计划').click()  # 点击2018年度需求计划，进入计划详情页
  File "D:\python\lib\site-packages\selenium\webdriver\remote\webdriver.py", line 843, in find_element
    'value': value})['value']
  File "D:\python\lib\site-packages\selenium\webdriver\remote\webdriver.py", line 308, in execute
    self.error_handler.check_response(response)
  File "D:\python\lib\site-packages\selenium\webdriver\remote\errorhandler.py", line 194, in check_response
    raise exception_class(message, screen, stacktrace)
selenium.common.exceptions.NoSuchElementException: Message: no such element: Unable to locate element: {"method":"link text","selector":"2018年度需求计划"}
  (Session info: chrome=58.0.3029.96)
  (Driver info: chromedriver=2.31.488763 (092de99f48a300323ecf8c2a4e2e7cab51de5ba8),platform=Windows NT 10.0.15063 x86_64)


        </pre>
    </div>
    <!--css div popup end-->

    </td>
</tr>

    <tr class='failClass'>
        <td>xuqiujihua_gongquYewu_032_sta.gongquYewuTest: 工区业务人员-我的办公室-甲供-创建2019年度需求计划</td>
        <td>1</td>
        <td>0</td>
        <td>1</td>
        <td>0</td>
        <td><a href="javascript:showClassDetail('c41',1)">详情</a></td>
    </tr>

<tr id='ft41.1' class='none'>
    <td class='failCase'><div class='testcase'>test_chuangjianxuqiujihua: 创建2019年度需求计划-进入计划页面</div></td>
    <td colspan='5' align='center'>

    <!--css div popup start-->
    <a class="popup_link" onfocus='this.blur();' href="javascript:showTestDetail('div_ft41.1')" >
        失败</a>

    <div id='div_ft41.1' class="popup_window">
        <pre>
        ft41.1: Traceback (most recent call last):
  File "E:\TWOSC_autotest\TWOSC_autotest_web\testCase\xuqiujihua_gongquYewu_032_sta.py", line 28, in test_chuangjianxuqiujihua
    self.assertEqual(text, 'MHTJ-22标二工区   2019年度需求计划状态')
AssertionError: 'MHTJ-22标二工区   2018年度需求计划状态' != 'MHTJ-22标二工区   2019年度需求计划状态'
- MHTJ-22标二工区   2018年度需求计划状态
?                  ^
+ MHTJ-22标二工区   2019年度需求计划状态
?                  ^


        </pre>
    </div>
    <!--css div popup end-->

    </td>
</tr>

    <tr class='errorClass'>
        <td>xuqiujihua_gongquYewu_033_sta.gongquYewuTest: 工区业务人员-我的办公室-甲供-创建2019年度需求计划-填写计划页面资料</td>
        <td>1</td>
        <td>0</td>
        <td>0</td>
        <td>1</td>
        <td><a href="javascript:showClassDetail('c42',1)">详情</a></td>
    </tr>

<tr id='ft42.1' class='none'>
    <td class='errorCase'><div class='testcase'>test_chuangjianxuqiujihua: 点击添加物资方式添加</div></td>
    <td colspan='5' align='center'>

    <!--css div popup start-->
    <a class="popup_link" onfocus='this.blur();' href="javascript:showTestDetail('div_ft42.1')" >
        错误</a>

    <div id='div_ft42.1' class="popup_window">
        <pre>
        ft42.1: Traceback (most recent call last):
  File "E:\TWOSC_autotest\TWOSC_autotest_web\testCase\xuqiujihua_gongquYewu_033_sta.py", line 19, in test_chuangjianxuqiujihua
    self.driver.find_element(By.LINK_TEXT, '2019年度需求计划').click()
  File "D:\python\lib\site-packages\selenium\webdriver\remote\webdriver.py", line 843, in find_element
    'value': value})['value']
  File "D:\python\lib\site-packages\selenium\webdriver\remote\webdriver.py", line 308, in execute
    self.error_handler.check_response(response)
  File "D:\python\lib\site-packages\selenium\webdriver\remote\errorhandler.py", line 194, in check_response
    raise exception_class(message, screen, stacktrace)
selenium.common.exceptions.NoSuchElementException: Message: no such element: Unable to locate element: {"method":"link text","selector":"2019年度需求计划"}
  (Session info: chrome=58.0.3029.96)
  (Driver info: chromedriver=2.31.488763 (092de99f48a300323ecf8c2a4e2e7cab51de5ba8),platform=Windows NT 10.0.15063 x86_64)


        </pre>
    </div>
    <!--css div popup end-->

    </td>
</tr>

    <tr class='errorClass'>
        <td>xuqiujihua_gongquYewu_034_sta.gongquYewuTest: 工区业务人员-我的办公室-甲供-创建2019年度需求计划-搜索添加物资</td>
        <td>1</td>
        <td>0</td>
        <td>0</td>
        <td>1</td>
        <td><a href="javascript:showClassDetail('c43',1)">详情</a></td>
    </tr>

<tr id='ft43.1' class='none'>
    <td class='errorCase'><div class='testcase'>test_chuangjianxuqiu: 测试搜索条件添加物资</div></td>
    <td colspan='5' align='center'>

    <!--css div popup start-->
    <a class="popup_link" onfocus='this.blur();' href="javascript:showTestDetail('div_ft43.1')" >
        错误</a>

    <div id='div_ft43.1' class="popup_window">
        <pre>
        ft43.1: Traceback (most recent call last):
  File "E:\TWOSC_autotest\TWOSC_autotest_web\testCase\xuqiujihua_gongquYewu_034_sta.py", line 19, in test_chuangjianxuqiu
    self.driver.find_element(By.LINK_TEXT, '2019年度需求计划').click()
  File "D:\python\lib\site-packages\selenium\webdriver\remote\webdriver.py", line 843, in find_element
    'value': value})['value']
  File "D:\python\lib\site-packages\selenium\webdriver\remote\webdriver.py", line 308, in execute
    self.error_handler.check_response(response)
  File "D:\python\lib\site-packages\selenium\webdriver\remote\errorhandler.py", line 194, in check_response
    raise exception_class(message, screen, stacktrace)
selenium.common.exceptions.NoSuchElementException: Message: no such element: Unable to locate element: {"method":"link text","selector":"2019年度需求计划"}
  (Session info: chrome=58.0.3029.96)
  (Driver info: chromedriver=2.31.488763 (092de99f48a300323ecf8c2a4e2e7cab51de5ba8),platform=Windows NT 10.0.15063 x86_64)


        </pre>
    </div>
    <!--css div popup end-->

    </td>
</tr>

    <tr class='errorClass'>
        <td>xuqiujihua_gongquYewu_035_sta.gongquYewu_test: 工区业务人员-我的办公室-甲供-创建2018年度需求计划-计划详情页</td>
        <td>1</td>
        <td>0</td>
        <td>0</td>
        <td>1</td>
        <td><a href="javascript:showClassDetail('c44',1)">详情</a></td>
    </tr>

<tr id='ft44.1' class='none'>
    <td class='errorCase'><div class='testcase'>test_chuangjianxuqiujihua: 计划详情页的备选单搜索功能和下载导入功能</div></td>
    <td colspan='5' align='center'>

    <!--css div popup start-->
    <a class="popup_link" onfocus='this.blur();' href="javascript:showTestDetail('div_ft44.1')" >
        错误</a>

    <div id='div_ft44.1' class="popup_window">
        <pre>
        ft44.1: Traceback (most recent call last):
  File "E:\TWOSC_autotest\TWOSC_autotest_web\testCase\xuqiujihua_gongquYewu_035_sta.py", line 19, in test_chuangjianxuqiujihua
    self.driver.find_element(By.LINK_TEXT, '2019年度需求计划').click()
  File "D:\python\lib\site-packages\selenium\webdriver\remote\webdriver.py", line 843, in find_element
    'value': value})['value']
  File "D:\python\lib\site-packages\selenium\webdriver\remote\webdriver.py", line 308, in execute
    self.error_handler.check_response(response)
  File "D:\python\lib\site-packages\selenium\webdriver\remote\errorhandler.py", line 194, in check_response
    raise exception_class(message, screen, stacktrace)
selenium.common.exceptions.NoSuchElementException: Message: no such element: Unable to locate element: {"method":"link text","selector":"2019年度需求计划"}
  (Session info: chrome=58.0.3029.96)
  (Driver info: chromedriver=2.31.488763 (092de99f48a300323ecf8c2a4e2e7cab51de5ba8),platform=Windows NT 10.0.15063 x86_64)


        </pre>
    </div>
    <!--css div popup end-->

    </td>
</tr>

    <tr class='errorClass'>
        <td>xuqiujihua_gongquYewu_036_sta.gongquYewuTest: 工区业务人员-我的办公室-甲供-2019年度需求计划-选择物资-删除备选单物资</td>
        <td>1</td>
        <td>0</td>
        <td>0</td>
        <td>1</td>
        <td><a href="javascript:showClassDetail('c45',1)">详情</a></td>
    </tr>

<tr id='ft45.1' class='none'>
    <td class='errorCase'><div class='testcase'>test_chuangjianxuqiu: 测试选择物资页面删除物资</div></td>
    <td colspan='5' align='center'>

    <!--css div popup start-->
    <a class="popup_link" onfocus='this.blur();' href="javascript:showTestDetail('div_ft45.1')" >
        错误</a>

    <div id='div_ft45.1' class="popup_window">
        <pre>
        ft45.1: Traceback (most recent call last):
  File "E:\TWOSC_autotest\TWOSC_autotest_web\testCase\xuqiujihua_gongquYewu_036_sta.py", line 18, in test_chuangjianxuqiu
    self.driver.find_element(By.LINK_TEXT, '2019年度需求计划').click()  # 点击总需求计划，进入计划详情页
  File "D:\python\lib\site-packages\selenium\webdriver\remote\webdriver.py", line 843, in find_element
    'value': value})['value']
  File "D:\python\lib\site-packages\selenium\webdriver\remote\webdriver.py", line 308, in execute
    self.error_handler.check_response(response)
  File "D:\python\lib\site-packages\selenium\webdriver\remote\errorhandler.py", line 194, in check_response
    raise exception_class(message, screen, stacktrace)
selenium.common.exceptions.NoSuchElementException: Message: no such element: Unable to locate element: {"method":"link text","selector":"2019年度需求计划"}
  (Session info: chrome=58.0.3029.96)
  (Driver info: chromedriver=2.31.488763 (092de99f48a300323ecf8c2a4e2e7cab51de5ba8),platform=Windows NT 10.0.15063 x86_64)


        </pre>
    </div>
    <!--css div popup end-->

    </td>
</tr>

    <tr class='errorClass'>
        <td>xuqiujihua_gongquYewu_037_sta.gongquYewuTest: 工区业务人员-我的办公室-甲供-创建2019年度需求计划-修改物资参数</td>
        <td>1</td>
        <td>0</td>
        <td>0</td>
        <td>1</td>
        <td><a href="javascript:showClassDetail('c46',1)">详情</a></td>
    </tr>

<tr id='ft46.1' class='none'>
    <td class='errorCase'><div class='testcase'>test_gongquYewu: 填写物资设备详情页，添加审批人员，删除审批人员</div></td>
    <td colspan='5' align='center'>

    <!--css div popup start-->
    <a class="popup_link" onfocus='this.blur();' href="javascript:showTestDetail('div_ft46.1')" >
        错误</a>

    <div id='div_ft46.1' class="popup_window">
        <pre>
        ft46.1: Traceback (most recent call last):
  File "E:\TWOSC_autotest\TWOSC_autotest_web\testCase\xuqiujihua_gongquYewu_037_sta.py", line 18, in test_gongquYewu
    self.driver.find_element(By.LINK_TEXT, '2019年度需求计划').click()  # 点击2019年度需求计划，进入计划详情页
  File "D:\python\lib\site-packages\selenium\webdriver\remote\webdriver.py", line 843, in find_element
    'value': value})['value']
  File "D:\python\lib\site-packages\selenium\webdriver\remote\webdriver.py", line 308, in execute
    self.error_handler.check_response(response)
  File "D:\python\lib\site-packages\selenium\webdriver\remote\errorhandler.py", line 194, in check_response
    raise exception_class(message, screen, stacktrace)
selenium.common.exceptions.NoSuchElementException: Message: no such element: Unable to locate element: {"method":"link text","selector":"2019年度需求计划"}
  (Session info: chrome=58.0.3029.96)
  (Driver info: chromedriver=2.31.488763 (092de99f48a300323ecf8c2a4e2e7cab51de5ba8),platform=Windows NT 10.0.15063 x86_64)


        </pre>
    </div>
    <!--css div popup end-->

    </td>
</tr>

    <tr class='failClass'>
        <td>xuqiujihua_gongquYewu_038_sta.gongquYewuTest: 工区业务人员-我的办公室-甲供-创建2020年度需求计划</td>
        <td>1</td>
        <td>0</td>
        <td>1</td>
        <td>0</td>
        <td><a href="javascript:showClassDetail('c47',1)">详情</a></td>
    </tr>

<tr id='ft47.1' class='none'>
    <td class='failCase'><div class='testcase'>test_chuangjianxuqiujihua: 创建2020年度需求计划-进入计划页面</div></td>
    <td colspan='5' align='center'>

    <!--css div popup start-->
    <a class="popup_link" onfocus='this.blur();' href="javascript:showTestDetail('div_ft47.1')" >
        失败</a>

    <div id='div_ft47.1' class="popup_window">
        <pre>
        ft47.1: Traceback (most recent call last):
  File "E:\TWOSC_autotest\TWOSC_autotest_web\testCase\xuqiujihua_gongquYewu_038_sta.py", line 28, in test_chuangjianxuqiujihua
    self.assertEqual(text, 'MHTJ-22标二工区   2020年度需求计划状态')
AssertionError: 'MHTJ-22标二工区   2019年度需求计划状态' != 'MHTJ-22标二工区   2020年度需求计划状态'
- MHTJ-22标二工区   2019年度需求计划状态
?                 ^^
+ MHTJ-22标二工区   2020年度需求计划状态
?                 ^^


        </pre>
    </div>
    <!--css div popup end-->

    </td>
</tr>

    <tr class='errorClass'>
        <td>xuqiujihua_gongquYewu_039_sta.gongquYewuTest: 工区业务人员-我的办公室-甲供-创建2020年度需求计划-填写计划页面资料</td>
        <td>1</td>
        <td>0</td>
        <td>0</td>
        <td>1</td>
        <td><a href="javascript:showClassDetail('c48',1)">详情</a></td>
    </tr>

<tr id='ft48.1' class='none'>
    <td class='errorCase'><div class='testcase'>test_chuangjianxuqiujihua: 点击添加物资方式添加</div></td>
    <td colspan='5' align='center'>

    <!--css div popup start-->
    <a class="popup_link" onfocus='this.blur();' href="javascript:showTestDetail('div_ft48.1')" >
        错误</a>

    <div id='div_ft48.1' class="popup_window">
        <pre>
        ft48.1: Traceback (most recent call last):
  File "E:\TWOSC_autotest\TWOSC_autotest_web\testCase\xuqiujihua_gongquYewu_039_sta.py", line 19, in test_chuangjianxuqiujihua
    self.driver.find_element(By.LINK_TEXT, '2020年度需求计划').click()
  File "D:\python\lib\site-packages\selenium\webdriver\remote\webdriver.py", line 843, in find_element
    'value': value})['value']
  File "D:\python\lib\site-packages\selenium\webdriver\remote\webdriver.py", line 308, in execute
    self.error_handler.check_response(response)
  File "D:\python\lib\site-packages\selenium\webdriver\remote\errorhandler.py", line 194, in check_response
    raise exception_class(message, screen, stacktrace)
selenium.common.exceptions.NoSuchElementException: Message: no such element: Unable to locate element: {"method":"link text","selector":"2020年度需求计划"}
  (Session info: chrome=58.0.3029.96)
  (Driver info: chromedriver=2.31.488763 (092de99f48a300323ecf8c2a4e2e7cab51de5ba8),platform=Windows NT 10.0.15063 x86_64)


        </pre>
    </div>
    <!--css div popup end-->

    </td>
</tr>

    <tr class='errorClass'>
        <td>xuqiujihua_gongquYewu_040_sta.gongquYewuTest: 工区业务人员-我的办公室-甲供-创建2020年度需求计划-搜索添加物资</td>
        <td>1</td>
        <td>0</td>
        <td>0</td>
        <td>1</td>
        <td><a href="javascript:showClassDetail('c49',1)">详情</a></td>
    </tr>

<tr id='ft49.1' class='none'>
    <td class='errorCase'><div class='testcase'>test_chuangjianxuqiu: 测试搜索条件添加物资</div></td>
    <td colspan='5' align='center'>

    <!--css div popup start-->
    <a class="popup_link" onfocus='this.blur();' href="javascript:showTestDetail('div_ft49.1')" >
        错误</a>

    <div id='div_ft49.1' class="popup_window">
        <pre>
        ft49.1: Traceback (most recent call last):
  File "E:\TWOSC_autotest\TWOSC_autotest_web\testCase\xuqiujihua_gongquYewu_040_sta.py", line 19, in test_chuangjianxuqiu
    self.driver.find_element(By.LINK_TEXT, '2020年度需求计划').click()
  File "D:\python\lib\site-packages\selenium\webdriver\remote\webdriver.py", line 843, in find_element
    'value': value})['value']
  File "D:\python\lib\site-packages\selenium\webdriver\remote\webdriver.py", line 308, in execute
    self.error_handler.check_response(response)
  File "D:\python\lib\site-packages\selenium\webdriver\remote\errorhandler.py", line 194, in check_response
    raise exception_class(message, screen, stacktrace)
selenium.common.exceptions.NoSuchElementException: Message: no such element: Unable to locate element: {"method":"link text","selector":"2020年度需求计划"}
  (Session info: chrome=58.0.3029.96)
  (Driver info: chromedriver=2.31.488763 (092de99f48a300323ecf8c2a4e2e7cab51de5ba8),platform=Windows NT 10.0.15063 x86_64)


        </pre>
    </div>
    <!--css div popup end-->

    </td>
</tr>

    <tr class='errorClass'>
        <td>xuqiujihua_gongquYewu_041_sta.gongquYewu_test: 工区业务人员-我的办公室-甲供-创建2020年度需求计划-计划详情页</td>
        <td>1</td>
        <td>0</td>
        <td>0</td>
        <td>1</td>
        <td><a href="javascript:showClassDetail('c50',1)">详情</a></td>
    </tr>

<tr id='ft50.1' class='none'>
    <td class='errorCase'><div class='testcase'>test_chuangjianxuqiujihua: 计划详情页的备选单搜索功能和下载导入功能</div></td>
    <td colspan='5' align='center'>

    <!--css div popup start-->
    <a class="popup_link" onfocus='this.blur();' href="javascript:showTestDetail('div_ft50.1')" >
        错误</a>

    <div id='div_ft50.1' class="popup_window">
        <pre>
        ft50.1: Traceback (most recent call last):
  File "E:\TWOSC_autotest\TWOSC_autotest_web\testCase\xuqiujihua_gongquYewu_041_sta.py", line 20, in test_chuangjianxuqiujihua
    self.driver.find_element(By.LINK_TEXT, '2020年度需求计划').click()
  File "D:\python\lib\site-packages\selenium\webdriver\remote\webdriver.py", line 843, in find_element
    'value': value})['value']
  File "D:\python\lib\site-packages\selenium\webdriver\remote\webdriver.py", line 308, in execute
    self.error_handler.check_response(response)
  File "D:\python\lib\site-packages\selenium\webdriver\remote\errorhandler.py", line 194, in check_response
    raise exception_class(message, screen, stacktrace)
selenium.common.exceptions.NoSuchElementException: Message: no such element: Unable to locate element: {"method":"link text","selector":"2020年度需求计划"}
  (Session info: chrome=58.0.3029.96)
  (Driver info: chromedriver=2.31.488763 (092de99f48a300323ecf8c2a4e2e7cab51de5ba8),platform=Windows NT 10.0.15063 x86_64)


        </pre>
    </div>
    <!--css div popup end-->

    </td>
</tr>

    <tr class='errorClass'>
        <td>xuqiujihua_gongquYewu_042_sta.gongquYewuTest: 工区业务人员-我的办公室-甲供-2020年度需求计划-选择物资-删除备选单物资</td>
        <td>1</td>
        <td>0</td>
        <td>0</td>
        <td>1</td>
        <td><a href="javascript:showClassDetail('c51',1)">详情</a></td>
    </tr>

<tr id='ft51.1' class='none'>
    <td class='errorCase'><div class='testcase'>test_chuangjianxuqiu: 测试选择物资页面删除物资</div></td>
    <td colspan='5' align='center'>

    <!--css div popup start-->
    <a class="popup_link" onfocus='this.blur();' href="javascript:showTestDetail('div_ft51.1')" >
        错误</a>

    <div id='div_ft51.1' class="popup_window">
        <pre>
        ft51.1: Traceback (most recent call last):
  File "E:\TWOSC_autotest\TWOSC_autotest_web\testCase\xuqiujihua_gongquYewu_042_sta.py", line 18, in test_chuangjianxuqiu
    self.driver.find_element(By.LINK_TEXT, '2020年度需求计划').click()  # 点击总需求计划，进入计划详情页
  File "D:\python\lib\site-packages\selenium\webdriver\remote\webdriver.py", line 843, in find_element
    'value': value})['value']
  File "D:\python\lib\site-packages\selenium\webdriver\remote\webdriver.py", line 308, in execute
    self.error_handler.check_response(response)
  File "D:\python\lib\site-packages\selenium\webdriver\remote\errorhandler.py", line 194, in check_response
    raise exception_class(message, screen, stacktrace)
selenium.common.exceptions.NoSuchElementException: Message: no such element: Unable to locate element: {"method":"link text","selector":"2020年度需求计划"}
  (Session info: chrome=58.0.3029.96)
  (Driver info: chromedriver=2.31.488763 (092de99f48a300323ecf8c2a4e2e7cab51de5ba8),platform=Windows NT 10.0.15063 x86_64)


        </pre>
    </div>
    <!--css div popup end-->

    </td>
</tr>

    <tr class='errorClass'>
        <td>xuqiujihua_gongquYewu_043_sta.gongquYewuTest: 工区业务人员-我的办公室-甲供-创建2020年度需求计划-修改物资参数</td>
        <td>1</td>
        <td>0</td>
        <td>0</td>
        <td>1</td>
        <td><a href="javascript:showClassDetail('c52',1)">详情</a></td>
    </tr>

<tr id='ft52.1' class='none'>
    <td class='errorCase'><div class='testcase'>test_gongquYewu: 填写物资设备详情，添加审批人员，删除审批人员</div></td>
    <td colspan='5' align='center'>

    <!--css div popup start-->
    <a class="popup_link" onfocus='this.blur();' href="javascript:showTestDetail('div_ft52.1')" >
        错误</a>

    <div id='div_ft52.1' class="popup_window">
        <pre>
        ft52.1: Traceback (most recent call last):
  File "E:\TWOSC_autotest\TWOSC_autotest_web\testCase\xuqiujihua_gongquYewu_043_sta.py", line 18, in test_gongquYewu
    self.driver.find_element(By.LINK_TEXT, '2020年度需求计划').click()  # 点击2017年度需求计划，进入计划详情页
  File "D:\python\lib\site-packages\selenium\webdriver\remote\webdriver.py", line 843, in find_element
    'value': value})['value']
  File "D:\python\lib\site-packages\selenium\webdriver\remote\webdriver.py", line 308, in execute
    self.error_handler.check_response(response)
  File "D:\python\lib\site-packages\selenium\webdriver\remote\errorhandler.py", line 194, in check_response
    raise exception_class(message, screen, stacktrace)
selenium.common.exceptions.NoSuchElementException: Message: no such element: Unable to locate element: {"method":"link text","selector":"2020年度需求计划"}
  (Session info: chrome=58.0.3029.96)
  (Driver info: chromedriver=2.31.488763 (092de99f48a300323ecf8c2a4e2e7cab51de5ba8),platform=Windows NT 10.0.15063 x86_64)


        </pre>
    </div>
    <!--css div popup end-->

    </td>
</tr>

    <tr class='passClass'>
        <td>zongxuqiujihua_gongquYewu_jiagong_001_sta.gongquYewuTest: 工区业务人员-我的办公室-甲供-创建总/年度需求计划</td>
        <td>1</td>
        <td>1</td>
        <td>0</td>
        <td>0</td>
        <td><a href="javascript:showClassDetail('c53',1)">详情</a></td>
    </tr>

<tr id='pt53.1' class='hiddenRow'>
    <td class='none'><div class='testcase'>test_chuangjianxuqiujihua: 点击创建新计划</div></td>
    <td colspan='5' align='center'>通过</td>
</tr>

    <tr class='failClass'>
        <td>zongxuqiujihua_gongquYewu_jiagong_002_sta.gongquYewuTest: 工区业务人员-我的办公室-甲供-创建需求计划</td>
        <td>1</td>
        <td>0</td>
        <td>1</td>
        <td>0</td>
        <td><a href="javascript:showClassDetail('c54',1)">详情</a></td>
    </tr>

<tr id='ft54.1' class='none'>
    <td class='failCase'><div class='testcase'>test_chuangjianxuqiujihua: 创建需求计划2-进入计划页面</div></td>
    <td colspan='5' align='center'>

    <!--css div popup start-->
    <a class="popup_link" onfocus='this.blur();' href="javascript:showTestDetail('div_ft54.1')" >
        失败</a>

    <div id='div_ft54.1' class="popup_window">
        <pre>
        ft54.1: Traceback (most recent call last):
  File "E:\TWOSC_autotest\TWOSC_autotest_web\testCase\zongxuqiujihua_gongquYewu_jiagong_002_sta.py", line 27, in test_chuangjianxuqiujihua
    self.assertEqual(text, 'MHTJ-22标二工区物资设备总需求计划状态')
AssertionError: 'MHTJ-22标二工区   2020年度需求计划状态' != 'MHTJ-22标二工区物资设备总需求计划状态'
- MHTJ-22标二工区   2020年度需求计划状态
+ MHTJ-22标二工区物资设备总需求计划状态


        </pre>
    </div>
    <!--css div popup end-->

    </td>
</tr>

    <tr class='passClass'>
        <td>zongxuqiujihua_gongquYewu_jiagong_003_sta.gongquYewuTest: 工区业务人员-我的办公室-甲供-创建总需求计划-填写计划页面资料</td>
        <td>1</td>
        <td>1</td>
        <td>0</td>
        <td>0</td>
        <td><a href="javascript:showClassDetail('c55',1)">详情</a></td>
    </tr>

<tr id='pt55.1' class='hiddenRow'>
    <td class='none'><div class='testcase'>test_chuangjianxuqiujihua: 测试添加物资-添加到备选单</div></td>
    <td colspan='5' align='center'>通过</td>
</tr>

    <tr class='errorClass'>
        <td>zongxuqiujihua_gongquYewu_jiagong_004_sta.gongquYewuTest: 工区业务人员-我的办公室-甲供-创建总需求计划-搜索添加物资</td>
        <td>1</td>
        <td>0</td>
        <td>0</td>
        <td>1</td>
        <td><a href="javascript:showClassDetail('c56',1)">详情</a></td>
    </tr>

<tr id='ft56.1' class='none'>
    <td class='errorCase'><div class='testcase'>test_chuangjianxuqiu: 测试搜索条件添加物资</div></td>
    <td colspan='5' align='center'>

    <!--css div popup start-->
    <a class="popup_link" onfocus='this.blur();' href="javascript:showTestDetail('div_ft56.1')" >
        错误</a>

    <div id='div_ft56.1' class="popup_window">
        <pre>
        ft56.1: Traceback (most recent call last):
  File "E:\TWOSC_autotest\TWOSC_autotest_web\testCase\zongxuqiujihua_gongquYewu_jiagong_004_sta.py", line 48, in test_chuangjianxuqiu
    assert_text = self.driver.find_element(By.XPATH, '//*[@id="planningDetailsTable"]/tbody/tr[1]/td[3]/span').text
  File "D:\python\lib\site-packages\selenium\webdriver\remote\webdriver.py", line 843, in find_element
    'value': value})['value']
  File "D:\python\lib\site-packages\selenium\webdriver\remote\webdriver.py", line 308, in execute
    self.error_handler.check_response(response)
  File "D:\python\lib\site-packages\selenium\webdriver\remote\errorhandler.py", line 194, in check_response
    raise exception_class(message, screen, stacktrace)
selenium.common.exceptions.NoSuchElementException: Message: no such element: Unable to locate element: {"method":"xpath","selector":"//*[@id="planningDetailsTable"]/tbody/tr[1]/td[3]/span"}
  (Session info: chrome=58.0.3029.96)
  (Driver info: chromedriver=2.31.488763 (092de99f48a300323ecf8c2a4e2e7cab51de5ba8),platform=Windows NT 10.0.15063 x86_64)


        </pre>
    </div>
    <!--css div popup end-->

    </td>
</tr>

    <tr class='passClass'>
        <td>zongxuqiujihua_gongquYewu_jiagong_005_sta.gongquYewu_test: 工区业务人员-我的办公室-甲供-创建需求计划-计划详情页</td>
        <td>1</td>
        <td>1</td>
        <td>0</td>
        <td>0</td>
        <td><a href="javascript:showClassDetail('c57',1)">详情</a></td>
    </tr>

<tr id='pt57.1' class='hiddenRow'>
    <td class='none'><div class='testcase'>test_chuangjianxuqiujihua: 计划详情页的备选单搜索功能和下载导入功能</div></td>
    <td colspan='5' align='center'>通过</td>
</tr>

    <tr class='errorClass'>
        <td>zongxuqiujihua_gongquYewu_jiagong_006_sta.gongquYewuTest: 工区业务人员-我的办公室-甲供-创建总/年度需求计划-选择物资-删除备选单物资</td>
        <td>1</td>
        <td>0</td>
        <td>0</td>
        <td>1</td>
        <td><a href="javascript:showClassDetail('c58',1)">详情</a></td>
    </tr>

<tr id='ft58.1' class='none'>
    <td class='errorCase'><div class='testcase'>test_chuangjianxuqiu: 测试选择物资页面删除物资</div></td>
    <td colspan='5' align='center'>

    <!--css div popup start-->
    <a class="popup_link" onfocus='this.blur();' href="javascript:showTestDetail('div_ft58.1')" >
        错误</a>

    <div id='div_ft58.1' class="popup_window">
        <pre>
        ft58.1: Traceback (most recent call last):
  File "E:\TWOSC_autotest\TWOSC_autotest_web\testCase\zongxuqiujihua_gongquYewu_jiagong_006_sta.py", line 23, in test_chuangjianxuqiu
    self.driver.find_element(By.CSS_SELECTOR, 'body &gt; div.wrapper &gt; div:nth-child(5) &gt; div &gt; div &gt; div.box-body &gt; div:nth-child(8) &gt; div.fixed-table-container &gt; div.fixed-table-pagination &gt; div.pull-left.pagination-detail &gt; span.page-list &gt; span &gt; button').click()
  File "D:\python\lib\site-packages\selenium\webdriver\remote\webelement.py", line 80, in click
    self._execute(Command.CLICK_ELEMENT)
  File "D:\python\lib\site-packages\selenium\webdriver\remote\webelement.py", line 501, in _execute
    return self._parent.execute(command, params)
  File "D:\python\lib\site-packages\selenium\webdriver\remote\webdriver.py", line 308, in execute
    self.error_handler.check_response(response)
  File "D:\python\lib\site-packages\selenium\webdriver\remote\errorhandler.py", line 194, in check_response
    raise exception_class(message, screen, stacktrace)
selenium.common.exceptions.ElementNotVisibleException: Message: element not visible
  (Session info: chrome=58.0.3029.96)
  (Driver info: chromedriver=2.31.488763 (092de99f48a300323ecf8c2a4e2e7cab51de5ba8),platform=Windows NT 10.0.15063 x86_64)


        </pre>
    </div>
    <!--css div popup end-->

    </td>
</tr>

    <tr class='errorClass'>
        <td>zongxuqiujihua_gongquYewu_jiagong_007_sta.gongquYewuTest: 工区业务人员-我的办公室-甲供-创建总需求计划-修改物资参数</td>
        <td>1</td>
        <td>0</td>
        <td>0</td>
        <td>1</td>
        <td><a href="javascript:showClassDetail('c59',1)">详情</a></td>
    </tr>

<tr id='ft59.1' class='none'>
    <td class='errorCase'><div class='testcase'>test_gongquYewu</div></td>
    <td colspan='5' align='center'>

    <!--css div popup start-->
    <a class="popup_link" onfocus='this.blur();' href="javascript:showTestDetail('div_ft59.1')" >
        错误</a>

    <div id='div_ft59.1' class="popup_window">
        <pre>
        ft59.1: Traceback (most recent call last):
  File "E:\TWOSC_autotest\TWOSC_autotest_web\testCase\zongxuqiujihua_gongquYewu_jiagong_007_sta.py", line 19, in test_gongquYewu
    self.driver.find_element(By.LINK_TEXT, '修改 ').click()  # 点击修改，进入物资设备填写详情页
  File "D:\python\lib\site-packages\selenium\webdriver\remote\webdriver.py", line 843, in find_element
    'value': value})['value']
  File "D:\python\lib\site-packages\selenium\webdriver\remote\webdriver.py", line 308, in execute
    self.error_handler.check_response(response)
  File "D:\python\lib\site-packages\selenium\webdriver\remote\errorhandler.py", line 194, in check_response
    raise exception_class(message, screen, stacktrace)
selenium.common.exceptions.NoSuchElementException: Message: no such element: Unable to locate element: {"method":"link text","selector":"修改 "}
  (Session info: chrome=58.0.3029.96)
  (Driver info: chromedriver=2.31.488763 (092de99f48a300323ecf8c2a4e2e7cab51de5ba8),platform=Windows NT 10.0.15063 x86_64)


        </pre>
    </div>
    <!--css div popup end-->

    </td>
</tr>

    <tr class='failClass'>
        <td>zongxuqiujihua_gongquYewu_liancai_001_sta.gongquYewuTest: 工区业务人员-我的办公室-甲供-创建总需求计划</td>
        <td>1</td>
        <td>0</td>
        <td>1</td>
        <td>0</td>
        <td><a href="javascript:showClassDetail('c60',1)">详情</a></td>
    </tr>

<tr id='ft60.1' class='none'>
    <td class='failCase'><div class='testcase'>test_chuangjianxuqiujihua: 创建需求计划2-进入计划页面</div></td>
    <td colspan='5' align='center'>

    <!--css div popup start-->
    <a class="popup_link" onfocus='this.blur();' href="javascript:showTestDetail('div_ft60.1')" >
        失败</a>

    <div id='div_ft60.1' class="popup_window">
        <pre>
        ft60.1: Traceback (most recent call last):
  File "E:\TWOSC_autotest\TWOSC_autotest_web\testCase\zongxuqiujihua_gongquYewu_liancai_001_sta.py", line 28, in test_chuangjianxuqiujihua
    self.assertEqual(text, 'MHTJ-21标一工区物资设备总需求计划状态')
AssertionError: 'MHTJ-22标二工区物资设备总需求计划状态' != 'MHTJ-21标一工区物资设备总需求计划状态'
- MHTJ-22标二工区物资设备总需求计划状态
?       ^ ^
+ MHTJ-21标一工区物资设备总需求计划状态
?       ^ ^


        </pre>
    </div>
    <!--css div popup end-->

    </td>
</tr>

    <tr class='passClass'>
        <td>zongxuqiujihua_gongquYewu_liancai_002_sta.gongquYewuTest: 工区业务人员-我的办公室-联采-创建总年度需求计划-填写计划页面资料</td>
        <td>1</td>
        <td>1</td>
        <td>0</td>
        <td>0</td>
        <td><a href="javascript:showClassDetail('c61',1)">详情</a></td>
    </tr>

<tr id='pt61.1' class='hiddenRow'>
    <td class='none'><div class='testcase'>test_chuangjianxuqiujihua</div></td>
    <td colspan='5' align='center'>通过</td>
</tr>

    <tr class='failClass'>
        <td>zongxuqiujihua_gongquYewu_liancai_003_sta.gongquYewuTest: 工区业务人员-我的办公室-联采-创建总需求计划-搜索添加物资</td>
        <td>1</td>
        <td>0</td>
        <td>1</td>
        <td>0</td>
        <td><a href="javascript:showClassDetail('c62',1)">详情</a></td>
    </tr>

<tr id='ft62.1' class='none'>
    <td class='failCase'><div class='testcase'>test_chuangjianxuqiu: 测试搜索条件添加物资</div></td>
    <td colspan='5' align='center'>

    <!--css div popup start-->
    <a class="popup_link" onfocus='this.blur();' href="javascript:showTestDetail('div_ft62.1')" >
        失败</a>

    <div id='div_ft62.1' class="popup_window">
        <pre>
        ft62.1: Traceback (most recent call last):
  File "E:\TWOSC_autotest\TWOSC_autotest_web\testCase\zongxuqiujihua_gongquYewu_liancai_003_sta.py", line 55, in test_chuangjianxuqiu
    self.assertEqual(assert_text, '50kg', msg='测试失败!')
AssertionError: '异形钢轨' != '50kg'
- 异形钢轨
+ 50kg
 : 测试失败!

        </pre>
    </div>
    <!--css div popup end-->

    </td>
</tr>

    <tr class='passClass'>
        <td>zongxuqiujihua_gongquYewu_liancai_004_sta.gongquYewu_test: 工区业务人员-我的办公室-联采-创建总需求计划-计划详情页</td>
        <td>1</td>
        <td>1</td>
        <td>0</td>
        <td>0</td>
        <td><a href="javascript:showClassDetail('c63',1)">详情</a></td>
    </tr>

<tr id='pt63.1' class='hiddenRow'>
    <td class='none'><div class='testcase'>test_chuangjianxuqiujihua: 计划详情页的备选单搜索功能和下载导入功能</div></td>
    <td colspan='5' align='center'>通过</td>
</tr>

    <tr class='passClass'>
        <td>zongxuqiujihua_gongquYewu_liancai_005_sta.gongquYewuTest: 工区业务人员-我的办公室-总需求计划-联采-选择物资-删除备选单物资</td>
        <td>1</td>
        <td>1</td>
        <td>0</td>
        <td>0</td>
        <td><a href="javascript:showClassDetail('c64',1)">详情</a></td>
    </tr>

<tr id='pt64.1' class='hiddenRow'>
    <td class='none'><div class='testcase'>test_chuangjianxuqiu: 测试选择物资页面删除物资</div></td>
    <td colspan='5' align='center'>通过</td>
</tr>

    <tr class='errorClass'>
        <td>zongxuqiujihua_gongquYewu_liancai_006_sta.gongquYewuTest: 工区业务人员-我的办公室-联采-创建总需求计划-修改物资参数</td>
        <td>1</td>
        <td>0</td>
        <td>0</td>
        <td>1</td>
        <td><a href="javascript:showClassDetail('c65',1)">详情</a></td>
    </tr>

<tr id='ft65.1' class='none'>
    <td class='errorCase'><div class='testcase'>test_gongquYewu</div></td>
    <td colspan='5' align='center'>

    <!--css div popup start-->
    <a class="popup_link" onfocus='this.blur();' href="javascript:showTestDetail('div_ft65.1')" >
        错误</a>

    <div id='div_ft65.1' class="popup_window">
        <pre>
        ft65.1: Traceback (most recent call last):
  File "E:\TWOSC_autotest\TWOSC_autotest_web\testCase\zongxuqiujihua_gongquYewu_liancai_006_sta.py", line 19, in test_gongquYewu
    self.driver.find_element(By.LINK_TEXT, '修改 ').click()  # 点击修改，进入物资设备填写详情页
  File "D:\python\lib\site-packages\selenium\webdriver\remote\webdriver.py", line 843, in find_element
    'value': value})['value']
  File "D:\python\lib\site-packages\selenium\webdriver\remote\webdriver.py", line 308, in execute
    self.error_handler.check_response(response)
  File "D:\python\lib\site-packages\selenium\webdriver\remote\errorhandler.py", line 194, in check_response
    raise exception_class(message, screen, stacktrace)
selenium.common.exceptions.NoSuchElementException: Message: no such element: Unable to locate element: {"method":"link text","selector":"修改 "}
  (Session info: chrome=58.0.3029.96)
  (Driver info: chromedriver=2.31.488763 (092de99f48a300323ecf8c2a4e2e7cab51de5ba8),platform=Windows NT 10.0.15063 x86_64)


        </pre>
    </div>
    <!--css div popup end-->

    </td>
</tr>

        <tr id='total_row'>
            <td>总计</td>
            <td>65</td>
            <td>31</td>
            <td>7</td>
            <td>27</td>
            <td>&nbsp;</td>
        </tr>
    </table>

        <div id='ending'>&nbsp;</div>
        
    <script type="text/javascript">
        // 基于准备好的dom，初始化echarts实例
        var myChart = echarts.init(document.getElementById('chart'));

        // 指定图表的配置项和数据
        var option = {
            title : {
                text: '测试执行情况',
                x:'center'
            },
            tooltip : {
                trigger: 'item',
                formatter: "{a} <br/>{b} : {c} ({d}%)"
            },
            legend: {
                orient: 'vertical',
                left: 'left',
                data: ['通过','失败','错误']
            },
            series : [
                {
                    name: '测试执行情况',
                    type: 'pie',
                    radius : '60%',
                    center: ['50%', '60%'],
                    data:[
                        {value:31, name:'通过'},
                        {value:7, name:'失败'},
                        {value:27, name:'错误'}
                    ],
                    itemStyle: {
                        emphasis: {
                            shadowBlur: 10,
                            shadowOffsetX: 0,
                            shadowColor: 'rgba(0, 0, 0, 0.5)'
                        }
                    }
                }
            ]
        };

        // 使用刚指定的配置项和数据显示图表。
        myChart.setOption(option);
    </script>
    
    </div>
</body>
</html>
